# zsim stats
===
root: # Stats
 contention: # Contention simulation stats
  domain-0: # Domain stats
   time: 585422821 # Weave simulation time
 time: # Simulator time breakdown
  init: 1334759901
  bound: 646950313055
  weave: 32871996378
  ff: 0
 trigger: 20000 # Reason for this stats dump
 phase: 39289 # Simulated phases
 westmere: # Core stats
  westmere-0: # Core stats
   cycles: 392890001 # Simulated unhalted cycles
   cCycles: 29313 # Cycles due to contention stalls
   instrs: 625008193 # Simulated instructions
   uops: 750424521 # Retired micro-ops
   bbls: 83821052 # Basic blocks
   approxInstrs: 6871222 # Instrs with approx uop decoding
   mispredBranches: 1800389 # Mispredicted branches
   condBranches: 64863229 # conditional branches
  westmere-1: # Core stats
   cycles: 392880001 # Simulated unhalted cycles
   cCycles: 28528 # Cycles due to contention stalls
   instrs: 625004971 # Simulated instructions
   uops: 750420281 # Retired micro-ops
   bbls: 83820304 # Basic blocks
   approxInstrs: 6871249 # Instrs with approx uop decoding
   mispredBranches: 1800368 # Mispredicted branches
   condBranches: 64862604 # conditional branches
  westmere-2: # Core stats
   cycles: 392880002 # Simulated unhalted cycles
   cCycles: 27863 # Cycles due to contention stalls
   instrs: 625004286 # Simulated instructions
   uops: 750419411 # Retired micro-ops
   bbls: 83820222 # Basic blocks
   approxInstrs: 6871227 # Instrs with approx uop decoding
   mispredBranches: 1800362 # Mispredicted branches
   condBranches: 64862554 # conditional branches
  westmere-3: # Core stats
   cycles: 392880001 # Simulated unhalted cycles
   cCycles: 27494 # Cycles due to contention stalls
   instrs: 625007723 # Simulated instructions
   uops: 750423431 # Retired micro-ops
   bbls: 83820700 # Basic blocks
   approxInstrs: 6871290 # Instrs with approx uop decoding
   mispredBranches: 1800385 # Mispredicted branches
   condBranches: 64862938 # conditional branches
  westmere-4: # Core stats
   cycles: 392880002 # Simulated unhalted cycles
   cCycles: 26736 # Cycles due to contention stalls
   instrs: 625009911 # Simulated instructions
   uops: 750425942 # Retired micro-ops
   bbls: 83821001 # Basic blocks
   approxInstrs: 6871289 # Instrs with approx uop decoding
   mispredBranches: 1800386 # Mispredicted branches
   condBranches: 64863243 # conditional branches
  westmere-5: # Core stats
   cycles: 392880065 # Simulated unhalted cycles
   cCycles: 27257 # Cycles due to contention stalls
   instrs: 625005918 # Simulated instructions
   uops: 750421398 # Retired micro-ops
   bbls: 83820444 # Basic blocks
   approxInstrs: 6871286 # Instrs with approx uop decoding
   mispredBranches: 1800379 # Mispredicted branches
   condBranches: 64862687 # conditional branches
  westmere-6: # Core stats
   cycles: 392880002 # Simulated unhalted cycles
   cCycles: 24135 # Cycles due to contention stalls
   instrs: 624999478 # Simulated instructions
   uops: 750413425 # Retired micro-ops
   bbls: 83819569 # Basic blocks
   approxInstrs: 6871055 # Instrs with approx uop decoding
   mispredBranches: 1800314 # Mispredicted branches
   condBranches: 64862188 # conditional branches
  westmere-7: # Core stats
   cycles: 392880005 # Simulated unhalted cycles
   cCycles: 29000 # Cycles due to contention stalls
   instrs: 625007478 # Simulated instructions
   uops: 750423150 # Retired micro-ops
   bbls: 83820666 # Basic blocks
   approxInstrs: 6871290 # Instrs with approx uop decoding
   mispredBranches: 1800384 # Mispredicted branches
   condBranches: 64862904 # conditional branches
 l1i: # Cache stats
  l1i-0: # Filter cache stats
   fhGETS: 112021560 # Filtered GETS hits
   fhGETX: 0 # Filtered GETX hits
   hGETS: 1226292 # GETS hits
   hGETX: 0 # GETX hits
   mGETS: 45499 # GETS misses
   mGETXIM: 0 # GETX I->M misses
   mGETXSM: 0 # GETX S->M misses (upgrade misses)
   PUTS: 0 # Clean evictions (from lower level)
   PUTX: 0 # Dirty evictions (from lower level)
   INV: 0 # Invalidates (from upper level)
   INVX: 0 # Downgrades (from upper level)
   FWD: 0 # Forwards (from upper level)
   latGETnl: 483568 # GET request latency on next level
   latGETnet: 0 # GET request latency on network to next level
  l1i-1: # Filter cache stats
   fhGETS: 112021011 # Filtered GETS hits
   fhGETX: 0 # Filtered GETX hits
   hGETS: 1226159 # GETS hits
   hGETX: 0 # GETX hits
   mGETS: 45422 # GETS misses
   mGETXIM: 0 # GETX I->M misses
   mGETXSM: 0 # GETX S->M misses (upgrade misses)
   PUTS: 0 # Clean evictions (from lower level)
   PUTX: 0 # Dirty evictions (from lower level)
   INV: 0 # Invalidates (from upper level)
   INVX: 0 # Downgrades (from upper level)
   FWD: 0 # Forwards (from upper level)
   latGETnl: 474050 # GET request latency on next level
   latGETnet: 0 # GET request latency on network to next level
  l1i-2: # Filter cache stats
   fhGETS: 112020856 # Filtered GETS hits
   fhGETX: 0 # Filtered GETX hits
   hGETS: 1226155 # GETS hits
   hGETX: 0 # GETX hits
   mGETS: 45424 # GETS misses
   mGETXIM: 0 # GETX I->M misses
   mGETXSM: 0 # GETX S->M misses (upgrade misses)
   PUTS: 0 # Clean evictions (from lower level)
   PUTX: 0 # Dirty evictions (from lower level)
   INV: 0 # Invalidates (from upper level)
   INVX: 0 # Downgrades (from upper level)
   FWD: 0 # Forwards (from upper level)
   latGETnl: 478348 # GET request latency on next level
   latGETnet: 0 # GET request latency on network to next level
  l1i-3: # Filter cache stats
   fhGETS: 112021525 # Filtered GETS hits
   fhGETX: 0 # Filtered GETX hits
   hGETS: 1226168 # GETS hits
   hGETX: 0 # GETX hits
   mGETS: 45421 # GETS misses
   mGETXIM: 0 # GETX I->M misses
   mGETXSM: 0 # GETX S->M misses (upgrade misses)
   PUTS: 0 # Clean evictions (from lower level)
   PUTX: 0 # Dirty evictions (from lower level)
   INV: 0 # Invalidates (from upper level)
   INVX: 0 # Downgrades (from upper level)
   FWD: 0 # Forwards (from upper level)
   latGETnl: 475978 # GET request latency on next level
   latGETnet: 0 # GET request latency on network to next level
  l1i-4: # Filter cache stats
   fhGETS: 112021965 # Filtered GETS hits
   fhGETX: 0 # Filtered GETX hits
   hGETS: 1226166 # GETS hits
   hGETX: 0 # GETX hits
   mGETS: 45422 # GETS misses
   mGETXIM: 0 # GETX I->M misses
   mGETXSM: 0 # GETX S->M misses (upgrade misses)
   PUTS: 0 # Clean evictions (from lower level)
   PUTX: 0 # Dirty evictions (from lower level)
   INV: 0 # Invalidates (from upper level)
   INVX: 0 # Downgrades (from upper level)
   FWD: 0 # Forwards (from upper level)
   latGETnl: 478862 # GET request latency on next level
   latGETnet: 0 # GET request latency on network to next level
  l1i-5: # Filter cache stats
   fhGETS: 112021262 # Filtered GETS hits
   fhGETX: 0 # Filtered GETX hits
   hGETS: 1226159 # GETS hits
   hGETX: 0 # GETX hits
   mGETS: 45422 # GETS misses
   mGETXIM: 0 # GETX I->M misses
   mGETXSM: 0 # GETX S->M misses (upgrade misses)
   PUTS: 0 # Clean evictions (from lower level)
   PUTX: 0 # Dirty evictions (from lower level)
   INV: 0 # Invalidates (from upper level)
   INVX: 0 # Downgrades (from upper level)
   FWD: 0 # Forwards (from upper level)
   latGETnl: 474278 # GET request latency on next level
   latGETnet: 0 # GET request latency on network to next level
  l1i-6: # Filter cache stats
   fhGETS: 112019789 # Filtered GETS hits
   fhGETX: 0 # Filtered GETX hits
   hGETS: 1226156 # GETS hits
   hGETX: 0 # GETX hits
   mGETS: 45425 # GETS misses
   mGETXIM: 0 # GETX I->M misses
   mGETXSM: 0 # GETX S->M misses (upgrade misses)
   PUTS: 0 # Clean evictions (from lower level)
   PUTX: 0 # Dirty evictions (from lower level)
   INV: 0 # Invalidates (from upper level)
   INVX: 0 # Downgrades (from upper level)
   FWD: 0 # Forwards (from upper level)
   latGETnl: 474104 # GET request latency on next level
   latGETnet: 0 # GET request latency on network to next level
  l1i-7: # Filter cache stats
   fhGETS: 112021463 # Filtered GETS hits
   fhGETX: 0 # Filtered GETX hits
   hGETS: 1226167 # GETS hits
   hGETX: 0 # GETX hits
   mGETS: 45427 # GETS misses
   mGETXIM: 0 # GETX I->M misses
   mGETXSM: 0 # GETX S->M misses (upgrade misses)
   PUTS: 0 # Clean evictions (from lower level)
   PUTX: 0 # Dirty evictions (from lower level)
   INV: 0 # Invalidates (from upper level)
   INVX: 0 # Downgrades (from upper level)
   FWD: 0 # Forwards (from upper level)
   latGETnl: 474712 # GET request latency on next level
   latGETnet: 0 # GET request latency on network to next level
 l1d: # Cache stats
  l1d-0: # Filter cache stats
   fhGETS: 160740675 # Filtered GETS hits
   fhGETX: 37999668 # Filtered GETX hits
   hGETS: 11329162 # GETS hits
   hGETX: 11699115 # GETX hits
   mGETS: 1336847 # GETS misses
   mGETXIM: 1106636 # GETX I->M misses
   mGETXSM: 7 # GETX S->M misses (upgrade misses)
   PUTS: 0 # Clean evictions (from lower level)
   PUTX: 0 # Dirty evictions (from lower level)
   INV: 35 # Invalidates (from upper level)
   INVX: 35 # Downgrades (from upper level)
   FWD: 0 # Forwards (from upper level)
   latGETnl: 24606172 # GET request latency on next level
   latGETnet: 0 # GET request latency on network to next level
  l1d-1: # Filter cache stats
   fhGETS: 160816566 # Filtered GETS hits
   fhGETX: 38009538 # Filtered GETX hits
   hGETS: 11251270 # GETS hits
   hGETX: 11688652 # GETX hits
   mGETS: 1338582 # GETS misses
   mGETXIM: 1106076 # GETX I->M misses
   mGETXSM: 6 # GETX S->M misses (upgrade misses)
   PUTS: 0 # Clean evictions (from lower level)
   PUTX: 0 # Dirty evictions (from lower level)
   INV: 5 # Invalidates (from upper level)
   INVX: 60 # Downgrades (from upper level)
   FWD: 0 # Forwards (from upper level)
   latGETnl: 24604323 # GET request latency on next level
   latGETnet: 0 # GET request latency on network to next level
  l1d-2: # Filter cache stats
   fhGETS: 157439770 # Filtered GETS hits
   fhGETX: 37690977 # Filtered GETX hits
   hGETS: 14626560 # GETS hits
   hGETX: 12014778 # GETX hits
   mGETS: 1339855 # GETS misses
   mGETXIM: 1098470 # GETX I->M misses
   mGETXSM: 4 # GETX S->M misses (upgrade misses)
   PUTS: 0 # Clean evictions (from lower level)
   PUTX: 0 # Dirty evictions (from lower level)
   INV: 9 # Invalidates (from upper level)
   INVX: 49 # Downgrades (from upper level)
   FWD: 0 # Forwards (from upper level)
   latGETnl: 24539829 # GET request latency on next level
   latGETnet: 0 # GET request latency on network to next level
  l1d-3: # Filter cache stats
   fhGETS: 160838355 # Filtered GETS hits
   fhGETX: 38008815 # Filtered GETX hits
   hGETS: 11232592 # GETS hits
   hGETX: 11690797 # GETX hits
   mGETS: 1336343 # GETS misses
   mGETXIM: 1104754 # GETX I->M misses
   mGETXSM: 6 # GETX S->M misses (upgrade misses)
   PUTS: 0 # Clean evictions (from lower level)
   PUTX: 0 # Dirty evictions (from lower level)
   INV: 8 # Invalidates (from upper level)
   INVX: 60 # Downgrades (from upper level)
   FWD: 0 # Forwards (from upper level)
   latGETnl: 24569137 # GET request latency on next level
   latGETnet: 0 # GET request latency on network to next level
  l1d-4: # Filter cache stats
   fhGETS: 156202719 # Filtered GETS hits
   fhGETX: 37773377 # Filtered GETX hits
   hGETS: 15865672 # GETS hits
   hGETX: 11930907 # GETX hits
   mGETS: 1339724 # GETS misses
   mGETXIM: 1100155 # GETX I->M misses
   mGETXSM: 6 # GETX S->M misses (upgrade misses)
   PUTS: 0 # Clean evictions (from lower level)
   PUTX: 0 # Dirty evictions (from lower level)
   INV: 6 # Invalidates (from upper level)
   INVX: 23 # Downgrades (from upper level)
   FWD: 0 # Forwards (from upper level)
   latGETnl: 24553394 # GET request latency on next level
   latGETnet: 0 # GET request latency on network to next level
  l1d-5: # Filter cache stats
   fhGETS: 159022299 # Filtered GETS hits
   fhGETX: 37999892 # Filtered GETX hits
   hGETS: 13044880 # GETS hits
   hGETX: 11696646 # GETX hits
   mGETS: 1339462 # GETS misses
   mGETXIM: 1107778 # GETX I->M misses
   mGETXSM: 6 # GETX S->M misses (upgrade misses)
   PUTS: 0 # Clean evictions (from lower level)
   PUTX: 0 # Dirty evictions (from lower level)
   INV: 5 # Invalidates (from upper level)
   INVX: 55 # Downgrades (from upper level)
   FWD: 0 # Forwards (from upper level)
   latGETnl: 24630344 # GET request latency on next level
   latGETnet: 0 # GET request latency on network to next level
  l1d-6: # Filter cache stats
   fhGETS: 161019139 # Filtered GETS hits
   fhGETX: 38009295 # Filtered GETX hits
   hGETS: 11047308 # GETS hits
   hGETX: 11693498 # GETX hits
   mGETS: 1338234 # GETS misses
   mGETXIM: 1101161 # GETX I->M misses
   mGETXSM: 6 # GETX S->M misses (upgrade misses)
   PUTS: 0 # Clean evictions (from lower level)
   PUTX: 0 # Dirty evictions (from lower level)
   INV: 5 # Invalidates (from upper level)
   INVX: 83 # Downgrades (from upper level)
   FWD: 0 # Forwards (from upper level)
   latGETnl: 24554139 # GET request latency on next level
   latGETnet: 0 # GET request latency on network to next level
  l1d-7: # Filter cache stats
   fhGETS: 160735764 # Filtered GETS hits
   fhGETX: 38014595 # Filtered GETX hits
   hGETS: 11334200 # GETS hits
   hGETX: 11677284 # GETX hits
   mGETS: 1337234 # GETS misses
   mGETXIM: 1112479 # GETX I->M misses
   mGETXSM: 6 # GETX S->M misses (upgrade misses)
   PUTS: 0 # Clean evictions (from lower level)
   PUTX: 0 # Dirty evictions (from lower level)
   INV: 5 # Invalidates (from upper level)
   INVX: 80 # Downgrades (from upper level)
   FWD: 0 # Forwards (from upper level)
   latGETnl: 24656642 # GET request latency on next level
   latGETnet: 0 # GET request latency on network to next level
 l2: # Cache stats
  l2-0: # Cache stats
   hGETS: 1381093 # GETS hits
   hGETX: 1105414 # GETX hits
   mGETS: 1253 # GETS misses
   mGETXIM: 1222 # GETX I->M misses
   mGETXSM: 7 # GETX S->M misses (upgrade misses)
   PUTS: 1191328 # Clean evictions (from lower level)
   PUTX: 1296614 # Dirty evictions (from lower level)
   INV: 37 # Invalidates (from upper level)
   INVX: 39 # Downgrades (from upper level)
   FWD: 0 # Forwards (from upper level)
   latGETnl: 199850 # GET request latency on next level
   latGETnet: 0 # GET request latency on network to next level
  l2-1: # Cache stats
   hGETS: 1382846 # GETS hits
   hGETX: 1104980 # GETX hits
   mGETS: 1158 # GETS misses
   mGETXIM: 1096 # GETX I->M misses
   mGETXSM: 6 # GETX S->M misses (upgrade misses)
   PUTS: 1192045 # Clean evictions (from lower level)
   PUTX: 1297039 # Dirty evictions (from lower level)
   INV: 5 # Invalidates (from upper level)
   INVX: 60 # Downgrades (from upper level)
   FWD: 0 # Forwards (from upper level)
   latGETnl: 177513 # GET request latency on next level
   latGETnet: 0 # GET request latency on network to next level
  l2-2: # Cache stats
   hGETS: 1384117 # GETS hits
   hGETX: 1097374 # GETX hits
   mGETS: 1162 # GETS misses
   mGETXIM: 1096 # GETX I->M misses
   mGETXSM: 4 # GETX S->M misses (upgrade misses)
   PUTS: 1194591 # Clean evictions (from lower level)
   PUTX: 1288155 # Dirty evictions (from lower level)
   INV: 9 # Invalidates (from upper level)
   INVX: 49 # Downgrades (from upper level)
   FWD: 0 # Forwards (from upper level)
   latGETnl: 180647 # GET request latency on next level
   latGETnet: 0 # GET request latency on network to next level
  l2-3: # Cache stats
   hGETS: 1380602 # GETS hits
   hGETX: 1103658 # GETX hits
   mGETS: 1162 # GETS misses
   mGETXIM: 1096 # GETX I->M misses
   mGETXSM: 6 # GETX S->M misses (upgrade misses)
   PUTS: 1191107 # Clean evictions (from lower level)
   PUTX: 1294410 # Dirty evictions (from lower level)
   INV: 8 # Invalidates (from upper level)
   INVX: 60 # Downgrades (from upper level)
   FWD: 0 # Forwards (from upper level)
   latGETnl: 179875 # GET request latency on next level
   latGETnet: 0 # GET request latency on network to next level
  l2-4: # Cache stats
   hGETS: 1383989 # GETS hits
   hGETX: 1099059 # GETX hits
   mGETS: 1157 # GETS misses
   mGETXIM: 1096 # GETX I->M misses
   mGETXSM: 6 # GETX S->M misses (upgrade misses)
   PUTS: 1192884 # Clean evictions (from lower level)
   PUTX: 1291420 # Dirty evictions (from lower level)
   INV: 6 # Invalidates (from upper level)
   INVX: 23 # Downgrades (from upper level)
   FWD: 0 # Forwards (from upper level)
   latGETnl: 179186 # GET request latency on next level
   latGETnet: 0 # GET request latency on network to next level
  l2-5: # Cache stats
   hGETS: 1383724 # GETS hits
   hGETX: 1106682 # GETX hits
   mGETS: 1160 # GETS misses
   mGETXIM: 1096 # GETX I->M misses
   mGETXSM: 6 # GETX S->M misses (upgrade misses)
   PUTS: 1193097 # Clean evictions (from lower level)
   PUTX: 1298567 # Dirty evictions (from lower level)
   INV: 5 # Invalidates (from upper level)
   INVX: 55 # Downgrades (from upper level)
   FWD: 0 # Forwards (from upper level)
   latGETnl: 177942 # GET request latency on next level
   latGETnet: 0 # GET request latency on network to next level
  l2-6: # Cache stats
   hGETS: 1382500 # GETS hits
   hGETX: 1100065 # GETX hits
   mGETS: 1159 # GETS misses
   mGETXIM: 1096 # GETX I->M misses
   mGETXSM: 6 # GETX S->M misses (upgrade misses)
   PUTS: 1193474 # Clean evictions (from lower level)
   PUTX: 1290350 # Dirty evictions (from lower level)
   INV: 5 # Invalidates (from upper level)
   INVX: 83 # Downgrades (from upper level)
   FWD: 0 # Forwards (from upper level)
   latGETnl: 179983 # GET request latency on next level
   latGETnet: 0 # GET request latency on network to next level
  l2-7: # Cache stats
   hGETS: 1381500 # GETS hits
   hGETX: 1111383 # GETX hits
   mGETS: 1161 # GETS misses
   mGETXIM: 1096 # GETX I->M misses
   mGETXSM: 6 # GETX S->M misses (upgrade misses)
   PUTS: 1191183 # Clean evictions (from lower level)
   PUTX: 1302959 # Dirty evictions (from lower level)
   INV: 5 # Invalidates (from upper level)
   INVX: 80 # Downgrades (from upper level)
   FWD: 0 # Forwards (from upper level)
   latGETnl: 179894 # GET request latency on next level
   latGETnet: 0 # GET request latency on network to next level
 l3: # Cache stats
  l3-0b0: # Cache stats
   hGETS: 868 # GETS hits
   hGETX: 4 # GETX hits
   mGETS: 297 # GETS misses
   mGETXIM: 1095 # GETX I->M misses
   mGETXSM: 0 # GETX S->M misses (upgrade misses)
   PUTS: 0 # Clean evictions (from lower level)
   PUTX: 1 # Dirty evictions (from lower level)
   INV: 0 # Invalidates (from upper level)
   INVX: 0 # Downgrades (from upper level)
   FWD: 0 # Forwards (from upper level)
   latGETnl: 125280 # GET request latency on next level
   latGETnet: 0 # GET request latency on network to next level
  l3-0b1: # Cache stats
   hGETS: 897 # GETS hits
   hGETX: 11 # GETX hits
   mGETS: 301 # GETS misses
   mGETXIM: 1090 # GETX I->M misses
   mGETXSM: 0 # GETX S->M misses (upgrade misses)
   PUTS: 1 # Clean evictions (from lower level)
   PUTX: 0 # Dirty evictions (from lower level)
   INV: 0 # Invalidates (from upper level)
   INVX: 0 # Downgrades (from upper level)
   FWD: 0 # Forwards (from upper level)
   latGETnl: 125190 # GET request latency on next level
   latGETnet: 0 # GET request latency on network to next level
  l3-0b2: # Cache stats
   hGETS: 903 # GETS hits
   hGETX: 4 # GETX hits
   mGETS: 282 # GETS misses
   mGETXIM: 1125 # GETX I->M misses
   mGETXSM: 0 # GETX S->M misses (upgrade misses)
   PUTS: 1 # Clean evictions (from lower level)
   PUTX: 0 # Dirty evictions (from lower level)
   INV: 0 # Invalidates (from upper level)
   INVX: 0 # Downgrades (from upper level)
   FWD: 0 # Forwards (from upper level)
   latGETnl: 126630 # GET request latency on next level
   latGETnet: 0 # GET request latency on network to next level
  l3-0b3: # Cache stats
   hGETS: 855 # GETS hits
   hGETX: 5 # GETX hits
   mGETS: 301 # GETS misses
   mGETXIM: 1106 # GETX I->M misses
   mGETXSM: 0 # GETX S->M misses (upgrade misses)
   PUTS: 1 # Clean evictions (from lower level)
   PUTX: 0 # Dirty evictions (from lower level)
   INV: 0 # Invalidates (from upper level)
   INVX: 0 # Downgrades (from upper level)
   FWD: 0 # Forwards (from upper level)
   latGETnl: 126630 # GET request latency on next level
   latGETnet: 0 # GET request latency on network to next level
  l3-0b4: # Cache stats
   hGETS: 840 # GETS hits
   hGETX: 4 # GETX hits
   mGETS: 279 # GETS misses
   mGETXIM: 1117 # GETX I->M misses
   mGETXSM: 0 # GETX S->M misses (upgrade misses)
   PUTS: 1 # Clean evictions (from lower level)
   PUTX: 0 # Dirty evictions (from lower level)
   INV: 0 # Invalidates (from upper level)
   INVX: 0 # Downgrades (from upper level)
   FWD: 0 # Forwards (from upper level)
   latGETnl: 125640 # GET request latency on next level
   latGETnet: 0 # GET request latency on network to next level
  l3-0b5: # Cache stats
   hGETS: 894 # GETS hits
   hGETX: 18 # GETX hits
   mGETS: 298 # GETS misses
   mGETXIM: 1105 # GETX I->M misses
   mGETXSM: 0 # GETX S->M misses (upgrade misses)
   PUTS: 1 # Clean evictions (from lower level)
   PUTX: 0 # Dirty evictions (from lower level)
   INV: 0 # Invalidates (from upper level)
   INVX: 0 # Downgrades (from upper level)
   FWD: 0 # Forwards (from upper level)
   latGETnl: 126270 # GET request latency on next level
   latGETnet: 0 # GET request latency on network to next level
  l3-0b6: # Cache stats
   hGETS: 877 # GETS hits
   hGETX: 15 # GETX hits
   mGETS: 297 # GETS misses
   mGETXIM: 1105 # GETX I->M misses
   mGETXSM: 0 # GETX S->M misses (upgrade misses)
   PUTS: 3 # Clean evictions (from lower level)
   PUTX: 0 # Dirty evictions (from lower level)
   INV: 0 # Invalidates (from upper level)
   INVX: 0 # Downgrades (from upper level)
   FWD: 0 # Forwards (from upper level)
   latGETnl: 126180 # GET request latency on next level
   latGETnet: 0 # GET request latency on network to next level
  l3-0b7: # Cache stats
   hGETS: 886 # GETS hits
   hGETX: 14 # GETX hits
   mGETS: 297 # GETS misses
   mGETXIM: 1123 # GETX I->M misses
   mGETXSM: 0 # GETX S->M misses (upgrade misses)
   PUTS: 3 # Clean evictions (from lower level)
   PUTX: 0 # Dirty evictions (from lower level)
   INV: 0 # Invalidates (from upper level)
   INVX: 0 # Downgrades (from upper level)
   FWD: 0 # Forwards (from upper level)
   latGETnl: 127800 # GET request latency on next level
   latGETnet: 0 # GET request latency on network to next level
 mem: # Memory controller stats
  mem-0: # Memory controller stats
   rd: 2839 # Read requests
   wr: 0 # Write requests
   rdlat: 570063 # Total latency experienced by read requests
   wrlat: 0 # Total latency experienced by write requests
   rdhits: 283 # Read row hits
   wrhits: 0 # Write row hits
   mlh: # latency histogram for memory requests
    0: 0
    1: 0
    2: 0
    3: 0
    4: 0
    5: 0
    6: 0
    7: 0
    8: 0
    9: 0
    10: 0
    11: 11
    12: 28
    13: 1786
    14: 232
    15: 95
    16: 91
    17: 36
    18: 40
    19: 26
    20: 24
    21: 24
    22: 28
    23: 21
    24: 17
    25: 12
    26: 7
    27: 4
    28: 5
    29: 7
    30: 10
    31: 4
    32: 6
    33: 8
    34: 7
    35: 2
    36: 5
    37: 10
    38: 0
    39: 5
    40: 2
    41: 2
    42: 1
    43: 3
    44: 7
    45: 0
    46: 1
    47: 1
    48: 7
    49: 3
    50: 3
    51: 2
    52: 3
    53: 5
    54: 3
    55: 5
    56: 4
    57: 8
    58: 12
    59: 7
    60: 8
    61: 10
    62: 7
    63: 10
    64: 5
    65: 4
    66: 11
    67: 11
    68: 12
    69: 13
    70: 6
    71: 4
    72: 9
    73: 6
    74: 10
    75: 7
    76: 9
    77: 9
    78: 1
    79: 6
    80: 4
    81: 12
    82: 13
    83: 13
    84: 1
    85: 3
    86: 1
    87: 2
    88: 1
    89: 0
    90: 0
    91: 0
    92: 0
    93: 0
    94: 0
    95: 0
    96: 0
    97: 0
    98: 0
    99: 1
  mem-1: # Memory controller stats
   rd: 2789 # Read requests
   wr: 0 # Write requests
   rdlat: 525111 # Total latency experienced by read requests
   wrlat: 0 # Total latency experienced by write requests
   rdhits: 295 # Read row hits
   wrhits: 0 # Write row hits
   mlh: # latency histogram for memory requests
    0: 0
    1: 0
    2: 0
    3: 0
    4: 0
    5: 0
    6: 0
    7: 0
    8: 0
    9: 0
    10: 0
    11: 12
    12: 34
    13: 1768
    14: 232
    15: 100
    16: 73
    17: 53
    18: 39
    19: 33
    20: 23
    21: 23
    22: 15
    23: 19
    24: 22
    25: 22
    26: 11
    27: 9
    28: 5
    29: 4
    30: 7
    31: 3
    32: 5
    33: 8
    34: 4
    35: 5
    36: 1
    37: 10
    38: 7
    39: 5
    40: 3
    41: 11
    42: 11
    43: 3
    44: 2
    45: 5
    46: 4
    47: 7
    48: 3
    49: 4
    50: 4
    51: 7
    52: 4
    53: 5
    54: 2
    55: 0
    56: 3
    57: 4
    58: 4
    59: 3
    60: 9
    61: 5
    62: 15
    63: 7
    64: 7
    65: 7
    66: 7
    67: 5
    68: 5
    69: 6
    70: 9
    71: 6
    72: 5
    73: 11
    74: 8
    75: 5
    76: 11
    77: 2
    78: 2
    79: 1
    80: 2
    81: 1
    82: 2
    83: 2
    84: 3
    85: 1
    86: 2
    87: 1
    88: 0
    89: 0
    90: 0
    91: 0
    92: 0
    93: 0
    94: 0
    95: 0
    96: 0
    97: 0
    98: 0
    99: 1
  mem-2: # Memory controller stats
   rd: 2795 # Read requests
   wr: 0 # Write requests
   rdlat: 538853 # Total latency experienced by read requests
   wrlat: 0 # Total latency experienced by write requests
   rdhits: 291 # Read row hits
   wrhits: 0 # Write row hits
   mlh: # latency histogram for memory requests
    0: 0
    1: 0
    2: 0
    3: 0
    4: 0
    5: 0
    6: 0
    7: 0
    8: 0
    9: 0
    10: 0
    11: 12
    12: 24
    13: 1749
    14: 231
    15: 103
    16: 74
    17: 43
    18: 39
    19: 32
    20: 30
    21: 37
    22: 25
    23: 16
    24: 16
    25: 17
    26: 7
    27: 6
    28: 9
    29: 5
    30: 12
    31: 7
    32: 3
    33: 7
    34: 3
    35: 5
    36: 4
    37: 1
    38: 3
    39: 3
    40: 2
    41: 6
    42: 4
    43: 3
    44: 3
    45: 0
    46: 2
    47: 5
    48: 10
    49: 10
    50: 9
    51: 13
    52: 8
    53: 8
    54: 9
    55: 5
    56: 7
    57: 9
    58: 6
    59: 14
    60: 9
    61: 4
    62: 2
    63: 5
    64: 7
    65: 6
    66: 9
    67: 6
    68: 12
    69: 4
    70: 10
    71: 11
    72: 13
    73: 10
    74: 8
    75: 8
    76: 4
    77: 3
    78: 1
    79: 3
    80: 1
    81: 0
    82: 1
    83: 0
    84: 1
    85: 0
    86: 1
    87: 0
    88: 0
    89: 0
    90: 0
    91: 0
    92: 0
    93: 0
    94: 0
    95: 0
    96: 0
    97: 0
    98: 0
    99: 0
  mem-3: # Memory controller stats
   rd: 2795 # Read requests
   wr: 0 # Write requests
   rdlat: 519250 # Total latency experienced by read requests
   wrlat: 0 # Total latency experienced by write requests
   rdhits: 274 # Read row hits
   wrhits: 0 # Write row hits
   mlh: # latency histogram for memory requests
    0: 0
    1: 0
    2: 0
    3: 0
    4: 0
    5: 0
    6: 0
    7: 0
    8: 0
    9: 0
    10: 0
    11: 9
    12: 31
    13: 1787
    14: 256
    15: 91
    16: 73
    17: 45
    18: 39
    19: 33
    20: 23
    21: 22
    22: 19
    23: 15
    24: 22
    25: 11
    26: 12
    27: 6
    28: 1
    29: 4
    30: 8
    31: 6
    32: 9
    33: 7
    34: 9
    35: 2
    36: 7
    37: 8
    38: 6
    39: 6
    40: 11
    41: 4
    42: 7
    43: 6
    44: 6
    45: 2
    46: 5
    47: 2
    48: 5
    49: 2
    50: 5
    51: 3
    52: 2
    53: 5
    54: 5
    55: 6
    56: 5
    57: 2
    58: 5
    59: 4
    60: 10
    61: 9
    62: 8
    63: 6
    64: 6
    65: 10
    66: 10
    67: 8
    68: 12
    69: 8
    70: 5
    71: 3
    72: 7
    73: 2
    74: 6
    75: 3
    76: 3
    77: 3
    78: 3
    79: 3
    80: 3
    81: 1
    82: 1
    83: 2
    84: 0
    85: 0
    86: 0
    87: 1
    88: 1
    89: 0
    90: 0
    91: 1
    92: 0
    93: 0
    94: 1
    95: 0
    96: 0
    97: 0
    98: 0
    99: 0
 sched: # Scheduler stats
  thCr: 9 # Threads created
  thFn: 0 # Threads finished
  schedEvs: 9 # Schedule events
  waitEvs: 1 # Wait events
  handoffEvs: 0 # Handoff events
  sleepEvs: 0 # Sleep events
  idlePhases: 0 # Phases with no thread active
  idlePeriods: 0 # Periods with no thread active
  occHist: # Occupancy histogram
   0: 0
   1: 1
   2: 0
   3: 0
   4: 0
   5: 0
   6: 0
   7: 0
   8: 39288
  rqSzHist: # Run queue size histogram
   0: 39289
   1: 0
   2: 0
   3: 0
   4: 0
   5: 0
   6: 0
   7: 0
   8: 0
   9: 0
   10: 0
   11: 0
   12: 0
   13: 0
   14: 0
   15: 0
   16: 0
 procCycles: # Per-process unhalted core cycles
  0: 3143050079
  1: 0
  2: 0
  3: 0
  4: 0
  5: 0
  6: 0
  7: 0
  8: 0
  9: 0
  10: 0
  11: 0
  12: 0
  13: 0
  14: 0
  15: 0
  16: 0
  17: 0
  18: 0
  19: 0
  20: 0
  21: 0
  22: 0
  23: 0
  24: 0
  25: 0
  26: 0
  27: 0
  28: 0
  29: 0
  30: 0
  31: 0
  32: 0
  33: 0
  34: 0
  35: 0
  36: 0
  37: 0
  38: 0
  39: 0
  40: 0
  41: 0
  42: 0
  43: 0
  44: 0
  45: 0
  46: 0
  47: 0
  48: 0
  49: 0
  50: 0
  51: 0
  52: 0
  53: 0
  54: 0
  55: 0
  56: 0
  57: 0
  58: 0
  59: 0
  60: 0
  61: 0
  62: 0
  63: 0
 procInstrs: # Per-process instructions
  0: 5000047958
  1: 0
  2: 0
  3: 0
  4: 0
  5: 0
  6: 0
  7: 0
  8: 0
  9: 0
  10: 0
  11: 0
  12: 0
  13: 0
  14: 0
  15: 0
  16: 0
  17: 0
  18: 0
  19: 0
  20: 0
  21: 0
  22: 0
  23: 0
  24: 0
  25: 0
  26: 0
  27: 0
  28: 0
  29: 0
  30: 0
  31: 0
  32: 0
  33: 0
  34: 0
  35: 0
  36: 0
  37: 0
  38: 0
  39: 0
  40: 0
  41: 0
  42: 0
  43: 0
  44: 0
  45: 0
  46: 0
  47: 0
  48: 0
  49: 0
  50: 0
  51: 0
  52: 0
  53: 0
  54: 0
  55: 0
  56: 0
  57: 0
  58: 0
  59: 0
  60: 0
  61: 0
  62: 0
  63: 0
 heartbeats: # Per-process heartbeats
  0: 0
  1: 0
  2: 0
  3: 0
  4: 0
  5: 0
  6: 0
  7: 0
  8: 0
  9: 0
  10: 0
  11: 0
  12: 0
  13: 0
  14: 0
  15: 0
  16: 0
  17: 0
  18: 0
  19: 0
  20: 0
  21: 0
  22: 0
  23: 0
  24: 0
  25: 0
  26: 0
  27: 0
  28: 0
  29: 0
  30: 0
  31: 0
  32: 0
  33: 0
  34: 0
  35: 0
  36: 0
  37: 0
  38: 0
  39: 0
  40: 0
  41: 0
  42: 0
  43: 0
  44: 0
  45: 0
  46: 0
  47: 0
  48: 0
  49: 0
  50: 0
  51: 0
  52: 0
  53: 0
  54: 0
  55: 0
  56: 0
  57: 0
  58: 0
  59: 0
  60: 0
  61: 0
  62: 0
  63: 0
===
