# zsim stats
===
root: # Stats
 contention: # Contention simulation stats
  domain-0: # Domain stats
   time: 5302580084 # Weave simulation time
 time: # Simulator time breakdown
  init: 26430717357110
  bound: 34408201321
  weave: 31878750925
  ff: 0
 trigger: 20000 # Reason for this stats dump
 phase: 14700 # Simulated phases
 westmere: # Core stats
  westmere-0: # Core stats
   cycles: 147002662 # Simulated unhalted cycles
   cCycles: 26923797 # Cycles due to contention stalls
   instrs: 100001679 # Simulated instructions
   uops: 114164518 # Retired micro-ops
   bbls: 2330460 # Basic blocks
   approxInstrs: 553210 # Instrs with approx uop decoding
   mispredBranches: 3146 # Mispredicted branches
   condBranches: 916839 # conditional branches
 l1i: # Cache stats
  l1i-0: # Filter cache stats
   fhGETS: 9225748 # Filtered GETS hits
   fhGETX: 0 # Filtered GETX hits
   hGETS: 6 # GETS hits
   hGETX: 0 # GETX hits
   mGETS: 120 # GETS misses
   mGETXIM: 0 # GETX I->M misses
   mGETXSM: 0 # GETX S->M misses (upgrade misses)
   PUTS: 0 # Clean evictions (from lower level)
   PUTX: 0 # Dirty evictions (from lower level)
   INV: 0 # Invalidates (from upper level)
   INVX: 0 # Downgrades (from upper level)
   FWD: 0 # Forwards (from upper level)
   latGETnl: 14880 # GET request latency on next level
   latGETnet: 0 # GET request latency on network to next level
 l1d: # Cache stats
  l1d-0: # Filter cache stats
   fhGETS: 18014674 # Filtered GETS hits
   fhGETX: 5400993 # Filtered GETX hits
   hGETS: 968362 # GETS hits
   hGETX: 756060 # GETX hits
   mGETS: 788859 # GETS misses
   mGETXIM: 4305824 # GETX I->M misses
   mGETXSM: 0 # GETX S->M misses (upgrade misses)
   PUTS: 0 # Clean evictions (from lower level)
   PUTX: 0 # Dirty evictions (from lower level)
   INV: 0 # Invalidates (from upper level)
   INVX: 0 # Downgrades (from upper level)
   FWD: 0 # Forwards (from upper level)
   latGETnl: 403910042 # GET request latency on next level
   latGETnet: 0 # GET request latency on network to next level
 l2: # Cache stats
  l2-0: # Cache stats
   hGETS: 96 # GETS hits
   hGETX: 1998349 # GETX hits
   mGETS: 788883 # GETS misses
   mGETXIM: 2307475 # GETX I->M misses
   mGETXSM: 0 # GETX S->M misses (upgrade misses)
   PUTS: 788345 # Clean evictions (from lower level)
   PUTX: 4305826 # Dirty evictions (from lower level)
   INV: 0 # Invalidates (from upper level)
   INVX: 0 # Downgrades (from upper level)
   FWD: 0 # Forwards (from upper level)
   latGETnl: 352976892 # GET request latency on next level
   latGETnet: 0 # GET request latency on network to next level
 l3: # Cache stats
  l3-0: # Cache stats
   hGETS: 52 # GETS hits
   hGETX: 36 # GETX hits
   mGETS: 788831 # GETS misses
   mGETXIM: 2307439 # GETX I->M misses
   mGETXSM: 0 # GETX S->M misses (upgrade misses)
   PUTS: 784785 # Clean evictions (from lower level)
   PUTX: 2307477 # Dirty evictions (from lower level)
   INV: 0 # Invalidates (from upper level)
   INVX: 0 # Downgrades (from upper level)
   FWD: 0 # Forwards (from upper level)
   latGETnl: 278664300 # GET request latency on next level
   latGETnet: 0 # GET request latency on network to next level
 mem: # Memory controller stats
  mem-0: # Memory controller stats
   rd: 774049 # Read requests
   wr: 574730 # Write requests
   rdlat: 110502270 # Total latency experienced by read requests
   wrlat: 101491117 # Total latency experienced by write requests
   rdhits: 73 # Read row hits
   wrhits: 12110 # Write row hits
   mlh: # latency histogram for memory requests
    0: 0
    1: 0
    2: 0
    3: 0
    4: 0
    5: 0
    6: 0
    7: 0
    8: 0
    9: 0
    10: 0
    11: 2
    12: 5
    13: 452117
    14: 155649
    15: 108274
    16: 6493
    17: 30655
    18: 1109
    19: 1628
    20: 2516
    21: 3648
    22: 2329
    23: 1768
    24: 883
    25: 617
    26: 419
    27: 592
    28: 512
    29: 388
    30: 339
    31: 353
    32: 332
    33: 372
    34: 346
    35: 280
    36: 204
    37: 174
    38: 179
    39: 386
    40: 263
    41: 279
    42: 241
    43: 154
    44: 87
    45: 52
    46: 74
    47: 61
    48: 130
    49: 66
    50: 23
    51: 14
    52: 10
    53: 12
    54: 7
    55: 6
    56: 0
    57: 0
    58: 1
    59: 0
    60: 0
    61: 0
    62: 0
    63: 0
    64: 0
    65: 0
    66: 0
    67: 0
    68: 0
    69: 0
    70: 0
    71: 0
    72: 0
    73: 0
    74: 0
    75: 0
    76: 0
    77: 0
    78: 0
    79: 0
    80: 0
    81: 0
    82: 0
    83: 0
    84: 0
    85: 0
    86: 0
    87: 0
    88: 0
    89: 0
    90: 0
    91: 0
    92: 0
    93: 0
    94: 0
    95: 0
    96: 0
    97: 0
    98: 0
    99: 0
  mem-1: # Memory controller stats
   rd: 774048 # Read requests
   wr: 574735 # Write requests
   rdlat: 110424615 # Total latency experienced by read requests
   wrlat: 100791568 # Total latency experienced by write requests
   rdhits: 89 # Read row hits
   wrhits: 13199 # Write row hits
   mlh: # latency histogram for memory requests
    0: 0
    1: 0
    2: 0
    3: 0
    4: 0
    5: 0
    6: 0
    7: 0
    8: 0
    9: 0
    10: 0
    11: 2
    12: 4
    13: 452276
    14: 156488
    15: 106835
    16: 8455
    17: 31039
    18: 815
    19: 1538
    20: 2150
    21: 3167
    22: 2002
    23: 1598
    24: 808
    25: 660
    26: 439
    27: 525
    28: 412
    29: 358
    30: 327
    31: 323
    32: 334
    33: 377
    34: 334
    35: 249
    36: 213
    37: 189
    38: 180
    39: 388
    40: 263
    41: 282
    42: 275
    43: 149
    44: 116
    45: 60
    46: 87
    47: 68
    48: 141
    49: 63
    50: 20
    51: 10
    52: 8
    53: 11
    54: 6
    55: 4
    56: 0
    57: 0
    58: 0
    59: 0
    60: 0
    61: 0
    62: 0
    63: 0
    64: 0
    65: 0
    66: 0
    67: 0
    68: 0
    69: 0
    70: 0
    71: 0
    72: 0
    73: 0
    74: 0
    75: 0
    76: 0
    77: 0
    78: 0
    79: 0
    80: 0
    81: 0
    82: 0
    83: 0
    84: 0
    85: 0
    86: 0
    87: 0
    88: 0
    89: 0
    90: 0
    91: 0
    92: 0
    93: 0
    94: 0
    95: 0
    96: 0
    97: 0
    98: 0
    99: 0
  mem-2: # Memory controller stats
   rd: 774060 # Read requests
   wr: 574747 # Write requests
   rdlat: 110517557 # Total latency experienced by read requests
   wrlat: 101520839 # Total latency experienced by write requests
   rdhits: 75 # Read row hits
   wrhits: 12819 # Write row hits
   mlh: # latency histogram for memory requests
    0: 0
    1: 0
    2: 0
    3: 0
    4: 0
    5: 0
    6: 0
    7: 0
    8: 0
    9: 0
    10: 0
    11: 2
    12: 7
    13: 451860
    14: 155489
    15: 108706
    16: 6811
    17: 30367
    18: 1102
    19: 1658
    20: 2584
    21: 3588
    22: 2315
    23: 1778
    24: 879
    25: 580
    26: 406
    27: 541
    28: 500
    29: 366
    30: 320
    31: 338
    32: 334
    33: 364
    34: 354
    35: 293
    36: 209
    37: 193
    38: 188
    39: 371
    40: 283
    41: 301
    42: 270
    43: 119
    44: 79
    45: 42
    46: 93
    47: 79
    48: 162
    49: 65
    50: 18
    51: 9
    52: 6
    53: 16
    54: 11
    55: 3
    56: 1
    57: 0
    58: 0
    59: 0
    60: 0
    61: 0
    62: 0
    63: 0
    64: 0
    65: 0
    66: 0
    67: 0
    68: 0
    69: 0
    70: 0
    71: 0
    72: 0
    73: 0
    74: 0
    75: 0
    76: 0
    77: 0
    78: 0
    79: 0
    80: 0
    81: 0
    82: 0
    83: 0
    84: 0
    85: 0
    86: 0
    87: 0
    88: 0
    89: 0
    90: 0
    91: 0
    92: 0
    93: 0
    94: 0
    95: 0
    96: 0
    97: 0
    98: 0
    99: 0
  mem-3: # Memory controller stats
   rd: 774046 # Read requests
   wr: 574755 # Write requests
   rdlat: 110488860 # Total latency experienced by read requests
   wrlat: 100909690 # Total latency experienced by write requests
   rdhits: 56 # Read row hits
   wrhits: 12742 # Write row hits
   mlh: # latency histogram for memory requests
    0: 0
    1: 0
    2: 0
    3: 0
    4: 0
    5: 0
    6: 0
    7: 0
    8: 0
    9: 0
    10: 0
    11: 2
    12: 4
    13: 451309
    14: 156074
    15: 107603
    16: 8475
    17: 31055
    18: 895
    19: 1637
    20: 2201
    21: 3202
    22: 2118
    23: 1630
    24: 875
    25: 700
    26: 428
    27: 563
    28: 490
    29: 356
    30: 326
    31: 324
    32: 325
    33: 335
    34: 324
    35: 254
    36: 234
    37: 178
    38: 193
    39: 353
    40: 266
    41: 290
    42: 286
    43: 146
    44: 104
    45: 59
    46: 80
    47: 76
    48: 137
    49: 68
    50: 21
    51: 10
    52: 11
    53: 11
    54: 9
    55: 3
    56: 0
    57: 0
    58: 2
    59: 3
    60: 0
    61: 0
    62: 0
    63: 0
    64: 1
    65: 0
    66: 0
    67: 0
    68: 0
    69: 0
    70: 0
    71: 0
    72: 0
    73: 0
    74: 0
    75: 0
    76: 0
    77: 0
    78: 0
    79: 0
    80: 0
    81: 0
    82: 0
    83: 0
    84: 0
    85: 0
    86: 0
    87: 0
    88: 0
    89: 0
    90: 0
    91: 0
    92: 0
    93: 0
    94: 0
    95: 0
    96: 0
    97: 0
    98: 0
    99: 0
 sched: # Scheduler stats
  thCr: 1 # Threads created
  thFn: 1 # Threads finished
  schedEvs: 1 # Schedule events
  waitEvs: 0 # Wait events
  handoffEvs: 0 # Handoff events
  sleepEvs: 0 # Sleep events
  idlePhases: 0 # Phases with no thread active
  idlePeriods: 0 # Periods with no thread active
  occHist: # Occupancy histogram
   0: 0
   1: 14700
  rqSzHist: # Run queue size histogram
   0: 14700
   1: 0
   2: 0
   3: 0
   4: 0
   5: 0
   6: 0
   7: 0
   8: 0
   9: 0
   10: 0
   11: 0
   12: 0
   13: 0
   14: 0
   15: 0
   16: 0
 procCycles: # Per-process unhalted core cycles
  0: 147002662
  1: 0
  2: 0
  3: 0
  4: 0
  5: 0
  6: 0
  7: 0
  8: 0
  9: 0
  10: 0
  11: 0
  12: 0
  13: 0
  14: 0
  15: 0
  16: 0
  17: 0
  18: 0
  19: 0
  20: 0
  21: 0
  22: 0
  23: 0
  24: 0
  25: 0
  26: 0
  27: 0
  28: 0
  29: 0
  30: 0
  31: 0
  32: 0
  33: 0
  34: 0
  35: 0
  36: 0
  37: 0
  38: 0
  39: 0
  40: 0
  41: 0
  42: 0
  43: 0
  44: 0
  45: 0
  46: 0
  47: 0
  48: 0
  49: 0
  50: 0
  51: 0
  52: 0
  53: 0
  54: 0
  55: 0
  56: 0
  57: 0
  58: 0
  59: 0
  60: 0
  61: 0
  62: 0
  63: 0
 procInstrs: # Per-process instructions
  0: 100001679
  1: 0
  2: 0
  3: 0
  4: 0
  5: 0
  6: 0
  7: 0
  8: 0
  9: 0
  10: 0
  11: 0
  12: 0
  13: 0
  14: 0
  15: 0
  16: 0
  17: 0
  18: 0
  19: 0
  20: 0
  21: 0
  22: 0
  23: 0
  24: 0
  25: 0
  26: 0
  27: 0
  28: 0
  29: 0
  30: 0
  31: 0
  32: 0
  33: 0
  34: 0
  35: 0
  36: 0
  37: 0
  38: 0
  39: 0
  40: 0
  41: 0
  42: 0
  43: 0
  44: 0
  45: 0
  46: 0
  47: 0
  48: 0
  49: 0
  50: 0
  51: 0
  52: 0
  53: 0
  54: 0
  55: 0
  56: 0
  57: 0
  58: 0
  59: 0
  60: 0
  61: 0
  62: 0
  63: 0
 heartbeats: # Per-process heartbeats
  0: 0
  1: 0
  2: 0
  3: 0
  4: 0
  5: 0
  6: 0
  7: 0
  8: 0
  9: 0
  10: 0
  11: 0
  12: 0
  13: 0
  14: 0
  15: 0
  16: 0
  17: 0
  18: 0
  19: 0
  20: 0
  21: 0
  22: 0
  23: 0
  24: 0
  25: 0
  26: 0
  27: 0
  28: 0
  29: 0
  30: 0
  31: 0
  32: 0
  33: 0
  34: 0
  35: 0
  36: 0
  37: 0
  38: 0
  39: 0
  40: 0
  41: 0
  42: 0
  43: 0
  44: 0
  45: 0
  46: 0
  47: 0
  48: 0
  49: 0
  50: 0
  51: 0
  52: 0
  53: 0
  54: 0
  55: 0
  56: 0
  57: 0
  58: 0
  59: 0
  60: 0
  61: 0
  62: 0
  63: 0
===
