# zsim stats
===
root: # Stats
 contention: # Contention simulation stats
  domain-0: # Domain stats
   time: 18658349 # Weave simulation time
 time: # Simulator time breakdown
  init: 999875602
  bound: 3791449824
  weave: 81759784
  ff: 1343846453
 trigger: 20000 # Reason for this stats dump
 phase: 2328 # Simulated phases
 westmere: # Core stats
  westmere-0: # Core stats
   cycles: 23281739 # Simulated unhalted cycles
   cCycles: 11280 # Cycles due to contention stalls
   instrs: 31761983 # Simulated instructions
   uops: 38898150 # Retired micro-ops
   bbls: 3056128 # Basic blocks
   approxInstrs: 418967 # Instrs with approx uop decoding
   mispredBranches: 19085 # Mispredicted branches
   condBranches: 1912518 # conditional branches
  westmere-1: # Core stats
   cycles: 23197013 # Simulated unhalted cycles
   cCycles: 6607 # Cycles due to contention stalls
   instrs: 31717213 # Simulated instructions
   uops: 38842300 # Retired micro-ops
   bbls: 3051247 # Basic blocks
   approxInstrs: 413004 # Instrs with approx uop decoding
   mispredBranches: 13891 # Mispredicted branches
   condBranches: 1911623 # conditional branches
  westmere-2: # Core stats
   cycles: 23246034 # Simulated unhalted cycles
   cCycles: 7283 # Cycles due to contention stalls
   instrs: 31758113 # Simulated instructions
   uops: 38892800 # Retired micro-ops
   bbls: 3056747 # Basic blocks
   approxInstrs: 419704 # Instrs with approx uop decoding
   mispredBranches: 17481 # Mispredicted branches
   condBranches: 1911623 # conditional branches
  westmere-3: # Core stats
   cycles: 23207781 # Simulated unhalted cycles
   cCycles: 9375 # Cycles due to contention stalls
   instrs: 31725885 # Simulated instructions
   uops: 38854382 # Retired micro-ops
   bbls: 3051740 # Basic blocks
   approxInstrs: 413922 # Instrs with approx uop decoding
   mispredBranches: 13494 # Mispredicted branches
   condBranches: 1912571 # conditional branches
  westmere-4: # Core stats
   cycles: 23247481 # Simulated unhalted cycles
   cCycles: 7083 # Cycles due to contention stalls
   instrs: 31754513 # Simulated instructions
   uops: 38888000 # Retired micro-ops
   bbls: 3056347 # Basic blocks
   approxInstrs: 419104 # Instrs with approx uop decoding
   mispredBranches: 17768 # Mispredicted branches
   condBranches: 1911623 # conditional branches
  westmere-5: # Core stats
   cycles: 23191246 # Simulated unhalted cycles
   cCycles: 7276 # Cycles due to contention stalls
   instrs: 31720513 # Simulated instructions
   uops: 38847300 # Retired micro-ops
   bbls: 3051247 # Basic blocks
   approxInstrs: 413904 # Instrs with approx uop decoding
   mispredBranches: 13494 # Mispredicted branches
   condBranches: 1911723 # conditional branches
  westmere-6: # Core stats
   cycles: 23258814 # Simulated unhalted cycles
   cCycles: 7627 # Cycles due to contention stalls
   instrs: 31761913 # Simulated instructions
   uops: 38896600 # Retired micro-ops
   bbls: 3056147 # Basic blocks
   approxInstrs: 419104 # Instrs with approx uop decoding
   mispredBranches: 17953 # Mispredicted branches
   condBranches: 1911423 # conditional branches
  westmere-7: # Core stats
   cycles: 23221601 # Simulated unhalted cycles
   cCycles: 8265 # Cycles due to contention stalls
   instrs: 31725613 # Simulated instructions
   uops: 38852900 # Retired micro-ops
   bbls: 3053047 # Basic blocks
   approxInstrs: 414604 # Instrs with approx uop decoding
   mispredBranches: 15487 # Mispredicted branches
   condBranches: 1911623 # conditional branches
 l1i: # Cache stats
  l1i-0: # Filter cache stats
   fhGETS: 3411535 # Filtered GETS hits
   fhGETX: 0 # Filtered GETX hits
   hGETS: 985517 # GETS hits
   hGETX: 0 # GETX hits
   mGETS: 217 # GETS misses
   mGETXIM: 0 # GETX I->M misses
   mGETXSM: 0 # GETX S->M misses (upgrade misses)
   PUTS: 0 # Clean evictions (from lower level)
   PUTX: 0 # Dirty evictions (from lower level)
   INV: 0 # Invalidates (from upper level)
   INVX: 0 # Downgrades (from upper level)
   FWD: 0 # Forwards (from upper level)
   latGETnl: 19348 # GET request latency on next level
   latGETnet: 0 # GET request latency on network to next level
  l1i-1: # Filter cache stats
   fhGETS: 3393059 # Filtered GETS hits
   fhGETX: 0 # Filtered GETX hits
   hGETS: 973502 # GETS hits
   hGETX: 0 # GETX hits
   mGETS: 87 # GETS misses
   mGETXIM: 0 # GETX I->M misses
   mGETXSM: 0 # GETX S->M misses (upgrade misses)
   PUTS: 0 # Clean evictions (from lower level)
   PUTX: 0 # Dirty evictions (from lower level)
   INV: 0 # Invalidates (from upper level)
   INVX: 0 # Downgrades (from upper level)
   FWD: 0 # Forwards (from upper level)
   latGETnl: 6738 # GET request latency on next level
   latGETnet: 0 # GET request latency on network to next level
  l1i-2: # Filter cache stats
   fhGETS: 3411661 # Filtered GETS hits
   fhGETX: 0 # Filtered GETX hits
   hGETS: 978256 # GETS hits
   hGETX: 0 # GETX hits
   mGETS: 90 # GETS misses
   mGETXIM: 0 # GETX I->M misses
   mGETXSM: 0 # GETX S->M misses (upgrade misses)
   PUTS: 0 # Clean evictions (from lower level)
   PUTX: 0 # Dirty evictions (from lower level)
   INV: 0 # Invalidates (from upper level)
   INVX: 0 # Downgrades (from upper level)
   FWD: 0 # Forwards (from upper level)
   latGETnl: 4680 # GET request latency on next level
   latGETnet: 0 # GET request latency on network to next level
  l1i-3: # Filter cache stats
   fhGETS: 3390951 # Filtered GETS hits
   fhGETX: 0 # Filtered GETX hits
   hGETS: 973537 # GETS hits
   hGETX: 0 # GETX hits
   mGETS: 214 # GETS misses
   mGETXIM: 0 # GETX I->M misses
   mGETXSM: 0 # GETX S->M misses (upgrade misses)
   PUTS: 0 # Clean evictions (from lower level)
   PUTX: 0 # Dirty evictions (from lower level)
   INV: 0 # Invalidates (from upper level)
   INVX: 0 # Downgrades (from upper level)
   FWD: 0 # Forwards (from upper level)
   latGETnl: 18166 # GET request latency on next level
   latGETnet: 0 # GET request latency on network to next level
  l1i-4: # Filter cache stats
   fhGETS: 3413855 # Filtered GETS hits
   fhGETX: 0 # Filtered GETX hits
   hGETS: 977204 # GETS hits
   hGETX: 0 # GETX hits
   mGETS: 88 # GETS misses
   mGETXIM: 0 # GETX I->M misses
   mGETXSM: 0 # GETX S->M misses (upgrade misses)
   PUTS: 0 # Clean evictions (from lower level)
   PUTX: 0 # Dirty evictions (from lower level)
   INV: 0 # Invalidates (from upper level)
   INVX: 0 # Downgrades (from upper level)
   FWD: 0 # Forwards (from upper level)
   latGETnl: 3892 # GET request latency on next level
   latGETnet: 0 # GET request latency on network to next level
  l1i-5: # Filter cache stats
   fhGETS: 3392155 # Filtered GETS hits
   fhGETX: 0 # Filtered GETX hits
   hGETS: 972129 # GETS hits
   hGETX: 0 # GETX hits
   mGETS: 88 # GETS misses
   mGETXIM: 0 # GETX I->M misses
   mGETXSM: 0 # GETX S->M misses (upgrade misses)
   PUTS: 0 # Clean evictions (from lower level)
   PUTX: 0 # Dirty evictions (from lower level)
   INV: 0 # Invalidates (from upper level)
   INVX: 0 # Downgrades (from upper level)
   FWD: 0 # Forwards (from upper level)
   latGETnl: 3622 # GET request latency on next level
   latGETnet: 0 # GET request latency on network to next level
  l1i-6: # Filter cache stats
   fhGETS: 3411504 # Filtered GETS hits
   fhGETX: 0 # Filtered GETX hits
   hGETS: 980573 # GETS hits
   hGETX: 0 # GETX hits
   mGETS: 90 # GETS misses
   mGETXIM: 0 # GETX I->M misses
   mGETXSM: 0 # GETX S->M misses (upgrade misses)
   PUTS: 0 # Clean evictions (from lower level)
   PUTX: 0 # Dirty evictions (from lower level)
   INV: 0 # Invalidates (from upper level)
   INVX: 0 # Downgrades (from upper level)
   FWD: 0 # Forwards (from upper level)
   latGETnl: 3060 # GET request latency on next level
   latGETnet: 0 # GET request latency on network to next level
  l1i-7: # Filter cache stats
   fhGETS: 3401421 # Filtered GETS hits
   fhGETX: 0 # Filtered GETX hits
   hGETS: 974922 # GETS hits
   hGETX: 0 # GETX hits
   mGETS: 86 # GETS misses
   mGETXIM: 0 # GETX I->M misses
   mGETXSM: 0 # GETX S->M misses (upgrade misses)
   PUTS: 0 # Clean evictions (from lower level)
   PUTX: 0 # Dirty evictions (from lower level)
   INV: 0 # Invalidates (from upper level)
   INVX: 0 # Downgrades (from upper level)
   FWD: 0 # Forwards (from upper level)
   latGETnl: 2924 # GET request latency on next level
   latGETnet: 0 # GET request latency on network to next level
 l1d: # Cache stats
  l1d-0: # Filter cache stats
   fhGETS: 6059770 # Filtered GETS hits
   fhGETX: 2441414 # Filtered GETX hits
   hGETS: 585283 # GETS hits
   hGETX: 132518 # GETX hits
   mGETS: 22436 # GETS misses
   mGETXIM: 2738 # GETX I->M misses
   mGETXSM: 8 # GETX S->M misses (upgrade misses)
   PUTS: 0 # Clean evictions (from lower level)
   PUTX: 0 # Dirty evictions (from lower level)
   INV: 42 # Invalidates (from upper level)
   INVX: 59 # Downgrades (from upper level)
   FWD: 0 # Forwards (from upper level)
   latGETnl: 228880 # GET request latency on next level
   latGETnet: 0 # GET request latency on network to next level
  l1d-1: # Filter cache stats
   fhGETS: 6047906 # Filtered GETS hits
   fhGETX: 2450632 # Filtered GETX hits
   hGETS: 587353 # GETS hits
   hGETX: 120700 # GETX hits
   mGETS: 25102 # GETS misses
   mGETXIM: 2814 # GETX I->M misses
   mGETXSM: 2 # GETX S->M misses (upgrade misses)
   PUTS: 0 # Clean evictions (from lower level)
   PUTX: 0 # Dirty evictions (from lower level)
   INV: 4 # Invalidates (from upper level)
   INVX: 29 # Downgrades (from upper level)
   FWD: 0 # Forwards (from upper level)
   latGETnl: 231280 # GET request latency on next level
   latGETnet: 0 # GET request latency on network to next level
  l1d-2: # Filter cache stats
   fhGETS: 6058803 # Filtered GETS hits
   fhGETX: 2440232 # Filtered GETX hits
   hGETS: 585150 # GETS hits
   hGETX: 132899 # GETX hits
   mGETS: 23108 # GETS misses
   mGETXIM: 2715 # GETX I->M misses
   mGETXSM: 2 # GETX S->M misses (upgrade misses)
   PUTS: 0 # Clean evictions (from lower level)
   PUTX: 0 # Dirty evictions (from lower level)
   INV: 3 # Invalidates (from upper level)
   INVX: 49 # Downgrades (from upper level)
   FWD: 0 # Forwards (from upper level)
   latGETnl: 218577 # GET request latency on next level
   latGETnet: 0 # GET request latency on network to next level
  l1d-3: # Filter cache stats
   fhGETS: 6050281 # Filtered GETS hits
   fhGETX: 2452306 # Filtered GETX hits
   hGETS: 585867 # GETS hits
   hGETX: 119888 # GETX hits
   mGETS: 25282 # GETS misses
   mGETXIM: 2830 # GETX I->M misses
   mGETXSM: 28 # GETX S->M misses (upgrade misses)
   PUTS: 0 # Clean evictions (from lower level)
   PUTX: 0 # Dirty evictions (from lower level)
   INV: 5 # Invalidates (from upper level)
   INVX: 28 # Downgrades (from upper level)
   FWD: 0 # Forwards (from upper level)
   latGETnl: 239383 # GET request latency on next level
   latGETnet: 0 # GET request latency on network to next level
  l1d-4: # Filter cache stats
   fhGETS: 6059608 # Filtered GETS hits
   fhGETX: 2440832 # Filtered GETX hits
   hGETS: 583947 # GETS hits
   hGETX: 131998 # GETX hits
   mGETS: 22906 # GETS misses
   mGETXIM: 2616 # GETX I->M misses
   mGETXSM: 2 # GETX S->M misses (upgrade misses)
   PUTS: 0 # Clean evictions (from lower level)
   PUTX: 0 # Dirty evictions (from lower level)
   INV: 4 # Invalidates (from upper level)
   INVX: 29 # Downgrades (from upper level)
   FWD: 0 # Forwards (from upper level)
   latGETnl: 214458 # GET request latency on next level
   latGETnet: 0 # GET request latency on network to next level
  l1d-5: # Filter cache stats
   fhGETS: 6048815 # Filtered GETS hits
   fhGETX: 2452832 # Filtered GETX hits
   hGETS: 585852 # GETS hits
   hGETX: 118901 # GETX hits
   mGETS: 25694 # GETS misses
   mGETXIM: 2813 # GETX I->M misses
   mGETXSM: 2 # GETX S->M misses (upgrade misses)
   PUTS: 0 # Clean evictions (from lower level)
   PUTX: 0 # Dirty evictions (from lower level)
   INV: 4 # Invalidates (from upper level)
   INVX: 25 # Downgrades (from upper level)
   FWD: 0 # Forwards (from upper level)
   latGETnl: 235367 # GET request latency on next level
   latGETnet: 0 # GET request latency on network to next level
  l1d-6: # Filter cache stats
   fhGETS: 6061111 # Filtered GETS hits
   fhGETX: 2440832 # Filtered GETX hits
   hGETS: 584241 # GETS hits
   hGETX: 131998 # GETX hits
   mGETS: 22909 # GETS misses
   mGETXIM: 2616 # GETX I->M misses
   mGETXSM: 2 # GETX S->M misses (upgrade misses)
   PUTS: 0 # Clean evictions (from lower level)
   PUTX: 0 # Dirty evictions (from lower level)
   INV: 3 # Invalidates (from upper level)
   INVX: 39 # Downgrades (from upper level)
   FWD: 0 # Forwards (from upper level)
   latGETnl: 215350 # GET request latency on next level
   latGETnet: 0 # GET request latency on network to next level
  l1d-7: # Filter cache stats
   fhGETS: 6046212 # Filtered GETS hits
   fhGETX: 2453632 # Filtered GETX hits
   hGETS: 589744 # GETS hits
   hGETX: 118501 # GETX hits
   mGETS: 26005 # GETS misses
   mGETXIM: 2813 # GETX I->M misses
   mGETXSM: 2 # GETX S->M misses (upgrade misses)
   PUTS: 0 # Clean evictions (from lower level)
   PUTX: 0 # Dirty evictions (from lower level)
   INV: 3 # Invalidates (from upper level)
   INVX: 37 # Downgrades (from upper level)
   FWD: 0 # Forwards (from upper level)
   latGETnl: 238596 # GET request latency on next level
   latGETnet: 0 # GET request latency on network to next level
 l2: # Cache stats
  l2-0: # Cache stats
   hGETS: 21999 # GETS hits
   hGETX: 2574 # GETX hits
   mGETS: 654 # GETS misses
   mGETXIM: 164 # GETX I->M misses
   mGETXSM: 8 # GETX S->M misses (upgrade misses)
   PUTS: 22081 # Clean evictions (from lower level)
   PUTX: 2632 # Dirty evictions (from lower level)
   INV: 66 # Invalidates (from upper level)
   INVX: 87 # Downgrades (from upper level)
   FWD: 0 # Forwards (from upper level)
   latGETnl: 70435 # GET request latency on next level
   latGETnet: 0 # GET request latency on network to next level
  l2-1: # Cache stats
   hGETS: 24680 # GETS hits
   hGETX: 2772 # GETX hits
   mGETS: 509 # GETS misses
   mGETXIM: 42 # GETX I->M misses
   mGETXSM: 2 # GETX S->M misses (upgrade misses)
   PUTS: 24761 # Clean evictions (from lower level)
   PUTX: 2774 # Dirty evictions (from lower level)
   INV: 4 # Invalidates (from upper level)
   INVX: 29 # Downgrades (from upper level)
   FWD: 0 # Forwards (from upper level)
   latGETnl: 41983 # GET request latency on next level
   latGETnet: 0 # GET request latency on network to next level
  l2-2: # Cache stats
   hGETS: 22691 # GETS hits
   hGETX: 2673 # GETX hits
   mGETS: 507 # GETS misses
   mGETXIM: 42 # GETX I->M misses
   mGETXSM: 2 # GETX S->M misses (upgrade misses)
   PUTS: 22758 # Clean evictions (from lower level)
   PUTX: 2678 # Dirty evictions (from lower level)
   INV: 4 # Invalidates (from upper level)
   INVX: 51 # Downgrades (from upper level)
   FWD: 0 # Forwards (from upper level)
   latGETnl: 41852 # GET request latency on next level
   latGETnet: 0 # GET request latency on network to next level
  l2-3: # Cache stats
   hGETS: 24779 # GETS hits
   hGETX: 2772 # GETX hits
   mGETS: 717 # GETS misses
   mGETXIM: 58 # GETX I->M misses
   mGETXSM: 28 # GETX S->M misses (upgrade misses)
   PUTS: 24911 # Clean evictions (from lower level)
   PUTX: 2778 # Dirty evictions (from lower level)
   INV: 5 # Invalidates (from upper level)
   INVX: 28 # Downgrades (from upper level)
   FWD: 0 # Forwards (from upper level)
   latGETnl: 59071 # GET request latency on next level
   latGETnet: 0 # GET request latency on network to next level
  l2-4: # Cache stats
   hGETS: 22497 # GETS hits
   hGETX: 2575 # GETX hits
   mGETS: 497 # GETS misses
   mGETXIM: 41 # GETX I->M misses
   mGETXSM: 2 # GETX S->M misses (upgrade misses)
   PUTS: 22560 # Clean evictions (from lower level)
   PUTX: 2579 # Dirty evictions (from lower level)
   INV: 4 # Invalidates (from upper level)
   INVX: 29 # Downgrades (from upper level)
   FWD: 0 # Forwards (from upper level)
   latGETnl: 39066 # GET request latency on next level
   latGETnet: 0 # GET request latency on network to next level
  l2-5: # Cache stats
   hGETS: 25274 # GETS hits
   hGETX: 2772 # GETX hits
   mGETS: 508 # GETS misses
   mGETXIM: 41 # GETX I->M misses
   mGETXSM: 2 # GETX S->M misses (upgrade misses)
   PUTS: 25355 # Clean evictions (from lower level)
   PUTX: 2774 # Dirty evictions (from lower level)
   INV: 4 # Invalidates (from upper level)
   INVX: 25 # Downgrades (from upper level)
   FWD: 0 # Forwards (from upper level)
   latGETnl: 38810 # GET request latency on next level
   latGETnet: 0 # GET request latency on network to next level
  l2-6: # Cache stats
   hGETS: 22498 # GETS hits
   hGETX: 2574 # GETX hits
   mGETS: 501 # GETS misses
   mGETXIM: 42 # GETX I->M misses
   mGETXSM: 2 # GETX S->M misses (upgrade misses)
   PUTS: 22562 # Clean evictions (from lower level)
   PUTX: 2579 # Dirty evictions (from lower level)
   INV: 4 # Invalidates (from upper level)
   INVX: 40 # Downgrades (from upper level)
   FWD: 0 # Forwards (from upper level)
   latGETnl: 39091 # GET request latency on next level
   latGETnet: 0 # GET request latency on network to next level
  l2-7: # Cache stats
   hGETS: 25581 # GETS hits
   hGETX: 2772 # GETX hits
   mGETS: 510 # GETS misses
   mGETXIM: 41 # GETX I->M misses
   mGETXSM: 2 # GETX S->M misses (upgrade misses)
   PUTS: 25664 # Clean evictions (from lower level)
   PUTX: 2774 # Dirty evictions (from lower level)
   INV: 3 # Invalidates (from upper level)
   INVX: 37 # Downgrades (from upper level)
   FWD: 0 # Forwards (from upper level)
   latGETnl: 39178 # GET request latency on next level
   latGETnet: 0 # GET request latency on network to next level
 l3: # Cache stats
  l3-0b0: # Cache stats
   hGETS: 259 # GETS hits
   hGETX: 10 # GETX hits
   mGETS: 270 # GETS misses
   mGETXIM: 52 # GETX I->M misses
   mGETXSM: 0 # GETX S->M misses (upgrade misses)
   PUTS: 0 # Clean evictions (from lower level)
   PUTX: 0 # Dirty evictions (from lower level)
   INV: 0 # Invalidates (from upper level)
   INVX: 0 # Downgrades (from upper level)
   FWD: 0 # Forwards (from upper level)
   latGETnl: 28980 # GET request latency on next level
   latGETnet: 0 # GET request latency on network to next level
  l3-0b1: # Cache stats
   hGETS: 278 # GETS hits
   hGETX: 8 # GETX hits
   mGETS: 275 # GETS misses
   mGETXIM: 50 # GETX I->M misses
   mGETXSM: 0 # GETX S->M misses (upgrade misses)
   PUTS: 0 # Clean evictions (from lower level)
   PUTX: 0 # Dirty evictions (from lower level)
   INV: 0 # Invalidates (from upper level)
   INVX: 0 # Downgrades (from upper level)
   FWD: 0 # Forwards (from upper level)
   latGETnl: 29250 # GET request latency on next level
   latGETnet: 0 # GET request latency on network to next level
  l3-0b2: # Cache stats
   hGETS: 292 # GETS hits
   hGETX: 16 # GETX hits
   mGETS: 263 # GETS misses
   mGETXIM: 56 # GETX I->M misses
   mGETXSM: 0 # GETX S->M misses (upgrade misses)
   PUTS: 0 # Clean evictions (from lower level)
   PUTX: 0 # Dirty evictions (from lower level)
   INV: 0 # Invalidates (from upper level)
   INVX: 0 # Downgrades (from upper level)
   FWD: 0 # Forwards (from upper level)
   latGETnl: 28710 # GET request latency on next level
   latGETnet: 0 # GET request latency on network to next level
  l3-0b3: # Cache stats
   hGETS: 267 # GETS hits
   hGETX: 13 # GETX hits
   mGETS: 268 # GETS misses
   mGETXIM: 54 # GETX I->M misses
   mGETXSM: 0 # GETX S->M misses (upgrade misses)
   PUTS: 0 # Clean evictions (from lower level)
   PUTX: 0 # Dirty evictions (from lower level)
   INV: 0 # Invalidates (from upper level)
   INVX: 0 # Downgrades (from upper level)
   FWD: 0 # Forwards (from upper level)
   latGETnl: 28980 # GET request latency on next level
   latGETnet: 0 # GET request latency on network to next level
  l3-0b4: # Cache stats
   hGETS: 297 # GETS hits
   hGETX: 11 # GETX hits
   mGETS: 273 # GETS misses
   mGETXIM: 52 # GETX I->M misses
   mGETXSM: 0 # GETX S->M misses (upgrade misses)
   PUTS: 0 # Clean evictions (from lower level)
   PUTX: 0 # Dirty evictions (from lower level)
   INV: 0 # Invalidates (from upper level)
   INVX: 0 # Downgrades (from upper level)
   FWD: 0 # Forwards (from upper level)
   latGETnl: 29250 # GET request latency on next level
   latGETnet: 0 # GET request latency on network to next level
  l3-0b5: # Cache stats
   hGETS: 273 # GETS hits
   hGETX: 9 # GETX hits
   mGETS: 267 # GETS misses
   mGETXIM: 51 # GETX I->M misses
   mGETXSM: 0 # GETX S->M misses (upgrade misses)
   PUTS: 0 # Clean evictions (from lower level)
   PUTX: 0 # Dirty evictions (from lower level)
   INV: 0 # Invalidates (from upper level)
   INVX: 0 # Downgrades (from upper level)
   FWD: 0 # Forwards (from upper level)
   latGETnl: 28620 # GET request latency on next level
   latGETnet: 0 # GET request latency on network to next level
  l3-0b6: # Cache stats
   hGETS: 299 # GETS hits
   hGETX: 16 # GETX hits
   mGETS: 270 # GETS misses
   mGETXIM: 55 # GETX I->M misses
   mGETXSM: 0 # GETX S->M misses (upgrade misses)
   PUTS: 0 # Clean evictions (from lower level)
   PUTX: 0 # Dirty evictions (from lower level)
   INV: 0 # Invalidates (from upper level)
   INVX: 0 # Downgrades (from upper level)
   FWD: 0 # Forwards (from upper level)
   latGETnl: 29250 # GET request latency on next level
   latGETnet: 0 # GET request latency on network to next level
  l3-0b7: # Cache stats
   hGETS: 283 # GETS hits
   hGETX: 11 # GETX hits
   mGETS: 269 # GETS misses
   mGETXIM: 55 # GETX I->M misses
   mGETXSM: 0 # GETX S->M misses (upgrade misses)
   PUTS: 0 # Clean evictions (from lower level)
   PUTX: 0 # Dirty evictions (from lower level)
   INV: 0 # Invalidates (from upper level)
   INVX: 0 # Downgrades (from upper level)
   FWD: 0 # Forwards (from upper level)
   latGETnl: 29160 # GET request latency on next level
   latGETnet: 0 # GET request latency on network to next level
 mem: # Memory controller stats
  mem-0: # Memory controller stats
   rd: 641 # Read requests
   wr: 0 # Write requests
   rdlat: 104332 # Total latency experienced by read requests
   wrlat: 0 # Total latency experienced by write requests
   rdhits: 264 # Read row hits
   wrhits: 0 # Write row hits
   mlh: # latency histogram for memory requests
    0: 0
    1: 0
    2: 0
    3: 0
    4: 0
    5: 0
    6: 0
    7: 0
    8: 0
    9: 0
    10: 0
    11: 1
    12: 0
    13: 264
    14: 77
    15: 58
    16: 11
    17: 63
    18: 58
    19: 51
    20: 12
    21: 3
    22: 1
    23: 4
    24: 2
    25: 4
    26: 3
    27: 3
    28: 2
    29: 5
    30: 5
    31: 4
    32: 1
    33: 1
    34: 2
    35: 2
    36: 1
    37: 0
    38: 1
    39: 1
    40: 0
    41: 0
    42: 1
    43: 0
    44: 0
    45: 0
    46: 0
    47: 0
    48: 0
    49: 0
    50: 0
    51: 0
    52: 0
    53: 0
    54: 0
    55: 0
    56: 0
    57: 0
    58: 0
    59: 0
    60: 0
    61: 0
    62: 0
    63: 0
    64: 0
    65: 0
    66: 0
    67: 0
    68: 0
    69: 0
    70: 0
    71: 0
    72: 0
    73: 0
    74: 0
    75: 0
    76: 0
    77: 0
    78: 0
    79: 0
    80: 0
    81: 0
    82: 0
    83: 0
    84: 0
    85: 0
    86: 0
    87: 0
    88: 0
    89: 0
    90: 0
    91: 0
    92: 0
    93: 0
    94: 0
    95: 0
    96: 0
    97: 0
    98: 0
    99: 0
  mem-1: # Memory controller stats
   rd: 616 # Read requests
   wr: 0 # Write requests
   rdlat: 110709 # Total latency experienced by read requests
   wrlat: 0 # Total latency experienced by write requests
   rdhits: 266 # Read row hits
   wrhits: 0 # Write row hits
   mlh: # latency histogram for memory requests
    0: 0
    1: 0
    2: 0
    3: 0
    4: 0
    5: 0
    6: 0
    7: 0
    8: 0
    9: 0
    10: 0
    11: 1
    12: 0
    13: 250
    14: 64
    15: 49
    16: 12
    17: 54
    18: 57
    19: 41
    20: 21
    21: 3
    22: 2
    23: 2
    24: 3
    25: 2
    26: 2
    27: 2
    28: 6
    29: 5
    30: 4
    31: 2
    32: 3
    33: 1
    34: 2
    35: 0
    36: 0
    37: 1
    38: 2
    39: 2
    40: 1
    41: 1
    42: 1
    43: 1
    44: 0
    45: 1
    46: 1
    47: 2
    48: 0
    49: 0
    50: 0
    51: 0
    52: 0
    53: 0
    54: 0
    55: 1
    56: 1
    57: 0
    58: 1
    59: 1
    60: 1
    61: 0
    62: 0
    63: 0
    64: 1
    65: 1
    66: 1
    67: 0
    68: 1
    69: 1
    70: 0
    71: 0
    72: 0
    73: 0
    74: 0
    75: 0
    76: 0
    77: 1
    78: 1
    79: 0
    80: 1
    81: 1
    82: 1
    83: 0
    84: 0
    85: 0
    86: 0
    87: 0
    88: 0
    89: 0
    90: 0
    91: 0
    92: 0
    93: 0
    94: 0
    95: 0
    96: 0
    97: 0
    98: 0
    99: 0
  mem-2: # Memory controller stats
   rd: 616 # Read requests
   wr: 0 # Write requests
   rdlat: 101708 # Total latency experienced by read requests
   wrlat: 0 # Total latency experienced by write requests
   rdhits: 264 # Read row hits
   wrhits: 0 # Write row hits
   mlh: # latency histogram for memory requests
    0: 0
    1: 0
    2: 0
    3: 0
    4: 0
    5: 0
    6: 0
    7: 0
    8: 0
    9: 0
    10: 0
    11: 1
    12: 1
    13: 256
    14: 67
    15: 54
    16: 7
    17: 55
    18: 59
    19: 55
    20: 12
    21: 2
    22: 2
    23: 2
    24: 4
    25: 2
    26: 3
    27: 2
    28: 4
    29: 4
    30: 6
    31: 3
    32: 5
    33: 1
    34: 2
    35: 1
    36: 1
    37: 0
    38: 0
    39: 0
    40: 0
    41: 1
    42: 1
    43: 1
    44: 0
    45: 1
    46: 1
    47: 0
    48: 0
    49: 0
    50: 0
    51: 0
    52: 0
    53: 0
    54: 0
    55: 0
    56: 0
    57: 0
    58: 0
    59: 0
    60: 0
    61: 0
    62: 0
    63: 0
    64: 0
    65: 0
    66: 0
    67: 0
    68: 0
    69: 0
    70: 0
    71: 0
    72: 0
    73: 0
    74: 0
    75: 0
    76: 0
    77: 0
    78: 0
    79: 0
    80: 0
    81: 0
    82: 0
    83: 0
    84: 0
    85: 0
    86: 0
    87: 0
    88: 0
    89: 0
    90: 0
    91: 0
    92: 0
    93: 0
    94: 0
    95: 0
    96: 0
    97: 0
    98: 0
    99: 0
  mem-3: # Memory controller stats
   rd: 620 # Read requests
   wr: 0 # Write requests
   rdlat: 100388 # Total latency experienced by read requests
   wrlat: 0 # Total latency experienced by write requests
   rdhits: 260 # Read row hits
   wrhits: 0 # Write row hits
   mlh: # latency histogram for memory requests
    0: 0
    1: 0
    2: 0
    3: 0
    4: 0
    5: 0
    6: 0
    7: 0
    8: 0
    9: 0
    10: 0
    11: 0
    12: 0
    13: 254
    14: 67
    15: 54
    16: 11
    17: 57
    18: 63
    19: 50
    20: 16
    21: 7
    22: 5
    23: 4
    24: 4
    25: 4
    26: 6
    27: 6
    28: 3
    29: 2
    30: 2
    31: 3
    32: 1
    33: 1
    34: 0
    35: 0
    36: 0
    37: 0
    38: 0
    39: 0
    40: 0
    41: 0
    42: 0
    43: 0
    44: 0
    45: 0
    46: 0
    47: 0
    48: 0
    49: 0
    50: 0
    51: 0
    52: 0
    53: 0
    54: 0
    55: 0
    56: 0
    57: 0
    58: 0
    59: 0
    60: 0
    61: 0
    62: 0
    63: 0
    64: 0
    65: 0
    66: 0
    67: 0
    68: 0
    69: 0
    70: 0
    71: 0
    72: 0
    73: 0
    74: 0
    75: 0
    76: 0
    77: 0
    78: 0
    79: 0
    80: 0
    81: 0
    82: 0
    83: 0
    84: 0
    85: 0
    86: 0
    87: 0
    88: 0
    89: 0
    90: 0
    91: 0
    92: 0
    93: 0
    94: 0
    95: 0
    96: 0
    97: 0
    98: 0
    99: 0
 sched: # Scheduler stats
  thCr: 9 # Threads created
  thFn: 9 # Threads finished
  schedEvs: 10 # Schedule events
  waitEvs: 1 # Wait events
  handoffEvs: 0 # Handoff events
  sleepEvs: 0 # Sleep events
  idlePhases: 0 # Phases with no thread active
  idlePeriods: 0 # Periods with no thread active
  occHist: # Occupancy histogram
   0: 0
   1: 1
   2: 1
   3: 2
   4: 0
   5: 2
   6: 3
   7: 0
   8: 2319
  rqSzHist: # Run queue size histogram
   0: 2328
   1: 0
   2: 0
   3: 0
   4: 0
   5: 0
   6: 0
   7: 0
   8: 0
   9: 0
   10: 0
   11: 0
   12: 0
   13: 0
   14: 0
   15: 0
   16: 0
 procCycles: # Per-process unhalted core cycles
  0: 185851459
  1: 0
  2: 0
  3: 0
  4: 0
  5: 0
  6: 0
  7: 0
  8: 0
  9: 0
  10: 0
  11: 0
  12: 0
  13: 0
  14: 0
  15: 0
  16: 0
  17: 0
  18: 0
  19: 0
  20: 0
  21: 0
  22: 0
  23: 0
  24: 0
  25: 0
  26: 0
  27: 0
  28: 0
  29: 0
  30: 0
  31: 0
  32: 0
  33: 0
  34: 0
  35: 0
  36: 0
  37: 0
  38: 0
  39: 0
  40: 0
  41: 0
  42: 0
  43: 0
  44: 0
  45: 0
  46: 0
  47: 0
  48: 0
  49: 0
  50: 0
  51: 0
  52: 0
  53: 0
  54: 0
  55: 0
  56: 0
  57: 0
  58: 0
  59: 0
  60: 0
  61: 0
  62: 0
  63: 0
 procInstrs: # Per-process instructions
  0: 253925746
  1: 0
  2: 0
  3: 0
  4: 0
  5: 0
  6: 0
  7: 0
  8: 0
  9: 0
  10: 0
  11: 0
  12: 0
  13: 0
  14: 0
  15: 0
  16: 0
  17: 0
  18: 0
  19: 0
  20: 0
  21: 0
  22: 0
  23: 0
  24: 0
  25: 0
  26: 0
  27: 0
  28: 0
  29: 0
  30: 0
  31: 0
  32: 0
  33: 0
  34: 0
  35: 0
  36: 0
  37: 0
  38: 0
  39: 0
  40: 0
  41: 0
  42: 0
  43: 0
  44: 0
  45: 0
  46: 0
  47: 0
  48: 0
  49: 0
  50: 0
  51: 0
  52: 0
  53: 0
  54: 0
  55: 0
  56: 0
  57: 0
  58: 0
  59: 0
  60: 0
  61: 0
  62: 0
  63: 0
 heartbeats: # Per-process heartbeats
  0: 0
  1: 0
  2: 0
  3: 0
  4: 0
  5: 0
  6: 0
  7: 0
  8: 0
  9: 0
  10: 0
  11: 0
  12: 0
  13: 0
  14: 0
  15: 0
  16: 0
  17: 0
  18: 0
  19: 0
  20: 0
  21: 0
  22: 0
  23: 0
  24: 0
  25: 0
  26: 0
  27: 0
  28: 0
  29: 0
  30: 0
  31: 0
  32: 0
  33: 0
  34: 0
  35: 0
  36: 0
  37: 0
  38: 0
  39: 0
  40: 0
  41: 0
  42: 0
  43: 0
  44: 0
  45: 0
  46: 0
  47: 0
  48: 0
  49: 0
  50: 0
  51: 0
  52: 0
  53: 0
  54: 0
  55: 0
  56: 0
  57: 0
  58: 0
  59: 0
  60: 0
  61: 0
  62: 0
  63: 0
===
