# zsim stats
===
root: # Stats
 contention: # Contention simulation stats
  domain-0: # Domain stats
   time: 40377214762 # Weave simulation time
 time: # Simulator time breakdown
  init: 1432330689
  bound: 859535470190
  weave: 104538925562
  ff: 0
 trigger: 20000 # Reason for this stats dump
 phase: 87715 # Simulated phases
 westmere: # Core stats
  westmere-0: # Core stats
   cycles: 868569902 # Simulated unhalted cycles
   cCycles: 116684012 # Cycles due to contention stalls
   instrs: 722977214 # Simulated instructions
   uops: 865270541 # Retired micro-ops
   bbls: 66913559 # Basic blocks
   approxInstrs: 71381 # Instrs with approx uop decoding
   mispredBranches: 222190 # Mispredicted branches
   condBranches: 47354771 # conditional branches
  westmere-1: # Core stats
   cycles: 800077620 # Simulated unhalted cycles
   cCycles: 110946421 # Cycles due to contention stalls
   instrs: 612091654 # Simulated instructions
   uops: 716576040 # Retired micro-ops
   bbls: 50251897 # Basic blocks
   approxInstrs: 71276 # Instrs with approx uop decoding
   mispredBranches: 219147 # Mispredicted branches
   condBranches: 43273769 # conditional branches
  westmere-2: # Core stats
   cycles: 799840527 # Simulated unhalted cycles
   cCycles: 111856510 # Cycles due to contention stalls
   instrs: 604290449 # Simulated instructions
   uops: 708756822 # Retired micro-ops
   bbls: 48516707 # Basic blocks
   approxInstrs: 71264 # Instrs with approx uop decoding
   mispredBranches: 225653 # Mispredicted branches
   condBranches: 41547354 # conditional branches
  westmere-3: # Core stats
   cycles: 799907146 # Simulated unhalted cycles
   cCycles: 112100351 # Cycles due to contention stalls
   instrs: 602087457 # Simulated instructions
   uops: 706530248 # Retired micro-ops
   bbls: 48026682 # Basic blocks
   approxInstrs: 71263 # Instrs with approx uop decoding
   mispredBranches: 222362 # Mispredicted branches
   condBranches: 41057770 # conditional branches
  westmere-4: # Core stats
   cycles: 799774127 # Simulated unhalted cycles
   cCycles: 110044507 # Cycles due to contention stalls
   instrs: 619643682 # Simulated instructions
   uops: 724128809 # Retired micro-ops
   bbls: 51930718 # Basic blocks
   approxInstrs: 71267 # Instrs with approx uop decoding
   mispredBranches: 218835 # Mispredicted branches
   condBranches: 44952962 # conditional branches
  westmere-5: # Core stats
   cycles: 799865259 # Simulated unhalted cycles
   cCycles: 111496553 # Cycles due to contention stalls
   instrs: 607510616 # Simulated instructions
   uops: 711977573 # Retired micro-ops
   bbls: 49234065 # Basic blocks
   approxInstrs: 71271 # Instrs with approx uop decoding
   mispredBranches: 222183 # Mispredicted branches
   condBranches: 42260879 # conditional branches
  westmere-6: # Core stats
   cycles: 799674235 # Simulated unhalted cycles
   cCycles: 110698391 # Cycles due to contention stalls
   instrs: 614128187 # Simulated instructions
   uops: 718603197 # Retired micro-ops
   bbls: 50704430 # Basic blocks
   approxInstrs: 71291 # Instrs with approx uop decoding
   mispredBranches: 219390 # Mispredicted branches
   condBranches: 43727654 # conditional branches
  westmere-7: # Core stats
   cycles: 808252831 # Simulated unhalted cycles
   cCycles: 111570909 # Cycles due to contention stalls
   instrs: 617301411 # Simulated instructions
   uops: 724574765 # Retired micro-ops
   bbls: 50612308 # Basic blocks
   approxInstrs: 2723 # Instrs with approx uop decoding
   mispredBranches: 220691 # Mispredicted branches
   condBranches: 42940187 # conditional branches
 l1i: # Cache stats
  l1i-0: # Filter cache stats
   fhGETS: 98899409 # Filtered GETS hits
   fhGETX: 0 # Filtered GETX hits
   hGETS: 4393 # GETS hits
   hGETX: 0 # GETX hits
   mGETS: 650 # GETS misses
   mGETXIM: 0 # GETX I->M misses
   mGETXSM: 0 # GETX S->M misses (upgrade misses)
   PUTS: 0 # Clean evictions (from lower level)
   PUTX: 0 # Dirty evictions (from lower level)
   INV: 4 # Invalidates (from upper level)
   INVX: 0 # Downgrades (from upper level)
   FWD: 0 # Forwards (from upper level)
   latGETnl: 58748 # GET request latency on next level
   latGETnet: 0 # GET request latency on network to next level
  l1i-1: # Filter cache stats
   fhGETS: 82217357 # Filtered GETS hits
   fhGETX: 0 # Filtered GETX hits
   hGETS: 3965 # GETS hits
   hGETX: 0 # GETX hits
   mGETS: 329 # GETS misses
   mGETXIM: 0 # GETX I->M misses
   mGETXSM: 0 # GETX S->M misses (upgrade misses)
   PUTS: 0 # Clean evictions (from lower level)
   PUTX: 0 # Dirty evictions (from lower level)
   INV: 6 # Invalidates (from upper level)
   INVX: 0 # Downgrades (from upper level)
   FWD: 0 # Forwards (from upper level)
   latGETnl: 16856 # GET request latency on next level
   latGETnet: 0 # GET request latency on network to next level
  l1i-2: # Filter cache stats
   fhGETS: 80514714 # Filtered GETS hits
   fhGETX: 0 # Filtered GETX hits
   hGETS: 3911 # GETS hits
   hGETX: 0 # GETX hits
   mGETS: 321 # GETS misses
   mGETXIM: 0 # GETX I->M misses
   mGETXSM: 0 # GETX S->M misses (upgrade misses)
   PUTS: 0 # Clean evictions (from lower level)
   PUTX: 0 # Dirty evictions (from lower level)
   INV: 0 # Invalidates (from upper level)
   INVX: 0 # Downgrades (from upper level)
   FWD: 0 # Forwards (from upper level)
   latGETnl: 13254 # GET request latency on next level
   latGETnet: 0 # GET request latency on network to next level
  l1i-3: # Filter cache stats
   fhGETS: 80007931 # Filtered GETS hits
   fhGETX: 0 # Filtered GETX hits
   hGETS: 3794 # GETS hits
   hGETX: 0 # GETX hits
   mGETS: 325 # GETS misses
   mGETXIM: 0 # GETX I->M misses
   mGETXSM: 0 # GETX S->M misses (upgrade misses)
   PUTS: 0 # Clean evictions (from lower level)
   PUTX: 0 # Dirty evictions (from lower level)
   INV: 0 # Invalidates (from upper level)
   INVX: 0 # Downgrades (from upper level)
   FWD: 0 # Forwards (from upper level)
   latGETnl: 13570 # GET request latency on next level
   latGETnet: 0 # GET request latency on network to next level
  l1i-4: # Filter cache stats
   fhGETS: 83894490 # Filtered GETS hits
   fhGETX: 0 # Filtered GETX hits
   hGETS: 3890 # GETS hits
   hGETX: 0 # GETX hits
   mGETS: 329 # GETS misses
   mGETXIM: 0 # GETX I->M misses
   mGETXSM: 0 # GETX S->M misses (upgrade misses)
   PUTS: 0 # Clean evictions (from lower level)
   PUTX: 0 # Dirty evictions (from lower level)
   INV: 0 # Invalidates (from upper level)
   INVX: 0 # Downgrades (from upper level)
   FWD: 0 # Forwards (from upper level)
   latGETnl: 12356 # GET request latency on next level
   latGETnet: 0 # GET request latency on network to next level
  l1i-5: # Filter cache stats
   fhGETS: 81214352 # Filtered GETS hits
   fhGETX: 0 # Filtered GETX hits
   hGETS: 3786 # GETS hits
   hGETX: 0 # GETX hits
   mGETS: 331 # GETS misses
   mGETXIM: 0 # GETX I->M misses
   mGETXSM: 0 # GETX S->M misses (upgrade misses)
   PUTS: 0 # Clean evictions (from lower level)
   PUTX: 0 # Dirty evictions (from lower level)
   INV: 1 # Invalidates (from upper level)
   INVX: 0 # Downgrades (from upper level)
   FWD: 0 # Forwards (from upper level)
   latGETnl: 12244 # GET request latency on next level
   latGETnet: 0 # GET request latency on network to next level
  l1i-6: # Filter cache stats
   fhGETS: 82670875 # Filtered GETS hits
   fhGETX: 0 # Filtered GETX hits
   hGETS: 3955 # GETS hits
   hGETX: 0 # GETX hits
   mGETS: 329 # GETS misses
   mGETXIM: 0 # GETX I->M misses
   mGETXSM: 0 # GETX S->M misses (upgrade misses)
   PUTS: 0 # Clean evictions (from lower level)
   PUTX: 0 # Dirty evictions (from lower level)
   INV: 0 # Invalidates (from upper level)
   INVX: 0 # Downgrades (from upper level)
   FWD: 0 # Forwards (from upper level)
   latGETnl: 14516 # GET request latency on next level
   latGETnet: 0 # GET request latency on network to next level
  l1i-7: # Filter cache stats
   fhGETS: 82640296 # Filtered GETS hits
   fhGETX: 0 # Filtered GETX hits
   hGETS: 22960 # GETS hits
   hGETX: 0 # GETX hits
   mGETS: 488 # GETS misses
   mGETXIM: 0 # GETX I->M misses
   mGETXSM: 0 # GETX S->M misses (upgrade misses)
   PUTS: 0 # Clean evictions (from lower level)
   PUTX: 0 # Dirty evictions (from lower level)
   INV: 1 # Invalidates (from upper level)
   INVX: 0 # Downgrades (from upper level)
   FWD: 0 # Forwards (from upper level)
   latGETnl: 36590 # GET request latency on next level
   latGETnet: 0 # GET request latency on network to next level
 l1d: # Cache stats
  l1d-0: # Filter cache stats
   fhGETS: 251477029 # Filtered GETS hits
   fhGETX: 31049356 # Filtered GETX hits
   hGETS: 29176939 # GETS hits
   hGETX: 2236462 # GETX hits
   mGETS: 7642381 # GETS misses
   mGETXIM: 163915 # GETX I->M misses
   mGETXSM: 81001 # GETX S->M misses (upgrade misses)
   PUTS: 0 # Clean evictions (from lower level)
   PUTX: 0 # Dirty evictions (from lower level)
   INV: 85098 # Invalidates (from upper level)
   INVX: 103920 # Downgrades (from upper level)
   FWD: 0 # Forwards (from upper level)
   latGETnl: 673280184 # GET request latency on next level
   latGETnet: 0 # GET request latency on network to next level
  l1d-1: # Filter cache stats
   fhGETS: 222826348 # Filtered GETS hits
   fhGETX: 12320591 # Filtered GETX hits
   hGETS: 26718298 # GETS hits
   hGETX: 227718 # GETX hits
   mGETS: 7636878 # GETS misses
   mGETXIM: 23912 # GETX I->M misses
   mGETXSM: 82122 # GETX S->M misses (upgrade misses)
   PUTS: 0 # Clean evictions (from lower level)
   PUTX: 0 # Dirty evictions (from lower level)
   INV: 86833 # Invalidates (from upper level)
   INVX: 107347 # Downgrades (from upper level)
   FWD: 0 # Forwards (from upper level)
   latGETnl: 655060868 # GET request latency on next level
   latGETnet: 0 # GET request latency on network to next level
  l1d-2: # Filter cache stats
   fhGETS: 219943967 # Filtered GETS hits
   fhGETX: 11462003 # Filtered GETX hits
   hGETS: 26994122 # GETS hits
   hGETX: 222129 # GETX hits
   mGETS: 7635813 # GETS misses
   mGETXIM: 24132 # GETX I->M misses
   mGETXSM: 81758 # GETX S->M misses (upgrade misses)
   PUTS: 0 # Clean evictions (from lower level)
   PUTX: 0 # Dirty evictions (from lower level)
   INV: 86200 # Invalidates (from upper level)
   INVX: 107416 # Downgrades (from upper level)
   FWD: 0 # Forwards (from upper level)
   latGETnl: 657736448 # GET request latency on next level
   latGETnet: 0 # GET request latency on network to next level
  l1d-3: # Filter cache stats
   fhGETS: 219430587 # Filtered GETS hits
   fhGETX: 11197950 # Filtered GETX hits
   hGETS: 26788463 # GETS hits
   hGETX: 235278 # GETX hits
   mGETS: 7633327 # GETS misses
   mGETXIM: 24407 # GETX I->M misses
   mGETXSM: 81655 # GETX S->M misses (upgrade misses)
   PUTS: 0 # Clean evictions (from lower level)
   PUTX: 0 # Dirty evictions (from lower level)
   INV: 85902 # Invalidates (from upper level)
   INVX: 102938 # Downgrades (from upper level)
   FWD: 0 # Forwards (from upper level)
   latGETnl: 659732046 # GET request latency on next level
   latGETnet: 0 # GET request latency on network to next level
  l1d-4: # Filter cache stats
   fhGETS: 225370678 # Filtered GETS hits
   fhGETX: 13161589 # Filtered GETX hits
   hGETS: 26692058 # GETS hits
   hGETX: 228722 # GETX hits
   mGETS: 7635594 # GETS misses
   mGETXIM: 24523 # GETX I->M misses
   mGETXSM: 81026 # GETX S->M misses (upgrade misses)
   PUTS: 0 # Clean evictions (from lower level)
   PUTX: 0 # Dirty evictions (from lower level)
   INV: 85688 # Invalidates (from upper level)
   INVX: 102342 # Downgrades (from upper level)
   FWD: 0 # Forwards (from upper level)
   latGETnl: 649730193 # GET request latency on next level
   latGETnet: 0 # GET request latency on network to next level
  l1d-5: # Filter cache stats
   fhGETS: 221274709 # Filtered GETS hits
   fhGETX: 11812541 # Filtered GETX hits
   hGETS: 26743970 # GETS hits
   hGETX: 227899 # GETX hits
   mGETS: 7634630 # GETS misses
   mGETXIM: 24479 # GETX I->M misses
   mGETXSM: 81595 # GETX S->M misses (upgrade misses)
   PUTS: 0 # Clean evictions (from lower level)
   PUTX: 0 # Dirty evictions (from lower level)
   INV: 85853 # Invalidates (from upper level)
   INVX: 104678 # Downgrades (from upper level)
   FWD: 0 # Forwards (from upper level)
   latGETnl: 656520940 # GET request latency on next level
   latGETnet: 0 # GET request latency on network to next level
  l1d-6: # Filter cache stats
   fhGETS: 223237668 # Filtered GETS hits
   fhGETX: 12556903 # Filtered GETX hits
   hGETS: 26991357 # GETS hits
   hGETX: 218164 # GETX hits
   mGETS: 7634435 # GETS misses
   mGETXIM: 24501 # GETX I->M misses
   mGETXSM: 81301 # GETX S->M misses (upgrade misses)
   PUTS: 0 # Clean evictions (from lower level)
   PUTX: 0 # Dirty evictions (from lower level)
   INV: 86135 # Invalidates (from upper level)
   INVX: 108441 # Downgrades (from upper level)
   FWD: 0 # Forwards (from upper level)
   latGETnl: 653451987 # GET request latency on next level
   latGETnet: 0 # GET request latency on network to next level
  l1d-7: # Filter cache stats
   fhGETS: 223649345 # Filtered GETS hits
   fhGETX: 13423590 # Filtered GETX hits
   hGETS: 27246946 # GETS hits
   hGETX: 346340 # GETX hits
   mGETS: 7771396 # GETS misses
   mGETXIM: 25684 # GETX I->M misses
   mGETXSM: 99391 # GETX S->M misses (upgrade misses)
   PUTS: 0 # Clean evictions (from lower level)
   PUTX: 0 # Dirty evictions (from lower level)
   INV: 85913 # Invalidates (from upper level)
   INVX: 103860 # Downgrades (from upper level)
   FWD: 0 # Forwards (from upper level)
   latGETnl: 660086735 # GET request latency on next level
   latGETnet: 0 # GET request latency on network to next level
 l2: # Cache stats
  l2-0: # Cache stats
   hGETS: 18955 # GETS hits
   hGETX: 2038 # GETX hits
   mGETS: 7624076 # GETS misses
   mGETXIM: 161915 # GETX I->M misses
   mGETXSM: 80963 # GETX S->M misses (upgrade misses)
   PUTS: 7533587 # Clean evictions (from lower level)
   PUTX: 187400 # Dirty evictions (from lower level)
   INV: 86337 # Invalidates (from upper level)
   INVX: 233509 # Downgrades (from upper level)
   FWD: 0 # Forwards (from upper level)
   latGETnl: 594459462 # GET request latency on next level
   latGETnet: 0 # GET request latency on network to next level
  l2-1: # Cache stats
   hGETS: 22395 # GETS hits
   hGETX: 4424 # GETX hits
   mGETS: 7614812 # GETS misses
   mGETXIM: 19537 # GETX I->M misses
   mGETXSM: 82073 # GETX S->M misses (upgrade misses)
   PUTS: 7534600 # Clean evictions (from lower level)
   PUTX: 38992 # Dirty evictions (from lower level)
   INV: 88094 # Invalidates (from upper level)
   INVX: 255682 # Downgrades (from upper level)
   FWD: 0 # Forwards (from upper level)
   latGETnl: 577645314 # GET request latency on next level
   latGETnet: 0 # GET request latency on network to next level
  l2-2: # Cache stats
   hGETS: 23652 # GETS hits
   hGETX: 4432 # GETX hits
   mGETS: 7612482 # GETS misses
   mGETXIM: 19760 # GETX I->M misses
   mGETXSM: 81698 # GETX S->M misses (upgrade misses)
   PUTS: 7534407 # Clean evictions (from lower level)
   PUTX: 38994 # Dirty evictions (from lower level)
   INV: 87462 # Invalidates (from upper level)
   INVX: 236916 # Downgrades (from upper level)
   FWD: 0 # Forwards (from upper level)
   latGETnl: 580329462 # GET request latency on next level
   latGETnet: 0 # GET request latency on network to next level
  l2-3: # Cache stats
   hGETS: 16971 # GETS hits
   hGETX: 4388 # GETX hits
   mGETS: 7616681 # GETS misses
   mGETXIM: 20077 # GETX I->M misses
   mGETXSM: 81597 # GETX S->M misses (upgrade misses)
   PUTS: 7532224 # Clean evictions (from lower level)
   PUTX: 39254 # Dirty evictions (from lower level)
   INV: 87165 # Invalidates (from upper level)
   INVX: 242322 # Downgrades (from upper level)
   FWD: 0 # Forwards (from upper level)
   latGETnl: 582348476 # GET request latency on next level
   latGETnet: 0 # GET request latency on network to next level
  l2-4: # Cache stats
   hGETS: 22060 # GETS hits
   hGETX: 3720 # GETX hits
   mGETS: 7613863 # GETS misses
   mGETXIM: 20852 # GETX I->M misses
   mGETXSM: 80977 # GETX S->M misses (upgrade misses)
   PUTS: 7534651 # Clean evictions (from lower level)
   PUTX: 39398 # Dirty evictions (from lower level)
   INV: 86949 # Invalidates (from upper level)
   INVX: 242367 # Downgrades (from upper level)
   FWD: 0 # Forwards (from upper level)
   latGETnl: 572327829 # GET request latency on next level
   latGETnet: 0 # GET request latency on network to next level
  l2-5: # Cache stats
   hGETS: 24303 # GETS hits
   hGETX: 4414 # GETX hits
   mGETS: 7610658 # GETS misses
   mGETXIM: 20101 # GETX I->M misses
   mGETXSM: 81559 # GETX S->M misses (upgrade misses)
   PUTS: 7533530 # Clean evictions (from lower level)
   PUTX: 39350 # Dirty evictions (from lower level)
   INV: 87110 # Invalidates (from upper level)
   INVX: 248683 # Downgrades (from upper level)
   FWD: 0 # Forwards (from upper level)
   latGETnl: 579122834 # GET request latency on next level
   latGETnet: 0 # GET request latency on network to next level
  l2-6: # Cache stats
   hGETS: 22470 # GETS hits
   hGETX: 4362 # GETX hits
   mGETS: 7612294 # GETS misses
   mGETXIM: 20188 # GETX I->M misses
   mGETXSM: 81252 # GETX S->M misses (upgrade misses)
   PUTS: 7533089 # Clean evictions (from lower level)
   PUTX: 39366 # Dirty evictions (from lower level)
   INV: 87396 # Invalidates (from upper level)
   INVX: 255546 # Downgrades (from upper level)
   FWD: 0 # Forwards (from upper level)
   latGETnl: 576060843 # GET request latency on next level
   latGETnet: 0 # GET request latency on network to next level
  l2-7: # Cache stats
   hGETS: 63266 # GETS hits
   hGETX: 1610 # GETX hits
   mGETS: 7708618 # GETS misses
   mGETXIM: 24106 # GETX I->M misses
   mGETXSM: 99359 # GETX S->M misses (upgrade misses)
   PUTS: 7587381 # Clean evictions (from lower level)
   PUTX: 123490 # Dirty evictions (from lower level)
   INV: 88873 # Invalidates (from upper level)
   INVX: 238000 # Downgrades (from upper level)
   FWD: 0 # Forwards (from upper level)
   latGETnl: 581153735 # GET request latency on next level
   latGETnet: 0 # GET request latency on network to next level
 l3: # Cache stats
  l3-0b0: # Cache stats
   hGETS: 2081311 # GETS hits
   hGETX: 15153 # GETX hits
   mGETS: 4688218 # GETS misses
   mGETXIM: 23255 # GETX I->M misses
   mGETXSM: 0 # GETX S->M misses (upgrade misses)
   PUTS: 6742244 # Clean evictions (from lower level)
   PUTX: 56778 # Dirty evictions (from lower level)
   INV: 0 # Invalidates (from upper level)
   INVX: 0 # Downgrades (from upper level)
   FWD: 0 # Forwards (from upper level)
   latGETnl: 424032570 # GET request latency on next level
   latGETnet: 0 # GET request latency on network to next level
  l3-0b1: # Cache stats
   hGETS: 2095067 # GETS hits
   hGETX: 22373 # GETX hits
   mGETS: 4678951 # GETS misses
   mGETXIM: 21287 # GETX I->M misses
   mGETXSM: 0 # GETX S->M misses (upgrade misses)
   PUTS: 6745914 # Clean evictions (from lower level)
   PUTX: 61527 # Dirty evictions (from lower level)
   INV: 0 # Invalidates (from upper level)
   INVX: 0 # Downgrades (from upper level)
   FWD: 0 # Forwards (from upper level)
   latGETnl: 423021420 # GET request latency on next level
   latGETnet: 0 # GET request latency on network to next level
  l3-0b2: # Cache stats
   hGETS: 3837359 # GETS hits
   hGETX: 154139 # GETX hits
   mGETS: 4194522 # GETS misses
   mGETXIM: 23772 # GETX I->M misses
   mGETXSM: 0 # GETX S->M misses (upgrade misses)
   PUTS: 7868197 # Clean evictions (from lower level)
   PUTX: 58389 # Dirty evictions (from lower level)
   INV: 0 # Invalidates (from upper level)
   INVX: 0 # Downgrades (from upper level)
   FWD: 0 # Forwards (from upper level)
   latGETnl: 379646460 # GET request latency on next level
   latGETnet: 0 # GET request latency on network to next level
  l3-0b3: # Cache stats
   hGETS: 6712263 # GETS hits
   hGETX: 155213 # GETX hits
   mGETS: 3273869 # GETS misses
   mGETXIM: 22904 # GETX I->M misses
   mGETXSM: 0 # GETX S->M misses (upgrade misses)
   PUTS: 9818778 # Clean evictions (from lower level)
   PUTX: 57024 # Dirty evictions (from lower level)
   INV: 0 # Invalidates (from upper level)
   INVX: 0 # Downgrades (from upper level)
   FWD: 0 # Forwards (from upper level)
   latGETnl: 296709570 # GET request latency on next level
   latGETnet: 0 # GET request latency on network to next level
  l3-0b4: # Cache stats
   hGETS: 5270465 # GETS hits
   hGETX: 209171 # GETX hits
   mGETS: 3654707 # GETS misses
   mGETXIM: 22634 # GETX I->M misses
   mGETXSM: 0 # GETX S->M misses (upgrade misses)
   PUTS: 8707435 # Clean evictions (from lower level)
   PUTX: 57377 # Dirty evictions (from lower level)
   INV: 0 # Invalidates (from upper level)
   INVX: 0 # Downgrades (from upper level)
   FWD: 0 # Forwards (from upper level)
   latGETnl: 330960690 # GET request latency on next level
   latGETnet: 0 # GET request latency on network to next level
  l3-0b5: # Cache stats
   hGETS: 2304174 # GETS hits
   hGETX: 203326 # GETX hits
   mGETS: 4677329 # GETS misses
   mGETXIM: 23279 # GETX I->M misses
   mGETXSM: 0 # GETX S->M misses (upgrade misses)
   PUTS: 6750109 # Clean evictions (from lower level)
   PUTX: 59611 # Dirty evictions (from lower level)
   INV: 0 # Invalidates (from upper level)
   INVX: 0 # Downgrades (from upper level)
   FWD: 0 # Forwards (from upper level)
   latGETnl: 423054720 # GET request latency on next level
   latGETnet: 0 # GET request latency on network to next level
  l3-0b6: # Cache stats
   hGETS: 2066580 # GETS hits
   hGETX: 16870 # GETX hits
   mGETS: 4708469 # GETS misses
   mGETXIM: 23566 # GETX I->M misses
   mGETXSM: 0 # GETX S->M misses (upgrade misses)
   PUTS: 6746292 # Clean evictions (from lower level)
   PUTX: 59255 # Dirty evictions (from lower level)
   INV: 0 # Invalidates (from upper level)
   INVX: 0 # Downgrades (from upper level)
   FWD: 0 # Forwards (from upper level)
   latGETnl: 425883150 # GET request latency on next level
   latGETnet: 0 # GET request latency on network to next level
  l3-0b7: # Cache stats
   hGETS: 2075019 # GETS hits
   hGETX: 16631 # GETX hits
   mGETS: 4695181 # GETS misses
   mGETXIM: 22441 # GETX I->M misses
   mGETXSM: 0 # GETX S->M misses (upgrade misses)
   PUTS: 6742255 # Clean evictions (from lower level)
   PUTX: 57466 # Dirty evictions (from lower level)
   INV: 0 # Invalidates (from upper level)
   INVX: 0 # Downgrades (from upper level)
   FWD: 0 # Forwards (from upper level)
   latGETnl: 424585980 # GET request latency on next level
   latGETnet: 0 # GET request latency on network to next level
 mem: # Memory controller stats
  mem-0: # Memory controller stats
   rd: 6396158 # Read requests
   wr: 62281 # Write requests
   rdlat: 868982161 # Total latency experienced by read requests
   wrlat: 9667691 # Total latency experienced by write requests
   rdhits: 54255 # Read row hits
   wrhits: 359 # Write row hits
   mlh: # latency histogram for memory requests
    0: 0
    1: 0
    2: 0
    3: 0
    4: 0
    5: 0
    6: 0
    7: 0
    8: 0
    9: 0
    10: 0
    11: 5529
    12: 8219
    13: 5945522
    14: 241591
    15: 23213
    16: 12154
    17: 13540
    18: 12997
    19: 11950
    20: 9838
    21: 9786
    22: 7101
    23: 7910
    24: 10108
    25: 5487
    26: 3503
    27: 3573
    28: 4006
    29: 3773
    30: 3879
    31: 3691
    32: 4047
    33: 3887
    34: 3672
    35: 3600
    36: 3885
    37: 4281
    38: 3769
    39: 3998
    40: 3574
    41: 4114
    42: 3997
    43: 2179
    44: 1110
    45: 993
    46: 706
    47: 614
    48: 167
    49: 52
    50: 36
    51: 30
    52: 21
    53: 18
    54: 15
    55: 7
    56: 7
    57: 2
    58: 1
    59: 6
    60: 0
    61: 0
    62: 0
    63: 0
    64: 0
    65: 0
    66: 0
    67: 0
    68: 0
    69: 0
    70: 0
    71: 0
    72: 0
    73: 0
    74: 0
    75: 0
    76: 0
    77: 0
    78: 0
    79: 0
    80: 0
    81: 0
    82: 0
    83: 0
    84: 0
    85: 0
    86: 0
    87: 0
    88: 0
    89: 0
    90: 0
    91: 0
    92: 0
    93: 0
    94: 0
    95: 0
    96: 0
    97: 0
    98: 0
    99: 0
  mem-1: # Memory controller stats
   rd: 9463241 # Read requests
   wr: 66389 # Write requests
   rdlat: 1298928377 # Total latency experienced by read requests
   wrlat: 11063755 # Total latency experienced by write requests
   rdhits: 100015 # Read row hits
   wrhits: 456 # Write row hits
   mlh: # latency histogram for memory requests
    0: 0
    1: 0
    2: 0
    3: 0
    4: 0
    5: 0
    6: 0
    7: 0
    8: 0
    9: 0
    10: 0
    11: 13218
    12: 18477
    13: 8374415
    14: 651159
    15: 73960
    16: 33520
    17: 33824
    18: 25149
    19: 24876
    20: 24064
    21: 23043
    22: 14041
    23: 16653
    24: 14039
    25: 8966
    26: 5236
    27: 5074
    28: 5859
    29: 6168
    30: 6129
    31: 5551
    32: 6150
    33: 6271
    34: 6263
    35: 5839
    36: 5751
    37: 6424
    38: 6244
    39: 6137
    40: 5493
    41: 6060
    42: 6345
    43: 4258
    44: 2420
    45: 2064
    46: 1725
    47: 1197
    48: 608
    49: 141
    50: 120
    51: 82
    52: 77
    53: 50
    54: 39
    55: 19
    56: 17
    57: 11
    58: 5
    59: 5
    60: 2
    61: 0
    62: 2
    63: 0
    64: 0
    65: 0
    66: 1
    67: 0
    68: 0
    69: 0
    70: 0
    71: 0
    72: 0
    73: 0
    74: 0
    75: 0
    76: 0
    77: 0
    78: 0
    79: 0
    80: 0
    81: 0
    82: 0
    83: 0
    84: 0
    85: 0
    86: 0
    87: 0
    88: 0
    89: 0
    90: 0
    91: 0
    92: 0
    93: 0
    94: 0
    95: 0
    96: 0
    97: 0
    98: 0
    99: 0
  mem-2: # Memory controller stats
   rd: 9436652 # Read requests
   wr: 65326 # Write requests
   rdlat: 1287009135 # Total latency experienced by read requests
   wrlat: 10666721 # Total latency experienced by write requests
   rdhits: 95698 # Read row hits
   wrhits: 487 # Write row hits
   mlh: # latency histogram for memory requests
    0: 0
    1: 0
    2: 0
    3: 0
    4: 0
    5: 0
    6: 0
    7: 0
    8: 0
    9: 0
    10: 0
    11: 13179
    12: 16883
    13: 8468704
    14: 586586
    15: 60528
    16: 27846
    17: 23083
    18: 23519
    19: 23146
    20: 21941
    21: 20845
    22: 11126
    23: 11406
    24: 10662
    25: 7103
    26: 4569
    27: 4641
    28: 5268
    29: 5273
    30: 5615
    31: 5766
    32: 6344
    33: 6063
    34: 5909
    35: 5906
    36: 6091
    37: 6388
    38: 6040
    39: 5877
    40: 5952
    41: 6507
    42: 6114
    43: 3950
    44: 2366
    45: 1986
    46: 1474
    47: 1093
    48: 499
    49: 103
    50: 78
    51: 56
    52: 48
    53: 45
    54: 22
    55: 15
    56: 11
    57: 11
    58: 6
    59: 4
    60: 1
    61: 4
    62: 0
    63: 0
    64: 0
    65: 0
    66: 0
    67: 0
    68: 0
    69: 0
    70: 0
    71: 0
    72: 0
    73: 0
    74: 0
    75: 0
    76: 0
    77: 0
    78: 0
    79: 0
    80: 0
    81: 0
    82: 0
    83: 0
    84: 0
    85: 0
    86: 0
    87: 0
    88: 0
    89: 0
    90: 0
    91: 0
    92: 0
    93: 0
    94: 0
    95: 0
    96: 0
    97: 0
    98: 0
    99: 0
  mem-3: # Memory controller stats
   rd: 9458250 # Read requests
   wr: 66618 # Write requests
   rdlat: 1286950261 # Total latency experienced by read requests
   wrlat: 10873052 # Total latency experienced by write requests
   rdhits: 96294 # Read row hits
   wrhits: 443 # Write row hits
   mlh: # latency histogram for memory requests
    0: 0
    1: 0
    2: 0
    3: 0
    4: 0
    5: 0
    6: 0
    7: 0
    8: 0
    9: 0
    10: 0
    11: 9982
    12: 14018
    13: 8818912
    14: 354339
    15: 25667
    16: 14455
    17: 12128
    18: 11308
    19: 12923
    20: 13568
    21: 14845
    22: 9821
    23: 11741
    24: 11399
    25: 8887
    26: 5393
    27: 5424
    28: 6078
    29: 6348
    30: 5932
    31: 5381
    32: 6680
    33: 6531
    34: 6238
    35: 5723
    36: 5867
    37: 6588
    38: 6245
    39: 6362
    40: 5218
    41: 6529
    42: 6397
    43: 3999
    44: 2192
    45: 1928
    46: 1558
    47: 1132
    48: 265
    49: 53
    50: 50
    51: 31
    52: 34
    53: 22
    54: 20
    55: 14
    56: 11
    57: 8
    58: 2
    59: 2
    60: 0
    61: 2
    62: 0
    63: 0
    64: 0
    65: 0
    66: 0
    67: 0
    68: 0
    69: 0
    70: 0
    71: 0
    72: 0
    73: 0
    74: 0
    75: 0
    76: 0
    77: 0
    78: 0
    79: 0
    80: 0
    81: 0
    82: 0
    83: 0
    84: 0
    85: 0
    86: 0
    87: 0
    88: 0
    89: 0
    90: 0
    91: 0
    92: 0
    93: 0
    94: 0
    95: 0
    96: 0
    97: 0
    98: 0
    99: 0
 sched: # Scheduler stats
  thCr: 9 # Threads created
  thFn: 0 # Threads finished
  schedEvs: 9 # Schedule events
  waitEvs: 1 # Wait events
  handoffEvs: 0 # Handoff events
  sleepEvs: 0 # Sleep events
  idlePhases: 0 # Phases with no thread active
  idlePeriods: 0 # Periods with no thread active
  occHist: # Occupancy histogram
   0: 0
   1: 6877
   2: 0
   3: 0
   4: 0
   5: 0
   6: 0
   7: 0
   8: 80838
  rqSzHist: # Run queue size histogram
   0: 87715
   1: 0
   2: 0
   3: 0
   4: 0
   5: 0
   6: 0
   7: 0
   8: 0
   9: 0
   10: 0
   11: 0
   12: 0
   13: 0
   14: 0
   15: 0
   16: 0
 procCycles: # Per-process unhalted core cycles
  0: 6475961647
  1: 0
  2: 0
  3: 0
  4: 0
  5: 0
  6: 0
  7: 0
  8: 0
  9: 0
  10: 0
  11: 0
  12: 0
  13: 0
  14: 0
  15: 0
  16: 0
  17: 0
  18: 0
  19: 0
  20: 0
  21: 0
  22: 0
  23: 0
  24: 0
  25: 0
  26: 0
  27: 0
  28: 0
  29: 0
  30: 0
  31: 0
  32: 0
  33: 0
  34: 0
  35: 0
  36: 0
  37: 0
  38: 0
  39: 0
  40: 0
  41: 0
  42: 0
  43: 0
  44: 0
  45: 0
  46: 0
  47: 0
  48: 0
  49: 0
  50: 0
  51: 0
  52: 0
  53: 0
  54: 0
  55: 0
  56: 0
  57: 0
  58: 0
  59: 0
  60: 0
  61: 0
  62: 0
  63: 0
 procInstrs: # Per-process instructions
  0: 5000030670
  1: 0
  2: 0
  3: 0
  4: 0
  5: 0
  6: 0
  7: 0
  8: 0
  9: 0
  10: 0
  11: 0
  12: 0
  13: 0
  14: 0
  15: 0
  16: 0
  17: 0
  18: 0
  19: 0
  20: 0
  21: 0
  22: 0
  23: 0
  24: 0
  25: 0
  26: 0
  27: 0
  28: 0
  29: 0
  30: 0
  31: 0
  32: 0
  33: 0
  34: 0
  35: 0
  36: 0
  37: 0
  38: 0
  39: 0
  40: 0
  41: 0
  42: 0
  43: 0
  44: 0
  45: 0
  46: 0
  47: 0
  48: 0
  49: 0
  50: 0
  51: 0
  52: 0
  53: 0
  54: 0
  55: 0
  56: 0
  57: 0
  58: 0
  59: 0
  60: 0
  61: 0
  62: 0
  63: 0
 heartbeats: # Per-process heartbeats
  0: 0
  1: 0
  2: 0
  3: 0
  4: 0
  5: 0
  6: 0
  7: 0
  8: 0
  9: 0
  10: 0
  11: 0
  12: 0
  13: 0
  14: 0
  15: 0
  16: 0
  17: 0
  18: 0
  19: 0
  20: 0
  21: 0
  22: 0
  23: 0
  24: 0
  25: 0
  26: 0
  27: 0
  28: 0
  29: 0
  30: 0
  31: 0
  32: 0
  33: 0
  34: 0
  35: 0
  36: 0
  37: 0
  38: 0
  39: 0
  40: 0
  41: 0
  42: 0
  43: 0
  44: 0
  45: 0
  46: 0
  47: 0
  48: 0
  49: 0
  50: 0
  51: 0
  52: 0
  53: 0
  54: 0
  55: 0
  56: 0
  57: 0
  58: 0
  59: 0
  60: 0
  61: 0
  62: 0
  63: 0
===
