# zsim stats
===
root: # Stats
 contention: # Contention simulation stats
  domain-0: # Domain stats
   time: 799768256 # Weave simulation time
 time: # Simulator time breakdown
  init: 2123618444211
  bound: 117834201213
  weave: 67116571726
  ff: 0
 trigger: 20000 # Reason for this stats dump
 phase: 9188 # Simulated phases
 westmere: # Core stats
  westmere-0: # Core stats
   cycles: 91880002 # Simulated unhalted cycles
   cCycles: 7150881 # Cycles due to contention stalls
   instrs: 100013504 # Simulated instructions
   uops: 113813228 # Retired micro-ops
   bbls: 14847248 # Basic blocks
   approxInstrs: 596117 # Instrs with approx uop decoding
   mispredBranches: 789673 # Mispredicted branches
   condBranches: 12876300 # conditional branches
 l1i: # Cache stats
  l1i-0: # Filter cache stats
   fhGETS: 19609034 # Filtered GETS hits
   fhGETX: 0 # Filtered GETX hits
   hGETS: 198 # GETS hits
   hGETX: 0 # GETX hits
   mGETS: 162 # GETS misses
   mGETXIM: 0 # GETX I->M misses
   mGETXSM: 0 # GETX S->M misses (upgrade misses)
   PUTS: 0 # Clean evictions (from lower level)
   PUTX: 0 # Dirty evictions (from lower level)
   INV: 0 # Invalidates (from upper level)
   INVX: 0 # Downgrades (from upper level)
   FWD: 0 # Forwards (from upper level)
   latGETnl: 20088 # GET request latency on next level
   latGETnet: 0 # GET request latency on network to next level
 l1d: # Cache stats
  l1d-0: # Filter cache stats
   fhGETS: 25365070 # Filtered GETS hits
   fhGETX: 11436179 # Filtered GETX hits
   hGETS: 997253 # GETS hits
   hGETX: 1629509 # GETX hits
   mGETS: 1934574 # GETS misses
   mGETXIM: 1093114 # GETX I->M misses
   mGETXSM: 0 # GETX S->M misses (upgrade misses)
   PUTS: 0 # Clean evictions (from lower level)
   PUTX: 0 # Dirty evictions (from lower level)
   INV: 0 # Invalidates (from upper level)
   INVX: 0 # Downgrades (from upper level)
   FWD: 0 # Forwards (from upper level)
   latGETnl: 103186384 # GET request latency on next level
   latGETnet: 0 # GET request latency on network to next level
 l2: # Cache stats
  l2-0: # Cache stats
   hGETS: 940010 # GETS hits
   hGETX: 118832 # GETX hits
   mGETS: 994726 # GETS misses
   mGETXIM: 974282 # GETX I->M misses
   mGETXSM: 0 # GETX S->M misses (upgrade misses)
   PUTS: 942384 # Clean evictions (from lower level)
   PUTX: 2084792 # Dirty evictions (from lower level)
   INV: 0 # Invalidates (from upper level)
   INVX: 0 # Downgrades (from upper level)
   FWD: 0 # Forwards (from upper level)
   latGETnl: 72927972 # GET request latency on next level
   latGETnet: 0 # GET request latency on network to next level
 l3: # Cache stats
  l3-0: # Cache stats
   hGETS: 894953 # GETS hits
   hGETX: 788813 # GETX hits
   mGETS: 99773 # GETS misses
   mGETXIM: 185469 # GETX I->M misses
   mGETXSM: 0 # GETX S->M misses (upgrade misses)
   PUTS: 580644 # Clean evictions (from lower level)
   PUTX: 1384268 # Dirty evictions (from lower level)
   INV: 0 # Invalidates (from upper level)
   INVX: 0 # Downgrades (from upper level)
   FWD: 0 # Forwards (from upper level)
   latGETnl: 25671780 # GET request latency on next level
   latGETnet: 0 # GET request latency on network to next level
 mem: # Memory controller stats
  mem-0: # Memory controller stats
   rd: 71304 # Read requests
   wr: 54457 # Write requests
   rdlat: 9768875 # Total latency experienced by read requests
   wrlat: 8134275 # Total latency experienced by write requests
   rdhits: 2365 # Read row hits
   wrhits: 864 # Write row hits
   mlh: # latency histogram for memory requests
    0: 0
    1: 0
    2: 0
    3: 0
    4: 0
    5: 0
    6: 0
    7: 0
    8: 0
    9: 0
    10: 0
    11: 261
    12: 297
    13: 62967
    14: 2701
    15: 1356
    16: 823
    17: 361
    18: 390
    19: 402
    20: 442
    21: 292
    22: 68
    23: 77
    24: 53
    25: 47
    26: 29
    27: 38
    28: 32
    29: 30
    30: 38
    31: 34
    32: 57
    33: 57
    34: 52
    35: 41
    36: 44
    37: 43
    38: 42
    39: 40
    40: 47
    41: 34
    42: 41
    43: 24
    44: 13
    45: 12
    46: 9
    47: 4
    48: 4
    49: 0
    50: 0
    51: 1
    52: 0
    53: 0
    54: 1
    55: 0
    56: 0
    57: 0
    58: 0
    59: 0
    60: 0
    61: 0
    62: 0
    63: 0
    64: 0
    65: 0
    66: 0
    67: 0
    68: 0
    69: 0
    70: 0
    71: 0
    72: 0
    73: 0
    74: 0
    75: 0
    76: 0
    77: 0
    78: 0
    79: 0
    80: 0
    81: 0
    82: 0
    83: 0
    84: 0
    85: 0
    86: 0
    87: 0
    88: 0
    89: 0
    90: 0
    91: 0
    92: 0
    93: 0
    94: 0
    95: 0
    96: 0
    97: 0
    98: 0
    99: 0
  mem-1: # Memory controller stats
   rd: 71474 # Read requests
   wr: 55005 # Write requests
   rdlat: 9800334 # Total latency experienced by read requests
   wrlat: 8301135 # Total latency experienced by write requests
   rdhits: 2601 # Read row hits
   wrhits: 992 # Write row hits
   mlh: # latency histogram for memory requests
    0: 0
    1: 0
    2: 0
    3: 0
    4: 0
    5: 0
    6: 0
    7: 0
    8: 0
    9: 0
    10: 0
    11: 270
    12: 349
    13: 62954
    14: 2585
    15: 1357
    16: 854
    17: 426
    18: 460
    19: 474
    20: 482
    21: 308
    22: 59
    23: 53
    24: 64
    25: 52
    26: 42
    27: 22
    28: 35
    29: 34
    30: 35
    31: 32
    32: 41
    33: 52
    34: 53
    35: 34
    36: 52
    37: 53
    38: 38
    39: 31
    40: 36
    41: 45
    42: 33
    43: 13
    44: 7
    45: 10
    46: 3
    47: 15
    48: 9
    49: 1
    50: 0
    51: 1
    52: 0
    53: 0
    54: 0
    55: 0
    56: 0
    57: 0
    58: 0
    59: 0
    60: 0
    61: 0
    62: 0
    63: 0
    64: 0
    65: 0
    66: 0
    67: 0
    68: 0
    69: 0
    70: 0
    71: 0
    72: 0
    73: 0
    74: 0
    75: 0
    76: 0
    77: 0
    78: 0
    79: 0
    80: 0
    81: 0
    82: 0
    83: 0
    84: 0
    85: 0
    86: 0
    87: 0
    88: 0
    89: 0
    90: 0
    91: 0
    92: 0
    93: 0
    94: 0
    95: 0
    96: 0
    97: 0
    98: 0
    99: 0
  mem-2: # Memory controller stats
   rd: 71656 # Read requests
   wr: 55227 # Write requests
   rdlat: 9819972 # Total latency experienced by read requests
   wrlat: 8358969 # Total latency experienced by write requests
   rdhits: 2730 # Read row hits
   wrhits: 916 # Write row hits
   mlh: # latency histogram for memory requests
    0: 0
    1: 0
    2: 0
    3: 0
    4: 0
    5: 0
    6: 0
    7: 0
    8: 0
    9: 0
    10: 0
    11: 300
    12: 322
    13: 62945
    14: 2686
    15: 1394
    16: 892
    17: 448
    18: 463
    19: 478
    20: 440
    21: 316
    22: 76
    23: 58
    24: 54
    25: 54
    26: 33
    27: 37
    28: 33
    29: 41
    30: 34
    31: 52
    32: 43
    33: 41
    34: 51
    35: 36
    36: 43
    37: 53
    38: 45
    39: 32
    40: 37
    41: 27
    42: 40
    43: 20
    44: 5
    45: 7
    46: 6
    47: 7
    48: 4
    49: 2
    50: 1
    51: 0
    52: 0
    53: 0
    54: 0
    55: 0
    56: 0
    57: 0
    58: 0
    59: 0
    60: 0
    61: 0
    62: 0
    63: 0
    64: 0
    65: 0
    66: 0
    67: 0
    68: 0
    69: 0
    70: 0
    71: 0
    72: 0
    73: 0
    74: 0
    75: 0
    76: 0
    77: 0
    78: 0
    79: 0
    80: 0
    81: 0
    82: 0
    83: 0
    84: 0
    85: 0
    86: 0
    87: 0
    88: 0
    89: 0
    90: 0
    91: 0
    92: 0
    93: 0
    94: 0
    95: 0
    96: 0
    97: 0
    98: 0
    99: 0
  mem-3: # Memory controller stats
   rd: 70808 # Read requests
   wr: 54520 # Write requests
   rdlat: 9673071 # Total latency experienced by read requests
   wrlat: 8125206 # Total latency experienced by write requests
   rdhits: 2294 # Read row hits
   wrhits: 823 # Write row hits
   mlh: # latency histogram for memory requests
    0: 0
    1: 0
    2: 0
    3: 0
    4: 0
    5: 0
    6: 0
    7: 0
    8: 0
    9: 0
    10: 0
    11: 247
    12: 338
    13: 62842
    14: 2624
    15: 1318
    16: 809
    17: 307
    18: 375
    19: 417
    20: 371
    21: 267
    22: 63
    23: 55
    24: 49
    25: 48
    26: 24
    27: 22
    28: 37
    29: 31
    30: 47
    31: 35
    32: 44
    33: 53
    34: 47
    35: 24
    36: 41
    37: 40
    38: 38
    39: 43
    40: 38
    41: 33
    42: 37
    43: 13
    44: 7
    45: 7
    46: 7
    47: 5
    48: 2
    49: 0
    50: 0
    51: 1
    52: 2
    53: 0
    54: 0
    55: 0
    56: 0
    57: 0
    58: 0
    59: 0
    60: 0
    61: 0
    62: 0
    63: 0
    64: 0
    65: 0
    66: 0
    67: 0
    68: 0
    69: 0
    70: 0
    71: 0
    72: 0
    73: 0
    74: 0
    75: 0
    76: 0
    77: 0
    78: 0
    79: 0
    80: 0
    81: 0
    82: 0
    83: 0
    84: 0
    85: 0
    86: 0
    87: 0
    88: 0
    89: 0
    90: 0
    91: 0
    92: 0
    93: 0
    94: 0
    95: 0
    96: 0
    97: 0
    98: 0
    99: 0
 sched: # Scheduler stats
  thCr: 1 # Threads created
  thFn: 1 # Threads finished
  schedEvs: 1 # Schedule events
  waitEvs: 0 # Wait events
  handoffEvs: 0 # Handoff events
  sleepEvs: 0 # Sleep events
  idlePhases: 0 # Phases with no thread active
  idlePeriods: 0 # Periods with no thread active
  occHist: # Occupancy histogram
   0: 0
   1: 9188
  rqSzHist: # Run queue size histogram
   0: 9188
   1: 0
   2: 0
   3: 0
   4: 0
   5: 0
   6: 0
   7: 0
   8: 0
   9: 0
   10: 0
   11: 0
   12: 0
   13: 0
   14: 0
   15: 0
   16: 0
 procCycles: # Per-process unhalted core cycles
  0: 91880002
  1: 0
  2: 0
  3: 0
  4: 0
  5: 0
  6: 0
  7: 0
  8: 0
  9: 0
  10: 0
  11: 0
  12: 0
  13: 0
  14: 0
  15: 0
  16: 0
  17: 0
  18: 0
  19: 0
  20: 0
  21: 0
  22: 0
  23: 0
  24: 0
  25: 0
  26: 0
  27: 0
  28: 0
  29: 0
  30: 0
  31: 0
  32: 0
  33: 0
  34: 0
  35: 0
  36: 0
  37: 0
  38: 0
  39: 0
  40: 0
  41: 0
  42: 0
  43: 0
  44: 0
  45: 0
  46: 0
  47: 0
  48: 0
  49: 0
  50: 0
  51: 0
  52: 0
  53: 0
  54: 0
  55: 0
  56: 0
  57: 0
  58: 0
  59: 0
  60: 0
  61: 0
  62: 0
  63: 0
 procInstrs: # Per-process instructions
  0: 100013504
  1: 0
  2: 0
  3: 0
  4: 0
  5: 0
  6: 0
  7: 0
  8: 0
  9: 0
  10: 0
  11: 0
  12: 0
  13: 0
  14: 0
  15: 0
  16: 0
  17: 0
  18: 0
  19: 0
  20: 0
  21: 0
  22: 0
  23: 0
  24: 0
  25: 0
  26: 0
  27: 0
  28: 0
  29: 0
  30: 0
  31: 0
  32: 0
  33: 0
  34: 0
  35: 0
  36: 0
  37: 0
  38: 0
  39: 0
  40: 0
  41: 0
  42: 0
  43: 0
  44: 0
  45: 0
  46: 0
  47: 0
  48: 0
  49: 0
  50: 0
  51: 0
  52: 0
  53: 0
  54: 0
  55: 0
  56: 0
  57: 0
  58: 0
  59: 0
  60: 0
  61: 0
  62: 0
  63: 0
 heartbeats: # Per-process heartbeats
  0: 0
  1: 0
  2: 0
  3: 0
  4: 0
  5: 0
  6: 0
  7: 0
  8: 0
  9: 0
  10: 0
  11: 0
  12: 0
  13: 0
  14: 0
  15: 0
  16: 0
  17: 0
  18: 0
  19: 0
  20: 0
  21: 0
  22: 0
  23: 0
  24: 0
  25: 0
  26: 0
  27: 0
  28: 0
  29: 0
  30: 0
  31: 0
  32: 0
  33: 0
  34: 0
  35: 0
  36: 0
  37: 0
  38: 0
  39: 0
  40: 0
  41: 0
  42: 0
  43: 0
  44: 0
  45: 0
  46: 0
  47: 0
  48: 0
  49: 0
  50: 0
  51: 0
  52: 0
  53: 0
  54: 0
  55: 0
  56: 0
  57: 0
  58: 0
  59: 0
  60: 0
  61: 0
  62: 0
  63: 0
===
