# zsim stats
===
root: # Stats
 contention: # Contention simulation stats
  domain-0: # Domain stats
   time: 697237437 # Weave simulation time
 time: # Simulator time breakdown
  init: 42135518216
  bound: 6046786683
  weave: 1177001607
  ff: 0
 trigger: 20000 # Reason for this stats dump
 phase: 9127 # Simulated phases
 westmere: # Core stats
  westmere-0: # Core stats
   cycles: 91270127 # Simulated unhalted cycles
   cCycles: 6944544 # Cycles due to contention stalls
   instrs: 100010385 # Simulated instructions
   uops: 113812124 # Retired micro-ops
   bbls: 14846644 # Basic blocks
   approxInstrs: 596117 # Instrs with approx uop decoding
   mispredBranches: 789660 # Mispredicted branches
   condBranches: 12875572 # conditional branches
 l1i: # Cache stats
  l1i-0: # Filter cache stats
   fhGETS: 19608514 # Filtered GETS hits
   fhGETX: 0 # Filtered GETX hits
   hGETS: 198 # GETS hits
   hGETX: 0 # GETX hits
   mGETS: 162 # GETS misses
   mGETXIM: 0 # GETX I->M misses
   mGETXSM: 0 # GETX S->M misses (upgrade misses)
   PUTS: 0 # Clean evictions (from lower level)
   PUTX: 0 # Dirty evictions (from lower level)
   INV: 0 # Invalidates (from upper level)
   INVX: 0 # Downgrades (from upper level)
   FWD: 0 # Forwards (from upper level)
   latGETnl: 20088 # GET request latency on next level
   latGETnet: 0 # GET request latency on network to next level
 l1d: # Cache stats
  l1d-0: # Filter cache stats
   fhGETS: 25299107 # Filtered GETS hits
   fhGETX: 11387476 # Filtered GETX hits
   hGETS: 1063812 # GETS hits
   hGETX: 1678095 # GETX hits
   mGETS: 1935268 # GETS misses
   mGETXIM: 1092912 # GETX I->M misses
   mGETXSM: 0 # GETX S->M misses (upgrade misses)
   PUTS: 0 # Clean evictions (from lower level)
   PUTX: 0 # Dirty evictions (from lower level)
   INV: 0 # Invalidates (from upper level)
   INVX: 0 # Downgrades (from upper level)
   FWD: 0 # Forwards (from upper level)
   latGETnl: 101972038 # GET request latency on next level
   latGETnet: 0 # GET request latency on network to next level
 l2: # Cache stats
  l2-0: # Cache stats
   hGETS: 940746 # GETS hits
   hGETX: 118372 # GETX hits
   mGETS: 994684 # GETS misses
   mGETXIM: 974540 # GETX I->M misses
   mGETXSM: 0 # GETX S->M misses (upgrade misses)
   PUTS: 943002 # Clean evictions (from lower level)
   PUTX: 2084666 # Dirty evictions (from lower level)
   INV: 0 # Invalidates (from upper level)
   INVX: 0 # Downgrades (from upper level)
   FWD: 0 # Forwards (from upper level)
   latGETnl: 71708706 # GET request latency on next level
   latGETnet: 0 # GET request latency on network to next level
 l3: # Cache stats
  l3-0: # Cache stats
   hGETS: 915546 # GETS hits
   hGETX: 782041 # GETX hits
   mGETS: 79138 # GETS misses
   mGETXIM: 192499 # GETX I->M misses
   mGETXSM: 0 # GETX S->M misses (upgrade misses)
   PUTS: 580649 # Clean evictions (from lower level)
   PUTX: 1384479 # Dirty evictions (from lower level)
   INV: 0 # Invalidates (from upper level)
   INVX: 0 # Downgrades (from upper level)
   FWD: 0 # Forwards (from upper level)
   latGETnl: 24447330 # GET request latency on next level
   latGETnet: 0 # GET request latency on network to next level
 mem: # Memory controller stats
  mem-0: # Memory controller stats
   rd: 67851 # Read requests
   wr: 50695 # Write requests
   rdlat: 9210960 # Total latency experienced by read requests
   wrlat: 7416020 # Total latency experienced by write requests
   rdhits: 804 # Read row hits
   wrhits: 619 # Write row hits
   mlh: # latency histogram for memory requests
    0: 0
    1: 0
    2: 0
    3: 0
    4: 0
    5: 0
    6: 0
    7: 0
    8: 0
    9: 0
    10: 0
    11: 143
    12: 146
    13: 61977
    14: 2129
    15: 1109
    16: 640
    17: 147
    18: 145
    19: 154
    20: 147
    21: 179
    22: 50
    23: 69
    24: 65
    25: 49
    26: 28
    27: 35
    28: 32
    29: 31
    30: 40
    31: 41
    32: 39
    33: 47
    34: 40
    35: 36
    36: 46
    37: 47
    38: 41
    39: 37
    40: 43
    41: 27
    42: 35
    43: 21
    44: 7
    45: 7
    46: 11
    47: 4
    48: 3
    49: 2
    50: 1
    51: 1
    52: 0
    53: 0
    54: 0
    55: 0
    56: 0
    57: 0
    58: 0
    59: 0
    60: 0
    61: 0
    62: 0
    63: 0
    64: 0
    65: 0
    66: 0
    67: 0
    68: 0
    69: 0
    70: 0
    71: 0
    72: 0
    73: 0
    74: 0
    75: 0
    76: 0
    77: 0
    78: 0
    79: 0
    80: 0
    81: 0
    82: 0
    83: 0
    84: 0
    85: 0
    86: 0
    87: 0
    88: 0
    89: 0
    90: 0
    91: 0
    92: 0
    93: 0
    94: 0
    95: 0
    96: 0
    97: 0
    98: 0
    99: 0
  mem-1: # Memory controller stats
   rd: 67960 # Read requests
   wr: 50821 # Write requests
   rdlat: 9220798 # Total latency experienced by read requests
   wrlat: 7435758 # Total latency experienced by write requests
   rdhits: 836 # Read row hits
   wrhits: 625 # Write row hits
   mlh: # latency histogram for memory requests
    0: 0
    1: 0
    2: 0
    3: 0
    4: 0
    5: 0
    6: 0
    7: 0
    8: 0
    9: 0
    10: 0
    11: 131
    12: 147
    13: 62218
    14: 2123
    15: 1127
    16: 598
    17: 129
    18: 132
    19: 150
    20: 153
    21: 176
    22: 39
    23: 41
    24: 70
    25: 54
    26: 18
    27: 27
    28: 30
    29: 36
    30: 44
    31: 28
    32: 36
    33: 45
    34: 41
    35: 38
    36: 33
    37: 47
    38: 45
    39: 34
    40: 39
    41: 42
    42: 53
    43: 15
    44: 4
    45: 6
    46: 3
    47: 4
    48: 3
    49: 1
    50: 0
    51: 0
    52: 0
    53: 0
    54: 0
    55: 0
    56: 0
    57: 0
    58: 0
    59: 0
    60: 0
    61: 0
    62: 0
    63: 0
    64: 0
    65: 0
    66: 0
    67: 0
    68: 0
    69: 0
    70: 0
    71: 0
    72: 0
    73: 0
    74: 0
    75: 0
    76: 0
    77: 0
    78: 0
    79: 0
    80: 0
    81: 0
    82: 0
    83: 0
    84: 0
    85: 0
    86: 0
    87: 0
    88: 0
    89: 0
    90: 0
    91: 0
    92: 0
    93: 0
    94: 0
    95: 0
    96: 0
    97: 0
    98: 0
    99: 0
  mem-2: # Memory controller stats
   rd: 68034 # Read requests
   wr: 50803 # Write requests
   rdlat: 9225956 # Total latency experienced by read requests
   wrlat: 7431589 # Total latency experienced by write requests
   rdhits: 871 # Read row hits
   wrhits: 626 # Write row hits
   mlh: # latency histogram for memory requests
    0: 0
    1: 0
    2: 0
    3: 0
    4: 0
    5: 0
    6: 0
    7: 0
    8: 0
    9: 0
    10: 0
    11: 146
    12: 148
    13: 62227
    14: 2126
    15: 1091
    16: 602
    17: 152
    18: 166
    19: 153
    20: 140
    21: 186
    22: 60
    23: 54
    24: 74
    25: 53
    26: 25
    27: 21
    28: 33
    29: 37
    30: 30
    31: 30
    32: 40
    33: 39
    34: 40
    35: 36
    36: 41
    37: 51
    38: 36
    39: 29
    40: 51
    41: 40
    42: 32
    43: 28
    44: 1
    45: 5
    46: 3
    47: 5
    48: 3
    49: 0
    50: 0
    51: 0
    52: 0
    53: 0
    54: 0
    55: 0
    56: 0
    57: 0
    58: 0
    59: 0
    60: 0
    61: 0
    62: 0
    63: 0
    64: 0
    65: 0
    66: 0
    67: 0
    68: 0
    69: 0
    70: 0
    71: 0
    72: 0
    73: 0
    74: 0
    75: 0
    76: 0
    77: 0
    78: 0
    79: 0
    80: 0
    81: 0
    82: 0
    83: 0
    84: 0
    85: 0
    86: 0
    87: 0
    88: 0
    89: 0
    90: 0
    91: 0
    92: 0
    93: 0
    94: 0
    95: 0
    96: 0
    97: 0
    98: 0
    99: 0
  mem-3: # Memory controller stats
   rd: 67792 # Read requests
   wr: 50459 # Write requests
   rdlat: 9188558 # Total latency experienced by read requests
   wrlat: 7379372 # Total latency experienced by write requests
   rdhits: 855 # Read row hits
   wrhits: 611 # Write row hits
   mlh: # latency histogram for memory requests
    0: 0
    1: 0
    2: 0
    3: 0
    4: 0
    5: 0
    6: 0
    7: 0
    8: 0
    9: 0
    10: 0
    11: 143
    12: 150
    13: 62123
    14: 2100
    15: 1100
    16: 601
    17: 145
    18: 137
    19: 148
    20: 124
    21: 173
    22: 47
    23: 55
    24: 58
    25: 49
    26: 23
    27: 26
    28: 26
    29: 39
    30: 23
    31: 25
    32: 38
    33: 43
    34: 40
    35: 32
    36: 44
    37: 51
    38: 43
    39: 33
    40: 39
    41: 44
    42: 44
    43: 12
    44: 4
    45: 3
    46: 3
    47: 0
    48: 3
    49: 0
    50: 0
    51: 0
    52: 0
    53: 1
    54: 0
    55: 0
    56: 0
    57: 0
    58: 0
    59: 0
    60: 0
    61: 0
    62: 0
    63: 0
    64: 0
    65: 0
    66: 0
    67: 0
    68: 0
    69: 0
    70: 0
    71: 0
    72: 0
    73: 0
    74: 0
    75: 0
    76: 0
    77: 0
    78: 0
    79: 0
    80: 0
    81: 0
    82: 0
    83: 0
    84: 0
    85: 0
    86: 0
    87: 0
    88: 0
    89: 0
    90: 0
    91: 0
    92: 0
    93: 0
    94: 0
    95: 0
    96: 0
    97: 0
    98: 0
    99: 0
 sched: # Scheduler stats
  thCr: 1 # Threads created
  thFn: 1 # Threads finished
  schedEvs: 1 # Schedule events
  waitEvs: 0 # Wait events
  handoffEvs: 0 # Handoff events
  sleepEvs: 0 # Sleep events
  idlePhases: 0 # Phases with no thread active
  idlePeriods: 0 # Periods with no thread active
  occHist: # Occupancy histogram
   0: 0
   1: 9127
  rqSzHist: # Run queue size histogram
   0: 9127
   1: 0
   2: 0
   3: 0
   4: 0
   5: 0
   6: 0
   7: 0
   8: 0
   9: 0
   10: 0
   11: 0
   12: 0
   13: 0
   14: 0
   15: 0
   16: 0
 procCycles: # Per-process unhalted core cycles
  0: 91270127
  1: 0
  2: 0
  3: 0
  4: 0
  5: 0
  6: 0
  7: 0
  8: 0
  9: 0
  10: 0
  11: 0
  12: 0
  13: 0
  14: 0
  15: 0
  16: 0
  17: 0
  18: 0
  19: 0
  20: 0
  21: 0
  22: 0
  23: 0
  24: 0
  25: 0
  26: 0
  27: 0
  28: 0
  29: 0
  30: 0
  31: 0
  32: 0
  33: 0
  34: 0
  35: 0
  36: 0
  37: 0
  38: 0
  39: 0
  40: 0
  41: 0
  42: 0
  43: 0
  44: 0
  45: 0
  46: 0
  47: 0
  48: 0
  49: 0
  50: 0
  51: 0
  52: 0
  53: 0
  54: 0
  55: 0
  56: 0
  57: 0
  58: 0
  59: 0
  60: 0
  61: 0
  62: 0
  63: 0
 procInstrs: # Per-process instructions
  0: 100010385
  1: 0
  2: 0
  3: 0
  4: 0
  5: 0
  6: 0
  7: 0
  8: 0
  9: 0
  10: 0
  11: 0
  12: 0
  13: 0
  14: 0
  15: 0
  16: 0
  17: 0
  18: 0
  19: 0
  20: 0
  21: 0
  22: 0
  23: 0
  24: 0
  25: 0
  26: 0
  27: 0
  28: 0
  29: 0
  30: 0
  31: 0
  32: 0
  33: 0
  34: 0
  35: 0
  36: 0
  37: 0
  38: 0
  39: 0
  40: 0
  41: 0
  42: 0
  43: 0
  44: 0
  45: 0
  46: 0
  47: 0
  48: 0
  49: 0
  50: 0
  51: 0
  52: 0
  53: 0
  54: 0
  55: 0
  56: 0
  57: 0
  58: 0
  59: 0
  60: 0
  61: 0
  62: 0
  63: 0
 heartbeats: # Per-process heartbeats
  0: 0
  1: 0
  2: 0
  3: 0
  4: 0
  5: 0
  6: 0
  7: 0
  8: 0
  9: 0
  10: 0
  11: 0
  12: 0
  13: 0
  14: 0
  15: 0
  16: 0
  17: 0
  18: 0
  19: 0
  20: 0
  21: 0
  22: 0
  23: 0
  24: 0
  25: 0
  26: 0
  27: 0
  28: 0
  29: 0
  30: 0
  31: 0
  32: 0
  33: 0
  34: 0
  35: 0
  36: 0
  37: 0
  38: 0
  39: 0
  40: 0
  41: 0
  42: 0
  43: 0
  44: 0
  45: 0
  46: 0
  47: 0
  48: 0
  49: 0
  50: 0
  51: 0
  52: 0
  53: 0
  54: 0
  55: 0
  56: 0
  57: 0
  58: 0
  59: 0
  60: 0
  61: 0
  62: 0
  63: 0
===
