# zsim stats
===
root: # Stats
 contention: # Contention simulation stats
  domain-0: # Domain stats
   time: 249155034 # Weave simulation time
 time: # Simulator time breakdown
  init: 10695963175014
  bound: 15318358755
  weave: 451471261
  ff: 0
 trigger: 20000 # Reason for this stats dump
 phase: 6195 # Simulated phases
 westmere: # Core stats
  westmere-0: # Core stats
   cycles: 61950747 # Simulated unhalted cycles
   cCycles: 3743883 # Cycles due to contention stalls
   instrs: 100007004 # Simulated instructions
   uops: 142678858 # Retired micro-ops
   bbls: 4785607 # Basic blocks
   approxInstrs: 432 # Instrs with approx uop decoding
   mispredBranches: 23095 # Mispredicted branches
   condBranches: 4718297 # conditional branches
 l1i: # Cache stats
  l1i-0: # Filter cache stats
   fhGETS: 9440231 # Filtered GETS hits
   fhGETX: 0 # Filtered GETX hits
   hGETS: 20121 # GETS hits
   hGETX: 0 # GETX hits
   mGETS: 2380 # GETS misses
   mGETXIM: 0 # GETX I->M misses
   mGETXSM: 0 # GETX S->M misses (upgrade misses)
   PUTS: 0 # Clean evictions (from lower level)
   PUTX: 0 # Dirty evictions (from lower level)
   INV: 728 # Invalidates (from upper level)
   INVX: 0 # Downgrades (from upper level)
   FWD: 0 # Forwards (from upper level)
   latGETnl: 179860 # GET request latency on next level
   latGETnet: 0 # GET request latency on network to next level
 l1d: # Cache stats
  l1d-0: # Filter cache stats
   fhGETS: 27196902 # Filtered GETS hits
   fhGETX: 9102335 # Filtered GETX hits
   hGETS: 15635826 # GETS hits
   hGETX: 5952370 # GETX hits
   mGETS: 243570 # GETS misses
   mGETXIM: 291836 # GETX I->M misses
   mGETXSM: 0 # GETX S->M misses (upgrade misses)
   PUTS: 0 # Clean evictions (from lower level)
   PUTX: 0 # Dirty evictions (from lower level)
   INV: 1483 # Invalidates (from upper level)
   INVX: 0 # Downgrades (from upper level)
   FWD: 0 # Forwards (from upper level)
   latGETnl: 25861088 # GET request latency on next level
   latGETnet: 0 # GET request latency on network to next level
 l2: # Cache stats
  l2-0: # Cache stats
   hGETS: 214738 # GETS hits
   hGETX: 1546 # GETX hits
   mGETS: 31212 # GETS misses
   mGETXIM: 290290 # GETX I->M misses
   mGETXSM: 0 # GETX S->M misses (upgrade misses)
   PUTS: 243011 # Clean evictions (from lower level)
   PUTX: 291691 # Dirty evictions (from lower level)
   INV: 5025 # Invalidates (from upper level)
   INVX: 0 # Downgrades (from upper level)
   FWD: 0 # Forwards (from upper level)
   latGETnl: 20663088 # GET request latency on next level
   latGETnet: 0 # GET request latency on network to next level
 l3: # Cache stats
  l3-0: # Cache stats
   hGETS: 24523 # GETS hits
   hGETX: 153123 # GETX hits
   mGETS: 6689 # GETS misses
   mGETXIM: 137167 # GETX I->M misses
   mGETXSM: 0 # GETX S->M misses (upgrade misses)
   PUTS: 26833 # Clean evictions (from lower level)
   PUTX: 285551 # Dirty evictions (from lower level)
   INV: 0 # Invalidates (from upper level)
   INVX: 0 # Downgrades (from upper level)
   FWD: 0 # Forwards (from upper level)
   latGETnl: 12947040 # GET request latency on next level
   latGETnet: 0 # GET request latency on network to next level
 mem: # Memory controller stats
  mem-0: # Memory controller stats
   rd: 36022 # Read requests
   wr: 26856 # Write requests
   rdlat: 5103129 # Total latency experienced by read requests
   wrlat: 3792880 # Total latency experienced by write requests
   rdhits: 3 # Read row hits
   wrhits: 29 # Write row hits
   mlh: # latency histogram for memory requests
    0: 0
    1: 0
    2: 0
    3: 0
    4: 0
    5: 0
    6: 0
    7: 0
    8: 0
    9: 0
    10: 0
    11: 1
    12: 2
    13: 28567
    14: 5356
    15: 44
    16: 41
    17: 23
    18: 25
    19: 22
    20: 17
    21: 19
    22: 18
    23: 1386
    24: 22
    25: 26
    26: 25
    27: 29
    28: 31
    29: 29
    30: 23
    31: 19
    32: 16
    33: 22
    34: 34
    35: 22
    36: 21
    37: 14
    38: 12
    39: 13
    40: 24
    41: 27
    42: 25
    43: 9
    44: 4
    45: 2
    46: 2
    47: 28
    48: 5
    49: 4
    50: 3
    51: 4
    52: 5
    53: 1
    54: 0
    55: 0
    56: 0
    57: 0
    58: 0
    59: 0
    60: 0
    61: 0
    62: 0
    63: 0
    64: 0
    65: 0
    66: 0
    67: 0
    68: 0
    69: 0
    70: 0
    71: 0
    72: 0
    73: 0
    74: 0
    75: 0
    76: 0
    77: 0
    78: 0
    79: 0
    80: 0
    81: 0
    82: 0
    83: 0
    84: 0
    85: 0
    86: 0
    87: 0
    88: 0
    89: 0
    90: 0
    91: 0
    92: 0
    93: 0
    94: 0
    95: 0
    96: 0
    97: 0
    98: 0
    99: 0
  mem-1: # Memory controller stats
   rd: 36019 # Read requests
   wr: 26783 # Write requests
   rdlat: 5092014 # Total latency experienced by read requests
   wrlat: 3776772 # Total latency experienced by write requests
   rdhits: 2 # Read row hits
   wrhits: 29 # Write row hits
   mlh: # latency histogram for memory requests
    0: 0
    1: 0
    2: 0
    3: 0
    4: 0
    5: 0
    6: 0
    7: 0
    8: 0
    9: 0
    10: 0
    11: 1
    12: 0
    13: 28593
    14: 5361
    15: 42
    16: 39
    17: 23
    18: 18
    19: 20
    20: 14
    21: 29
    22: 24
    23: 1395
    24: 19
    25: 31
    26: 28
    27: 41
    28: 25
    29: 26
    30: 18
    31: 16
    32: 21
    33: 18
    34: 21
    35: 12
    36: 14
    37: 18
    38: 30
    39: 17
    40: 14
    41: 19
    42: 15
    43: 11
    44: 2
    45: 2
    46: 3
    47: 26
    48: 2
    49: 2
    50: 0
    51: 4
    52: 5
    53: 0
    54: 0
    55: 0
    56: 0
    57: 0
    58: 0
    59: 0
    60: 0
    61: 0
    62: 0
    63: 0
    64: 0
    65: 0
    66: 0
    67: 0
    68: 0
    69: 0
    70: 0
    71: 0
    72: 0
    73: 0
    74: 0
    75: 0
    76: 0
    77: 0
    78: 0
    79: 0
    80: 0
    81: 0
    82: 0
    83: 0
    84: 0
    85: 0
    86: 0
    87: 0
    88: 0
    89: 0
    90: 0
    91: 0
    92: 0
    93: 0
    94: 0
    95: 0
    96: 0
    97: 0
    98: 0
    99: 0
  mem-2: # Memory controller stats
   rd: 35943 # Read requests
   wr: 26698 # Write requests
   rdlat: 5068355 # Total latency experienced by read requests
   wrlat: 3773237 # Total latency experienced by write requests
   rdhits: 3 # Read row hits
   wrhits: 36 # Write row hits
   mlh: # latency histogram for memory requests
    0: 0
    1: 0
    2: 0
    3: 0
    4: 0
    5: 0
    6: 0
    7: 0
    8: 0
    9: 0
    10: 0
    11: 1
    12: 0
    13: 28512
    14: 5417
    15: 49
    16: 56
    17: 11
    18: 8
    19: 23
    20: 18
    21: 12
    22: 19
    23: 1429
    24: 23
    25: 29
    26: 25
    27: 28
    28: 8
    29: 20
    30: 24
    31: 15
    32: 15
    33: 9
    34: 14
    35: 23
    36: 17
    37: 24
    38: 18
    39: 13
    40: 15
    41: 14
    42: 17
    43: 9
    44: 0
    45: 2
    46: 2
    47: 20
    48: 3
    49: 0
    50: 0
    51: 0
    52: 0
    53: 1
    54: 0
    55: 0
    56: 0
    57: 0
    58: 0
    59: 0
    60: 0
    61: 0
    62: 0
    63: 0
    64: 0
    65: 0
    66: 0
    67: 0
    68: 0
    69: 0
    70: 0
    71: 0
    72: 0
    73: 0
    74: 0
    75: 0
    76: 0
    77: 0
    78: 0
    79: 0
    80: 0
    81: 0
    82: 0
    83: 0
    84: 0
    85: 0
    86: 0
    87: 0
    88: 0
    89: 0
    90: 0
    91: 0
    92: 0
    93: 0
    94: 0
    95: 0
    96: 0
    97: 0
    98: 0
    99: 0
  mem-3: # Memory controller stats
   rd: 35869 # Read requests
   wr: 26730 # Write requests
   rdlat: 5063313 # Total latency experienced by read requests
   wrlat: 3770140 # Total latency experienced by write requests
   rdhits: 2 # Read row hits
   wrhits: 23 # Write row hits
   mlh: # latency histogram for memory requests
    0: 0
    1: 0
    2: 0
    3: 0
    4: 0
    5: 0
    6: 0
    7: 0
    8: 0
    9: 0
    10: 0
    11: 0
    12: 1
    13: 28440
    14: 5402
    15: 50
    16: 41
    17: 15
    18: 26
    19: 35
    20: 20
    21: 11
    22: 15
    23: 1408
    24: 21
    25: 26
    26: 18
    27: 16
    28: 21
    29: 19
    30: 26
    31: 24
    32: 25
    33: 16
    34: 16
    35: 12
    36: 15
    37: 8
    38: 16
    39: 15
    40: 20
    41: 30
    42: 13
    43: 11
    44: 2
    45: 1
    46: 2
    47: 23
    48: 8
    49: 1
    50: 0
    51: 0
    52: 0
    53: 0
    54: 0
    55: 0
    56: 0
    57: 0
    58: 0
    59: 0
    60: 0
    61: 0
    62: 0
    63: 0
    64: 0
    65: 0
    66: 0
    67: 0
    68: 0
    69: 0
    70: 0
    71: 0
    72: 0
    73: 0
    74: 0
    75: 0
    76: 0
    77: 0
    78: 0
    79: 0
    80: 0
    81: 0
    82: 0
    83: 0
    84: 0
    85: 0
    86: 0
    87: 0
    88: 0
    89: 0
    90: 0
    91: 0
    92: 0
    93: 0
    94: 0
    95: 0
    96: 0
    97: 0
    98: 0
    99: 0
 sched: # Scheduler stats
  thCr: 1 # Threads created
  thFn: 1 # Threads finished
  schedEvs: 1 # Schedule events
  waitEvs: 0 # Wait events
  handoffEvs: 0 # Handoff events
  sleepEvs: 0 # Sleep events
  idlePhases: 0 # Phases with no thread active
  idlePeriods: 0 # Periods with no thread active
  occHist: # Occupancy histogram
   0: 0
   1: 6195
  rqSzHist: # Run queue size histogram
   0: 6195
   1: 0
   2: 0
   3: 0
   4: 0
   5: 0
   6: 0
   7: 0
   8: 0
   9: 0
   10: 0
   11: 0
   12: 0
   13: 0
   14: 0
   15: 0
   16: 0
 procCycles: # Per-process unhalted core cycles
  0: 61950747
  1: 0
  2: 0
  3: 0
  4: 0
  5: 0
  6: 0
  7: 0
  8: 0
  9: 0
  10: 0
  11: 0
  12: 0
  13: 0
  14: 0
  15: 0
  16: 0
  17: 0
  18: 0
  19: 0
  20: 0
  21: 0
  22: 0
  23: 0
  24: 0
  25: 0
  26: 0
  27: 0
  28: 0
  29: 0
  30: 0
  31: 0
  32: 0
  33: 0
  34: 0
  35: 0
  36: 0
  37: 0
  38: 0
  39: 0
  40: 0
  41: 0
  42: 0
  43: 0
  44: 0
  45: 0
  46: 0
  47: 0
  48: 0
  49: 0
  50: 0
  51: 0
  52: 0
  53: 0
  54: 0
  55: 0
  56: 0
  57: 0
  58: 0
  59: 0
  60: 0
  61: 0
  62: 0
  63: 0
 procInstrs: # Per-process instructions
  0: 100007004
  1: 0
  2: 0
  3: 0
  4: 0
  5: 0
  6: 0
  7: 0
  8: 0
  9: 0
  10: 0
  11: 0
  12: 0
  13: 0
  14: 0
  15: 0
  16: 0
  17: 0
  18: 0
  19: 0
  20: 0
  21: 0
  22: 0
  23: 0
  24: 0
  25: 0
  26: 0
  27: 0
  28: 0
  29: 0
  30: 0
  31: 0
  32: 0
  33: 0
  34: 0
  35: 0
  36: 0
  37: 0
  38: 0
  39: 0
  40: 0
  41: 0
  42: 0
  43: 0
  44: 0
  45: 0
  46: 0
  47: 0
  48: 0
  49: 0
  50: 0
  51: 0
  52: 0
  53: 0
  54: 0
  55: 0
  56: 0
  57: 0
  58: 0
  59: 0
  60: 0
  61: 0
  62: 0
  63: 0
 heartbeats: # Per-process heartbeats
  0: 0
  1: 0
  2: 0
  3: 0
  4: 0
  5: 0
  6: 0
  7: 0
  8: 0
  9: 0
  10: 0
  11: 0
  12: 0
  13: 0
  14: 0
  15: 0
  16: 0
  17: 0
  18: 0
  19: 0
  20: 0
  21: 0
  22: 0
  23: 0
  24: 0
  25: 0
  26: 0
  27: 0
  28: 0
  29: 0
  30: 0
  31: 0
  32: 0
  33: 0
  34: 0
  35: 0
  36: 0
  37: 0
  38: 0
  39: 0
  40: 0
  41: 0
  42: 0
  43: 0
  44: 0
  45: 0
  46: 0
  47: 0
  48: 0
  49: 0
  50: 0
  51: 0
  52: 0
  53: 0
  54: 0
  55: 0
  56: 0
  57: 0
  58: 0
  59: 0
  60: 0
  61: 0
  62: 0
  63: 0
===
