# zsim stats
===
root: # Stats
 contention: # Contention simulation stats
  domain-0: # Domain stats
   time: 19108343318 # Weave simulation time
 time: # Simulator time breakdown
  init: 32541489297
  bound: 63509557775
  weave: 21425493333
  ff: 2013310
 trigger: 20000 # Reason for this stats dump
 phase: 61875 # Simulated phases
 westmere: # Core stats
  westmere-0: # Core stats
   cycles: 610017471 # Simulated unhalted cycles
   cCycles: 116727093 # Cycles due to contention stalls
   instrs: 215335843 # Simulated instructions
   uops: 272237178 # Retired micro-ops
   bbls: 21790248 # Basic blocks
   approxInstrs: 15797453 # Instrs with approx uop decoding
   mispredBranches: 798874 # Mispredicted branches
   condBranches: 13970616 # conditional branches
  westmere-1: # Core stats
   cycles: 609306294 # Simulated unhalted cycles
   cCycles: 116653345 # Cycles due to contention stalls
   instrs: 215064942 # Simulated instructions
   uops: 271896447 # Retired micro-ops
   bbls: 21772205 # Basic blocks
   approxInstrs: 15772717 # Instrs with approx uop decoding
   mispredBranches: 798829 # Mispredicted branches
   condBranches: 13957663 # conditional branches
  westmere-2: # Core stats
   cycles: 610085089 # Simulated unhalted cycles
   cCycles: 116760883 # Cycles due to contention stalls
   instrs: 215257406 # Simulated instructions
   uops: 272140063 # Retired micro-ops
   bbls: 21784695 # Basic blocks
   approxInstrs: 15794572 # Instrs with approx uop decoding
   mispredBranches: 798760 # Mispredicted branches
   condBranches: 13967159 # conditional branches
  westmere-3: # Core stats
   cycles: 609171752 # Simulated unhalted cycles
   cCycles: 116562140 # Cycles due to contention stalls
   instrs: 215144425 # Simulated instructions
   uops: 271967279 # Retired micro-ops
   bbls: 21783035 # Basic blocks
   approxInstrs: 15772300 # Instrs with approx uop decoding
   mispredBranches: 796805 # Mispredicted branches
   condBranches: 13965444 # conditional branches
  westmere-4: # Core stats
   cycles: 610437728 # Simulated unhalted cycles
   cCycles: 116794769 # Cycles due to contention stalls
   instrs: 215498962 # Simulated instructions
   uops: 272446598 # Retired micro-ops
   bbls: 21804667 # Basic blocks
   approxInstrs: 15815556 # Instrs with approx uop decoding
   mispredBranches: 800062 # Mispredicted branches
   condBranches: 13980533 # conditional branches
  westmere-5: # Core stats
   cycles: 609941268 # Simulated unhalted cycles
   cCycles: 116707019 # Cycles due to contention stalls
   instrs: 215337394 # Simulated instructions
   uops: 272247339 # Retired micro-ops
   bbls: 21786389 # Basic blocks
   approxInstrs: 15802762 # Instrs with approx uop decoding
   mispredBranches: 798352 # Mispredicted branches
   condBranches: 13967840 # conditional branches
  westmere-6: # Core stats
   cycles: 609444497 # Simulated unhalted cycles
   cCycles: 116639423 # Cycles due to contention stalls
   instrs: 215136117 # Simulated instructions
   uops: 271990280 # Retired micro-ops
   bbls: 21773790 # Basic blocks
   approxInstrs: 15782178 # Instrs with approx uop decoding
   mispredBranches: 799435 # Mispredicted branches
   condBranches: 13958347 # conditional branches
  westmere-7: # Core stats
   cycles: 609103686 # Simulated unhalted cycles
   cCycles: 116552419 # Cycles due to contention stalls
   instrs: 215156019 # Simulated instructions
   uops: 272004052 # Retired micro-ops
   bbls: 21780692 # Basic blocks
   approxInstrs: 15778784 # Instrs with approx uop decoding
   mispredBranches: 799914 # Mispredicted branches
   condBranches: 13962830 # conditional branches
 l1i: # Cache stats
  l1i-0: # Filter cache stats
   fhGETS: 30451890 # Filtered GETS hits
   fhGETX: 0 # Filtered GETX hits
   hGETS: 526781 # GETS hits
   hGETX: 0 # GETX hits
   mGETS: 511 # GETS misses
   mGETXIM: 0 # GETX I->M misses
   mGETXSM: 0 # GETX S->M misses (upgrade misses)
   PUTS: 0 # Clean evictions (from lower level)
   PUTX: 0 # Dirty evictions (from lower level)
   INV: 26 # Invalidates (from upper level)
   INVX: 0 # Downgrades (from upper level)
   FWD: 0 # Forwards (from upper level)
   latGETnl: 37822 # GET request latency on next level
   latGETnet: 0 # GET request latency on network to next level
  l1i-1: # Filter cache stats
   fhGETS: 30426598 # Filtered GETS hits
   fhGETX: 0 # Filtered GETX hits
   hGETS: 526100 # GETS hits
   hGETX: 0 # GETX hits
   mGETS: 473 # GETS misses
   mGETXIM: 0 # GETX I->M misses
   mGETXSM: 0 # GETX S->M misses (upgrade misses)
   PUTS: 0 # Clean evictions (from lower level)
   PUTX: 0 # Dirty evictions (from lower level)
   INV: 30 # Invalidates (from upper level)
   INVX: 0 # Downgrades (from upper level)
   FWD: 0 # Forwards (from upper level)
   latGETnl: 18602 # GET request latency on next level
   latGETnet: 0 # GET request latency on network to next level
  l1i-2: # Filter cache stats
   fhGETS: 30443164 # Filtered GETS hits
   fhGETX: 0 # Filtered GETX hits
   hGETS: 526282 # GETS hits
   hGETX: 0 # GETX hits
   mGETS: 471 # GETS misses
   mGETXIM: 0 # GETX I->M misses
   mGETXSM: 0 # GETX S->M misses (upgrade misses)
   PUTS: 0 # Clean evictions (from lower level)
   PUTX: 0 # Dirty evictions (from lower level)
   INV: 23 # Invalidates (from upper level)
   INVX: 0 # Downgrades (from upper level)
   FWD: 0 # Forwards (from upper level)
   latGETnl: 29580 # GET request latency on next level
   latGETnet: 0 # GET request latency on network to next level
  l1i-3: # Filter cache stats
   fhGETS: 30429801 # Filtered GETS hits
   fhGETX: 0 # Filtered GETX hits
   hGETS: 526093 # GETS hits
   hGETX: 0 # GETX hits
   mGETS: 477 # GETS misses
   mGETXIM: 0 # GETX I->M misses
   mGETXSM: 0 # GETX S->M misses (upgrade misses)
   PUTS: 0 # Clean evictions (from lower level)
   PUTX: 0 # Dirty evictions (from lower level)
   INV: 27 # Invalidates (from upper level)
   INVX: 0 # Downgrades (from upper level)
   FWD: 0 # Forwards (from upper level)
   latGETnl: 32124 # GET request latency on next level
   latGETnet: 0 # GET request latency on network to next level
  l1i-4: # Filter cache stats
   fhGETS: 30475876 # Filtered GETS hits
   fhGETX: 0 # Filtered GETX hits
   hGETS: 526820 # GETS hits
   hGETX: 0 # GETX hits
   mGETS: 467 # GETS misses
   mGETXIM: 0 # GETX I->M misses
   mGETXSM: 0 # GETX S->M misses (upgrade misses)
   PUTS: 0 # Clean evictions (from lower level)
   PUTX: 0 # Dirty evictions (from lower level)
   INV: 28 # Invalidates (from upper level)
   INVX: 0 # Downgrades (from upper level)
   FWD: 0 # Forwards (from upper level)
   latGETnl: 17318 # GET request latency on next level
   latGETnet: 0 # GET request latency on network to next level
  l1i-5: # Filter cache stats
   fhGETS: 30444453 # Filtered GETS hits
   fhGETX: 0 # Filtered GETX hits
   hGETS: 526441 # GETS hits
   hGETX: 0 # GETX hits
   mGETS: 327 # GETS misses
   mGETXIM: 0 # GETX I->M misses
   mGETXSM: 0 # GETX S->M misses (upgrade misses)
   PUTS: 0 # Clean evictions (from lower level)
   PUTX: 0 # Dirty evictions (from lower level)
   INV: 27 # Invalidates (from upper level)
   INVX: 0 # Downgrades (from upper level)
   FWD: 0 # Forwards (from upper level)
   latGETnl: 14178 # GET request latency on next level
   latGETnet: 0 # GET request latency on network to next level
  l1i-6: # Filter cache stats
   fhGETS: 30432649 # Filtered GETS hits
   fhGETX: 0 # Filtered GETX hits
   hGETS: 526133 # GETS hits
   hGETX: 0 # GETX hits
   mGETS: 334 # GETS misses
   mGETXIM: 0 # GETX I->M misses
   mGETXSM: 0 # GETX S->M misses (upgrade misses)
   PUTS: 0 # Clean evictions (from lower level)
   PUTX: 0 # Dirty evictions (from lower level)
   INV: 26 # Invalidates (from upper level)
   INVX: 0 # Downgrades (from upper level)
   FWD: 0 # Forwards (from upper level)
   latGETnl: 14392 # GET request latency on next level
   latGETnet: 0 # GET request latency on network to next level
  l1i-7: # Filter cache stats
   fhGETS: 30441608 # Filtered GETS hits
   fhGETX: 0 # Filtered GETX hits
   hGETS: 526984 # GETS hits
   hGETX: 0 # GETX hits
   mGETS: 472 # GETS misses
   mGETXIM: 0 # GETX I->M misses
   mGETXSM: 0 # GETX S->M misses (upgrade misses)
   PUTS: 0 # Clean evictions (from lower level)
   PUTX: 0 # Dirty evictions (from lower level)
   INV: 35 # Invalidates (from upper level)
   INVX: 0 # Downgrades (from upper level)
   FWD: 0 # Forwards (from upper level)
   latGETnl: 16858 # GET request latency on next level
   latGETnet: 0 # GET request latency on network to next level
 l1d: # Cache stats
  l1d-0: # Filter cache stats
   fhGETS: 45585173 # Filtered GETS hits
   fhGETX: 10743585 # Filtered GETX hits
   hGETS: 6319761 # GETS hits
   hGETX: 3719446 # GETX hits
   mGETS: 4693609 # GETS misses
   mGETXIM: 252 # GETX I->M misses
   mGETXSM: 56559 # GETX S->M misses (upgrade misses)
   PUTS: 0 # Clean evictions (from lower level)
   PUTX: 0 # Dirty evictions (from lower level)
   INV: 8720 # Invalidates (from upper level)
   INVX: 45986 # Downgrades (from upper level)
   FWD: 0 # Forwards (from upper level)
   latGETnl: 390437772 # GET request latency on next level
   latGETnet: 0 # GET request latency on network to next level
  l1d-1: # Filter cache stats
   fhGETS: 45545041 # Filtered GETS hits
   fhGETX: 10738761 # Filtered GETX hits
   hGETS: 6293937 # GETS hits
   hGETX: 3715156 # GETX hits
   mGETS: 4685852 # GETS misses
   mGETXIM: 165 # GETX I->M misses
   mGETXSM: 55979 # GETX S->M misses (upgrade misses)
   PUTS: 0 # Clean evictions (from lower level)
   PUTX: 0 # Dirty evictions (from lower level)
   INV: 8592 # Invalidates (from upper level)
   INVX: 45637 # Downgrades (from upper level)
   FWD: 0 # Forwards (from upper level)
   latGETnl: 389868045 # GET request latency on next level
   latGETnet: 0 # GET request latency on network to next level
  l1d-2: # Filter cache stats
   fhGETS: 45588472 # Filtered GETS hits
   fhGETX: 10734932 # Filtered GETX hits
   hGETS: 6302112 # GETS hits
   hGETX: 3720380 # GETX hits
   mGETS: 4693381 # GETS misses
   mGETXIM: 187 # GETX I->M misses
   mGETXSM: 56311 # GETX S->M misses (upgrade misses)
   PUTS: 0 # Clean evictions (from lower level)
   PUTX: 0 # Dirty evictions (from lower level)
   INV: 8568 # Invalidates (from upper level)
   INVX: 45565 # Downgrades (from upper level)
   FWD: 0 # Forwards (from upper level)
   latGETnl: 390567726 # GET request latency on next level
   latGETnet: 0 # GET request latency on network to next level
  l1d-3: # Filter cache stats
   fhGETS: 45553768 # Filtered GETS hits
   fhGETX: 10744135 # Filtered GETX hits
   hGETS: 6293922 # GETS hits
   hGETX: 3715531 # GETX hits
   mGETS: 4686694 # GETS misses
   mGETXIM: 193 # GETX I->M misses
   mGETXSM: 56432 # GETX S->M misses (upgrade misses)
   PUTS: 0 # Clean evictions (from lower level)
   PUTX: 0 # Dirty evictions (from lower level)
   INV: 8631 # Invalidates (from upper level)
   INVX: 45911 # Downgrades (from upper level)
   FWD: 0 # Forwards (from upper level)
   latGETnl: 389919130 # GET request latency on next level
   latGETnet: 0 # GET request latency on network to next level
  l1d-4: # Filter cache stats
   fhGETS: 45646478 # Filtered GETS hits
   fhGETX: 10741349 # Filtered GETX hits
   hGETS: 6302297 # GETS hits
   hGETX: 3724738 # GETX hits
   mGETS: 4698165 # GETS misses
   mGETXIM: 157 # GETX I->M misses
   mGETXSM: 56560 # GETX S->M misses (upgrade misses)
   PUTS: 0 # Clean evictions (from lower level)
   PUTX: 0 # Dirty evictions (from lower level)
   INV: 8784 # Invalidates (from upper level)
   INVX: 46129 # Downgrades (from upper level)
   FWD: 0 # Forwards (from upper level)
   latGETnl: 390789896 # GET request latency on next level
   latGETnet: 0 # GET request latency on network to next level
  l1d-5: # Filter cache stats
   fhGETS: 45610918 # Filtered GETS hits
   fhGETX: 10737587 # Filtered GETX hits
   hGETS: 6301367 # GETS hits
   hGETX: 3720224 # GETX hits
   mGETS: 4694578 # GETS misses
   mGETXIM: 106 # GETX I->M misses
   mGETXSM: 56927 # GETX S->M misses (upgrade misses)
   PUTS: 0 # Clean evictions (from lower level)
   PUTX: 0 # Dirty evictions (from lower level)
   INV: 8508 # Invalidates (from upper level)
   INVX: 46033 # Downgrades (from upper level)
   FWD: 0 # Forwards (from upper level)
   latGETnl: 390337631 # GET request latency on next level
   latGETnet: 0 # GET request latency on network to next level
  l1d-6: # Filter cache stats
   fhGETS: 45561709 # Filtered GETS hits
   fhGETX: 10736045 # Filtered GETX hits
   hGETS: 6297931 # GETS hits
   hGETX: 3717443 # GETX hits
   mGETS: 4689370 # GETS misses
   mGETXIM: 123 # GETX I->M misses
   mGETXSM: 56607 # GETX S->M misses (upgrade misses)
   PUTS: 0 # Clean evictions (from lower level)
   PUTX: 0 # Dirty evictions (from lower level)
   INV: 8735 # Invalidates (from upper level)
   INVX: 45866 # Downgrades (from upper level)
   FWD: 0 # Forwards (from upper level)
   latGETnl: 390053195 # GET request latency on next level
   latGETnet: 0 # GET request latency on network to next level
  l1d-7: # Filter cache stats
   fhGETS: 45568980 # Filtered GETS hits
   fhGETX: 10741589 # Filtered GETX hits
   hGETS: 6290038 # GETS hits
   hGETX: 3716056 # GETX hits
   mGETS: 4687353 # GETS misses
   mGETXIM: 169 # GETX I->M misses
   mGETXSM: 56864 # GETX S->M misses (upgrade misses)
   PUTS: 0 # Clean evictions (from lower level)
   PUTX: 0 # Dirty evictions (from lower level)
   INV: 8672 # Invalidates (from upper level)
   INVX: 46282 # Downgrades (from upper level)
   FWD: 0 # Forwards (from upper level)
   latGETnl: 389777135 # GET request latency on next level
   latGETnet: 0 # GET request latency on network to next level
 l2: # Cache stats
  l2-0: # Cache stats
   hGETS: 193571 # GETS hits
   hGETX: 61 # GETX hits
   mGETS: 4500549 # GETS misses
   mGETXIM: 191 # GETX I->M misses
   mGETXSM: 56559 # GETX S->M misses (upgrade misses)
   PUTS: 2662288 # Clean evictions (from lower level)
   PUTX: 2022403 # Dirty evictions (from lower level)
   INV: 57369 # Invalidates (from upper level)
   INVX: 321122 # Downgrades (from upper level)
   FWD: 0 # Forwards (from upper level)
   latGETnl: 342966284 # GET request latency on next level
   latGETnet: 0 # GET request latency on network to next level
  l2-1: # Cache stats
   hGETS: 192007 # GETS hits
   hGETX: 50 # GETX hits
   mGETS: 4494318 # GETS misses
   mGETXIM: 117 # GETX I->M misses
   mGETXSM: 55977 # GETX S->M misses (upgrade misses)
   PUTS: 2657646 # Clean evictions (from lower level)
   PUTX: 2019320 # Dirty evictions (from lower level)
   INV: 56284 # Invalidates (from upper level)
   INVX: 316458 # Downgrades (from upper level)
   FWD: 0 # Forwards (from upper level)
   latGETnl: 342461957 # GET request latency on next level
   latGETnet: 0 # GET request latency on network to next level
  l2-2: # Cache stats
   hGETS: 192342 # GETS hits
   hGETX: 50 # GETX hits
   mGETS: 4501510 # GETS misses
   mGETXIM: 138 # GETX I->M misses
   mGETXSM: 56310 # GETX S->M misses (upgrade misses)
   PUTS: 2662429 # Clean evictions (from lower level)
   PUTX: 2022107 # Dirty evictions (from lower level)
   INV: 56446 # Invalidates (from upper level)
   INVX: 317709 # Downgrades (from upper level)
   FWD: 0 # Forwards (from upper level)
   latGETnl: 343093806 # GET request latency on next level
   latGETnet: 0 # GET request latency on network to next level
  l2-3: # Cache stats
   hGETS: 192062 # GETS hits
   hGETX: 54 # GETX hits
   mGETS: 4495109 # GETS misses
   mGETXIM: 140 # GETX I->M misses
   mGETXSM: 56431 # GETX S->M misses (upgrade misses)
   PUTS: 2658445 # Clean evictions (from lower level)
   PUTX: 2019346 # Dirty evictions (from lower level)
   INV: 56683 # Invalidates (from upper level)
   INVX: 318067 # Downgrades (from upper level)
   FWD: 0 # Forwards (from upper level)
   latGETnl: 342513294 # GET request latency on next level
   latGETnet: 0 # GET request latency on network to next level
  l2-4: # Cache stats
   hGETS: 192068 # GETS hits
   hGETX: 54 # GETX hits
   mGETS: 4506564 # GETS misses
   mGETXIM: 108 # GETX I->M misses
   mGETXSM: 56555 # GETX S->M misses (upgrade misses)
   PUTS: 2664459 # Clean evictions (from lower level)
   PUTX: 2024620 # Dirty evictions (from lower level)
   INV: 56882 # Invalidates (from upper level)
   INVX: 319413 # Downgrades (from upper level)
   FWD: 0 # Forwards (from upper level)
   latGETnl: 343253724 # GET request latency on next level
   latGETnet: 0 # GET request latency on network to next level
  l2-5: # Cache stats
   hGETS: 196811 # GETS hits
   hGETX: 38 # GETX hits
   mGETS: 4498094 # GETS misses
   mGETXIM: 71 # GETX I->M misses
   mGETXSM: 56924 # GETX S->M misses (upgrade misses)
   PUTS: 2662659 # Clean evictions (from lower level)
   PUTX: 2023029 # Dirty evictions (from lower level)
   INV: 57907 # Invalidates (from upper level)
   INVX: 326155 # Downgrades (from upper level)
   FWD: 0 # Forwards (from upper level)
   latGETnl: 342832429 # GET request latency on next level
   latGETnet: 0 # GET request latency on network to next level
  l2-6: # Cache stats
   hGETS: 196553 # GETS hits
   hGETX: 60 # GETX hits
   mGETS: 4493151 # GETS misses
   mGETXIM: 65 # GETX I->M misses
   mGETXSM: 56605 # GETX S->M misses (upgrade misses)
   PUTS: 2659917 # Clean evictions (from lower level)
   PUTX: 2020350 # Dirty evictions (from lower level)
   INV: 58214 # Invalidates (from upper level)
   INVX: 326819 # Downgrades (from upper level)
   FWD: 0 # Forwards (from upper level)
   latGETnl: 342603247 # GET request latency on next level
   latGETnet: 0 # GET request latency on network to next level
  l2-7: # Cache stats
   hGETS: 193268 # GETS hits
   hGETX: 67 # GETX hits
   mGETS: 4494557 # GETS misses
   mGETXIM: 104 # GETX I->M misses
   mGETXSM: 56862 # GETX S->M misses (upgrade misses)
   PUTS: 2658300 # Clean evictions (from lower level)
   PUTX: 2020086 # Dirty evictions (from lower level)
   INV: 57003 # Invalidates (from upper level)
   INVX: 319369 # Downgrades (from upper level)
   FWD: 0 # Forwards (from upper level)
   latGETnl: 342345413 # GET request latency on next level
   latGETnet: 0 # GET request latency on network to next level
 l3: # Cache stats
  l3-0b0: # Cache stats
   hGETS: 1941275 # GETS hits
   hGETX: 56937 # GETX hits
   mGETS: 2550817 # GETS misses
   mGETXIM: 106 # GETX I->M misses
   mGETXSM: 0 # GETX S->M misses (upgrade misses)
   PUTS: 2517750 # Clean evictions (from lower level)
   PUTX: 1913465 # Dirty evictions (from lower level)
   INV: 0 # Invalidates (from upper level)
   INVX: 0 # Downgrades (from upper level)
   FWD: 0 # Forwards (from upper level)
   latGETnl: 229583070 # GET request latency on next level
   latGETnet: 0 # GET request latency on network to next level
  l3-0b1: # Cache stats
   hGETS: 1948539 # GETS hits
   hGETX: 56412 # GETX hits
   mGETS: 2552630 # GETS misses
   mGETXIM: 90 # GETX I->M misses
   mGETXSM: 0 # GETX S->M misses (upgrade misses)
   PUTS: 2523778 # Clean evictions (from lower level)
   PUTX: 1916947 # Dirty evictions (from lower level)
   INV: 0 # Invalidates (from upper level)
   INVX: 0 # Downgrades (from upper level)
   FWD: 0 # Forwards (from upper level)
   latGETnl: 229744800 # GET request latency on next level
   latGETnet: 0 # GET request latency on network to next level
  l3-0b2: # Cache stats
   hGETS: 1942668 # GETS hits
   hGETX: 55781 # GETX hits
   mGETS: 2548843 # GETS misses
   mGETXIM: 91 # GETX I->M misses
   mGETXSM: 0 # GETX S->M misses (upgrade misses)
   PUTS: 2516470 # Clean evictions (from lower level)
   PUTX: 1915299 # Dirty evictions (from lower level)
   INV: 0 # Invalidates (from upper level)
   INVX: 0 # Downgrades (from upper level)
   FWD: 0 # Forwards (from upper level)
   latGETnl: 229404060 # GET request latency on next level
   latGETnet: 0 # GET request latency on network to next level
  l3-0b3: # Cache stats
   hGETS: 1952973 # GETS hits
   hGETX: 56377 # GETX hits
   mGETS: 2550524 # GETS misses
   mGETXIM: 105 # GETX I->M misses
   mGETXSM: 0 # GETX S->M misses (upgrade misses)
   PUTS: 2524119 # Clean evictions (from lower level)
   PUTX: 1919075 # Dirty evictions (from lower level)
   INV: 0 # Invalidates (from upper level)
   INVX: 0 # Downgrades (from upper level)
   FWD: 0 # Forwards (from upper level)
   latGETnl: 229556610 # GET request latency on next level
   latGETnet: 0 # GET request latency on network to next level
  l3-0b4: # Cache stats
   hGETS: 1949204 # GETS hits
   hGETX: 57824 # GETX hits
   mGETS: 2552451 # GETS misses
   mGETXIM: 114 # GETX I->M misses
   mGETXSM: 0 # GETX S->M misses (upgrade misses)
   PUTS: 2518744 # Clean evictions (from lower level)
   PUTX: 1917020 # Dirty evictions (from lower level)
   INV: 0 # Invalidates (from upper level)
   INVX: 0 # Downgrades (from upper level)
   FWD: 0 # Forwards (from upper level)
   latGETnl: 229730850 # GET request latency on next level
   latGETnet: 0 # GET request latency on network to next level
  l3-0b5: # Cache stats
   hGETS: 1944524 # GETS hits
   hGETX: 57527 # GETX hits
   mGETS: 2550858 # GETS misses
   mGETXIM: 91 # GETX I->M misses
   mGETXSM: 0 # GETX S->M misses (upgrade misses)
   PUTS: 2525727 # Clean evictions (from lower level)
   PUTX: 1908085 # Dirty evictions (from lower level)
   INV: 0 # Invalidates (from upper level)
   INVX: 0 # Downgrades (from upper level)
   FWD: 0 # Forwards (from upper level)
   latGETnl: 229585410 # GET request latency on next level
   latGETnet: 0 # GET request latency on network to next level
  l3-0b6: # Cache stats
   hGETS: 1938887 # GETS hits
   hGETX: 55982 # GETX hits
   mGETS: 2555087 # GETS misses
   mGETXIM: 98 # GETX I->M misses
   mGETXSM: 0 # GETX S->M misses (upgrade misses)
   PUTS: 2524982 # Clean evictions (from lower level)
   PUTX: 1908966 # Dirty evictions (from lower level)
   INV: 0 # Invalidates (from upper level)
   INVX: 0 # Downgrades (from upper level)
   FWD: 0 # Forwards (from upper level)
   latGETnl: 229966650 # GET request latency on next level
   latGETnet: 0 # GET request latency on network to next level
  l3-0b7: # Cache stats
   hGETS: 1955731 # GETS hits
   hGETX: 55517 # GETX hits
   mGETS: 2548841 # GETS misses
   mGETXIM: 105 # GETX I->M misses
   mGETXSM: 0 # GETX S->M misses (upgrade misses)
   PUTS: 2530306 # Clean evictions (from lower level)
   PUTX: 1914660 # Dirty evictions (from lower level)
   INV: 0 # Invalidates (from upper level)
   INVX: 0 # Downgrades (from upper level)
   FWD: 0 # Forwards (from upper level)
   latGETnl: 229405140 # GET request latency on next level
   latGETnet: 0 # GET request latency on network to next level
 mem: # Memory controller stats
  mem-0: # Memory controller stats
   rd: 5102032 # Read requests
   wr: 3299611 # Write requests
   rdlat: 716711124 # Total latency experienced by read requests
   wrlat: 540147867 # Total latency experienced by write requests
   rdhits: 7731 # Read row hits
   wrhits: 9474 # Write row hits
   mlh: # latency histogram for memory requests
    0: 0
    1: 0
    2: 0
    3: 0
    4: 0
    5: 0
    6: 0
    7: 0
    8: 0
    9: 0
    10: 0
    11: 1407
    12: 1543
    13: 3976996
    14: 448521
    15: 290574
    16: 147740
    17: 27934
    18: 21190
    19: 20664
    20: 20056
    21: 19749
    22: 17445
    23: 19274
    24: 20331
    25: 9528
    26: 1951
    27: 1912
    28: 2239
    29: 2268
    30: 2684
    31: 2703
    32: 3032
    33: 3006
    34: 3141
    35: 3268
    36: 3512
    37: 3231
    38: 3168
    39: 3122
    40: 3069
    41: 3393
    42: 3298
    43: 2517
    44: 1854
    45: 1650
    46: 1417
    47: 1281
    48: 628
    49: 189
    50: 126
    51: 100
    52: 84
    53: 67
    54: 59
    55: 44
    56: 25
    57: 10
    58: 9
    59: 8
    60: 1
    61: 3
    62: 4
    63: 2
    64: 3
    65: 0
    66: 0
    67: 0
    68: 0
    69: 0
    70: 0
    71: 0
    72: 1
    73: 0
    74: 1
    75: 0
    76: 0
    77: 0
    78: 0
    79: 0
    80: 0
    81: 0
    82: 0
    83: 0
    84: 0
    85: 0
    86: 0
    87: 0
    88: 0
    89: 0
    90: 0
    91: 0
    92: 0
    93: 0
    94: 0
    95: 0
    96: 0
    97: 0
    98: 0
    99: 0
  mem-1: # Memory controller stats
   rd: 5103688 # Read requests
   wr: 3304169 # Write requests
   rdlat: 717060516 # Total latency experienced by read requests
   wrlat: 540880246 # Total latency experienced by write requests
   rdhits: 7707 # Read row hits
   wrhits: 9330 # Write row hits
   mlh: # latency histogram for memory requests
    0: 0
    1: 0
    2: 0
    3: 0
    4: 0
    5: 0
    6: 0
    7: 0
    8: 0
    9: 2
    10: 0
    11: 1390
    12: 1555
    13: 3976031
    14: 449191
    15: 291493
    16: 148136
    17: 27767
    18: 21141
    19: 20740
    20: 20269
    21: 19917
    22: 17343
    23: 19551
    24: 20277
    25: 9621
    26: 2015
    27: 1991
    28: 2275
    29: 2350
    30: 2736
    31: 2732
    32: 3050
    33: 3078
    34: 2998
    35: 3155
    36: 3300
    37: 3300
    38: 3102
    39: 3181
    40: 3072
    41: 3311
    42: 3300
    43: 2573
    44: 1931
    45: 1687
    46: 1440
    47: 1283
    48: 679
    49: 183
    50: 133
    51: 109
    52: 85
    53: 62
    54: 54
    55: 36
    56: 20
    57: 12
    58: 11
    59: 12
    60: 3
    61: 2
    62: 2
    63: 0
    64: 0
    65: 1
    66: 0
    67: 0
    68: 0
    69: 0
    70: 0
    71: 0
    72: 0
    73: 0
    74: 0
    75: 0
    76: 0
    77: 0
    78: 0
    79: 0
    80: 0
    81: 0
    82: 0
    83: 0
    84: 0
    85: 0
    86: 0
    87: 0
    88: 0
    89: 0
    90: 0
    91: 0
    92: 0
    93: 0
    94: 0
    95: 0
    96: 0
    97: 0
    98: 0
    99: 0
  mem-2: # Memory controller stats
   rd: 5104206 # Read requests
   wr: 3300154 # Write requests
   rdlat: 717105498 # Total latency experienced by read requests
   wrlat: 540445725 # Total latency experienced by write requests
   rdhits: 7633 # Read row hits
   wrhits: 9400 # Write row hits
   mlh: # latency histogram for memory requests
    0: 0
    1: 0
    2: 0
    3: 0
    4: 0
    5: 0
    6: 0
    7: 0
    8: 0
    9: 0
    10: 1
    11: 1395
    12: 1554
    13: 3976269
    14: 450145
    15: 290194
    16: 148458
    17: 28020
    18: 21211
    19: 20555
    20: 20304
    21: 19883
    22: 17505
    23: 19446
    24: 20461
    25: 9502
    26: 2084
    27: 2007
    28: 2279
    29: 2284
    30: 2602
    31: 2802
    32: 3125
    33: 3067
    34: 2959
    35: 3187
    36: 3400
    37: 3335
    38: 3187
    39: 3148
    40: 3102
    41: 3444
    42: 3411
    43: 2552
    44: 1817
    45: 1581
    46: 1317
    47: 1260
    48: 698
    49: 158
    50: 119
    51: 102
    52: 66
    53: 62
    54: 58
    55: 25
    56: 17
    57: 18
    58: 13
    59: 6
    60: 2
    61: 2
    62: 3
    63: 2
    64: 0
    65: 0
    66: 0
    67: 1
    68: 0
    69: 0
    70: 0
    71: 0
    72: 0
    73: 0
    74: 1
    75: 0
    76: 0
    77: 0
    78: 0
    79: 0
    80: 0
    81: 0
    82: 0
    83: 0
    84: 0
    85: 0
    86: 0
    87: 0
    88: 0
    89: 0
    90: 0
    91: 0
    92: 0
    93: 0
    94: 0
    95: 0
    96: 0
    97: 0
    98: 0
    99: 0
  mem-3: # Memory controller stats
   rd: 5100901 # Read requests
   wr: 3300702 # Write requests
   rdlat: 716672929 # Total latency experienced by read requests
   wrlat: 540319456 # Total latency experienced by write requests
   rdhits: 7672 # Read row hits
   wrhits: 9390 # Write row hits
   mlh: # latency histogram for memory requests
    0: 0
    1: 0
    2: 0
    3: 0
    4: 0
    5: 0
    6: 0
    7: 0
    8: 0
    9: 0
    10: 0
    11: 1416
    12: 1532
    13: 3973934
    14: 450025
    15: 290645
    16: 147653
    17: 27724
    18: 20859
    19: 21041
    20: 20268
    21: 19915
    22: 17664
    23: 19463
    24: 20319
    25: 9267
    26: 1959
    27: 1925
    28: 2152
    29: 2266
    30: 2580
    31: 2840
    32: 3061
    33: 3112
    34: 2981
    35: 2951
    36: 3422
    37: 3305
    38: 3145
    39: 3286
    40: 3167
    41: 3394
    42: 3398
    43: 2503
    44: 1853
    45: 1687
    46: 1450
    47: 1292
    48: 726
    49: 170
    50: 147
    51: 120
    52: 82
    53: 59
    54: 54
    55: 24
    56: 26
    57: 9
    58: 14
    59: 5
    60: 6
    61: 2
    62: 1
    63: 0
    64: 0
    65: 0
    66: 0
    67: 1
    68: 0
    69: 1
    70: 0
    71: 0
    72: 0
    73: 0
    74: 0
    75: 0
    76: 0
    77: 0
    78: 0
    79: 0
    80: 0
    81: 0
    82: 0
    83: 0
    84: 0
    85: 0
    86: 0
    87: 0
    88: 0
    89: 0
    90: 0
    91: 0
    92: 0
    93: 0
    94: 0
    95: 0
    96: 0
    97: 0
    98: 0
    99: 0
 sched: # Scheduler stats
  thCr: 9 # Threads created
  thFn: 9 # Threads finished
  schedEvs: 17 # Schedule events
  waitEvs: 0 # Wait events
  handoffEvs: 0 # Handoff events
  sleepEvs: 0 # Sleep events
  idlePhases: 0 # Phases with no thread active
  idlePeriods: 0 # Periods with no thread active
  occHist: # Occupancy histogram
   0: 0
   1: 3
   2: 0
   3: 0
   4: 0
   5: 0
   6: 0
   7: 1
   8: 61871
  rqSzHist: # Run queue size histogram
   0: 61875
   1: 0
   2: 0
   3: 0
   4: 0
   5: 0
   6: 0
   7: 0
   8: 0
   9: 0
   10: 0
   11: 0
   12: 0
   13: 0
   14: 0
   15: 0
   16: 0
 procCycles: # Per-process unhalted core cycles
  0: 4877498922
  1: 0
  2: 0
  3: 0
  4: 0
  5: 0
  6: 0
  7: 0
  8: 0
  9: 0
  10: 0
  11: 0
  12: 0
  13: 0
  14: 0
  15: 0
  16: 0
  17: 0
  18: 0
  19: 0
  20: 0
  21: 0
  22: 0
  23: 0
  24: 0
  25: 0
  26: 0
  27: 0
  28: 0
  29: 0
  30: 0
  31: 0
  32: 0
  33: 0
  34: 0
  35: 0
  36: 0
  37: 0
  38: 0
  39: 0
  40: 0
  41: 0
  42: 0
  43: 0
  44: 0
  45: 0
  46: 0
  47: 0
  48: 0
  49: 0
  50: 0
  51: 0
  52: 0
  53: 0
  54: 0
  55: 0
  56: 0
  57: 0
  58: 0
  59: 0
  60: 0
  61: 0
  62: 0
  63: 0
 procInstrs: # Per-process instructions
  0: 1721931108
  1: 0
  2: 0
  3: 0
  4: 0
  5: 0
  6: 0
  7: 0
  8: 0
  9: 0
  10: 0
  11: 0
  12: 0
  13: 0
  14: 0
  15: 0
  16: 0
  17: 0
  18: 0
  19: 0
  20: 0
  21: 0
  22: 0
  23: 0
  24: 0
  25: 0
  26: 0
  27: 0
  28: 0
  29: 0
  30: 0
  31: 0
  32: 0
  33: 0
  34: 0
  35: 0
  36: 0
  37: 0
  38: 0
  39: 0
  40: 0
  41: 0
  42: 0
  43: 0
  44: 0
  45: 0
  46: 0
  47: 0
  48: 0
  49: 0
  50: 0
  51: 0
  52: 0
  53: 0
  54: 0
  55: 0
  56: 0
  57: 0
  58: 0
  59: 0
  60: 0
  61: 0
  62: 0
  63: 0
 heartbeats: # Per-process heartbeats
  0: 0
  1: 0
  2: 0
  3: 0
  4: 0
  5: 0
  6: 0
  7: 0
  8: 0
  9: 0
  10: 0
  11: 0
  12: 0
  13: 0
  14: 0
  15: 0
  16: 0
  17: 0
  18: 0
  19: 0
  20: 0
  21: 0
  22: 0
  23: 0
  24: 0
  25: 0
  26: 0
  27: 0
  28: 0
  29: 0
  30: 0
  31: 0
  32: 0
  33: 0
  34: 0
  35: 0
  36: 0
  37: 0
  38: 0
  39: 0
  40: 0
  41: 0
  42: 0
  43: 0
  44: 0
  45: 0
  46: 0
  47: 0
  48: 0
  49: 0
  50: 0
  51: 0
  52: 0
  53: 0
  54: 0
  55: 0
  56: 0
  57: 0
  58: 0
  59: 0
  60: 0
  61: 0
  62: 0
  63: 0
===
