# zsim stats
===
root: # Stats
 contention: # Contention simulation stats
  domain-0: # Domain stats
   time: 3213256152 # Weave simulation time
 time: # Simulator time breakdown
  init: 5664069818776
  bound: 25997565959
  weave: 7344244893
  ff: 0
 trigger: 20000 # Reason for this stats dump
 phase: 19359 # Simulated phases
 westmere: # Core stats
  westmere-0: # Core stats
   cycles: 193591372 # Simulated unhalted cycles
   cCycles: 37116988 # Cycles due to contention stalls
   instrs: 100001457 # Simulated instructions
   uops: 109396504 # Retired micro-ops
   bbls: 20125410 # Basic blocks
   approxInstrs: 1763957 # Instrs with approx uop decoding
   mispredBranches: 1071839 # Mispredicted branches
   condBranches: 19086898 # conditional branches
 l1i: # Cache stats
  l1i-0: # Filter cache stats
   fhGETS: 25592235 # Filtered GETS hits
   fhGETX: 0 # Filtered GETX hits
   hGETS: 199674 # GETS hits
   hGETX: 0 # GETX hits
   mGETS: 5026 # GETS misses
   mGETXIM: 0 # GETX I->M misses
   mGETXSM: 0 # GETX S->M misses (upgrade misses)
   PUTS: 0 # Clean evictions (from lower level)
   PUTX: 0 # Dirty evictions (from lower level)
   INV: 4958 # Invalidates (from upper level)
   INVX: 0 # Downgrades (from upper level)
   FWD: 0 # Forwards (from upper level)
   latGETnl: 623110 # GET request latency on next level
   latGETnet: 0 # GET request latency on network to next level
 l1d: # Cache stats
  l1d-0: # Filter cache stats
   fhGETS: 22758747 # Filtered GETS hits
   fhGETX: 4003190 # Filtered GETX hits
   hGETS: 2444886 # GETS hits
   hGETX: 2622194 # GETX hits
   mGETS: 3455133 # GETS misses
   mGETXIM: 732717 # GETX I->M misses
   mGETXSM: 0 # GETX S->M misses (upgrade misses)
   PUTS: 0 # Clean evictions (from lower level)
   PUTX: 0 # Dirty evictions (from lower level)
   INV: 10301 # Invalidates (from upper level)
   INVX: 0 # Downgrades (from upper level)
   FWD: 0 # Forwards (from upper level)
   latGETnl: 309868884 # GET request latency on next level
   latGETnet: 0 # GET request latency on network to next level
 l2: # Cache stats
  l2-0: # Cache stats
   hGETS: 748720 # GETS hits
   hGETX: 128395 # GETX hits
   mGETS: 2711439 # GETS misses
   mGETXIM: 604322 # GETX I->M misses
   mGETXSM: 0 # GETX S->M misses (upgrade misses)
   PUTS: 2403010 # Clean evictions (from lower level)
   PUTX: 1774051 # Dirty evictions (from lower level)
   INV: 47025 # Invalidates (from upper level)
   INVX: 0 # Downgrades (from upper level)
   FWD: 0 # Forwards (from upper level)
   latGETnl: 268563234 # GET request latency on next level
   latGETnet: 0 # GET request latency on network to next level
 l3: # Cache stats
  l3-0: # Cache stats
   hGETS: 1017489 # GETS hits
   hGETX: 198439 # GETX hits
   mGETS: 1693950 # GETS misses
   mGETXIM: 405883 # GETX I->M misses
   mGETXSM: 0 # GETX S->M misses (upgrade misses)
   PUTS: 1975080 # Clean evictions (from lower level)
   PUTX: 1289564 # Dirty evictions (from lower level)
   INV: 0 # Invalidates (from upper level)
   INVX: 0 # Downgrades (from upper level)
   FWD: 0 # Forwards (from upper level)
   latGETnl: 188984970 # GET request latency on next level
   latGETnet: 0 # GET request latency on network to next level
 mem: # Memory controller stats
  mem-0: # Memory controller stats
   rd: 524072 # Read requests
   wr: 197654 # Write requests
   rdlat: 71531465 # Total latency experienced by read requests
   wrlat: 30410384 # Total latency experienced by write requests
   rdhits: 14752 # Read row hits
   wrhits: 1337 # Write row hits
   mlh: # latency histogram for memory requests
    0: 0
    1: 0
    2: 0
    3: 0
    4: 0
    5: 0
    6: 0
    7: 0
    8: 0
    9: 0
    10: 0
    11: 716
    12: 612
    13: 458956
    14: 36006
    15: 10703
    16: 4346
    17: 1372
    18: 654
    19: 754
    20: 813
    21: 807
    22: 569
    23: 539
    24: 1034
    25: 789
    26: 172
    27: 224
    28: 221
    29: 263
    30: 307
    31: 325
    32: 332
    33: 336
    34: 325
    35: 324
    36: 360
    37: 330
    38: 300
    39: 271
    40: 300
    41: 316
    42: 274
    43: 125
    44: 58
    45: 51
    46: 54
    47: 59
    48: 48
    49: 5
    50: 6
    51: 6
    52: 3
    53: 2
    54: 1
    55: 1
    56: 1
    57: 0
    58: 1
    59: 1
    60: 0
    61: 0
    62: 0
    63: 0
    64: 0
    65: 0
    66: 0
    67: 0
    68: 0
    69: 0
    70: 0
    71: 0
    72: 0
    73: 0
    74: 0
    75: 0
    76: 0
    77: 0
    78: 0
    79: 0
    80: 0
    81: 0
    82: 0
    83: 0
    84: 0
    85: 0
    86: 0
    87: 0
    88: 0
    89: 0
    90: 0
    91: 0
    92: 0
    93: 0
    94: 0
    95: 0
    96: 0
    97: 0
    98: 0
    99: 0
  mem-1: # Memory controller stats
   rd: 525921 # Read requests
   wr: 198435 # Write requests
   rdlat: 71740043 # Total latency experienced by read requests
   wrlat: 30530430 # Total latency experienced by write requests
   rdhits: 14519 # Read row hits
   wrhits: 1426 # Write row hits
   mlh: # latency histogram for memory requests
    0: 0
    1: 0
    2: 0
    3: 0
    4: 0
    5: 0
    6: 0
    7: 0
    8: 0
    9: 0
    10: 0
    11: 700
    12: 570
    13: 462155
    14: 34953
    15: 10234
    16: 4421
    17: 1504
    18: 672
    19: 797
    20: 834
    21: 839
    22: 465
    23: 652
    24: 1081
    25: 768
    26: 212
    27: 222
    28: 217
    29: 255
    30: 282
    31: 314
    32: 293
    33: 331
    34: 295
    35: 298
    36: 325
    37: 346
    38: 290
    39: 273
    40: 302
    41: 316
    42: 290
    43: 156
    44: 51
    45: 52
    46: 41
    47: 50
    48: 37
    49: 9
    50: 5
    51: 2
    52: 4
    53: 4
    54: 1
    55: 0
    56: 1
    57: 0
    58: 0
    59: 2
    60: 0
    61: 0
    62: 0
    63: 0
    64: 0
    65: 0
    66: 0
    67: 0
    68: 0
    69: 0
    70: 0
    71: 0
    72: 0
    73: 0
    74: 0
    75: 0
    76: 0
    77: 0
    78: 0
    79: 0
    80: 0
    81: 0
    82: 0
    83: 0
    84: 0
    85: 0
    86: 0
    87: 0
    88: 0
    89: 0
    90: 0
    91: 0
    92: 0
    93: 0
    94: 0
    95: 0
    96: 0
    97: 0
    98: 0
    99: 0
  mem-2: # Memory controller stats
   rd: 524287 # Read requests
   wr: 197271 # Write requests
   rdlat: 71490032 # Total latency experienced by read requests
   wrlat: 30303080 # Total latency experienced by write requests
   rdhits: 14652 # Read row hits
   wrhits: 1344 # Write row hits
   mlh: # latency histogram for memory requests
    0: 0
    1: 0
    2: 0
    3: 0
    4: 0
    5: 0
    6: 0
    7: 0
    8: 0
    9: 0
    10: 0
    11: 704
    12: 635
    13: 459650
    14: 36504
    15: 10188
    16: 4215
    17: 1312
    18: 694
    19: 658
    20: 738
    21: 845
    22: 503
    23: 583
    24: 1159
    25: 692
    26: 195
    27: 202
    28: 233
    29: 282
    30: 291
    31: 300
    32: 333
    33: 297
    34: 317
    35: 301
    36: 340
    37: 312
    38: 299
    39: 290
    40: 321
    41: 265
    42: 259
    43: 139
    44: 65
    45: 36
    46: 44
    47: 35
    48: 28
    49: 9
    50: 2
    51: 4
    52: 1
    53: 4
    54: 2
    55: 0
    56: 0
    57: 0
    58: 1
    59: 0
    60: 0
    61: 0
    62: 0
    63: 0
    64: 0
    65: 0
    66: 0
    67: 0
    68: 0
    69: 0
    70: 0
    71: 0
    72: 0
    73: 0
    74: 0
    75: 0
    76: 0
    77: 0
    78: 0
    79: 0
    80: 0
    81: 0
    82: 0
    83: 0
    84: 0
    85: 0
    86: 0
    87: 0
    88: 0
    89: 0
    90: 0
    91: 0
    92: 0
    93: 0
    94: 0
    95: 0
    96: 0
    97: 0
    98: 0
    99: 0
  mem-3: # Memory controller stats
   rd: 525537 # Read requests
   wr: 197871 # Write requests
   rdlat: 71690916 # Total latency experienced by read requests
   wrlat: 30356972 # Total latency experienced by write requests
   rdhits: 14593 # Read row hits
   wrhits: 1352 # Write row hits
   mlh: # latency histogram for memory requests
    0: 0
    1: 0
    2: 0
    3: 0
    4: 0
    5: 0
    6: 0
    7: 0
    8: 0
    9: 0
    10: 0
    11: 709
    12: 567
    13: 461780
    14: 35449
    15: 9900
    16: 4298
    17: 1495
    18: 687
    19: 712
    20: 720
    21: 730
    22: 598
    23: 563
    24: 1240
    25: 796
    26: 199
    27: 202
    28: 248
    29: 249
    30: 269
    31: 307
    32: 327
    33: 317
    34: 316
    35: 331
    36: 327
    37: 343
    38: 291
    39: 287
    40: 268
    41: 278
    42: 302
    43: 141
    44: 50
    45: 38
    46: 55
    47: 79
    48: 39
    49: 11
    50: 6
    51: 7
    52: 2
    53: 0
    54: 2
    55: 1
    56: 0
    57: 0
    58: 1
    59: 0
    60: 0
    61: 0
    62: 0
    63: 0
    64: 0
    65: 0
    66: 0
    67: 0
    68: 0
    69: 0
    70: 0
    71: 0
    72: 0
    73: 0
    74: 0
    75: 0
    76: 0
    77: 0
    78: 0
    79: 0
    80: 0
    81: 0
    82: 0
    83: 0
    84: 0
    85: 0
    86: 0
    87: 0
    88: 0
    89: 0
    90: 0
    91: 0
    92: 0
    93: 0
    94: 0
    95: 0
    96: 0
    97: 0
    98: 0
    99: 0
 sched: # Scheduler stats
  thCr: 1 # Threads created
  thFn: 1 # Threads finished
  schedEvs: 1 # Schedule events
  waitEvs: 0 # Wait events
  handoffEvs: 0 # Handoff events
  sleepEvs: 0 # Sleep events
  idlePhases: 0 # Phases with no thread active
  idlePeriods: 0 # Periods with no thread active
  occHist: # Occupancy histogram
   0: 0
   1: 19359
  rqSzHist: # Run queue size histogram
   0: 19359
   1: 0
   2: 0
   3: 0
   4: 0
   5: 0
   6: 0
   7: 0
   8: 0
   9: 0
   10: 0
   11: 0
   12: 0
   13: 0
   14: 0
   15: 0
   16: 0
 procCycles: # Per-process unhalted core cycles
  0: 193591372
  1: 0
  2: 0
  3: 0
  4: 0
  5: 0
  6: 0
  7: 0
  8: 0
  9: 0
  10: 0
  11: 0
  12: 0
  13: 0
  14: 0
  15: 0
  16: 0
  17: 0
  18: 0
  19: 0
  20: 0
  21: 0
  22: 0
  23: 0
  24: 0
  25: 0
  26: 0
  27: 0
  28: 0
  29: 0
  30: 0
  31: 0
  32: 0
  33: 0
  34: 0
  35: 0
  36: 0
  37: 0
  38: 0
  39: 0
  40: 0
  41: 0
  42: 0
  43: 0
  44: 0
  45: 0
  46: 0
  47: 0
  48: 0
  49: 0
  50: 0
  51: 0
  52: 0
  53: 0
  54: 0
  55: 0
  56: 0
  57: 0
  58: 0
  59: 0
  60: 0
  61: 0
  62: 0
  63: 0
 procInstrs: # Per-process instructions
  0: 100001457
  1: 0
  2: 0
  3: 0
  4: 0
  5: 0
  6: 0
  7: 0
  8: 0
  9: 0
  10: 0
  11: 0
  12: 0
  13: 0
  14: 0
  15: 0
  16: 0
  17: 0
  18: 0
  19: 0
  20: 0
  21: 0
  22: 0
  23: 0
  24: 0
  25: 0
  26: 0
  27: 0
  28: 0
  29: 0
  30: 0
  31: 0
  32: 0
  33: 0
  34: 0
  35: 0
  36: 0
  37: 0
  38: 0
  39: 0
  40: 0
  41: 0
  42: 0
  43: 0
  44: 0
  45: 0
  46: 0
  47: 0
  48: 0
  49: 0
  50: 0
  51: 0
  52: 0
  53: 0
  54: 0
  55: 0
  56: 0
  57: 0
  58: 0
  59: 0
  60: 0
  61: 0
  62: 0
  63: 0
 heartbeats: # Per-process heartbeats
  0: 0
  1: 0
  2: 0
  3: 0
  4: 0
  5: 0
  6: 0
  7: 0
  8: 0
  9: 0
  10: 0
  11: 0
  12: 0
  13: 0
  14: 0
  15: 0
  16: 0
  17: 0
  18: 0
  19: 0
  20: 0
  21: 0
  22: 0
  23: 0
  24: 0
  25: 0
  26: 0
  27: 0
  28: 0
  29: 0
  30: 0
  31: 0
  32: 0
  33: 0
  34: 0
  35: 0
  36: 0
  37: 0
  38: 0
  39: 0
  40: 0
  41: 0
  42: 0
  43: 0
  44: 0
  45: 0
  46: 0
  47: 0
  48: 0
  49: 0
  50: 0
  51: 0
  52: 0
  53: 0
  54: 0
  55: 0
  56: 0
  57: 0
  58: 0
  59: 0
  60: 0
  61: 0
  62: 0
  63: 0
===
