# zsim stats
===
root: # Stats
 contention: # Contention simulation stats
  domain-0: # Domain stats
   time: 10551296755 # Weave simulation time
 time: # Simulator time breakdown
  init: 1546165923499
  bound: 50702144705
  weave: 20502325552
  ff: 0
 trigger: 20000 # Reason for this stats dump
 phase: 63027 # Simulated phases
 westmere: # Core stats
  westmere-0: # Core stats
   cycles: 630272558 # Simulated unhalted cycles
   cCycles: 142044176 # Cycles due to contention stalls
   instrs: 100000003 # Simulated instructions
   uops: 101912589 # Retired micro-ops
   bbls: 27652546 # Basic blocks
   approxInstrs: 22406 # Instrs with approx uop decoding
   mispredBranches: 1591377 # Mispredicted branches
   condBranches: 25800763 # conditional branches
 l1i: # Cache stats
  l1i-0: # Filter cache stats
   fhGETS: 35449085 # Filtered GETS hits
   fhGETX: 0 # Filtered GETX hits
   hGETS: 0 # GETS hits
   hGETX: 0 # GETX hits
   mGETS: 6747 # GETS misses
   mGETXIM: 0 # GETX I->M misses
   mGETXSM: 0 # GETX S->M misses (upgrade misses)
   PUTS: 0 # Clean evictions (from lower level)
   PUTX: 0 # Dirty evictions (from lower level)
   INV: 6736 # Invalidates (from upper level)
   INVX: 0 # Downgrades (from upper level)
   FWD: 0 # Forwards (from upper level)
   latGETnl: 836628 # GET request latency on next level
   latGETnet: 0 # GET request latency on network to next level
 l1d: # Cache stats
  l1d-0: # Filter cache stats
   fhGETS: 22281095 # Filtered GETS hits
   fhGETX: 2292671 # Filtered GETX hits
   hGETS: 1833372 # GETS hits
   hGETX: 3244862 # GETX hits
   mGETS: 12461868 # GETS misses
   mGETXIM: 253743 # GETX I->M misses
   mGETXSM: 0 # GETX S->M misses (upgrade misses)
   PUTS: 0 # Clean evictions (from lower level)
   PUTX: 0 # Dirty evictions (from lower level)
   INV: 5834 # Invalidates (from upper level)
   INVX: 0 # Downgrades (from upper level)
   FWD: 0 # Forwards (from upper level)
   latGETnl: 1064034744 # GET request latency on next level
   latGETnet: 0 # GET request latency on network to next level
 l2: # Cache stats
  l2-0: # Cache stats
   hGETS: 2421607 # GETS hits
   hGETX: 80633 # GETX hits
   mGETS: 10047008 # GETS misses
   mGETXIM: 173110 # GETX I->M misses
   mGETXSM: 0 # GETX S->M misses (upgrade misses)
   PUTS: 9456057 # Clean evictions (from lower level)
   PUTX: 3253208 # Dirty evictions (from lower level)
   INV: 36391 # Invalidates (from upper level)
   INVX: 0 # Downgrades (from upper level)
   FWD: 0 # Forwards (from upper level)
   latGETnl: 937647792 # GET request latency on next level
   latGETnet: 0 # GET request latency on network to next level
 l3: # Cache stats
  l3-0: # Cache stats
   hGETS: 2468952 # GETS hits
   hGETX: 58222 # GETX hits
   mGETS: 7578056 # GETS misses
   mGETXIM: 114888 # GETX I->M misses
   mGETXSM: 0 # GETX S->M misses (upgrade misses)
   PUTS: 7414900 # Clean evictions (from lower level)
   PUTX: 2764732 # Dirty evictions (from lower level)
   INV: 0 # Invalidates (from upper level)
   INVX: 0 # Downgrades (from upper level)
   FWD: 0 # Forwards (from upper level)
   latGETnl: 692364960 # GET request latency on next level
   latGETnet: 0 # GET request latency on network to next level
 mem: # Memory controller stats
  mem-0: # Memory controller stats
   rd: 1921207 # Read requests
   wr: 619457 # Write requests
   rdlat: 261472028 # Total latency experienced by read requests
   wrlat: 90078594 # Total latency experienced by write requests
   rdhits: 1906 # Read row hits
   wrhits: 1919 # Write row hits
   mlh: # latency histogram for memory requests
    0: 0
    1: 0
    2: 0
    3: 0
    4: 0
    5: 0
    6: 0
    7: 0
    8: 0
    9: 0
    10: 0
    11: 290
    12: 366
    13: 1694480
    14: 132134
    15: 48280
    16: 13718
    17: 2582
    18: 879
    19: 965
    20: 1198
    21: 1230
    22: 891
    23: 1152
    24: 2638
    25: 1566
    26: 530
    27: 627
    28: 643
    29: 690
    30: 1074
    31: 1321
    32: 1127
    33: 1047
    34: 1205
    35: 1283
    36: 1253
    37: 1212
    38: 1078
    39: 1063
    40: 1045
    41: 1063
    42: 1020
    43: 526
    44: 250
    45: 204
    46: 150
    47: 229
    48: 127
    49: 33
    50: 8
    51: 8
    52: 9
    53: 4
    54: 3
    55: 3
    56: 2
    57: 1
    58: 0
    59: 0
    60: 0
    61: 0
    62: 0
    63: 0
    64: 0
    65: 0
    66: 0
    67: 0
    68: 0
    69: 0
    70: 0
    71: 0
    72: 0
    73: 0
    74: 0
    75: 0
    76: 0
    77: 0
    78: 0
    79: 0
    80: 0
    81: 0
    82: 0
    83: 0
    84: 0
    85: 0
    86: 0
    87: 0
    88: 0
    89: 0
    90: 0
    91: 0
    92: 0
    93: 0
    94: 0
    95: 0
    96: 0
    97: 0
    98: 0
    99: 0
  mem-1: # Memory controller stats
   rd: 1919480 # Read requests
   wr: 619024 # Write requests
   rdlat: 261307783 # Total latency experienced by read requests
   wrlat: 90138378 # Total latency experienced by write requests
   rdhits: 1799 # Read row hits
   wrhits: 1911 # Write row hits
   mlh: # latency histogram for memory requests
    0: 0
    1: 0
    2: 0
    3: 0
    4: 0
    5: 0
    6: 0
    7: 0
    8: 0
    9: 0
    10: 0
    11: 236
    12: 407
    13: 1691511
    14: 132628
    15: 48403
    16: 14130
    17: 2480
    18: 938
    19: 969
    20: 1183
    21: 1188
    22: 848
    23: 1179
    24: 2599
    25: 1803
    26: 505
    27: 624
    28: 665
    29: 724
    30: 1080
    31: 1331
    32: 1147
    33: 1170
    34: 1199
    35: 1320
    36: 1281
    37: 1155
    38: 1029
    39: 1093
    40: 1045
    41: 1085
    42: 1046
    43: 495
    44: 246
    45: 184
    46: 143
    47: 227
    48: 118
    49: 35
    50: 12
    51: 6
    52: 8
    53: 4
    54: 0
    55: 0
    56: 0
    57: 1
    58: 0
    59: 0
    60: 0
    61: 0
    62: 0
    63: 0
    64: 0
    65: 0
    66: 0
    67: 0
    68: 0
    69: 0
    70: 0
    71: 0
    72: 0
    73: 0
    74: 0
    75: 0
    76: 0
    77: 0
    78: 0
    79: 0
    80: 0
    81: 0
    82: 0
    83: 0
    84: 0
    85: 0
    86: 0
    87: 0
    88: 0
    89: 0
    90: 0
    91: 0
    92: 0
    93: 0
    94: 0
    95: 0
    96: 0
    97: 0
    98: 0
    99: 0
  mem-2: # Memory controller stats
   rd: 1938325 # Read requests
   wr: 618345 # Write requests
   rdlat: 263991328 # Total latency experienced by read requests
   wrlat: 90099732 # Total latency experienced by write requests
   rdhits: 2024 # Read row hits
   wrhits: 1883 # Write row hits
   mlh: # latency histogram for memory requests
    0: 0
    1: 0
    2: 0
    3: 0
    4: 0
    5: 0
    6: 0
    7: 0
    8: 0
    9: 0
    10: 0
    11: 242
    12: 511
    13: 1703434
    14: 138971
    15: 49003
    16: 13174
    17: 2251
    18: 893
    19: 921
    20: 1274
    21: 1291
    22: 879
    23: 1228
    24: 3074
    25: 1872
    26: 551
    27: 626
    28: 635
    29: 735
    30: 1011
    31: 1450
    32: 1140
    33: 1105
    34: 1286
    35: 1378
    36: 1240
    37: 1118
    38: 1131
    39: 1126
    40: 1034
    41: 1101
    42: 1011
    43: 534
    44: 276
    45: 202
    46: 131
    47: 241
    48: 142
    49: 58
    50: 11
    51: 13
    52: 4
    53: 6
    54: 7
    55: 2
    56: 2
    57: 0
    58: 0
    59: 0
    60: 0
    61: 0
    62: 0
    63: 0
    64: 0
    65: 0
    66: 0
    67: 0
    68: 0
    69: 0
    70: 0
    71: 0
    72: 0
    73: 0
    74: 0
    75: 0
    76: 0
    77: 0
    78: 0
    79: 0
    80: 0
    81: 0
    82: 0
    83: 0
    84: 0
    85: 0
    86: 0
    87: 0
    88: 0
    89: 0
    90: 0
    91: 0
    92: 0
    93: 0
    94: 0
    95: 0
    96: 0
    97: 0
    98: 0
    99: 0
  mem-3: # Memory controller stats
   rd: 1913873 # Read requests
   wr: 617691 # Write requests
   rdlat: 260565932 # Total latency experienced by read requests
   wrlat: 89811862 # Total latency experienced by write requests
   rdhits: 2009 # Read row hits
   wrhits: 1928 # Write row hits
   mlh: # latency histogram for memory requests
    0: 0
    1: 0
    2: 0
    3: 0
    4: 0
    5: 0
    6: 0
    7: 0
    8: 0
    9: 0
    10: 0
    11: 275
    12: 385
    13: 1686838
    14: 131910
    15: 47999
    16: 14452
    17: 2410
    18: 922
    19: 1019
    20: 1248
    21: 1252
    22: 905
    23: 1234
    24: 2553
    25: 1442
    26: 516
    27: 551
    28: 597
    29: 742
    30: 1097
    31: 1314
    32: 1089
    33: 1121
    34: 1235
    35: 1400
    36: 1283
    37: 1167
    38: 1074
    39: 1119
    40: 1069
    41: 1026
    42: 1041
    43: 498
    44: 251
    45: 169
    46: 147
    47: 262
    48: 163
    49: 54
    50: 22
    51: 9
    52: 9
    53: 3
    54: 1
    55: 0
    56: 0
    57: 0
    58: 0
    59: 0
    60: 0
    61: 0
    62: 0
    63: 0
    64: 0
    65: 0
    66: 0
    67: 0
    68: 0
    69: 0
    70: 0
    71: 0
    72: 0
    73: 0
    74: 0
    75: 0
    76: 0
    77: 0
    78: 0
    79: 0
    80: 0
    81: 0
    82: 0
    83: 0
    84: 0
    85: 0
    86: 0
    87: 0
    88: 0
    89: 0
    90: 0
    91: 0
    92: 0
    93: 0
    94: 0
    95: 0
    96: 0
    97: 0
    98: 0
    99: 0
 sched: # Scheduler stats
  thCr: 1 # Threads created
  thFn: 1 # Threads finished
  schedEvs: 1 # Schedule events
  waitEvs: 0 # Wait events
  handoffEvs: 0 # Handoff events
  sleepEvs: 0 # Sleep events
  idlePhases: 0 # Phases with no thread active
  idlePeriods: 0 # Periods with no thread active
  occHist: # Occupancy histogram
   0: 0
   1: 63027
  rqSzHist: # Run queue size histogram
   0: 63027
   1: 0
   2: 0
   3: 0
   4: 0
   5: 0
   6: 0
   7: 0
   8: 0
   9: 0
   10: 0
   11: 0
   12: 0
   13: 0
   14: 0
   15: 0
   16: 0
 procCycles: # Per-process unhalted core cycles
  0: 630272558
  1: 0
  2: 0
  3: 0
  4: 0
  5: 0
  6: 0
  7: 0
  8: 0
  9: 0
  10: 0
  11: 0
  12: 0
  13: 0
  14: 0
  15: 0
  16: 0
  17: 0
  18: 0
  19: 0
  20: 0
  21: 0
  22: 0
  23: 0
  24: 0
  25: 0
  26: 0
  27: 0
  28: 0
  29: 0
  30: 0
  31: 0
  32: 0
  33: 0
  34: 0
  35: 0
  36: 0
  37: 0
  38: 0
  39: 0
  40: 0
  41: 0
  42: 0
  43: 0
  44: 0
  45: 0
  46: 0
  47: 0
  48: 0
  49: 0
  50: 0
  51: 0
  52: 0
  53: 0
  54: 0
  55: 0
  56: 0
  57: 0
  58: 0
  59: 0
  60: 0
  61: 0
  62: 0
  63: 0
 procInstrs: # Per-process instructions
  0: 100000003
  1: 0
  2: 0
  3: 0
  4: 0
  5: 0
  6: 0
  7: 0
  8: 0
  9: 0
  10: 0
  11: 0
  12: 0
  13: 0
  14: 0
  15: 0
  16: 0
  17: 0
  18: 0
  19: 0
  20: 0
  21: 0
  22: 0
  23: 0
  24: 0
  25: 0
  26: 0
  27: 0
  28: 0
  29: 0
  30: 0
  31: 0
  32: 0
  33: 0
  34: 0
  35: 0
  36: 0
  37: 0
  38: 0
  39: 0
  40: 0
  41: 0
  42: 0
  43: 0
  44: 0
  45: 0
  46: 0
  47: 0
  48: 0
  49: 0
  50: 0
  51: 0
  52: 0
  53: 0
  54: 0
  55: 0
  56: 0
  57: 0
  58: 0
  59: 0
  60: 0
  61: 0
  62: 0
  63: 0
 heartbeats: # Per-process heartbeats
  0: 0
  1: 0
  2: 0
  3: 0
  4: 0
  5: 0
  6: 0
  7: 0
  8: 0
  9: 0
  10: 0
  11: 0
  12: 0
  13: 0
  14: 0
  15: 0
  16: 0
  17: 0
  18: 0
  19: 0
  20: 0
  21: 0
  22: 0
  23: 0
  24: 0
  25: 0
  26: 0
  27: 0
  28: 0
  29: 0
  30: 0
  31: 0
  32: 0
  33: 0
  34: 0
  35: 0
  36: 0
  37: 0
  38: 0
  39: 0
  40: 0
  41: 0
  42: 0
  43: 0
  44: 0
  45: 0
  46: 0
  47: 0
  48: 0
  49: 0
  50: 0
  51: 0
  52: 0
  53: 0
  54: 0
  55: 0
  56: 0
  57: 0
  58: 0
  59: 0
  60: 0
  61: 0
  62: 0
  63: 0
===
