# zsim stats
===
root: # Stats
 contention: # Contention simulation stats
  domain-0: # Domain stats
   time: 8129580911 # Weave simulation time
 time: # Simulator time breakdown
  init: 334498666313
  bound: 21499179963
  weave: 9772193202
  ff: 0
 trigger: 20000 # Reason for this stats dump
 phase: 63284 # Simulated phases
 westmere: # Core stats
  westmere-0: # Core stats
   cycles: 632842676 # Simulated unhalted cycles
   cCycles: 142742681 # Cycles due to contention stalls
   instrs: 100000235 # Simulated instructions
   uops: 101912818 # Retired micro-ops
   bbls: 27652591 # Basic blocks
   approxInstrs: 22406 # Instrs with approx uop decoding
   mispredBranches: 1591367 # Mispredicted branches
   condBranches: 25800815 # conditional branches
 l1i: # Cache stats
  l1i-0: # Filter cache stats
   fhGETS: 35460663 # Filtered GETS hits
   fhGETX: 0 # Filtered GETX hits
   hGETS: 0 # GETS hits
   hGETX: 0 # GETX hits
   mGETS: 47 # GETS misses
   mGETXIM: 0 # GETX I->M misses
   mGETXSM: 0 # GETX S->M misses (upgrade misses)
   PUTS: 0 # Clean evictions (from lower level)
   PUTX: 0 # Dirty evictions (from lower level)
   INV: 0 # Invalidates (from upper level)
   INVX: 0 # Downgrades (from upper level)
   FWD: 0 # Forwards (from upper level)
   latGETnl: 5828 # GET request latency on next level
   latGETnet: 0 # GET request latency on network to next level
 l1d: # Cache stats
  l1d-0: # Filter cache stats
   fhGETS: 22262607 # Filtered GETS hits
   fhGETX: 2272500 # Filtered GETX hits
   hGETS: 1856303 # GETS hits
   hGETX: 3255758 # GETX hits
   mGETS: 12457586 # GETS misses
   mGETXIM: 263029 # GETX I->M misses
   mGETXSM: 0 # GETX S->M misses (upgrade misses)
   PUTS: 0 # Clean evictions (from lower level)
   PUTX: 0 # Dirty evictions (from lower level)
   INV: 0 # Invalidates (from upper level)
   INVX: 0 # Downgrades (from upper level)
   FWD: 0 # Forwards (from upper level)
   latGETnl: 1069122648 # GET request latency on next level
   latGETnet: 0 # GET request latency on network to next level
 l2: # Cache stats
  l2-0: # Cache stats
   hGETS: 2415449 # GETS hits
   hGETX: 89694 # GETX hits
   mGETS: 10042184 # GETS misses
   mGETXIM: 173335 # GETX I->M misses
   mGETXSM: 0 # GETX S->M misses (upgrade misses)
   PUTS: 9460432 # Clean evictions (from lower level)
   PUTX: 3259671 # Dirty evictions (from lower level)
   INV: 0 # Invalidates (from upper level)
   INVX: 0 # Downgrades (from upper level)
   FWD: 0 # Forwards (from upper level)
   latGETnl: 941921856 # GET request latency on next level
   latGETnet: 0 # GET request latency on network to next level
 l3: # Cache stats
  l3-0: # Cache stats
   hGETS: 2415594 # GETS hits
   hGETX: 58265 # GETX hits
   mGETS: 7626590 # GETS misses
   mGETXIM: 115070 # GETX I->M misses
   mGETXSM: 0 # GETX S->M misses (upgrade misses)
   PUTS: 7439468 # Clean evictions (from lower level)
   PUTX: 2771955 # Dirty evictions (from lower level)
   INV: 0 # Invalidates (from upper level)
   INVX: 0 # Downgrades (from upper level)
   FWD: 0 # Forwards (from upper level)
   latGETnl: 696749400 # GET request latency on next level
   latGETnet: 0 # GET request latency on network to next level
 mem: # Memory controller stats
  mem-0: # Memory controller stats
   rd: 1934170 # Read requests
   wr: 615658 # Write requests
   rdlat: 263364183 # Total latency experienced by read requests
   wrlat: 89554239 # Total latency experienced by write requests
   rdhits: 1731 # Read row hits
   wrhits: 2203 # Write row hits
   mlh: # latency histogram for memory requests
    0: 0
    1: 0
    2: 0
    3: 0
    4: 0
    5: 0
    6: 0
    7: 0
    8: 0
    9: 0
    10: 0
    11: 251
    12: 351
    13: 1706188
    14: 131701
    15: 48442
    16: 13975
    17: 2704
    18: 930
    19: 952
    20: 1240
    21: 1267
    22: 923
    23: 1278
    24: 2845
    25: 1910
    26: 570
    27: 591
    28: 657
    29: 721
    30: 1031
    31: 1391
    32: 1129
    33: 1135
    34: 1239
    35: 1344
    36: 1347
    37: 1137
    38: 1091
    39: 1149
    40: 1072
    41: 1054
    42: 1036
    43: 506
    44: 232
    45: 156
    46: 132
    47: 249
    48: 142
    49: 46
    50: 20
    51: 9
    52: 9
    53: 8
    54: 7
    55: 2
    56: 1
    57: 0
    58: 0
    59: 0
    60: 0
    61: 0
    62: 0
    63: 0
    64: 0
    65: 0
    66: 0
    67: 0
    68: 0
    69: 0
    70: 0
    71: 0
    72: 0
    73: 0
    74: 0
    75: 0
    76: 0
    77: 0
    78: 0
    79: 0
    80: 0
    81: 0
    82: 0
    83: 0
    84: 0
    85: 0
    86: 0
    87: 0
    88: 0
    89: 0
    90: 0
    91: 0
    92: 0
    93: 0
    94: 0
    95: 0
    96: 0
    97: 0
    98: 0
    99: 0
  mem-1: # Memory controller stats
   rd: 1930972 # Read requests
   wr: 613807 # Write requests
   rdlat: 262875930 # Total latency experienced by read requests
   wrlat: 89346491 # Total latency experienced by write requests
   rdhits: 1791 # Read row hits
   wrhits: 2151 # Write row hits
   mlh: # latency histogram for memory requests
    0: 0
    1: 0
    2: 0
    3: 0
    4: 0
    5: 0
    6: 0
    7: 0
    8: 0
    9: 0
    10: 0
    11: 206
    12: 416
    13: 1704563
    14: 130822
    15: 48450
    16: 13735
    17: 2504
    18: 958
    19: 1046
    20: 1171
    21: 1193
    22: 874
    23: 1213
    24: 2589
    25: 2102
    26: 505
    27: 648
    28: 652
    29: 753
    30: 1109
    31: 1375
    32: 1060
    33: 1112
    34: 1240
    35: 1369
    36: 1283
    37: 1176
    38: 1095
    39: 1134
    40: 1046
    41: 1020
    42: 1071
    43: 512
    44: 228
    45: 174
    46: 144
    47: 228
    48: 117
    49: 38
    50: 9
    51: 12
    52: 4
    53: 9
    54: 3
    55: 1
    56: 1
    57: 2
    58: 0
    59: 0
    60: 0
    61: 0
    62: 0
    63: 0
    64: 0
    65: 0
    66: 0
    67: 0
    68: 0
    69: 0
    70: 0
    71: 0
    72: 0
    73: 0
    74: 0
    75: 0
    76: 0
    77: 0
    78: 0
    79: 0
    80: 0
    81: 0
    82: 0
    83: 0
    84: 0
    85: 0
    86: 0
    87: 0
    88: 0
    89: 0
    90: 0
    91: 0
    92: 0
    93: 0
    94: 0
    95: 0
    96: 0
    97: 0
    98: 0
    99: 0
  mem-2: # Memory controller stats
   rd: 1951520 # Read requests
   wr: 614303 # Write requests
   rdlat: 265854206 # Total latency experienced by read requests
   wrlat: 89629886 # Total latency experienced by write requests
   rdhits: 2078 # Read row hits
   wrhits: 2200 # Write row hits
   mlh: # latency histogram for memory requests
    0: 0
    1: 0
    2: 0
    3: 0
    4: 0
    5: 0
    6: 0
    7: 0
    8: 0
    9: 0
    10: 0
    11: 211
    12: 593
    13: 1716273
    14: 137802
    15: 49140
    16: 13119
    17: 2147
    18: 946
    19: 1027
    20: 1406
    21: 1934
    22: 898
    23: 1333
    24: 3214
    25: 2236
    26: 547
    27: 578
    28: 634
    29: 710
    30: 1098
    31: 1339
    32: 1148
    33: 1106
    34: 1215
    35: 1368
    36: 1292
    37: 1180
    38: 1134
    39: 1149
    40: 1095
    41: 1044
    42: 1027
    43: 534
    44: 252
    45: 161
    46: 126
    47: 244
    48: 153
    49: 50
    50: 15
    51: 8
    52: 5
    53: 10
    54: 12
    55: 4
    56: 2
    57: 0
    58: 0
    59: 1
    60: 0
    61: 0
    62: 0
    63: 0
    64: 0
    65: 0
    66: 0
    67: 0
    68: 0
    69: 0
    70: 0
    71: 0
    72: 0
    73: 0
    74: 0
    75: 0
    76: 0
    77: 0
    78: 0
    79: 0
    80: 0
    81: 0
    82: 0
    83: 0
    84: 0
    85: 0
    86: 0
    87: 0
    88: 0
    89: 0
    90: 0
    91: 0
    92: 0
    93: 0
    94: 0
    95: 0
    96: 0
    97: 0
    98: 0
    99: 0
  mem-3: # Memory controller stats
   rd: 1924941 # Read requests
   wr: 612090 # Write requests
   rdlat: 262008686 # Total latency experienced by read requests
   wrlat: 88961085 # Total latency experienced by write requests
   rdhits: 2047 # Read row hits
   wrhits: 2214 # Write row hits
   mlh: # latency histogram for memory requests
    0: 0
    1: 0
    2: 0
    3: 0
    4: 0
    5: 0
    6: 0
    7: 0
    8: 0
    9: 0
    10: 0
    11: 285
    12: 453
    13: 1699305
    14: 130341
    15: 48079
    16: 14389
    17: 2269
    18: 942
    19: 906
    20: 1237
    21: 1155
    22: 864
    23: 1161
    24: 2906
    25: 1589
    26: 547
    27: 643
    28: 643
    29: 765
    30: 1080
    31: 1313
    32: 1089
    33: 1131
    34: 1236
    35: 1338
    36: 1283
    37: 1187
    38: 1057
    39: 1097
    40: 1083
    41: 1102
    42: 1059
    43: 502
    44: 205
    45: 176
    46: 117
    47: 208
    48: 121
    49: 31
    50: 15
    51: 11
    52: 5
    53: 4
    54: 9
    55: 1
    56: 0
    57: 2
    58: 0
    59: 0
    60: 0
    61: 0
    62: 0
    63: 0
    64: 0
    65: 0
    66: 0
    67: 0
    68: 0
    69: 0
    70: 0
    71: 0
    72: 0
    73: 0
    74: 0
    75: 0
    76: 0
    77: 0
    78: 0
    79: 0
    80: 0
    81: 0
    82: 0
    83: 0
    84: 0
    85: 0
    86: 0
    87: 0
    88: 0
    89: 0
    90: 0
    91: 0
    92: 0
    93: 0
    94: 0
    95: 0
    96: 0
    97: 0
    98: 0
    99: 0
 sched: # Scheduler stats
  thCr: 1 # Threads created
  thFn: 1 # Threads finished
  schedEvs: 1 # Schedule events
  waitEvs: 0 # Wait events
  handoffEvs: 0 # Handoff events
  sleepEvs: 0 # Sleep events
  idlePhases: 0 # Phases with no thread active
  idlePeriods: 0 # Periods with no thread active
  occHist: # Occupancy histogram
   0: 0
   1: 63284
  rqSzHist: # Run queue size histogram
   0: 63284
   1: 0
   2: 0
   3: 0
   4: 0
   5: 0
   6: 0
   7: 0
   8: 0
   9: 0
   10: 0
   11: 0
   12: 0
   13: 0
   14: 0
   15: 0
   16: 0
 procCycles: # Per-process unhalted core cycles
  0: 632842676
  1: 0
  2: 0
  3: 0
  4: 0
  5: 0
  6: 0
  7: 0
  8: 0
  9: 0
  10: 0
  11: 0
  12: 0
  13: 0
  14: 0
  15: 0
  16: 0
  17: 0
  18: 0
  19: 0
  20: 0
  21: 0
  22: 0
  23: 0
  24: 0
  25: 0
  26: 0
  27: 0
  28: 0
  29: 0
  30: 0
  31: 0
  32: 0
  33: 0
  34: 0
  35: 0
  36: 0
  37: 0
  38: 0
  39: 0
  40: 0
  41: 0
  42: 0
  43: 0
  44: 0
  45: 0
  46: 0
  47: 0
  48: 0
  49: 0
  50: 0
  51: 0
  52: 0
  53: 0
  54: 0
  55: 0
  56: 0
  57: 0
  58: 0
  59: 0
  60: 0
  61: 0
  62: 0
  63: 0
 procInstrs: # Per-process instructions
  0: 100000235
  1: 0
  2: 0
  3: 0
  4: 0
  5: 0
  6: 0
  7: 0
  8: 0
  9: 0
  10: 0
  11: 0
  12: 0
  13: 0
  14: 0
  15: 0
  16: 0
  17: 0
  18: 0
  19: 0
  20: 0
  21: 0
  22: 0
  23: 0
  24: 0
  25: 0
  26: 0
  27: 0
  28: 0
  29: 0
  30: 0
  31: 0
  32: 0
  33: 0
  34: 0
  35: 0
  36: 0
  37: 0
  38: 0
  39: 0
  40: 0
  41: 0
  42: 0
  43: 0
  44: 0
  45: 0
  46: 0
  47: 0
  48: 0
  49: 0
  50: 0
  51: 0
  52: 0
  53: 0
  54: 0
  55: 0
  56: 0
  57: 0
  58: 0
  59: 0
  60: 0
  61: 0
  62: 0
  63: 0
 heartbeats: # Per-process heartbeats
  0: 0
  1: 0
  2: 0
  3: 0
  4: 0
  5: 0
  6: 0
  7: 0
  8: 0
  9: 0
  10: 0
  11: 0
  12: 0
  13: 0
  14: 0
  15: 0
  16: 0
  17: 0
  18: 0
  19: 0
  20: 0
  21: 0
  22: 0
  23: 0
  24: 0
  25: 0
  26: 0
  27: 0
  28: 0
  29: 0
  30: 0
  31: 0
  32: 0
  33: 0
  34: 0
  35: 0
  36: 0
  37: 0
  38: 0
  39: 0
  40: 0
  41: 0
  42: 0
  43: 0
  44: 0
  45: 0
  46: 0
  47: 0
  48: 0
  49: 0
  50: 0
  51: 0
  52: 0
  53: 0
  54: 0
  55: 0
  56: 0
  57: 0
  58: 0
  59: 0
  60: 0
  61: 0
  62: 0
  63: 0
===
