# zsim stats
===
root: # Stats
 contention: # Contention simulation stats
  domain-0: # Domain stats
   time: 637614349 # Weave simulation time
 time: # Simulator time breakdown
  init: 14067550992
  bound: 644132516974
  weave: 49764048182
  ff: 0
 trigger: 20000 # Reason for this stats dump
 phase: 45450 # Simulated phases
 westmere: # Core stats
  westmere-0: # Core stats
   cycles: 366553079 # Simulated unhalted cycles
   cCycles: 347745 # Cycles due to contention stalls
   instrs: 617488400 # Simulated instructions
   uops: 696338852 # Retired micro-ops
   bbls: 63874785 # Basic blocks
   approxInstrs: 3118409 # Instrs with approx uop decoding
   mispredBranches: 814886 # Mispredicted branches
   condBranches: 53453181 # conditional branches
  westmere-1: # Core stats
   cycles: 374522792 # Simulated unhalted cycles
   cCycles: 353933 # Cycles due to contention stalls
   instrs: 629179582 # Simulated instructions
   uops: 710303010 # Retired micro-ops
   bbls: 65219820 # Basic blocks
   approxInstrs: 3217903 # Instrs with approx uop decoding
   mispredBranches: 809863 # Mispredicted branches
   condBranches: 54251868 # conditional branches
  westmere-2: # Core stats
   cycles: 365265059 # Simulated unhalted cycles
   cCycles: 416464 # Cycles due to contention stalls
   instrs: 615016426 # Simulated instructions
   uops: 693596009 # Retired micro-ops
   bbls: 63502548 # Basic blocks
   approxInstrs: 3095830 # Instrs with approx uop decoding
   mispredBranches: 801430 # Mispredicted branches
   condBranches: 53141631 # conditional branches
  westmere-3: # Core stats
   cycles: 395223391 # Simulated unhalted cycles
   cCycles: 1109527 # Cycles due to contention stalls
   instrs: 680106542 # Simulated instructions
   uops: 761706697 # Retired micro-ops
   bbls: 67384650 # Basic blocks
   approxInstrs: 3128633 # Instrs with approx uop decoding
   mispredBranches: 812372 # Mispredicted branches
   condBranches: 56725523 # conditional branches
  westmere-4: # Core stats
   cycles: 366141968 # Simulated unhalted cycles
   cCycles: 271422 # Cycles due to contention stalls
   instrs: 617146322 # Simulated instructions
   uops: 696081395 # Retired micro-ops
   bbls: 63783328 # Basic blocks
   approxInstrs: 3100813 # Instrs with approx uop decoding
   mispredBranches: 795433 # Mispredicted branches
   condBranches: 53343004 # conditional branches
  westmere-5: # Core stats
   cycles: 374502661 # Simulated unhalted cycles
   cCycles: 322377 # Cycles due to contention stalls
   instrs: 628726912 # Simulated instructions
   uops: 710019640 # Retired micro-ops
   bbls: 65235614 # Basic blocks
   approxInstrs: 3204821 # Instrs with approx uop decoding
   mispredBranches: 817483 # Mispredicted branches
   condBranches: 54235889 # conditional branches
  westmere-6: # Core stats
   cycles: 357904475 # Simulated unhalted cycles
   cCycles: 320285 # Cycles due to contention stalls
   instrs: 605345055 # Simulated instructions
   uops: 682029487 # Retired micro-ops
   bbls: 62347170 # Basic blocks
   approxInstrs: 2999669 # Instrs with approx uop decoding
   mispredBranches: 775387 # Mispredicted branches
   condBranches: 52452332 # conditional branches
  westmere-7: # Core stats
   cycles: 358844730 # Simulated unhalted cycles
   cCycles: 263237 # Cycles due to contention stalls
   instrs: 607073342 # Simulated instructions
   uops: 683888248 # Retired micro-ops
   bbls: 62560682 # Basic blocks
   approxInstrs: 3020676 # Instrs with approx uop decoding
   mispredBranches: 782712 # Mispredicted branches
   condBranches: 52638823 # conditional branches
 l1i: # Cache stats
  l1i-0: # Filter cache stats
   fhGETS: 84274808 # Filtered GETS hits
   fhGETX: 0 # Filtered GETX hits
   hGETS: 2372494 # GETS hits
   hGETX: 0 # GETX hits
   mGETS: 761961 # GETS misses
   mGETXIM: 0 # GETX I->M misses
   mGETXSM: 0 # GETX S->M misses (upgrade misses)
   PUTS: 0 # Clean evictions (from lower level)
   PUTX: 0 # Dirty evictions (from lower level)
   INV: 87 # Invalidates (from upper level)
   INVX: 0 # Downgrades (from upper level)
   FWD: 0 # Forwards (from upper level)
   latGETnl: 7981206 # GET request latency on next level
   latGETnet: 0 # GET request latency on network to next level
  l1i-1: # Filter cache stats
   fhGETS: 85998803 # Filtered GETS hits
   fhGETX: 0 # Filtered GETX hits
   hGETS: 2379421 # GETS hits
   hGETX: 0 # GETX hits
   mGETS: 765721 # GETS misses
   mGETXIM: 0 # GETX I->M misses
   mGETXSM: 0 # GETX S->M misses (upgrade misses)
   PUTS: 0 # Clean evictions (from lower level)
   PUTX: 0 # Dirty evictions (from lower level)
   INV: 138 # Invalidates (from upper level)
   INVX: 0 # Downgrades (from upper level)
   FWD: 0 # Forwards (from upper level)
   latGETnl: 7979782 # GET request latency on next level
   latGETnet: 0 # GET request latency on network to next level
  l1i-2: # Filter cache stats
   fhGETS: 83761625 # Filtered GETS hits
   fhGETX: 0 # Filtered GETX hits
   hGETS: 2360484 # GETS hits
   hGETX: 0 # GETX hits
   mGETS: 769947 # GETS misses
   mGETXIM: 0 # GETX I->M misses
   mGETXSM: 0 # GETX S->M misses (upgrade misses)
   PUTS: 0 # Clean evictions (from lower level)
   PUTX: 0 # Dirty evictions (from lower level)
   INV: 109 # Invalidates (from upper level)
   INVX: 0 # Downgrades (from upper level)
   FWD: 0 # Forwards (from upper level)
   latGETnl: 8051700 # GET request latency on next level
   latGETnet: 0 # GET request latency on network to next level
  l1i-3: # Filter cache stats
   fhGETS: 90416068 # Filtered GETS hits
   fhGETX: 0 # Filtered GETX hits
   hGETS: 2371439 # GETS hits
   hGETX: 0 # GETX hits
   mGETS: 768493 # GETS misses
   mGETXIM: 0 # GETX I->M misses
   mGETXSM: 0 # GETX S->M misses (upgrade misses)
   PUTS: 0 # Clean evictions (from lower level)
   PUTX: 0 # Dirty evictions (from lower level)
   INV: 213 # Invalidates (from upper level)
   INVX: 0 # Downgrades (from upper level)
   FWD: 0 # Forwards (from upper level)
   latGETnl: 8142766 # GET request latency on next level
   latGETnet: 0 # GET request latency on network to next level
  l1i-4: # Filter cache stats
   fhGETS: 84094685 # Filtered GETS hits
   fhGETX: 0 # Filtered GETX hits
   hGETS: 2357468 # GETS hits
   hGETX: 0 # GETX hits
   mGETS: 768375 # GETS misses
   mGETXIM: 0 # GETX I->M misses
   mGETXSM: 0 # GETX S->M misses (upgrade misses)
   PUTS: 0 # Clean evictions (from lower level)
   PUTX: 0 # Dirty evictions (from lower level)
   INV: 100 # Invalidates (from upper level)
   INVX: 0 # Downgrades (from upper level)
   FWD: 0 # Forwards (from upper level)
   latGETnl: 8001084 # GET request latency on next level
   latGETnet: 0 # GET request latency on network to next level
  l1i-5: # Filter cache stats
   fhGETS: 85994693 # Filtered GETS hits
   fhGETX: 0 # Filtered GETX hits
   hGETS: 2380937 # GETS hits
   hGETX: 0 # GETX hits
   mGETS: 764027 # GETS misses
   mGETXIM: 0 # GETX I->M misses
   mGETXSM: 0 # GETX S->M misses (upgrade misses)
   PUTS: 0 # Clean evictions (from lower level)
   PUTX: 0 # Dirty evictions (from lower level)
   INV: 115 # Invalidates (from upper level)
   INVX: 0 # Downgrades (from upper level)
   FWD: 0 # Forwards (from upper level)
   latGETnl: 7963436 # GET request latency on next level
   latGETnet: 0 # GET request latency on network to next level
  l1i-6: # Filter cache stats
   fhGETS: 82200832 # Filtered GETS hits
   fhGETX: 0 # Filtered GETX hits
   hGETS: 2339261 # GETS hits
   hGETX: 0 # GETX hits
   mGETS: 763067 # GETS misses
   mGETXIM: 0 # GETX I->M misses
   mGETXSM: 0 # GETX S->M misses (upgrade misses)
   PUTS: 0 # Clean evictions (from lower level)
   PUTX: 0 # Dirty evictions (from lower level)
   INV: 100 # Invalidates (from upper level)
   INVX: 0 # Downgrades (from upper level)
   FWD: 0 # Forwards (from upper level)
   latGETnl: 7913708 # GET request latency on next level
   latGETnet: 0 # GET request latency on network to next level
  l1i-7: # Filter cache stats
   fhGETS: 82513073 # Filtered GETS hits
   fhGETX: 0 # Filtered GETX hits
   hGETS: 2342362 # GETS hits
   hGETX: 0 # GETX hits
   mGETS: 757480 # GETS misses
   mGETXIM: 0 # GETX I->M misses
   mGETXSM: 0 # GETX S->M misses (upgrade misses)
   PUTS: 0 # Clean evictions (from lower level)
   PUTX: 0 # Dirty evictions (from lower level)
   INV: 83 # Invalidates (from upper level)
   INVX: 0 # Downgrades (from upper level)
   FWD: 0 # Forwards (from upper level)
   latGETnl: 7866562 # GET request latency on next level
   latGETnet: 0 # GET request latency on network to next level
 l1d: # Cache stats
  l1d-0: # Filter cache stats
   fhGETS: 105274547 # Filtered GETS hits
   fhGETX: 31737957 # Filtered GETX hits
   hGETS: 6268880 # GETS hits
   hGETX: 1976643 # GETX hits
   mGETS: 5892486 # GETS misses
   mGETXIM: 253982 # GETX I->M misses
   mGETXSM: 6041 # GETX S->M misses (upgrade misses)
   PUTS: 0 # Clean evictions (from lower level)
   PUTX: 0 # Dirty evictions (from lower level)
   INV: 16338 # Invalidates (from upper level)
   INVX: 16050 # Downgrades (from upper level)
   FWD: 0 # Forwards (from upper level)
   latGETnl: 71903489 # GET request latency on next level
   latGETnet: 0 # GET request latency on network to next level
  l1d-1: # Filter cache stats
   fhGETS: 107632299 # Filtered GETS hits
   fhGETX: 32889555 # Filtered GETX hits
   hGETS: 6561028 # GETS hits
   hGETX: 2013779 # GETX hits
   mGETS: 5896556 # GETS misses
   mGETXIM: 266932 # GETX I->M misses
   mGETXSM: 5105 # GETX S->M misses (upgrade misses)
   PUTS: 0 # Clean evictions (from lower level)
   PUTX: 0 # Dirty evictions (from lower level)
   INV: 14496 # Invalidates (from upper level)
   INVX: 10773 # Downgrades (from upper level)
   FWD: 0 # Forwards (from upper level)
   latGETnl: 72763845 # GET request latency on next level
   latGETnet: 0 # GET request latency on network to next level
  l1d-2: # Filter cache stats
   fhGETS: 105047449 # Filtered GETS hits
   fhGETX: 31770990 # Filtered GETX hits
   hGETS: 6025526 # GETS hits
   hGETX: 1865357 # GETX hits
   mGETS: 5880732 # GETS misses
   mGETXIM: 264463 # GETX I->M misses
   mGETXSM: 5362 # GETX S->M misses (upgrade misses)
   PUTS: 0 # Clean evictions (from lower level)
   PUTX: 0 # Dirty evictions (from lower level)
   INV: 14555 # Invalidates (from upper level)
   INVX: 10137 # Downgrades (from upper level)
   FWD: 0 # Forwards (from upper level)
   latGETnl: 72523183 # GET request latency on next level
   latGETnet: 0 # GET request latency on network to next level
  l1d-3: # Filter cache stats
   fhGETS: 115772603 # Filtered GETS hits
   fhGETX: 34266839 # Filtered GETX hits
   hGETS: 8591339 # GETS hits
   hGETX: 4045870 # GETX hits
   mGETS: 6071885 # GETS misses
   mGETXIM: 406954 # GETX I->M misses
   mGETXSM: 6629 # GETX S->M misses (upgrade misses)
   PUTS: 0 # Clean evictions (from lower level)
   PUTX: 0 # Dirty evictions (from lower level)
   INV: 17837 # Invalidates (from upper level)
   INVX: 14351 # Downgrades (from upper level)
   FWD: 0 # Forwards (from upper level)
   latGETnl: 88507081 # GET request latency on next level
   latGETnet: 0 # GET request latency on network to next level
  l1d-4: # Filter cache stats
   fhGETS: 105524379 # Filtered GETS hits
   fhGETX: 31946011 # Filtered GETX hits
   hGETS: 6022610 # GETS hits
   hGETX: 1830992 # GETX hits
   mGETS: 5887229 # GETS misses
   mGETXIM: 256714 # GETX I->M misses
   mGETXSM: 5315 # GETX S->M misses (upgrade misses)
   PUTS: 0 # Clean evictions (from lower level)
   PUTX: 0 # Dirty evictions (from lower level)
   INV: 14831 # Invalidates (from upper level)
   INVX: 13844 # Downgrades (from upper level)
   FWD: 0 # Forwards (from upper level)
   latGETnl: 71618428 # GET request latency on next level
   latGETnet: 0 # GET request latency on network to next level
  l1d-5: # Filter cache stats
   fhGETS: 107269422 # Filtered GETS hits
   fhGETX: 32836178 # Filtered GETX hits
   hGETS: 6853803 # GETS hits
   hGETX: 2148833 # GETX hits
   mGETS: 5896917 # GETS misses
   mGETXIM: 273331 # GETX I->M misses
   mGETXSM: 6458 # GETX S->M misses (upgrade misses)
   PUTS: 0 # Clean evictions (from lower level)
   PUTX: 0 # Dirty evictions (from lower level)
   INV: 17121 # Invalidates (from upper level)
   INVX: 14289 # Downgrades (from upper level)
   FWD: 0 # Forwards (from upper level)
   latGETnl: 72781909 # GET request latency on next level
   latGETnet: 0 # GET request latency on network to next level
  l1d-6: # Filter cache stats
   fhGETS: 103253276 # Filtered GETS hits
   fhGETX: 30918567 # Filtered GETX hits
   hGETS: 5718466 # GETS hits
   hGETX: 1730045 # GETX hits
   mGETS: 5863499 # GETS misses
   mGETXIM: 253394 # GETX I->M misses
   mGETXSM: 6487 # GETX S->M misses (upgrade misses)
   PUTS: 0 # Clean evictions (from lower level)
   PUTX: 0 # Dirty evictions (from lower level)
   INV: 13321 # Invalidates (from upper level)
   INVX: 12007 # Downgrades (from upper level)
   FWD: 0 # Forwards (from upper level)
   latGETnl: 71097696 # GET request latency on next level
   latGETnet: 0 # GET request latency on network to next level
  l1d-7: # Filter cache stats
   fhGETS: 103438105 # Filtered GETS hits
   fhGETX: 30910836 # Filtered GETX hits
   hGETS: 5827027 # GETS hits
   hGETX: 1748534 # GETX hits
   mGETS: 5874564 # GETS misses
   mGETXIM: 246328 # GETX I->M misses
   mGETXSM: 6268 # GETX S->M misses (upgrade misses)
   PUTS: 0 # Clean evictions (from lower level)
   PUTX: 0 # Dirty evictions (from lower level)
   INV: 18546 # Invalidates (from upper level)
   INVX: 13078 # Downgrades (from upper level)
   FWD: 0 # Forwards (from upper level)
   latGETnl: 70691644 # GET request latency on next level
   latGETnet: 0 # GET request latency on network to next level
 l2: # Cache stats
  l2-0: # Cache stats
   hGETS: 6326450 # GETS hits
   hGETX: 207402 # GETX hits
   mGETS: 327997 # GETS misses
   mGETXIM: 43352 # GETX I->M misses
   mGETXSM: 9269 # GETX S->M misses (upgrade misses)
   PUTS: 6539380 # Clean evictions (from lower level)
   PUTX: 351607 # Dirty evictions (from lower level)
   INV: 30414 # Invalidates (from upper level)
   INVX: 27755 # Downgrades (from upper level)
   FWD: 0 # Forwards (from upper level)
   latGETnl: 10739995 # GET request latency on next level
   latGETnet: 0 # GET request latency on network to next level
  l2-1: # Cache stats
   hGETS: 6324474 # GETS hits
   hGETX: 208219 # GETX hits
   mGETS: 337803 # GETS misses
   mGETXIM: 55648 # GETX I->M misses
   mGETXSM: 8170 # GETX S->M misses (upgrade misses)
   PUTS: 6546770 # Clean evictions (from lower level)
   PUTX: 366786 # Dirty evictions (from lower level)
   INV: 31134 # Invalidates (from upper level)
   INVX: 21550 # Downgrades (from upper level)
   FWD: 0 # Forwards (from upper level)
   latGETnl: 11400487 # GET request latency on next level
   latGETnet: 0 # GET request latency on network to next level
  l2-2: # Cache stats
   hGETS: 6323842 # GETS hits
   hGETX: 210727 # GETX hits
   mGETS: 326837 # GETS misses
   mGETXIM: 50158 # GETX I->M misses
   mGETXSM: 8940 # GETX S->M misses (upgrade misses)
   PUTS: 6538373 # Clean evictions (from lower level)
   PUTX: 361088 # Dirty evictions (from lower level)
   INV: 30962 # Invalidates (from upper level)
   INVX: 19871 # Downgrades (from upper level)
   FWD: 0 # Forwards (from upper level)
   latGETnl: 11369843 # GET request latency on next level
   latGETnet: 0 # GET request latency on network to next level
  l2-3: # Cache stats
   hGETS: 6343295 # GETS hits
   hGETX: 208823 # GETX hits
   mGETS: 497083 # GETS misses
   mGETXIM: 193934 # GETX I->M misses
   mGETXSM: 10826 # GETX S->M misses (upgrade misses)
   PUTS: 6682121 # Clean evictions (from lower level)
   PUTX: 546138 # Dirty evictions (from lower level)
   INV: 30309 # Invalidates (from upper level)
   INVX: 24722 # Downgrades (from upper level)
   FWD: 0 # Forwards (from upper level)
   latGETnl: 24110237 # GET request latency on next level
   latGETnet: 0 # GET request latency on network to next level
  l2-4: # Cache stats
   hGETS: 6329663 # GETS hits
   hGETX: 206304 # GETX hits
   mGETS: 325941 # GETS misses
   mGETXIM: 47641 # GETX I->M misses
   mGETXSM: 8084 # GETX S->M misses (upgrade misses)
   PUTS: 6542875 # Clean evictions (from lower level)
   PUTX: 353492 # Dirty evictions (from lower level)
   INV: 33974 # Invalidates (from upper level)
   INVX: 23857 # Downgrades (from upper level)
   FWD: 0 # Forwards (from upper level)
   latGETnl: 10443182 # GET request latency on next level
   latGETnet: 0 # GET request latency on network to next level
  l2-5: # Cache stats
   hGETS: 6329660 # GETS hits
   hGETX: 209228 # GETX hits
   mGETS: 331284 # GETS misses
   mGETXIM: 60606 # GETX I->M misses
   mGETXSM: 9955 # GETX S->M misses (upgrade misses)
   PUTS: 6545193 # Clean evictions (from lower level)
   PUTX: 370825 # Dirty evictions (from lower level)
   INV: 31849 # Invalidates (from upper level)
   INVX: 23121 # Downgrades (from upper level)
   FWD: 0 # Forwards (from upper level)
   latGETnl: 11338015 # GET request latency on next level
   latGETnet: 0 # GET request latency on network to next level
  l2-6: # Cache stats
   hGETS: 6322054 # GETS hits
   hGETX: 209611 # GETX hits
   mGETS: 304512 # GETS misses
   mGETXIM: 40391 # GETX I->M misses
   mGETXSM: 9879 # GETX S->M misses (upgrade misses)
   PUTS: 6514882 # Clean evictions (from lower level)
   PUTX: 350639 # Dirty evictions (from lower level)
   INV: 31140 # Invalidates (from upper level)
   INVX: 22927 # Downgrades (from upper level)
   FWD: 0 # Forwards (from upper level)
   latGETnl: 10146934 # GET request latency on next level
   latGETnet: 0 # GET request latency on network to next level
  l2-7: # Cache stats
   hGETS: 6323502 # GETS hits
   hGETX: 208907 # GETX hits
   mGETS: 308542 # GETS misses
   mGETXIM: 33053 # GETX I->M misses
   mGETXSM: 10636 # GETX S->M misses (upgrade misses)
   PUTS: 6520768 # Clean evictions (from lower level)
   PUTX: 337957 # Dirty evictions (from lower level)
   INV: 29725 # Invalidates (from upper level)
   INVX: 23639 # Downgrades (from upper level)
   FWD: 0 # Forwards (from upper level)
   latGETnl: 9711806 # GET request latency on next level
   latGETnet: 0 # GET request latency on network to next level
 l3: # Cache stats
  l3-0b0: # Cache stats
   hGETS: 307476 # GETS hits
   hGETX: 68391 # GETX hits
   mGETS: 9764 # GETS misses
   mGETXIM: 9943 # GETX I->M misses
   mGETXSM: 0 # GETX S->M misses (upgrade misses)
   PUTS: 274183 # Clean evictions (from lower level)
   PUTX: 76297 # Dirty evictions (from lower level)
   INV: 0 # Invalidates (from upper level)
   INVX: 0 # Downgrades (from upper level)
   FWD: 0 # Forwards (from upper level)
   latGETnl: 1773630 # GET request latency on next level
   latGETnet: 0 # GET request latency on network to next level
  l3-0b1: # Cache stats
   hGETS: 346460 # GETS hits
   hGETX: 62851 # GETX hits
   mGETS: 9675 # GETS misses
   mGETXIM: 10074 # GETX I->M misses
   mGETXSM: 0 # GETX S->M misses (upgrade misses)
   PUTS: 307137 # Clean evictions (from lower level)
   PUTX: 76559 # Dirty evictions (from lower level)
   INV: 0 # Invalidates (from upper level)
   INVX: 0 # Downgrades (from upper level)
   FWD: 0 # Forwards (from upper level)
   latGETnl: 1777410 # GET request latency on next level
   latGETnet: 0 # GET request latency on network to next level
  l3-0b2: # Cache stats
   hGETS: 317844 # GETS hits
   hGETX: 63026 # GETX hits
   mGETS: 9877 # GETS misses
   mGETXIM: 9996 # GETX I->M misses
   mGETXSM: 0 # GETX S->M misses (upgrade misses)
   PUTS: 287374 # Clean evictions (from lower level)
   PUTX: 78947 # Dirty evictions (from lower level)
   INV: 0 # Invalidates (from upper level)
   INVX: 0 # Downgrades (from upper level)
   FWD: 0 # Forwards (from upper level)
   latGETnl: 1788570 # GET request latency on next level
   latGETnet: 0 # GET request latency on network to next level
  l3-0b3: # Cache stats
   hGETS: 332022 # GETS hits
   hGETX: 65048 # GETX hits
   mGETS: 9797 # GETS misses
   mGETXIM: 10135 # GETX I->M misses
   mGETXSM: 0 # GETX S->M misses (upgrade misses)
   PUTS: 296788 # Clean evictions (from lower level)
   PUTX: 76975 # Dirty evictions (from lower level)
   INV: 0 # Invalidates (from upper level)
   INVX: 0 # Downgrades (from upper level)
   FWD: 0 # Forwards (from upper level)
   latGETnl: 1793880 # GET request latency on next level
   latGETnet: 0 # GET request latency on network to next level
  l3-0b4: # Cache stats
   hGETS: 339643 # GETS hits
   hGETX: 56108 # GETX hits
   mGETS: 9878 # GETS misses
   mGETXIM: 9987 # GETX I->M misses
   mGETXSM: 0 # GETX S->M misses (upgrade misses)
   PUTS: 308404 # Clean evictions (from lower level)
   PUTX: 77037 # Dirty evictions (from lower level)
   INV: 0 # Invalidates (from upper level)
   INVX: 0 # Downgrades (from upper level)
   FWD: 0 # Forwards (from upper level)
   latGETnl: 1787850 # GET request latency on next level
   latGETnet: 0 # GET request latency on network to next level
  l3-0b5: # Cache stats
   hGETS: 328665 # GETS hits
   hGETX: 69320 # GETX hits
   mGETS: 9831 # GETS misses
   mGETXIM: 10089 # GETX I->M misses
   mGETXSM: 0 # GETX S->M misses (upgrade misses)
   PUTS: 292083 # Clean evictions (from lower level)
   PUTX: 75603 # Dirty evictions (from lower level)
   INV: 0 # Invalidates (from upper level)
   INVX: 0 # Downgrades (from upper level)
   FWD: 0 # Forwards (from upper level)
   latGETnl: 1792800 # GET request latency on next level
   latGETnet: 0 # GET request latency on network to next level
  l3-0b6: # Cache stats
   hGETS: 345022 # GETS hits
   hGETX: 74345 # GETX hits
   mGETS: 9879 # GETS misses
   mGETXIM: 9981 # GETX I->M misses
   mGETXSM: 0 # GETX S->M misses (upgrade misses)
   PUTS: 287468 # Clean evictions (from lower level)
   PUTX: 76919 # Dirty evictions (from lower level)
   INV: 0 # Invalidates (from upper level)
   INVX: 0 # Downgrades (from upper level)
   FWD: 0 # Forwards (from upper level)
   latGETnl: 1787400 # GET request latency on next level
   latGETnet: 0 # GET request latency on network to next level
  l3-0b7: # Cache stats
   hGETS: 364431 # GETS hits
   hGETX: 61182 # GETX hits
   mGETS: 9735 # GETS misses
   mGETXIM: 10066 # GETX I->M misses
   mGETXSM: 0 # GETX S->M misses (upgrade misses)
   PUTS: 334256 # Clean evictions (from lower level)
   PUTX: 76714 # Dirty evictions (from lower level)
   INV: 0 # Invalidates (from upper level)
   INVX: 0 # Downgrades (from upper level)
   FWD: 0 # Forwards (from upper level)
   latGETnl: 1782090 # GET request latency on next level
   latGETnet: 0 # GET request latency on network to next level
 mem: # Memory controller stats
  mem-0: # Memory controller stats
   rd: 39697 # Read requests
   wr: 5210 # Write requests
   rdlat: 5355956 # Total latency experienced by read requests
   wrlat: 779115 # Total latency experienced by write requests
   rdhits: 399 # Read row hits
   wrhits: 31 # Write row hits
   mlh: # latency histogram for memory requests
    0: 0
    1: 0
    2: 0
    3: 0
    4: 0
    5: 0
    6: 0
    7: 0
    8: 0
    9: 0
    10: 0
    11: 44
    12: 55
    13: 37460
    14: 1076
    15: 181
    16: 82
    17: 65
    18: 45
    19: 45
    20: 49
    21: 46
    22: 34
    23: 49
    24: 26
    25: 31
    26: 17
    27: 18
    28: 13
    29: 27
    30: 35
    31: 19
    32: 20
    33: 28
    34: 21
    35: 36
    36: 22
    37: 21
    38: 30
    39: 28
    40: 22
    41: 16
    42: 22
    43: 9
    44: 3
    45: 0
    46: 1
    47: 0
    48: 1
    49: 0
    50: 0
    51: 0
    52: 0
    53: 0
    54: 0
    55: 0
    56: 0
    57: 0
    58: 0
    59: 0
    60: 0
    61: 0
    62: 0
    63: 0
    64: 0
    65: 0
    66: 0
    67: 0
    68: 0
    69: 0
    70: 0
    71: 0
    72: 0
    73: 0
    74: 0
    75: 0
    76: 0
    77: 0
    78: 0
    79: 0
    80: 0
    81: 0
    82: 0
    83: 0
    84: 0
    85: 0
    86: 0
    87: 0
    88: 0
    89: 0
    90: 0
    91: 0
    92: 0
    93: 0
    94: 0
    95: 0
    96: 0
    97: 0
    98: 0
    99: 0
  mem-1: # Memory controller stats
   rd: 39702 # Read requests
   wr: 5138 # Write requests
   rdlat: 5356151 # Total latency experienced by read requests
   wrlat: 768981 # Total latency experienced by write requests
   rdhits: 426 # Read row hits
   wrhits: 28 # Write row hits
   mlh: # latency histogram for memory requests
    0: 0
    1: 0
    2: 0
    3: 0
    4: 0
    5: 0
    6: 0
    7: 0
    8: 0
    9: 0
    10: 0
    11: 38
    12: 67
    13: 37492
    14: 1076
    15: 179
    16: 84
    17: 65
    18: 47
    19: 38
    20: 47
    21: 50
    22: 41
    23: 34
    24: 20
    25: 21
    26: 17
    27: 8
    28: 21
    29: 27
    30: 33
    31: 37
    32: 20
    33: 20
    34: 23
    35: 27
    36: 24
    37: 18
    38: 33
    39: 24
    40: 17
    41: 19
    42: 19
    43: 8
    44: 4
    45: 1
    46: 1
    47: 0
    48: 2
    49: 0
    50: 0
    51: 0
    52: 0
    53: 0
    54: 0
    55: 0
    56: 0
    57: 0
    58: 0
    59: 0
    60: 0
    61: 0
    62: 0
    63: 0
    64: 0
    65: 0
    66: 0
    67: 0
    68: 0
    69: 0
    70: 0
    71: 0
    72: 0
    73: 0
    74: 0
    75: 0
    76: 0
    77: 0
    78: 0
    79: 0
    80: 0
    81: 0
    82: 0
    83: 0
    84: 0
    85: 0
    86: 0
    87: 0
    88: 0
    89: 0
    90: 0
    91: 0
    92: 0
    93: 0
    94: 0
    95: 0
    96: 0
    97: 0
    98: 0
    99: 0
  mem-2: # Memory controller stats
   rd: 39664 # Read requests
   wr: 5073 # Write requests
   rdlat: 5365754 # Total latency experienced by read requests
   wrlat: 758535 # Total latency experienced by write requests
   rdhits: 395 # Read row hits
   wrhits: 30 # Write row hits
   mlh: # latency histogram for memory requests
    0: 0
    1: 0
    2: 0
    3: 0
    4: 0
    5: 0
    6: 0
    7: 0
    8: 0
    9: 0
    10: 0
    11: 28
    12: 73
    13: 37172
    14: 1284
    15: 164
    16: 102
    17: 49
    18: 56
    19: 52
    20: 54
    21: 48
    22: 49
    23: 34
    24: 26
    25: 29
    26: 14
    27: 6
    28: 17
    29: 25
    30: 31
    31: 21
    32: 38
    33: 24
    34: 25
    35: 37
    36: 26
    37: 30
    38: 33
    39: 22
    40: 21
    41: 26
    42: 22
    43: 6
    44: 2
    45: 2
    46: 3
    47: 4
    48: 3
    49: 0
    50: 0
    51: 0
    52: 0
    53: 0
    54: 2
    55: 2
    56: 0
    57: 0
    58: 1
    59: 1
    60: 0
    61: 0
    62: 0
    63: 0
    64: 0
    65: 0
    66: 0
    67: 0
    68: 0
    69: 0
    70: 0
    71: 0
    72: 0
    73: 0
    74: 0
    75: 0
    76: 0
    77: 0
    78: 0
    79: 0
    80: 0
    81: 0
    82: 0
    83: 0
    84: 0
    85: 0
    86: 0
    87: 0
    88: 0
    89: 0
    90: 0
    91: 0
    92: 0
    93: 0
    94: 0
    95: 0
    96: 0
    97: 0
    98: 0
    99: 0
  mem-3: # Memory controller stats
   rd: 39644 # Read requests
   wr: 5093 # Write requests
   rdlat: 5350667 # Total latency experienced by read requests
   wrlat: 754464 # Total latency experienced by write requests
   rdhits: 401 # Read row hits
   wrhits: 25 # Write row hits
   mlh: # latency histogram for memory requests
    0: 0
    1: 0
    2: 0
    3: 0
    4: 0
    5: 0
    6: 0
    7: 0
    8: 0
    9: 0
    10: 0
    11: 49
    12: 65
    13: 37513
    14: 990
    15: 166
    16: 93
    17: 51
    18: 37
    19: 39
    20: 49
    21: 49
    22: 37
    23: 32
    24: 21
    25: 31
    26: 13
    27: 21
    28: 23
    29: 22
    30: 33
    31: 26
    32: 23
    33: 23
    34: 29
    35: 31
    36: 29
    37: 18
    38: 21
    39: 29
    40: 27
    41: 20
    42: 27
    43: 5
    44: 1
    45: 1
    46: 0
    47: 0
    48: 0
    49: 0
    50: 0
    51: 0
    52: 0
    53: 0
    54: 0
    55: 0
    56: 0
    57: 0
    58: 0
    59: 0
    60: 0
    61: 0
    62: 0
    63: 0
    64: 0
    65: 0
    66: 0
    67: 0
    68: 0
    69: 0
    70: 0
    71: 0
    72: 0
    73: 0
    74: 0
    75: 0
    76: 0
    77: 0
    78: 0
    79: 0
    80: 0
    81: 0
    82: 0
    83: 0
    84: 0
    85: 0
    86: 0
    87: 0
    88: 0
    89: 0
    90: 0
    91: 0
    92: 0
    93: 0
    94: 0
    95: 0
    96: 0
    97: 0
    98: 0
    99: 0
 sched: # Scheduler stats
  thCr: 9 # Threads created
  thFn: 0 # Threads finished
  schedEvs: 383 # Schedule events
  waitEvs: 8 # Wait events
  handoffEvs: 0 # Handoff events
  sleepEvs: 0 # Sleep events
  idlePhases: 0 # Phases with no thread active
  idlePeriods: 0 # Periods with no thread active
  occHist: # Occupancy histogram
   0: 0
   1: 135
   2: 0
   3: 0
   4: 0
   5: 0
   6: 0
   7: 0
   8: 45315
  rqSzHist: # Run queue size histogram
   0: 45450
   1: 0
   2: 0
   3: 0
   4: 0
   5: 0
   6: 0
   7: 0
   8: 0
   9: 0
   10: 0
   11: 0
   12: 0
   13: 0
   14: 0
   15: 0
   16: 0
 procCycles: # Per-process unhalted core cycles
  0: 2958958155
  1: 0
  2: 0
  3: 0
  4: 0
  5: 0
  6: 0
  7: 0
  8: 0
  9: 0
  10: 0
  11: 0
  12: 0
  13: 0
  14: 0
  15: 0
  16: 0
  17: 0
  18: 0
  19: 0
  20: 0
  21: 0
  22: 0
  23: 0
  24: 0
  25: 0
  26: 0
  27: 0
  28: 0
  29: 0
  30: 0
  31: 0
  32: 0
  33: 0
  34: 0
  35: 0
  36: 0
  37: 0
  38: 0
  39: 0
  40: 0
  41: 0
  42: 0
  43: 0
  44: 0
  45: 0
  46: 0
  47: 0
  48: 0
  49: 0
  50: 0
  51: 0
  52: 0
  53: 0
  54: 0
  55: 0
  56: 0
  57: 0
  58: 0
  59: 0
  60: 0
  61: 0
  62: 0
  63: 0
 procInstrs: # Per-process instructions
  0: 5000082581
  1: 0
  2: 0
  3: 0
  4: 0
  5: 0
  6: 0
  7: 0
  8: 0
  9: 0
  10: 0
  11: 0
  12: 0
  13: 0
  14: 0
  15: 0
  16: 0
  17: 0
  18: 0
  19: 0
  20: 0
  21: 0
  22: 0
  23: 0
  24: 0
  25: 0
  26: 0
  27: 0
  28: 0
  29: 0
  30: 0
  31: 0
  32: 0
  33: 0
  34: 0
  35: 0
  36: 0
  37: 0
  38: 0
  39: 0
  40: 0
  41: 0
  42: 0
  43: 0
  44: 0
  45: 0
  46: 0
  47: 0
  48: 0
  49: 0
  50: 0
  51: 0
  52: 0
  53: 0
  54: 0
  55: 0
  56: 0
  57: 0
  58: 0
  59: 0
  60: 0
  61: 0
  62: 0
  63: 0
 heartbeats: # Per-process heartbeats
  0: 0
  1: 0
  2: 0
  3: 0
  4: 0
  5: 0
  6: 0
  7: 0
  8: 0
  9: 0
  10: 0
  11: 0
  12: 0
  13: 0
  14: 0
  15: 0
  16: 0
  17: 0
  18: 0
  19: 0
  20: 0
  21: 0
  22: 0
  23: 0
  24: 0
  25: 0
  26: 0
  27: 0
  28: 0
  29: 0
  30: 0
  31: 0
  32: 0
  33: 0
  34: 0
  35: 0
  36: 0
  37: 0
  38: 0
  39: 0
  40: 0
  41: 0
  42: 0
  43: 0
  44: 0
  45: 0
  46: 0
  47: 0
  48: 0
  49: 0
  50: 0
  51: 0
  52: 0
  53: 0
  54: 0
  55: 0
  56: 0
  57: 0
  58: 0
  59: 0
  60: 0
  61: 0
  62: 0
  63: 0
===
