# zsim stats
===
root: # Stats
 contention: # Contention simulation stats
  domain-0: # Domain stats
   time: 350626409 # Weave simulation time
 time: # Simulator time breakdown
  init: 7795173535301
  bound: 15017300217
  weave: 1140207006
  ff: 0
 trigger: 20000 # Reason for this stats dump
 phase: 6327 # Simulated phases
 westmere: # Core stats
  westmere-0: # Core stats
   cycles: 63270042 # Simulated unhalted cycles
   cCycles: 3736887 # Cycles due to contention stalls
   instrs: 100014587 # Simulated instructions
   uops: 110202834 # Retired micro-ops
   bbls: 33248600 # Basic blocks
   approxInstrs: 241786 # Instrs with approx uop decoding
   mispredBranches: 159242 # Mispredicted branches
   condBranches: 28328882 # conditional branches
 l1i: # Cache stats
  l1i-0: # Filter cache stats
   fhGETS: 32282095 # Filtered GETS hits
   fhGETX: 0 # Filtered GETX hits
   hGETS: 1637254 # GETS hits
   hGETX: 0 # GETX hits
   mGETS: 220258 # GETS misses
   mGETXIM: 0 # GETX I->M misses
   mGETXSM: 0 # GETX S->M misses (upgrade misses)
   PUTS: 0 # Clean evictions (from lower level)
   PUTX: 0 # Dirty evictions (from lower level)
   INV: 1837 # Invalidates (from upper level)
   INVX: 0 # Downgrades (from upper level)
   FWD: 0 # Forwards (from upper level)
   latGETnl: 2899024 # GET request latency on next level
   latGETnet: 0 # GET request latency on network to next level
 l1d: # Cache stats
  l1d-0: # Filter cache stats
   fhGETS: 25775715 # Filtered GETS hits
   fhGETX: 5576316 # Filtered GETX hits
   hGETS: 2997569 # GETS hits
   hGETX: 782554 # GETX hits
   mGETS: 2383140 # GETS misses
   mGETXIM: 183948 # GETX I->M misses
   mGETXSM: 0 # GETX S->M misses (upgrade misses)
   PUTS: 0 # Clean evictions (from lower level)
   PUTX: 0 # Dirty evictions (from lower level)
   INV: 2433 # Invalidates (from upper level)
   INVX: 0 # Downgrades (from upper level)
   FWD: 0 # Forwards (from upper level)
   latGETnl: 51019962 # GET request latency on next level
   latGETnet: 0 # GET request latency on network to next level
 l2: # Cache stats
  l2-0: # Cache stats
   hGETS: 2470878 # GETS hits
   hGETX: 31529 # GETX hits
   mGETS: 132520 # GETS misses
   mGETXIM: 152419 # GETX I->M misses
   mGETXSM: 0 # GETX S->M misses (upgrade misses)
   PUTS: 2472607 # Clean evictions (from lower level)
   PUTX: 309445 # Dirty evictions (from lower level)
   INV: 7592 # Invalidates (from upper level)
   INVX: 0 # Downgrades (from upper level)
   FWD: 0 # Forwards (from upper level)
   latGETnl: 26045526 # GET request latency on next level
   latGETnet: 0 # GET request latency on network to next level
 l3: # Cache stats
  l3-0: # Cache stats
   hGETS: 54352 # GETS hits
   hGETX: 17176 # GETX hits
   mGETS: 78168 # GETS misses
   mGETXIM: 135243 # GETX I->M misses
   mGETXSM: 0 # GETX S->M misses (upgrade misses)
   PUTS: 60630 # Clean evictions (from lower level)
   PUTX: 212622 # Dirty evictions (from lower level)
   INV: 0 # Invalidates (from upper level)
   INVX: 0 # Downgrades (from upper level)
   FWD: 0 # Forwards (from upper level)
   latGETnl: 19206990 # GET request latency on next level
   latGETnet: 0 # GET request latency on network to next level
 mem: # Memory controller stats
  mem-0: # Memory controller stats
   rd: 53359 # Read requests
   wr: 39824 # Write requests
   rdlat: 7236255 # Total latency experienced by read requests
   wrlat: 6243004 # Total latency experienced by write requests
   rdhits: 32 # Read row hits
   wrhits: 56 # Write row hits
   mlh: # latency histogram for memory requests
    0: 0
    1: 0
    2: 0
    3: 0
    4: 0
    5: 0
    6: 0
    7: 0
    8: 0
    9: 0
    10: 0
    11: 1
    12: 3
    13: 49411
    14: 1204
    15: 1031
    16: 767
    17: 62
    18: 46
    19: 45
    20: 48
    21: 43
    22: 30
    23: 25
    24: 53
    25: 41
    26: 21
    27: 14
    28: 23
    29: 18
    30: 20
    31: 27
    32: 29
    33: 43
    34: 27
    35: 29
    36: 35
    37: 49
    38: 36
    39: 35
    40: 43
    41: 33
    42: 25
    43: 15
    44: 7
    45: 8
    46: 2
    47: 4
    48: 5
    49: 1
    50: 0
    51: 0
    52: 0
    53: 0
    54: 0
    55: 0
    56: 0
    57: 0
    58: 0
    59: 0
    60: 0
    61: 0
    62: 0
    63: 0
    64: 0
    65: 0
    66: 0
    67: 0
    68: 0
    69: 0
    70: 0
    71: 0
    72: 0
    73: 0
    74: 0
    75: 0
    76: 0
    77: 0
    78: 0
    79: 0
    80: 0
    81: 0
    82: 0
    83: 0
    84: 0
    85: 0
    86: 0
    87: 0
    88: 0
    89: 0
    90: 0
    91: 0
    92: 0
    93: 0
    94: 0
    95: 0
    96: 0
    97: 0
    98: 0
    99: 0
  mem-1: # Memory controller stats
   rd: 53332 # Read requests
   wr: 39805 # Write requests
   rdlat: 7224698 # Total latency experienced by read requests
   wrlat: 6273113 # Total latency experienced by write requests
   rdhits: 37 # Read row hits
   wrhits: 54 # Write row hits
   mlh: # latency histogram for memory requests
    0: 0
    1: 0
    2: 0
    3: 0
    4: 0
    5: 0
    6: 0
    7: 0
    8: 0
    9: 0
    10: 0
    11: 1
    12: 2
    13: 49523
    14: 1181
    15: 970
    16: 728
    17: 54
    18: 49
    19: 39
    20: 42
    21: 37
    22: 39
    23: 36
    24: 57
    25: 50
    26: 16
    27: 24
    28: 16
    29: 25
    30: 23
    31: 17
    32: 29
    33: 34
    34: 32
    35: 40
    36: 33
    37: 46
    38: 27
    39: 41
    40: 24
    41: 29
    42: 30
    43: 14
    44: 10
    45: 5
    46: 5
    47: 0
    48: 2
    49: 1
    50: 0
    51: 0
    52: 1
    53: 0
    54: 0
    55: 0
    56: 0
    57: 0
    58: 0
    59: 0
    60: 0
    61: 0
    62: 0
    63: 0
    64: 0
    65: 0
    66: 0
    67: 0
    68: 0
    69: 0
    70: 0
    71: 0
    72: 0
    73: 0
    74: 0
    75: 0
    76: 0
    77: 0
    78: 0
    79: 0
    80: 0
    81: 0
    82: 0
    83: 0
    84: 0
    85: 0
    86: 0
    87: 0
    88: 0
    89: 0
    90: 0
    91: 0
    92: 0
    93: 0
    94: 0
    95: 0
    96: 0
    97: 0
    98: 0
    99: 0
  mem-2: # Memory controller stats
   rd: 53350 # Read requests
   wr: 39736 # Write requests
   rdlat: 7236797 # Total latency experienced by read requests
   wrlat: 6264819 # Total latency experienced by write requests
   rdhits: 32 # Read row hits
   wrhits: 62 # Write row hits
   mlh: # latency histogram for memory requests
    0: 0
    1: 0
    2: 0
    3: 0
    4: 0
    5: 0
    6: 0
    7: 0
    8: 0
    9: 0
    10: 0
    11: 3
    12: 5
    13: 49355
    14: 1230
    15: 1019
    16: 764
    17: 56
    18: 43
    19: 51
    20: 51
    21: 54
    22: 44
    23: 39
    24: 46
    25: 27
    26: 15
    27: 18
    28: 27
    29: 23
    30: 19
    31: 35
    32: 24
    33: 34
    34: 40
    35: 42
    36: 49
    37: 48
    38: 42
    39: 34
    40: 32
    41: 23
    42: 21
    43: 16
    44: 5
    45: 7
    46: 2
    47: 4
    48: 2
    49: 0
    50: 0
    51: 1
    52: 0
    53: 0
    54: 0
    55: 0
    56: 0
    57: 0
    58: 0
    59: 0
    60: 0
    61: 0
    62: 0
    63: 0
    64: 0
    65: 0
    66: 0
    67: 0
    68: 0
    69: 0
    70: 0
    71: 0
    72: 0
    73: 0
    74: 0
    75: 0
    76: 0
    77: 0
    78: 0
    79: 0
    80: 0
    81: 0
    82: 0
    83: 0
    84: 0
    85: 0
    86: 0
    87: 0
    88: 0
    89: 0
    90: 0
    91: 0
    92: 0
    93: 0
    94: 0
    95: 0
    96: 0
    97: 0
    98: 0
    99: 0
  mem-3: # Memory controller stats
   rd: 53370 # Read requests
   wr: 39736 # Write requests
   rdlat: 7240023 # Total latency experienced by read requests
   wrlat: 6245472 # Total latency experienced by write requests
   rdhits: 45 # Read row hits
   wrhits: 64 # Write row hits
   mlh: # latency histogram for memory requests
    0: 0
    1: 0
    2: 0
    3: 0
    4: 0
    5: 0
    6: 0
    7: 0
    8: 0
    9: 0
    10: 0
    11: 4
    12: 4
    13: 49434
    14: 1156
    15: 1030
    16: 777
    17: 68
    18: 37
    19: 49
    20: 36
    21: 43
    22: 43
    23: 25
    24: 55
    25: 45
    26: 19
    27: 26
    28: 26
    29: 25
    30: 21
    31: 22
    32: 31
    33: 34
    34: 26
    35: 43
    36: 37
    37: 36
    38: 49
    39: 35
    40: 32
    41: 31
    42: 31
    43: 19
    44: 7
    45: 6
    46: 3
    47: 3
    48: 1
    49: 0
    50: 0
    51: 0
    52: 0
    53: 1
    54: 0
    55: 0
    56: 0
    57: 0
    58: 0
    59: 0
    60: 0
    61: 0
    62: 0
    63: 0
    64: 0
    65: 0
    66: 0
    67: 0
    68: 0
    69: 0
    70: 0
    71: 0
    72: 0
    73: 0
    74: 0
    75: 0
    76: 0
    77: 0
    78: 0
    79: 0
    80: 0
    81: 0
    82: 0
    83: 0
    84: 0
    85: 0
    86: 0
    87: 0
    88: 0
    89: 0
    90: 0
    91: 0
    92: 0
    93: 0
    94: 0
    95: 0
    96: 0
    97: 0
    98: 0
    99: 0
 sched: # Scheduler stats
  thCr: 1 # Threads created
  thFn: 1 # Threads finished
  schedEvs: 1 # Schedule events
  waitEvs: 0 # Wait events
  handoffEvs: 0 # Handoff events
  sleepEvs: 0 # Sleep events
  idlePhases: 0 # Phases with no thread active
  idlePeriods: 0 # Periods with no thread active
  occHist: # Occupancy histogram
   0: 0
   1: 6327
  rqSzHist: # Run queue size histogram
   0: 6327
   1: 0
   2: 0
   3: 0
   4: 0
   5: 0
   6: 0
   7: 0
   8: 0
   9: 0
   10: 0
   11: 0
   12: 0
   13: 0
   14: 0
   15: 0
   16: 0
 procCycles: # Per-process unhalted core cycles
  0: 63270042
  1: 0
  2: 0
  3: 0
  4: 0
  5: 0
  6: 0
  7: 0
  8: 0
  9: 0
  10: 0
  11: 0
  12: 0
  13: 0
  14: 0
  15: 0
  16: 0
  17: 0
  18: 0
  19: 0
  20: 0
  21: 0
  22: 0
  23: 0
  24: 0
  25: 0
  26: 0
  27: 0
  28: 0
  29: 0
  30: 0
  31: 0
  32: 0
  33: 0
  34: 0
  35: 0
  36: 0
  37: 0
  38: 0
  39: 0
  40: 0
  41: 0
  42: 0
  43: 0
  44: 0
  45: 0
  46: 0
  47: 0
  48: 0
  49: 0
  50: 0
  51: 0
  52: 0
  53: 0
  54: 0
  55: 0
  56: 0
  57: 0
  58: 0
  59: 0
  60: 0
  61: 0
  62: 0
  63: 0
 procInstrs: # Per-process instructions
  0: 100014587
  1: 0
  2: 0
  3: 0
  4: 0
  5: 0
  6: 0
  7: 0
  8: 0
  9: 0
  10: 0
  11: 0
  12: 0
  13: 0
  14: 0
  15: 0
  16: 0
  17: 0
  18: 0
  19: 0
  20: 0
  21: 0
  22: 0
  23: 0
  24: 0
  25: 0
  26: 0
  27: 0
  28: 0
  29: 0
  30: 0
  31: 0
  32: 0
  33: 0
  34: 0
  35: 0
  36: 0
  37: 0
  38: 0
  39: 0
  40: 0
  41: 0
  42: 0
  43: 0
  44: 0
  45: 0
  46: 0
  47: 0
  48: 0
  49: 0
  50: 0
  51: 0
  52: 0
  53: 0
  54: 0
  55: 0
  56: 0
  57: 0
  58: 0
  59: 0
  60: 0
  61: 0
  62: 0
  63: 0
 heartbeats: # Per-process heartbeats
  0: 0
  1: 0
  2: 0
  3: 0
  4: 0
  5: 0
  6: 0
  7: 0
  8: 0
  9: 0
  10: 0
  11: 0
  12: 0
  13: 0
  14: 0
  15: 0
  16: 0
  17: 0
  18: 0
  19: 0
  20: 0
  21: 0
  22: 0
  23: 0
  24: 0
  25: 0
  26: 0
  27: 0
  28: 0
  29: 0
  30: 0
  31: 0
  32: 0
  33: 0
  34: 0
  35: 0
  36: 0
  37: 0
  38: 0
  39: 0
  40: 0
  41: 0
  42: 0
  43: 0
  44: 0
  45: 0
  46: 0
  47: 0
  48: 0
  49: 0
  50: 0
  51: 0
  52: 0
  53: 0
  54: 0
  55: 0
  56: 0
  57: 0
  58: 0
  59: 0
  60: 0
  61: 0
  62: 0
  63: 0
===
