# zsim stats
===
root: # Stats
 contention: # Contention simulation stats
  domain-0: # Domain stats
   time: 42311324407 # Weave simulation time
 time: # Simulator time breakdown
  init: 165006594372
  bound: 557051969409
  weave: 93137414652
  ff: 15746309
 trigger: 20000 # Reason for this stats dump
 phase: 63282 # Simulated phases
 westmere: # Core stats
  westmere-0: # Core stats
   cycles: 622965607 # Simulated unhalted cycles
   cCycles: 122718572 # Cycles due to contention stalls
   instrs: 215320660 # Simulated instructions
   uops: 272217645 # Retired micro-ops
   bbls: 21787920 # Basic blocks
   approxInstrs: 15796377 # Instrs with approx uop decoding
   mispredBranches: 798663 # Mispredicted branches
   condBranches: 13969060 # conditional branches
  westmere-1: # Core stats
   cycles: 623478740 # Simulated unhalted cycles
   cCycles: 122820389 # Cycles due to contention stalls
   instrs: 215516583 # Simulated instructions
   uops: 272468598 # Retired micro-ops
   bbls: 21806323 # Basic blocks
   approxInstrs: 15817337 # Instrs with approx uop decoding
   mispredBranches: 800062 # Mispredicted branches
   condBranches: 13981669 # conditional branches
  westmere-2: # Core stats
   cycles: 623266107 # Simulated unhalted cycles
   cCycles: 122851165 # Cycles due to contention stalls
   instrs: 215281208 # Simulated instructions
   uops: 272169424 # Retired micro-ops
   bbls: 21787788 # Basic blocks
   approxInstrs: 15796340 # Instrs with approx uop decoding
   mispredBranches: 798836 # Mispredicted branches
   condBranches: 13969302 # conditional branches
  westmere-3: # Core stats
   cycles: 622365758 # Simulated unhalted cycles
   cCycles: 122680549 # Cycles due to contention stalls
   instrs: 215069620 # Simulated instructions
   uops: 271902654 # Retired micro-ops
   bbls: 21772192 # Basic blocks
   approxInstrs: 15773500 # Instrs with approx uop decoding
   mispredBranches: 798655 # Mispredicted branches
   condBranches: 13957696 # conditional branches
  westmere-4: # Core stats
   cycles: 622034439 # Simulated unhalted cycles
   cCycles: 122534111 # Cycles due to contention stalls
   instrs: 215160504 # Simulated instructions
   uops: 271985806 # Retired micro-ops
   bbls: 21784086 # Basic blocks
   approxInstrs: 15772758 # Instrs with approx uop decoding
   mispredBranches: 796928 # Mispredicted branches
   condBranches: 13966098 # conditional branches
  westmere-5: # Core stats
   cycles: 623174504 # Simulated unhalted cycles
   cCycles: 122819064 # Cycles due to contention stalls
   instrs: 215353234 # Simulated instructions
   uops: 272268546 # Retired micro-ops
   bbls: 21787437 # Basic blocks
   approxInstrs: 15804676 # Instrs with approx uop decoding
   mispredBranches: 798586 # Mispredicted branches
   condBranches: 13968564 # conditional branches
  westmere-6: # Core stats
   cycles: 622485150 # Simulated unhalted cycles
   cCycles: 122676018 # Cycles due to contention stalls
   instrs: 215132658 # Simulated instructions
   uops: 271986981 # Retired micro-ops
   bbls: 21773175 # Basic blocks
   approxInstrs: 15782202 # Instrs with approx uop decoding
   mispredBranches: 799130 # Mispredicted branches
   condBranches: 13957943 # conditional branches
  westmere-7: # Core stats
   cycles: 622209495 # Simulated unhalted cycles
   cCycles: 122591042 # Cycles due to contention stalls
   instrs: 215170007 # Simulated instructions
   uops: 272022141 # Retired micro-ops
   bbls: 21781935 # Basic blocks
   approxInstrs: 15780308 # Instrs with approx uop decoding
   mispredBranches: 799717 # Mispredicted branches
   condBranches: 13963643 # conditional branches
 l1i: # Cache stats
  l1i-0: # Filter cache stats
   fhGETS: 30448802 # Filtered GETS hits
   fhGETX: 0 # Filtered GETX hits
   hGETS: 526425 # GETS hits
   hGETX: 0 # GETX hits
   mGETS: 410 # GETS misses
   mGETXIM: 0 # GETX I->M misses
   mGETXSM: 0 # GETX S->M misses (upgrade misses)
   PUTS: 0 # Clean evictions (from lower level)
   PUTX: 0 # Dirty evictions (from lower level)
   INV: 21 # Invalidates (from upper level)
   INVX: 0 # Downgrades (from upper level)
   FWD: 0 # Forwards (from upper level)
   latGETnl: 27146 # GET request latency on next level
   latGETnet: 0 # GET request latency on network to next level
  l1i-1: # Filter cache stats
   fhGETS: 30477436 # Filtered GETS hits
   fhGETX: 0 # Filtered GETX hits
   hGETS: 527253 # GETS hits
   hGETX: 0 # GETX hits
   mGETS: 458 # GETS misses
   mGETXIM: 0 # GETX I->M misses
   mGETXSM: 0 # GETX S->M misses (upgrade misses)
   PUTS: 0 # Clean evictions (from lower level)
   PUTX: 0 # Dirty evictions (from lower level)
   INV: 26 # Invalidates (from upper level)
   INVX: 0 # Downgrades (from upper level)
   FWD: 0 # Forwards (from upper level)
   latGETnl: 18542 # GET request latency on next level
   latGETnet: 0 # GET request latency on network to next level
  l1i-2: # Filter cache stats
   fhGETS: 30446689 # Filtered GETS hits
   fhGETX: 0 # Filtered GETX hits
   hGETS: 526483 # GETS hits
   hGETX: 0 # GETX hits
   mGETS: 588 # GETS misses
   mGETXIM: 0 # GETX I->M misses
   mGETXSM: 0 # GETX S->M misses (upgrade misses)
   PUTS: 0 # Clean evictions (from lower level)
   PUTX: 0 # Dirty evictions (from lower level)
   INV: 29 # Invalidates (from upper level)
   INVX: 0 # Downgrades (from upper level)
   FWD: 0 # Forwards (from upper level)
   latGETnl: 41502 # GET request latency on next level
   latGETnet: 0 # GET request latency on network to next level
  l1i-3: # Filter cache stats
   fhGETS: 30426113 # Filtered GETS hits
   fhGETX: 0 # Filtered GETX hits
   hGETS: 525861 # GETS hits
   hGETX: 0 # GETX hits
   mGETS: 474 # GETS misses
   mGETXIM: 0 # GETX I->M misses
   mGETXSM: 0 # GETX S->M misses (upgrade misses)
   PUTS: 0 # Clean evictions (from lower level)
   PUTX: 0 # Dirty evictions (from lower level)
   INV: 29 # Invalidates (from upper level)
   INVX: 0 # Downgrades (from upper level)
   FWD: 0 # Forwards (from upper level)
   latGETnl: 18546 # GET request latency on next level
   latGETnet: 0 # GET request latency on network to next level
  l1i-4: # Filter cache stats
   fhGETS: 30431787 # Filtered GETS hits
   fhGETX: 0 # Filtered GETX hits
   hGETS: 526473 # GETS hits
   hGETX: 0 # GETX hits
   mGETS: 479 # GETS misses
   mGETXIM: 0 # GETX I->M misses
   mGETXSM: 0 # GETX S->M misses (upgrade misses)
   PUTS: 0 # Clean evictions (from lower level)
   PUTX: 0 # Dirty evictions (from lower level)
   INV: 26 # Invalidates (from upper level)
   INVX: 0 # Downgrades (from upper level)
   FWD: 0 # Forwards (from upper level)
   latGETnl: 33656 # GET request latency on next level
   latGETnet: 0 # GET request latency on network to next level
  l1i-5: # Filter cache stats
   fhGETS: 30446991 # Filtered GETS hits
   fhGETX: 0 # Filtered GETX hits
   hGETS: 526513 # GETS hits
   hGETX: 0 # GETX hits
   mGETS: 331 # GETS misses
   mGETXIM: 0 # GETX I->M misses
   mGETXSM: 0 # GETX S->M misses (upgrade misses)
   PUTS: 0 # Clean evictions (from lower level)
   PUTX: 0 # Dirty evictions (from lower level)
   INV: 29 # Invalidates (from upper level)
   INVX: 0 # Downgrades (from upper level)
   FWD: 0 # Forwards (from upper level)
   latGETnl: 12244 # GET request latency on next level
   latGETnet: 0 # GET request latency on network to next level
  l1i-6: # Filter cache stats
   fhGETS: 30430333 # Filtered GETS hits
   fhGETX: 0 # Filtered GETX hits
   hGETS: 526164 # GETS hits
   hGETX: 0 # GETX hits
   mGETS: 319 # GETS misses
   mGETXIM: 0 # GETX I->M misses
   mGETXSM: 0 # GETX S->M misses (upgrade misses)
   PUTS: 0 # Clean evictions (from lower level)
   PUTX: 0 # Dirty evictions (from lower level)
   INV: 22 # Invalidates (from upper level)
   INVX: 0 # Downgrades (from upper level)
   FWD: 0 # Forwards (from upper level)
   latGETnl: 14176 # GET request latency on next level
   latGETnet: 0 # GET request latency on network to next level
  l1i-7: # Filter cache stats
   fhGETS: 30442152 # Filtered GETS hits
   fhGETX: 0 # Filtered GETX hits
   hGETS: 527073 # GETS hits
   hGETX: 0 # GETX hits
   mGETS: 474 # GETS misses
   mGETXIM: 0 # GETX I->M misses
   mGETXSM: 0 # GETX S->M misses (upgrade misses)
   PUTS: 0 # Clean evictions (from lower level)
   PUTX: 0 # Dirty evictions (from lower level)
   INV: 35 # Invalidates (from upper level)
   INVX: 0 # Downgrades (from upper level)
   FWD: 0 # Forwards (from upper level)
   latGETnl: 16296 # GET request latency on next level
   latGETnet: 0 # GET request latency on network to next level
 l1d: # Cache stats
  l1d-0: # Filter cache stats
   fhGETS: 45151278 # Filtered GETS hits
   fhGETX: 10645572 # Filtered GETX hits
   hGETS: 6750969 # GETS hits
   hGETX: 3816341 # GETX hits
   mGETS: 4692060 # GETS misses
   mGETXIM: 233 # GETX I->M misses
   mGETXSM: 56511 # GETX S->M misses (upgrade misses)
   PUTS: 0 # Clean evictions (from lower level)
   PUTX: 0 # Dirty evictions (from lower level)
   INV: 8349 # Invalidates (from upper level)
   INVX: 45974 # Downgrades (from upper level)
   FWD: 0 # Forwards (from upper level)
   latGETnl: 417104936 # GET request latency on next level
   latGETnet: 0 # GET request latency on network to next level
  l1d-1: # Filter cache stats
   fhGETS: 45209931 # Filtered GETS hits
   fhGETX: 10644725 # Filtered GETX hits
   hGETS: 6744482 # GETS hits
   hGETX: 3821975 # GETX hits
   mGETS: 4697626 # GETS misses
   mGETXIM: 146 # GETX I->M misses
   mGETXSM: 56535 # GETX S->M misses (upgrade misses)
   PUTS: 0 # Clean evictions (from lower level)
   PUTX: 0 # Dirty evictions (from lower level)
   INV: 8249 # Invalidates (from upper level)
   INVX: 45770 # Downgrades (from upper level)
   FWD: 0 # Forwards (from upper level)
   latGETnl: 417612967 # GET request latency on next level
   latGETnet: 0 # GET request latency on network to next level
  l1d-2: # Filter cache stats
   fhGETS: 45154601 # Filtered GETS hits
   fhGETX: 10639922 # Filtered GETX hits
   hGETS: 6742883 # GETS hits
   hGETX: 3816995 # GETX hits
   mGETS: 4692863 # GETS misses
   mGETXIM: 210 # GETX I->M misses
   mGETXSM: 56095 # GETX S->M misses (upgrade misses)
   PUTS: 0 # Clean evictions (from lower level)
   PUTX: 0 # Dirty evictions (from lower level)
   INV: 8268 # Invalidates (from upper level)
   INVX: 45742 # Downgrades (from upper level)
   FWD: 0 # Forwards (from upper level)
   latGETnl: 417470053 # GET request latency on next level
   latGETnet: 0 # GET request latency on network to next level
  l1d-3: # Filter cache stats
   fhGETS: 45123016 # Filtered GETS hits
   fhGETX: 10641852 # Filtered GETX hits
   hGETS: 6718894 # GETS hits
   hGETX: 3811913 # GETX hits
   mGETS: 4684756 # GETS misses
   mGETXIM: 153 # GETX I->M misses
   mGETXSM: 55892 # GETX S->M misses (upgrade misses)
   PUTS: 0 # Clean evictions (from lower level)
   PUTX: 0 # Dirty evictions (from lower level)
   INV: 8180 # Invalidates (from upper level)
   INVX: 45610 # Downgrades (from upper level)
   FWD: 0 # Forwards (from upper level)
   latGETnl: 416695963 # GET request latency on next level
   latGETnet: 0 # GET request latency on network to next level
  l1d-4: # Filter cache stats
   fhGETS: 45118690 # Filtered GETS hits
   fhGETX: 10647665 # Filtered GETX hits
   hGETS: 6733432 # GETS hits
   hGETX: 3813202 # GETX hits
   mGETS: 4685470 # GETS misses
   mGETXIM: 192 # GETX I->M misses
   mGETXSM: 56332 # GETX S->M misses (upgrade misses)
   PUTS: 0 # Clean evictions (from lower level)
   PUTX: 0 # Dirty evictions (from lower level)
   INV: 8204 # Invalidates (from upper level)
   INVX: 45348 # Downgrades (from upper level)
   FWD: 0 # Forwards (from upper level)
   latGETnl: 416492256 # GET request latency on next level
   latGETnet: 0 # GET request latency on network to next level
  l1d-5: # Filter cache stats
   fhGETS: 45196516 # Filtered GETS hits
   fhGETX: 10641347 # Filtered GETX hits
   hGETS: 6720479 # GETS hits
   hGETX: 3816870 # GETX hits
   mGETS: 4694975 # GETS misses
   mGETXIM: 110 # GETX I->M misses
   mGETXSM: 56775 # GETX S->M misses (upgrade misses)
   PUTS: 0 # Clean evictions (from lower level)
   PUTX: 0 # Dirty evictions (from lower level)
   INV: 8274 # Invalidates (from upper level)
   INVX: 45686 # Downgrades (from upper level)
   FWD: 0 # Forwards (from upper level)
   latGETnl: 417209713 # GET request latency on next level
   latGETnet: 0 # GET request latency on network to next level
  l1d-6: # Filter cache stats
   fhGETS: 45132314 # Filtered GETS hits
   fhGETX: 10640262 # Filtered GETX hits
   hGETS: 6727789 # GETS hits
   hGETX: 3813322 # GETX hits
   mGETS: 4688535 # GETS misses
   mGETXIM: 117 # GETX I->M misses
   mGETXSM: 56116 # GETX S->M misses (upgrade misses)
   PUTS: 0 # Clean evictions (from lower level)
   PUTX: 0 # Dirty evictions (from lower level)
   INV: 8427 # Invalidates (from upper level)
   INVX: 45935 # Downgrades (from upper level)
   FWD: 0 # Forwards (from upper level)
   latGETnl: 416750527 # GET request latency on next level
   latGETnet: 0 # GET request latency on network to next level
  l1d-7: # Filter cache stats
   fhGETS: 45125139 # Filtered GETS hits
   fhGETX: 10645850 # Filtered GETX hits
   hGETS: 6737751 # GETS hits
   hGETX: 3812457 # GETX hits
   mGETS: 4687683 # GETS misses
   mGETXIM: 159 # GETX I->M misses
   mGETXSM: 56615 # GETX S->M misses (upgrade misses)
   PUTS: 0 # Clean evictions (from lower level)
   PUTX: 0 # Dirty evictions (from lower level)
   INV: 8358 # Invalidates (from upper level)
   INVX: 45956 # Downgrades (from upper level)
   FWD: 0 # Forwards (from upper level)
   latGETnl: 416701418 # GET request latency on next level
   latGETnet: 0 # GET request latency on network to next level
 l2: # Cache stats
  l2-0: # Cache stats
   hGETS: 193152 # GETS hits
   hGETX: 57 # GETX hits
   mGETS: 4499318 # GETS misses
   mGETXIM: 176 # GETX I->M misses
   mGETXSM: 56511 # GETX S->M misses (upgrade misses)
   PUTS: 2661279 # Clean evictions (from lower level)
   PUTX: 2022181 # Dirty evictions (from lower level)
   INV: 56819 # Invalidates (from upper level)
   INVX: 320558 # Downgrades (from upper level)
   FWD: 0 # Forwards (from upper level)
   latGETnl: 369639942 # GET request latency on next level
   latGETnet: 0 # GET request latency on network to next level
  l2-1: # Cache stats
   hGETS: 192055 # GETS hits
   hGETX: 43 # GETX hits
   mGETS: 4506029 # GETS misses
   mGETXIM: 103 # GETX I->M misses
   mGETXSM: 56535 # GETX S->M misses (upgrade misses)
   PUTS: 2664132 # Clean evictions (from lower level)
   PUTX: 2024903 # Dirty evictions (from lower level)
   INV: 56567 # Invalidates (from upper level)
   INVX: 319338 # Downgrades (from upper level)
   FWD: 0 # Forwards (from upper level)
   latGETnl: 370083859 # GET request latency on next level
   latGETnet: 0 # GET request latency on network to next level
  l2-2: # Cache stats
   hGETS: 192251 # GETS hits
   hGETX: 62 # GETX hits
   mGETS: 4501200 # GETS misses
   mGETXIM: 148 # GETX I->M misses
   mGETXSM: 56095 # GETX S->M misses (upgrade misses)
   PUTS: 2662000 # Clean evictions (from lower level)
   PUTX: 2022383 # Dirty evictions (from lower level)
   INV: 56395 # Invalidates (from upper level)
   INVX: 319261 # Downgrades (from upper level)
   FWD: 0 # Forwards (from upper level)
   latGETnl: 370013995 # GET request latency on next level
   latGETnet: 0 # GET request latency on network to next level
  l2-3: # Cache stats
   hGETS: 191314 # GETS hits
   hGETX: 39 # GETX hits
   mGETS: 4493916 # GETS misses
   mGETXIM: 114 # GETX I->M misses
   mGETXSM: 55892 # GETX S->M misses (upgrade misses)
   PUTS: 2656859 # Clean evictions (from lower level)
   PUTX: 2019392 # Dirty evictions (from lower level)
   INV: 55862 # Invalidates (from upper level)
   INVX: 316173 # Downgrades (from upper level)
   FWD: 0 # Forwards (from upper level)
   latGETnl: 369301759 # GET request latency on next level
   latGETnet: 0 # GET request latency on network to next level
  l2-4: # Cache stats
   hGETS: 192281 # GETS hits
   hGETX: 56 # GETX hits
   mGETS: 4493668 # GETS misses
   mGETXIM: 136 # GETX I->M misses
   mGETXSM: 56332 # GETX S->M misses (upgrade misses)
   PUTS: 2657518 # Clean evictions (from lower level)
   PUTX: 2019469 # Dirty evictions (from lower level)
   INV: 56314 # Invalidates (from upper level)
   INVX: 317346 # Downgrades (from upper level)
   FWD: 0 # Forwards (from upper level)
   latGETnl: 369101182 # GET request latency on next level
   latGETnet: 0 # GET request latency on network to next level
  l2-5: # Cache stats
   hGETS: 197554 # GETS hits
   hGETX: 41 # GETX hits
   mGETS: 4497752 # GETS misses
   mGETXIM: 69 # GETX I->M misses
   mGETXSM: 56775 # GETX S->M misses (upgrade misses)
   PUTS: 2663143 # Clean evictions (from lower level)
   PUTX: 2023168 # Dirty evictions (from lower level)
   INV: 57721 # Invalidates (from upper level)
   INVX: 326435 # Downgrades (from upper level)
   FWD: 0 # Forwards (from upper level)
   latGETnl: 369700047 # GET request latency on next level
   latGETnet: 0 # GET request latency on network to next level
  l2-6: # Cache stats
   hGETS: 196310 # GETS hits
   hGETX: 53 # GETX hits
   mGETS: 4492544 # GETS misses
   mGETXIM: 65 # GETX I->M misses
   mGETXSM: 56115 # GETX S->M misses (upgrade misses)
   PUTS: 2659456 # Clean evictions (from lower level)
   PUTX: 2020268 # Dirty evictions (from lower level)
   INV: 58082 # Invalidates (from upper level)
   INVX: 327292 # Downgrades (from upper level)
   FWD: 0 # Forwards (from upper level)
   latGETnl: 369313833 # GET request latency on next level
   latGETnet: 0 # GET request latency on network to next level
  l2-7: # Cache stats
   hGETS: 192891 # GETS hits
   hGETX: 55 # GETX hits
   mGETS: 4495266 # GETS misses
   mGETXIM: 104 # GETX I->M misses
   mGETXSM: 56615 # GETX S->M misses (upgrade misses)
   PUTS: 2658812 # Clean evictions (from lower level)
   PUTX: 2020195 # Dirty evictions (from lower level)
   INV: 56799 # Invalidates (from upper level)
   INVX: 319522 # Downgrades (from upper level)
   FWD: 0 # Forwards (from upper level)
   latGETnl: 369268404 # GET request latency on next level
   latGETnet: 0 # GET request latency on network to next level
 l3: # Cache stats
  l3-0b0: # Cache stats
   hGETS: 1649352 # GETS hits
   hGETX: 56644 # GETX hits
   mGETS: 2852102 # GETS misses
   mGETXIM: 97 # GETX I->M misses
   mGETXSM: 0 # GETX S->M misses (upgrade misses)
   PUTS: 2522734 # Clean evictions (from lower level)
   PUTX: 1918151 # Dirty evictions (from lower level)
   INV: 0 # Invalidates (from upper level)
   INVX: 0 # Downgrades (from upper level)
   FWD: 0 # Forwards (from upper level)
   latGETnl: 256697910 # GET request latency on next level
   latGETnet: 0 # GET request latency on network to next level
  l3-0b1: # Cache stats
   hGETS: 1653783 # GETS hits
   hGETX: 56248 # GETX hits
   mGETS: 2851173 # GETS misses
   mGETXIM: 87 # GETX I->M misses
   mGETXSM: 0 # GETX S->M misses (upgrade misses)
   PUTS: 2526121 # Clean evictions (from lower level)
   PUTX: 1918541 # Dirty evictions (from lower level)
   INV: 0 # Invalidates (from upper level)
   INVX: 0 # Downgrades (from upper level)
   FWD: 0 # Forwards (from upper level)
   latGETnl: 256613400 # GET request latency on next level
   latGETnet: 0 # GET request latency on network to next level
  l3-0b2: # Cache stats
   hGETS: 1645141 # GETS hits
   hGETX: 55894 # GETX hits
   mGETS: 2849849 # GETS misses
   mGETXIM: 93 # GETX I->M misses
   mGETXSM: 0 # GETX S->M misses (upgrade misses)
   PUTS: 2519203 # Clean evictions (from lower level)
   PUTX: 1915914 # Dirty evictions (from lower level)
   INV: 0 # Invalidates (from upper level)
   INVX: 0 # Downgrades (from upper level)
   FWD: 0 # Forwards (from upper level)
   latGETnl: 256494780 # GET request latency on next level
   latGETnet: 0 # GET request latency on network to next level
  l3-0b3: # Cache stats
   hGETS: 1651304 # GETS hits
   hGETX: 56342 # GETX hits
   mGETS: 2845737 # GETS misses
   mGETXIM: 112 # GETX I->M misses
   mGETXSM: 0 # GETX S->M misses (upgrade misses)
   PUTS: 2523024 # Clean evictions (from lower level)
   PUTX: 1913753 # Dirty evictions (from lower level)
   INV: 0 # Invalidates (from upper level)
   INVX: 0 # Downgrades (from upper level)
   FWD: 0 # Forwards (from upper level)
   latGETnl: 256126410 # GET request latency on next level
   latGETnet: 0 # GET request latency on network to next level
  l3-0b4: # Cache stats
   hGETS: 1648295 # GETS hits
   hGETX: 56016 # GETX hits
   mGETS: 2848922 # GETS misses
   mGETXIM: 108 # GETX I->M misses
   mGETXSM: 0 # GETX S->M misses (upgrade misses)
   PUTS: 2521601 # Clean evictions (from lower level)
   PUTX: 1915656 # Dirty evictions (from lower level)
   INV: 0 # Invalidates (from upper level)
   INVX: 0 # Downgrades (from upper level)
   FWD: 0 # Forwards (from upper level)
   latGETnl: 256412700 # GET request latency on next level
   latGETnet: 0 # GET request latency on network to next level
  l3-0b5: # Cache stats
   hGETS: 1646601 # GETS hits
   hGETX: 56002 # GETX hits
   mGETS: 2852318 # GETS misses
   mGETXIM: 93 # GETX I->M misses
   mGETXSM: 0 # GETX S->M misses (upgrade misses)
   PUTS: 2528515 # Clean evictions (from lower level)
   PUTX: 1910363 # Dirty evictions (from lower level)
   INV: 0 # Invalidates (from upper level)
   INVX: 0 # Downgrades (from upper level)
   FWD: 0 # Forwards (from upper level)
   latGETnl: 256716990 # GET request latency on next level
   latGETnet: 0 # GET request latency on network to next level
  l3-0b6: # Cache stats
   hGETS: 1638353 # GETS hits
   hGETX: 55573 # GETX hits
   mGETS: 2844893 # GETS misses
   mGETXIM: 104 # GETX I->M misses
   mGETXSM: 0 # GETX S->M misses (upgrade misses)
   PUTS: 2516839 # Clean evictions (from lower level)
   PUTX: 1906751 # Dirty evictions (from lower level)
   INV: 0 # Invalidates (from upper level)
   INVX: 0 # Downgrades (from upper level)
   FWD: 0 # Forwards (from upper level)
   latGETnl: 256049730 # GET request latency on next level
   latGETnet: 0 # GET request latency on network to next level
  l3-0b7: # Cache stats
   hGETS: 1653548 # GETS hits
   hGETX: 58262 # GETX hits
   mGETS: 2848322 # GETS misses
   mGETXIM: 110 # GETX I->M misses
   mGETXSM: 0 # GETX S->M misses (upgrade misses)
   PUTS: 2521068 # Clean evictions (from lower level)
   PUTX: 1915141 # Dirty evictions (from lower level)
   INV: 0 # Invalidates (from upper level)
   INVX: 0 # Downgrades (from upper level)
   FWD: 0 # Forwards (from upper level)
   latGETnl: 256358880 # GET request latency on next level
   latGETnet: 0 # GET request latency on network to next level
 mem: # Memory controller stats
  mem-0: # Memory controller stats
   rd: 5695529 # Read requests
   wr: 3257686 # Write requests
   rdlat: 801875070 # Total latency experienced by read requests
   wrlat: 545020392 # Total latency experienced by write requests
   rdhits: 10712 # Read row hits
   wrhits: 9609 # Write row hits
   mlh: # latency histogram for memory requests
    0: 0
    1: 0
    2: 0
    3: 0
    4: 0
    5: 0
    6: 0
    7: 0
    8: 0
    9: 1
    10: 0
    11: 1756
    12: 2087
    13: 4396200
    14: 525033
    15: 320407
    16: 174551
    17: 34201
    18: 24956
    19: 24081
    20: 23198
    21: 23068
    22: 20696
    23: 22286
    24: 24801
    25: 11767
    26: 2314
    27: 2139
    28: 2367
    29: 2415
    30: 2859
    31: 3142
    32: 3388
    33: 3394
    34: 3471
    35: 3484
    36: 3749
    37: 3730
    38: 3519
    39: 3654
    40: 3525
    41: 3791
    42: 3689
    43: 2944
    44: 2107
    45: 1803
    46: 1637
    47: 1569
    48: 831
    49: 216
    50: 166
    51: 138
    52: 96
    53: 84
    54: 74
    55: 45
    56: 28
    57: 27
    58: 16
    59: 9
    60: 5
    61: 3
    62: 5
    63: 3
    64: 0
    65: 2
    66: 0
    67: 0
    68: 1
    69: 0
    70: 0
    71: 0
    72: 1
    73: 0
    74: 0
    75: 0
    76: 0
    77: 0
    78: 0
    79: 0
    80: 0
    81: 0
    82: 0
    83: 0
    84: 0
    85: 0
    86: 0
    87: 0
    88: 0
    89: 0
    90: 0
    91: 0
    92: 0
    93: 0
    94: 0
    95: 0
    96: 0
    97: 0
    98: 0
    99: 0
  mem-1: # Memory controller stats
   rd: 5699892 # Read requests
   wr: 3261162 # Write requests
   rdlat: 802543531 # Total latency experienced by read requests
   wrlat: 545473438 # Total latency experienced by write requests
   rdhits: 10644 # Read row hits
   wrhits: 9702 # Write row hits
   mlh: # latency histogram for memory requests
    0: 0
    1: 0
    2: 0
    3: 0
    4: 0
    5: 0
    6: 0
    7: 0
    8: 0
    9: 0
    10: 0
    11: 1771
    12: 1977
    13: 4398549
    14: 525419
    15: 320764
    16: 175158
    17: 34508
    18: 25254
    19: 24227
    20: 23057
    21: 23109
    22: 20643
    23: 22488
    24: 24816
    25: 11565
    26: 2260
    27: 2162
    28: 2343
    29: 2549
    30: 2881
    31: 3207
    32: 3367
    33: 3465
    34: 3378
    35: 3504
    36: 3766
    37: 3717
    38: 3423
    39: 3584
    40: 3520
    41: 3687
    42: 3793
    43: 2929
    44: 2133
    45: 1953
    46: 1606
    47: 1572
    48: 908
    49: 211
    50: 142
    51: 129
    52: 94
    53: 89
    54: 74
    55: 52
    56: 24
    57: 27
    58: 11
    59: 11
    60: 8
    61: 3
    62: 0
    63: 4
    64: 1
    65: 0
    66: 0
    67: 0
    68: 0
    69: 0
    70: 0
    71: 0
    72: 0
    73: 0
    74: 0
    75: 0
    76: 0
    77: 0
    78: 0
    79: 0
    80: 0
    81: 0
    82: 0
    83: 0
    84: 0
    85: 0
    86: 0
    87: 0
    88: 0
    89: 0
    90: 0
    91: 0
    92: 0
    93: 0
    94: 0
    95: 0
    96: 0
    97: 0
    98: 0
    99: 0
  mem-2: # Memory controller stats
   rd: 5698891 # Read requests
   wr: 3258221 # Write requests
   rdlat: 802506240 # Total latency experienced by read requests
   wrlat: 544918774 # Total latency experienced by write requests
   rdhits: 10608 # Read row hits
   wrhits: 9651 # Write row hits
   mlh: # latency histogram for memory requests
    0: 0
    1: 0
    2: 0
    3: 0
    4: 0
    5: 0
    6: 0
    7: 0
    8: 0
    9: 0
    10: 1
    11: 1718
    12: 2105
    13: 4394880
    14: 527311
    15: 321134
    16: 175312
    17: 34779
    18: 25230
    19: 23819
    20: 23028
    21: 23150
    22: 20534
    23: 22515
    24: 24745
    25: 11637
    26: 2279
    27: 2109
    28: 2423
    29: 2582
    30: 2935
    31: 3143
    32: 3338
    33: 3327
    34: 3469
    35: 3645
    36: 3944
    37: 3795
    38: 3511
    39: 3659
    40: 3643
    41: 3700
    42: 3695
    43: 2872
    44: 2114
    45: 1942
    46: 1559
    47: 1509
    48: 907
    49: 221
    50: 142
    51: 127
    52: 106
    53: 83
    54: 67
    55: 43
    56: 30
    57: 26
    58: 12
    59: 15
    60: 2
    61: 5
    62: 4
    63: 2
    64: 1
    65: 1
    66: 1
    67: 1
    68: 0
    69: 0
    70: 1
    71: 0
    72: 3
    73: 0
    74: 0
    75: 0
    76: 0
    77: 0
    78: 0
    79: 0
    80: 0
    81: 0
    82: 0
    83: 0
    84: 0
    85: 0
    86: 0
    87: 0
    88: 0
    89: 0
    90: 0
    91: 0
    92: 0
    93: 0
    94: 0
    95: 0
    96: 0
    97: 0
    98: 0
    99: 0
  mem-3: # Memory controller stats
   rd: 5699787 # Read requests
   wr: 3259290 # Write requests
   rdlat: 802508521 # Total latency experienced by read requests
   wrlat: 545321199 # Total latency experienced by write requests
   rdhits: 10639 # Read row hits
   wrhits: 9785 # Write row hits
   mlh: # latency histogram for memory requests
    0: 0
    1: 0
    2: 0
    3: 0
    4: 0
    5: 0
    6: 0
    7: 0
    8: 0
    9: 1
    10: 1
    11: 1712
    12: 2111
    13: 4398485
    14: 524631
    15: 321348
    16: 174844
    17: 34313
    18: 25155
    19: 24184
    20: 23432
    21: 23311
    22: 20603
    23: 22526
    24: 24947
    25: 11850
    26: 2235
    27: 2133
    28: 2384
    29: 2571
    30: 2869
    31: 3207
    32: 3378
    33: 3360
    34: 3413
    35: 3564
    36: 3866
    37: 3725
    38: 3496
    39: 3519
    40: 3316
    41: 3844
    42: 3670
    43: 2913
    44: 2200
    45: 1908
    46: 1620
    47: 1464
    48: 844
    49: 227
    50: 159
    51: 100
    52: 99
    53: 77
    54: 59
    55: 30
    56: 26
    57: 27
    58: 12
    59: 5
    60: 6
    61: 2
    62: 2
    63: 0
    64: 1
    65: 0
    66: 1
    67: 1
    68: 0
    69: 0
    70: 0
    71: 0
    72: 0
    73: 0
    74: 0
    75: 0
    76: 0
    77: 0
    78: 0
    79: 0
    80: 0
    81: 0
    82: 0
    83: 0
    84: 0
    85: 0
    86: 0
    87: 0
    88: 0
    89: 0
    90: 0
    91: 0
    92: 0
    93: 0
    94: 0
    95: 0
    96: 0
    97: 0
    98: 0
    99: 0
 sched: # Scheduler stats
  thCr: 9 # Threads created
  thFn: 9 # Threads finished
  schedEvs: 17 # Schedule events
  waitEvs: 0 # Wait events
  handoffEvs: 0 # Handoff events
  sleepEvs: 0 # Sleep events
  idlePhases: 0 # Phases with no thread active
  idlePeriods: 0 # Periods with no thread active
  occHist: # Occupancy histogram
   0: 0
   1: 4
   2: 0
   3: 0
   4: 0
   5: 0
   6: 0
   7: 1
   8: 63277
  rqSzHist: # Run queue size histogram
   0: 63282
   1: 0
   2: 0
   3: 0
   4: 0
   5: 0
   6: 0
   7: 0
   8: 0
   9: 0
   10: 0
   11: 0
   12: 0
   13: 0
   14: 0
   15: 0
   16: 0
 procCycles: # Per-process unhalted core cycles
  0: 4981972469
  1: 0
  2: 0
  3: 0
  4: 0
  5: 0
  6: 0
  7: 0
  8: 0
  9: 0
  10: 0
  11: 0
  12: 0
  13: 0
  14: 0
  15: 0
  16: 0
  17: 0
  18: 0
  19: 0
  20: 0
  21: 0
  22: 0
  23: 0
  24: 0
  25: 0
  26: 0
  27: 0
  28: 0
  29: 0
  30: 0
  31: 0
  32: 0
  33: 0
  34: 0
  35: 0
  36: 0
  37: 0
  38: 0
  39: 0
  40: 0
  41: 0
  42: 0
  43: 0
  44: 0
  45: 0
  46: 0
  47: 0
  48: 0
  49: 0
  50: 0
  51: 0
  52: 0
  53: 0
  54: 0
  55: 0
  56: 0
  57: 0
  58: 0
  59: 0
  60: 0
  61: 0
  62: 0
  63: 0
 procInstrs: # Per-process instructions
  0: 1722004474
  1: 0
  2: 0
  3: 0
  4: 0
  5: 0
  6: 0
  7: 0
  8: 0
  9: 0
  10: 0
  11: 0
  12: 0
  13: 0
  14: 0
  15: 0
  16: 0
  17: 0
  18: 0
  19: 0
  20: 0
  21: 0
  22: 0
  23: 0
  24: 0
  25: 0
  26: 0
  27: 0
  28: 0
  29: 0
  30: 0
  31: 0
  32: 0
  33: 0
  34: 0
  35: 0
  36: 0
  37: 0
  38: 0
  39: 0
  40: 0
  41: 0
  42: 0
  43: 0
  44: 0
  45: 0
  46: 0
  47: 0
  48: 0
  49: 0
  50: 0
  51: 0
  52: 0
  53: 0
  54: 0
  55: 0
  56: 0
  57: 0
  58: 0
  59: 0
  60: 0
  61: 0
  62: 0
  63: 0
 heartbeats: # Per-process heartbeats
  0: 0
  1: 0
  2: 0
  3: 0
  4: 0
  5: 0
  6: 0
  7: 0
  8: 0
  9: 0
  10: 0
  11: 0
  12: 0
  13: 0
  14: 0
  15: 0
  16: 0
  17: 0
  18: 0
  19: 0
  20: 0
  21: 0
  22: 0
  23: 0
  24: 0
  25: 0
  26: 0
  27: 0
  28: 0
  29: 0
  30: 0
  31: 0
  32: 0
  33: 0
  34: 0
  35: 0
  36: 0
  37: 0
  38: 0
  39: 0
  40: 0
  41: 0
  42: 0
  43: 0
  44: 0
  45: 0
  46: 0
  47: 0
  48: 0
  49: 0
  50: 0
  51: 0
  52: 0
  53: 0
  54: 0
  55: 0
  56: 0
  57: 0
  58: 0
  59: 0
  60: 0
  61: 0
  62: 0
  63: 0
===
