# zsim stats
===
root: # Stats
 contention: # Contention simulation stats
  domain-0: # Domain stats
   time: 2536367820 # Weave simulation time
 time: # Simulator time breakdown
  init: 910621026123
  bound: 7155007392
  weave: 3192553904
  ff: 0
 trigger: 20000 # Reason for this stats dump
 phase: 12669 # Simulated phases
 westmere: # Core stats
  westmere-0: # Core stats
   cycles: 126692066 # Simulated unhalted cycles
   cCycles: 26370614 # Cycles due to contention stalls
   instrs: 100006189 # Simulated instructions
   uops: 109290396 # Retired micro-ops
   bbls: 5341710 # Basic blocks
   approxInstrs: 0 # Instrs with approx uop decoding
   mispredBranches: 91 # Mispredicted branches
   condBranches: 4643801 # conditional branches
 l1i: # Cache stats
  l1i-0: # Filter cache stats
   fhGETS: 9923398 # Filtered GETS hits
   fhGETX: 0 # Filtered GETX hits
   hGETS: 0 # GETS hits
   hGETX: 0 # GETX hits
   mGETS: 79 # GETS misses
   mGETXIM: 0 # GETX I->M misses
   mGETXSM: 0 # GETX S->M misses (upgrade misses)
   PUTS: 0 # Clean evictions (from lower level)
   PUTX: 0 # Dirty evictions (from lower level)
   INV: 0 # Invalidates (from upper level)
   INVX: 0 # Downgrades (from upper level)
   FWD: 0 # Forwards (from upper level)
   latGETnl: 9796 # GET request latency on next level
   latGETnet: 0 # GET request latency on network to next level
 l1d: # Cache stats
  l1d-0: # Filter cache stats
   fhGETS: 24243876 # Filtered GETS hits
   fhGETX: 6111717 # Filtered GETX hits
   hGETS: 608725 # GETS hits
   hGETX: 798282 # GETX hits
   mGETS: 1458052 # GETS misses
   mGETXIM: 40008 # GETX I->M misses
   mGETXSM: 0 # GETX S->M misses (upgrade misses)
   PUTS: 0 # Clean evictions (from lower level)
   PUTX: 0 # Dirty evictions (from lower level)
   INV: 0 # Invalidates (from upper level)
   INVX: 0 # Downgrades (from upper level)
   FWD: 0 # Forwards (from upper level)
   latGETnl: 185690860 # GET request latency on next level
   latGETnet: 0 # GET request latency on network to next level
 l2: # Cache stats
  l2-0: # Cache stats
   hGETS: 525 # GETS hits
   hGETX: 0 # GETX hits
   mGETS: 1457606 # GETS misses
   mGETXIM: 40008 # GETX I->M misses
   mGETXSM: 0 # GETX S->M misses (upgrade misses)
   PUTS: 867971 # Clean evictions (from lower level)
   PUTX: 629577 # Dirty evictions (from lower level)
   INV: 0 # Invalidates (from upper level)
   INVX: 0 # Downgrades (from upper level)
   FWD: 0 # Forwards (from upper level)
   latGETnl: 170719266 # GET request latency on next level
   latGETnet: 0 # GET request latency on network to next level
 l3: # Cache stats
  l3-0: # Cache stats
   hGETS: 78 # GETS hits
   hGETX: 19 # GETX hits
   mGETS: 1457528 # GETS misses
   mGETXIM: 39989 # GETX I->M misses
   mGETXSM: 0 # GETX S->M misses (upgrade misses)
   PUTS: 866611 # Clean evictions (from lower level)
   PUTX: 626907 # Dirty evictions (from lower level)
   INV: 0 # Invalidates (from upper level)
   INVX: 0 # Downgrades (from upper level)
   FWD: 0 # Forwards (from upper level)
   latGETnl: 134776530 # GET request latency on next level
   latGETnet: 0 # GET request latency on network to next level
 mem: # Memory controller stats
  mem-0: # Memory controller stats
   rd: 446549 # Read requests
   wr: 170634 # Write requests
   rdlat: 60415385 # Total latency experienced by read requests
   wrlat: 28150723 # Total latency experienced by write requests
   rdhits: 1580 # Read row hits
   wrhits: 5053 # Write row hits
   mlh: # latency histogram for memory requests
    0: 0
    1: 0
    2: 0
    3: 0
    4: 0
    5: 0
    6: 0
    7: 0
    8: 0
    9: 0
    10: 0
    11: 0
    12: 0
    13: 418903
    14: 12929
    15: 3031
    16: 2526
    17: 450
    18: 348
    19: 469
    20: 417
    21: 391
    22: 996
    23: 749
    24: 563
    25: 414
    26: 288
    27: 224
    28: 356
    29: 258
    30: 227
    31: 152
    32: 350
    33: 355
    34: 294
    35: 244
    36: 206
    37: 232
    38: 212
    39: 197
    40: 207
    41: 171
    42: 146
    43: 78
    44: 17
    45: 54
    46: 44
    47: 23
    48: 16
    49: 1
    50: 3
    51: 1
    52: 5
    53: 1
    54: 0
    55: 1
    56: 0
    57: 0
    58: 0
    59: 0
    60: 0
    61: 0
    62: 0
    63: 0
    64: 0
    65: 0
    66: 0
    67: 0
    68: 0
    69: 0
    70: 0
    71: 0
    72: 0
    73: 0
    74: 0
    75: 0
    76: 0
    77: 0
    78: 0
    79: 0
    80: 0
    81: 0
    82: 0
    83: 0
    84: 0
    85: 0
    86: 0
    87: 0
    88: 0
    89: 0
    90: 0
    91: 0
    92: 0
    93: 0
    94: 0
    95: 0
    96: 0
    97: 0
    98: 0
    99: 0
  mem-1: # Memory controller stats
   rd: 294260 # Read requests
   wr: 170643 # Write requests
   rdlat: 39880630 # Total latency experienced by read requests
   wrlat: 26972566 # Total latency experienced by write requests
   rdhits: 1579 # Read row hits
   wrhits: 4420 # Write row hits
   mlh: # latency histogram for memory requests
    0: 0
    1: 0
    2: 0
    3: 0
    4: 0
    5: 0
    6: 0
    7: 0
    8: 0
    9: 0
    10: 0
    11: 0
    12: 0
    13: 269077
    14: 11088
    15: 5057
    16: 1794
    17: 710
    18: 553
    19: 483
    20: 306
    21: 390
    22: 269
    23: 362
    24: 896
    25: 297
    26: 61
    27: 86
    28: 136
    29: 449
    30: 340
    31: 148
    32: 139
    33: 148
    34: 122
    35: 165
    36: 172
    37: 136
    38: 145
    39: 167
    40: 124
    41: 138
    42: 125
    43: 78
    44: 22
    45: 9
    46: 20
    47: 23
    48: 13
    49: 2
    50: 0
    51: 4
    52: 3
    53: 2
    54: 0
    55: 0
    56: 0
    57: 1
    58: 0
    59: 0
    60: 0
    61: 0
    62: 0
    63: 0
    64: 0
    65: 0
    66: 0
    67: 0
    68: 0
    69: 0
    70: 0
    71: 0
    72: 0
    73: 0
    74: 0
    75: 0
    76: 0
    77: 0
    78: 0
    79: 0
    80: 0
    81: 0
    82: 0
    83: 0
    84: 0
    85: 0
    86: 0
    87: 0
    88: 0
    89: 0
    90: 0
    91: 0
    92: 0
    93: 0
    94: 0
    95: 0
    96: 0
    97: 0
    98: 0
    99: 0
  mem-2: # Memory controller stats
   rd: 310141 # Read requests
   wr: 110338 # Write requests
   rdlat: 41493057 # Total latency experienced by read requests
   wrlat: 16059459 # Total latency experienced by write requests
   rdhits: 1580 # Read row hits
   wrhits: 898 # Write row hits
   mlh: # latency histogram for memory requests
    0: 0
    1: 0
    2: 0
    3: 0
    4: 0
    5: 0
    6: 0
    7: 0
    8: 0
    9: 0
    10: 0
    11: 0
    12: 1
    13: 302199
    14: 2797
    15: 403
    16: 577
    17: 10
    18: 29
    19: 95
    20: 93
    21: 103
    22: 203
    23: 331
    24: 129
    25: 102
    26: 166
    27: 470
    28: 371
    29: 195
    30: 162
    31: 114
    32: 139
    33: 142
    34: 129
    35: 134
    36: 148
    37: 108
    38: 138
    39: 125
    40: 152
    41: 139
    42: 150
    43: 45
    44: 4
    45: 22
    46: 7
    47: 0
    48: 5
    49: 1
    50: 1
    51: 0
    52: 2
    53: 0
    54: 0
    55: 0
    56: 0
    57: 0
    58: 0
    59: 0
    60: 0
    61: 0
    62: 0
    63: 0
    64: 0
    65: 0
    66: 0
    67: 0
    68: 0
    69: 0
    70: 0
    71: 0
    72: 0
    73: 0
    74: 0
    75: 0
    76: 0
    77: 0
    78: 0
    79: 0
    80: 0
    81: 0
    82: 0
    83: 0
    84: 0
    85: 0
    86: 0
    87: 0
    88: 0
    89: 0
    90: 0
    91: 0
    92: 0
    93: 0
    94: 0
    95: 0
    96: 0
    97: 0
    98: 0
    99: 0
  mem-3: # Memory controller stats
   rd: 446542 # Read requests
   wr: 170549 # Write requests
   rdlat: 60525071 # Total latency experienced by read requests
   wrlat: 28225957 # Total latency experienced by write requests
   rdhits: 1576 # Read row hits
   wrhits: 5131 # Write row hits
   mlh: # latency histogram for memory requests
    0: 0
    1: 0
    2: 0
    3: 0
    4: 0
    5: 0
    6: 0
    7: 0
    8: 0
    9: 0
    10: 0
    11: 0
    12: 0
    13: 423456
    14: 6585
    15: 3374
    16: 2670
    17: 562
    18: 517
    19: 426
    20: 523
    21: 977
    22: 1147
    23: 782
    24: 531
    25: 229
    26: 342
    27: 506
    28: 437
    29: 483
    30: 267
    31: 179
    32: 195
    33: 212
    34: 218
    35: 200
    36: 219
    37: 209
    38: 193
    39: 156
    40: 167
    41: 203
    42: 221
    43: 92
    44: 20
    45: 80
    46: 63
    47: 73
    48: 11
    49: 9
    50: 3
    51: 1
    52: 1
    53: 1
    54: 0
    55: 0
    56: 1
    57: 0
    58: 0
    59: 1
    60: 0
    61: 0
    62: 0
    63: 0
    64: 0
    65: 0
    66: 0
    67: 0
    68: 0
    69: 0
    70: 0
    71: 0
    72: 0
    73: 0
    74: 0
    75: 0
    76: 0
    77: 0
    78: 0
    79: 0
    80: 0
    81: 0
    82: 0
    83: 0
    84: 0
    85: 0
    86: 0
    87: 0
    88: 0
    89: 0
    90: 0
    91: 0
    92: 0
    93: 0
    94: 0
    95: 0
    96: 0
    97: 0
    98: 0
    99: 0
 sched: # Scheduler stats
  thCr: 1 # Threads created
  thFn: 1 # Threads finished
  schedEvs: 1 # Schedule events
  waitEvs: 0 # Wait events
  handoffEvs: 0 # Handoff events
  sleepEvs: 0 # Sleep events
  idlePhases: 0 # Phases with no thread active
  idlePeriods: 0 # Periods with no thread active
  occHist: # Occupancy histogram
   0: 0
   1: 12669
  rqSzHist: # Run queue size histogram
   0: 12669
   1: 0
   2: 0
   3: 0
   4: 0
   5: 0
   6: 0
   7: 0
   8: 0
   9: 0
   10: 0
   11: 0
   12: 0
   13: 0
   14: 0
   15: 0
   16: 0
 procCycles: # Per-process unhalted core cycles
  0: 126692066
  1: 0
  2: 0
  3: 0
  4: 0
  5: 0
  6: 0
  7: 0
  8: 0
  9: 0
  10: 0
  11: 0
  12: 0
  13: 0
  14: 0
  15: 0
  16: 0
  17: 0
  18: 0
  19: 0
  20: 0
  21: 0
  22: 0
  23: 0
  24: 0
  25: 0
  26: 0
  27: 0
  28: 0
  29: 0
  30: 0
  31: 0
  32: 0
  33: 0
  34: 0
  35: 0
  36: 0
  37: 0
  38: 0
  39: 0
  40: 0
  41: 0
  42: 0
  43: 0
  44: 0
  45: 0
  46: 0
  47: 0
  48: 0
  49: 0
  50: 0
  51: 0
  52: 0
  53: 0
  54: 0
  55: 0
  56: 0
  57: 0
  58: 0
  59: 0
  60: 0
  61: 0
  62: 0
  63: 0
 procInstrs: # Per-process instructions
  0: 100006189
  1: 0
  2: 0
  3: 0
  4: 0
  5: 0
  6: 0
  7: 0
  8: 0
  9: 0
  10: 0
  11: 0
  12: 0
  13: 0
  14: 0
  15: 0
  16: 0
  17: 0
  18: 0
  19: 0
  20: 0
  21: 0
  22: 0
  23: 0
  24: 0
  25: 0
  26: 0
  27: 0
  28: 0
  29: 0
  30: 0
  31: 0
  32: 0
  33: 0
  34: 0
  35: 0
  36: 0
  37: 0
  38: 0
  39: 0
  40: 0
  41: 0
  42: 0
  43: 0
  44: 0
  45: 0
  46: 0
  47: 0
  48: 0
  49: 0
  50: 0
  51: 0
  52: 0
  53: 0
  54: 0
  55: 0
  56: 0
  57: 0
  58: 0
  59: 0
  60: 0
  61: 0
  62: 0
  63: 0
 heartbeats: # Per-process heartbeats
  0: 0
  1: 0
  2: 0
  3: 0
  4: 0
  5: 0
  6: 0
  7: 0
  8: 0
  9: 0
  10: 0
  11: 0
  12: 0
  13: 0
  14: 0
  15: 0
  16: 0
  17: 0
  18: 0
  19: 0
  20: 0
  21: 0
  22: 0
  23: 0
  24: 0
  25: 0
  26: 0
  27: 0
  28: 0
  29: 0
  30: 0
  31: 0
  32: 0
  33: 0
  34: 0
  35: 0
  36: 0
  37: 0
  38: 0
  39: 0
  40: 0
  41: 0
  42: 0
  43: 0
  44: 0
  45: 0
  46: 0
  47: 0
  48: 0
  49: 0
  50: 0
  51: 0
  52: 0
  53: 0
  54: 0
  55: 0
  56: 0
  57: 0
  58: 0
  59: 0
  60: 0
  61: 0
  62: 0
  63: 0
===
