# zsim stats
===
root: # Stats
 contention: # Contention simulation stats
  domain-0: # Domain stats
   time: 230660618 # Weave simulation time
 time: # Simulator time breakdown
  init: 517405884
  bound: 51106506784
  weave: 1243307474
  ff: 0
 trigger: 20000 # Reason for this stats dump
 phase: 39289 # Simulated phases
 westmere: # Core stats
  westmere-0: # Core stats
   cycles: 392890001 # Simulated unhalted cycles
   cCycles: 29487 # Cycles due to contention stalls
   instrs: 625006869 # Simulated instructions
   uops: 750422872 # Retired micro-ops
   bbls: 83820876 # Basic blocks
   approxInstrs: 6871172 # Instrs with approx uop decoding
   mispredBranches: 1800390 # Mispredicted branches
   condBranches: 64863131 # conditional branches
  westmere-1: # Core stats
   cycles: 392890010 # Simulated unhalted cycles
   cCycles: 30493 # Cycles due to contention stalls
   instrs: 625003797 # Simulated instructions
   uops: 750418804 # Retired micro-ops
   bbls: 83820157 # Basic blocks
   approxInstrs: 6871213 # Instrs with approx uop decoding
   mispredBranches: 1800355 # Mispredicted branches
   condBranches: 64862514 # conditional branches
  westmere-2: # Core stats
   cycles: 392880002 # Simulated unhalted cycles
   cCycles: 28961 # Cycles due to contention stalls
   instrs: 624999720 # Simulated instructions
   uops: 750413710 # Retired micro-ops
   bbls: 83819610 # Basic blocks
   approxInstrs: 6871064 # Instrs with approx uop decoding
   mispredBranches: 1800318 # Mispredicted branches
   condBranches: 64862213 # conditional branches
  westmere-3: # Core stats
   cycles: 392880021 # Simulated unhalted cycles
   cCycles: 29251 # Cycles due to contention stalls
   instrs: 625005050 # Simulated instructions
   uops: 750420373 # Retired micro-ops
   bbls: 83820310 # Basic blocks
   approxInstrs: 6871251 # Instrs with approx uop decoding
   mispredBranches: 1800370 # Mispredicted branches
   condBranches: 64862609 # conditional branches
  westmere-4: # Core stats
   cycles: 392880002 # Simulated unhalted cycles
   cCycles: 28963 # Cycles due to contention stalls
   instrs: 625005245 # Simulated instructions
   uops: 750420595 # Retired micro-ops
   bbls: 83820346 # Basic blocks
   approxInstrs: 6871256 # Instrs with approx uop decoding
   mispredBranches: 1800374 # Mispredicted branches
   condBranches: 64862631 # conditional branches
  westmere-5: # Core stats
   cycles: 392880022 # Simulated unhalted cycles
   cCycles: 31401 # Cycles due to contention stalls
   instrs: 625005414 # Simulated instructions
   uops: 750420809 # Retired micro-ops
   bbls: 83820361 # Basic blocks
   approxInstrs: 6871263 # Instrs with approx uop decoding
   mispredBranches: 1800374 # Mispredicted branches
   condBranches: 64862641 # conditional branches
  westmere-6: # Core stats
   cycles: 392880015 # Simulated unhalted cycles
   cCycles: 29164 # Cycles due to contention stalls
   instrs: 625007617 # Simulated instructions
   uops: 750423318 # Retired micro-ops
   bbls: 83820689 # Basic blocks
   approxInstrs: 6871291 # Instrs with approx uop decoding
   mispredBranches: 1800386 # Mispredicted branches
   condBranches: 64862923 # conditional branches
  westmere-7: # Core stats
   cycles: 392880005 # Simulated unhalted cycles
   cCycles: 31013 # Cycles due to contention stalls
   instrs: 625003371 # Simulated instructions
   uops: 750418289 # Retired micro-ops
   bbls: 83820099 # Basic blocks
   approxInstrs: 6871197 # Instrs with approx uop decoding
   mispredBranches: 1800352 # Mispredicted branches
   condBranches: 64862481 # conditional branches
 l1i: # Cache stats
  l1i-0: # Filter cache stats
   fhGETS: 112021380 # Filtered GETS hits
   fhGETX: 0 # Filtered GETX hits
   hGETS: 1226294 # GETS hits
   hGETX: 0 # GETX hits
   mGETS: 45502 # GETS misses
   mGETXIM: 0 # GETX I->M misses
   mGETXSM: 0 # GETX S->M misses (upgrade misses)
   PUTS: 0 # Clean evictions (from lower level)
   PUTX: 0 # Dirty evictions (from lower level)
   INV: 0 # Invalidates (from upper level)
   INVX: 0 # Downgrades (from upper level)
   FWD: 0 # Forwards (from upper level)
   latGETnl: 481870 # GET request latency on next level
   latGETnet: 0 # GET request latency on network to next level
  l1i-1: # Filter cache stats
   fhGETS: 112020796 # Filtered GETS hits
   fhGETX: 0 # Filtered GETX hits
   hGETS: 1226157 # GETS hits
   hGETX: 0 # GETX hits
   mGETS: 45421 # GETS misses
   mGETXIM: 0 # GETX I->M misses
   mGETXSM: 0 # GETX S->M misses (upgrade misses)
   PUTS: 0 # Clean evictions (from lower level)
   PUTX: 0 # Dirty evictions (from lower level)
   INV: 0 # Invalidates (from upper level)
   INVX: 0 # Downgrades (from upper level)
   FWD: 0 # Forwards (from upper level)
   latGETnl: 484930 # GET request latency on next level
   latGETnet: 0 # GET request latency on network to next level
  l1i-2: # Filter cache stats
   fhGETS: 112019913 # Filtered GETS hits
   fhGETX: 0 # Filtered GETX hits
   hGETS: 1226151 # GETS hits
   hGETX: 0 # GETX hits
   mGETS: 45428 # GETS misses
   mGETXIM: 0 # GETX I->M misses
   mGETXSM: 0 # GETX S->M misses (upgrade misses)
   PUTS: 0 # Clean evictions (from lower level)
   PUTX: 0 # Dirty evictions (from lower level)
   INV: 0 # Invalidates (from upper level)
   INVX: 0 # Downgrades (from upper level)
   FWD: 0 # Forwards (from upper level)
   latGETnl: 476816 # GET request latency on next level
   latGETnet: 0 # GET request latency on network to next level
  l1i-3: # Filter cache stats
   fhGETS: 112021116 # Filtered GETS hits
   fhGETX: 0 # Filtered GETX hits
   hGETS: 1226158 # GETS hits
   hGETX: 0 # GETX hits
   mGETS: 45424 # GETS misses
   mGETXIM: 0 # GETX I->M misses
   mGETXSM: 0 # GETX S->M misses (upgrade misses)
   PUTS: 0 # Clean evictions (from lower level)
   PUTX: 0 # Dirty evictions (from lower level)
   INV: 0 # Invalidates (from upper level)
   INVX: 0 # Downgrades (from upper level)
   FWD: 0 # Forwards (from upper level)
   latGETnl: 475510 # GET request latency on next level
   latGETnet: 0 # GET request latency on network to next level
  l1i-4: # Filter cache stats
   fhGETS: 112021172 # Filtered GETS hits
   fhGETX: 0 # Filtered GETX hits
   hGETS: 1226160 # GETS hits
   hGETX: 0 # GETX hits
   mGETS: 45429 # GETS misses
   mGETXIM: 0 # GETX I->M misses
   mGETXSM: 0 # GETX S->M misses (upgrade misses)
   PUTS: 0 # Clean evictions (from lower level)
   PUTX: 0 # Dirty evictions (from lower level)
   INV: 0 # Invalidates (from upper level)
   INVX: 0 # Downgrades (from upper level)
   FWD: 0 # Forwards (from upper level)
   latGETnl: 474240 # GET request latency on next level
   latGETnet: 0 # GET request latency on network to next level
  l1i-5: # Filter cache stats
   fhGETS: 112021190 # Filtered GETS hits
   fhGETX: 0 # Filtered GETX hits
   hGETS: 1226158 # GETS hits
   hGETX: 0 # GETX hits
   mGETS: 45427 # GETS misses
   mGETXIM: 0 # GETX I->M misses
   mGETXSM: 0 # GETX S->M misses (upgrade misses)
   PUTS: 0 # Clean evictions (from lower level)
   PUTX: 0 # Dirty evictions (from lower level)
   INV: 0 # Invalidates (from upper level)
   INVX: 0 # Downgrades (from upper level)
   FWD: 0 # Forwards (from upper level)
   latGETnl: 474802 # GET request latency on next level
   latGETnet: 0 # GET request latency on network to next level
  l1i-6: # Filter cache stats
   fhGETS: 112021621 # Filtered GETS hits
   fhGETX: 0 # Filtered GETX hits
   hGETS: 1226172 # GETS hits
   hGETX: 0 # GETX hits
   mGETS: 45423 # GETS misses
   mGETXIM: 0 # GETX I->M misses
   mGETXSM: 0 # GETX S->M misses (upgrade misses)
   PUTS: 0 # Clean evictions (from lower level)
   PUTX: 0 # Dirty evictions (from lower level)
   INV: 0 # Invalidates (from upper level)
   INVX: 0 # Downgrades (from upper level)
   FWD: 0 # Forwards (from upper level)
   latGETnl: 472248 # GET request latency on next level
   latGETnet: 0 # GET request latency on network to next level
  l1i-7: # Filter cache stats
   fhGETS: 112020757 # Filtered GETS hits
   fhGETX: 0 # Filtered GETX hits
   hGETS: 1226157 # GETS hits
   hGETX: 0 # GETX hits
   mGETS: 45429 # GETS misses
   mGETXIM: 0 # GETX I->M misses
   mGETXSM: 0 # GETX S->M misses (upgrade misses)
   PUTS: 0 # Clean evictions (from lower level)
   PUTX: 0 # Dirty evictions (from lower level)
   INV: 0 # Invalidates (from upper level)
   INVX: 0 # Downgrades (from upper level)
   FWD: 0 # Forwards (from upper level)
   latGETnl: 474558 # GET request latency on next level
   latGETnet: 0 # GET request latency on network to next level
 l1d: # Cache stats
  l1d-0: # Filter cache stats
   fhGETS: 160903437 # Filtered GETS hits
   fhGETX: 38010441 # Filtered GETX hits
   hGETS: 11164204 # GETS hits
   hGETX: 11689475 # GETX hits
   mGETS: 1338615 # GETS misses
   mGETXIM: 1105430 # GETX I->M misses
   mGETXSM: 17 # GETX S->M misses (upgrade misses)
   PUTS: 0 # Clean evictions (from lower level)
   PUTX: 0 # Dirty evictions (from lower level)
   INV: 47 # Invalidates (from upper level)
   INVX: 39 # Downgrades (from upper level)
   FWD: 0 # Forwards (from upper level)
   latGETnl: 24611764 # GET request latency on next level
   latGETnet: 0 # GET request latency on network to next level
  l1d-1: # Filter cache stats
   fhGETS: 157962696 # Filtered GETS hits
   fhGETX: 37840712 # Filtered GETX hits
   hGETS: 14104800 # GETS hits
   hGETX: 11862098 # GETX hits
   mGETS: 1338543 # GETS misses
   mGETXIM: 1101386 # GETX I->M misses
   mGETXSM: 3 # GETX S->M misses (upgrade misses)
   PUTS: 0 # Clean evictions (from lower level)
   PUTX: 0 # Dirty evictions (from lower level)
   INV: 11 # Invalidates (from upper level)
   INVX: 125 # Downgrades (from upper level)
   FWD: 0 # Forwards (from upper level)
   latGETnl: 24563173 # GET request latency on next level
   latGETnet: 0 # GET request latency on network to next level
  l1d-2: # Filter cache stats
   fhGETS: 159108781 # Filtered GETS hits
   fhGETX: 37976942 # Filtered GETX hits
   hGETS: 12957692 # GETS hits
   hGETX: 11724829 # GETX hits
   mGETS: 1338265 # GETS misses
   mGETXIM: 1102195 # GETX I->M misses
   mGETXSM: 6 # GETX S->M misses (upgrade misses)
   PUTS: 0 # Clean evictions (from lower level)
   PUTX: 0 # Dirty evictions (from lower level)
   INV: 9 # Invalidates (from upper level)
   INVX: 38 # Downgrades (from upper level)
   FWD: 0 # Forwards (from upper level)
   latGETnl: 24560957 # GET request latency on next level
   latGETnet: 0 # GET request latency on network to next level
  l1d-3: # Filter cache stats
   fhGETS: 161056292 # Filtered GETS hits
   fhGETX: 38010792 # Filtered GETX hits
   hGETS: 11012778 # GETS hits
   hGETX: 11691549 # GETX hits
   mGETS: 1337368 # GETS misses
   mGETXIM: 1101928 # GETX I->M misses
   mGETXSM: 6 # GETX S->M misses (upgrade misses)
   PUTS: 0 # Clean evictions (from lower level)
   PUTX: 0 # Dirty evictions (from lower level)
   INV: 8 # Invalidates (from upper level)
   INVX: 43 # Downgrades (from upper level)
   FWD: 0 # Forwards (from upper level)
   latGETnl: 24550107 # GET request latency on next level
   latGETnet: 0 # GET request latency on network to next level
  l1d-4: # Filter cache stats
   fhGETS: 160975479 # Filtered GETS hits
   fhGETX: 38017049 # Filtered GETX hits
   hGETS: 11091501 # GETS hits
   hGETX: 11681815 # GETX hits
   mGETS: 1339492 # GETS misses
   mGETXIM: 1105414 # GETX I->M misses
   mGETXSM: 6 # GETX S->M misses (upgrade misses)
   PUTS: 0 # Clean evictions (from lower level)
   PUTX: 0 # Dirty evictions (from lower level)
   INV: 8 # Invalidates (from upper level)
   INVX: 94 # Downgrades (from upper level)
   FWD: 0 # Forwards (from upper level)
   latGETnl: 24609719 # GET request latency on next level
   latGETnet: 0 # GET request latency on network to next level
  l1d-5: # Filter cache stats
   fhGETS: 159175209 # Filtered GETS hits
   fhGETX: 38014554 # Filtered GETX hits
   hGETS: 12893616 # GETS hits
   hGETX: 11681812 # GETX hits
   mGETS: 1337704 # GETS misses
   mGETXIM: 1107923 # GETX I->M misses
   mGETXSM: 6 # GETX S->M misses (upgrade misses)
   PUTS: 0 # Clean evictions (from lower level)
   PUTX: 0 # Dirty evictions (from lower level)
   INV: 9 # Invalidates (from upper level)
   INVX: 31 # Downgrades (from upper level)
   FWD: 0 # Forwards (from upper level)
   latGETnl: 24611448 # GET request latency on next level
   latGETnet: 0 # GET request latency on network to next level
  l1d-6: # Filter cache stats
   fhGETS: 158047494 # Filtered GETS hits
   fhGETX: 37691073 # Filtered GETX hits
   hGETS: 14020372 # GETS hits
   hGETX: 12014819 # GETX hits
   mGETS: 1339386 # GETS misses
   mGETXIM: 1098473 # GETX I->M misses
   mGETXSM: 5 # GETX S->M misses (upgrade misses)
   PUTS: 0 # Clean evictions (from lower level)
   PUTX: 0 # Dirty evictions (from lower level)
   INV: 6 # Invalidates (from upper level)
   INVX: 55 # Downgrades (from upper level)
   FWD: 0 # Forwards (from upper level)
   latGETnl: 24536827 # GET request latency on next level
   latGETnet: 0 # GET request latency on network to next level
  l1d-7: # Filter cache stats
   fhGETS: 156267102 # Filtered GETS hits
   fhGETX: 37754734 # Filtered GETX hits
   hGETS: 15800303 # GETS hits
   hGETX: 11944321 # GETX hits
   mGETS: 1338510 # GETS misses
   mGETXIM: 1105121 # GETX I->M misses
   mGETXSM: 5 # GETX S->M misses (upgrade misses)
   PUTS: 0 # Clean evictions (from lower level)
   PUTX: 0 # Dirty evictions (from lower level)
   INV: 6 # Invalidates (from upper level)
   INVX: 30 # Downgrades (from upper level)
   FWD: 0 # Forwards (from upper level)
   latGETnl: 24591428 # GET request latency on next level
   latGETnet: 0 # GET request latency on network to next level
 l2: # Cache stats
  l2-0: # Cache stats
   hGETS: 1382850 # GETS hits
   hGETX: 1104208 # GETX hits
   mGETS: 1267 # GETS misses
   mGETXIM: 1222 # GETX I->M misses
   mGETXSM: 17 # GETX S->M misses (upgrade misses)
   PUTS: 1192140 # Clean evictions (from lower level)
   PUTX: 1296355 # Dirty evictions (from lower level)
   INV: 47 # Invalidates (from upper level)
   INVX: 40 # Downgrades (from upper level)
   FWD: 0 # Forwards (from upper level)
   latGETnl: 197994 # GET request latency on next level
   latGETnet: 0 # GET request latency on network to next level
  l2-1: # Cache stats
   hGETS: 1382800 # GETS hits
   hGETX: 1100291 # GETX hits
   mGETS: 1164 # GETS misses
   mGETXIM: 1095 # GETX I->M misses
   mGETXSM: 3 # GETX S->M misses (upgrade misses)
   PUTS: 1193969 # Clean evictions (from lower level)
   PUTX: 1290376 # Dirty evictions (from lower level)
   INV: 11 # Invalidates (from upper level)
   INVX: 125 # Downgrades (from upper level)
   FWD: 0 # Forwards (from upper level)
   latGETnl: 194573 # GET request latency on next level
   latGETnet: 0 # GET request latency on network to next level
  l2-2: # Cache stats
   hGETS: 1382526 # GETS hits
   hGETX: 1101100 # GETX hits
   mGETS: 1167 # GETS misses
   mGETXIM: 1095 # GETX I->M misses
   mGETXSM: 6 # GETX S->M misses (upgrade misses)
   PUTS: 1193498 # Clean evictions (from lower level)
   PUTX: 1291388 # Dirty evictions (from lower level)
   INV: 9 # Invalidates (from upper level)
   INVX: 38 # Downgrades (from upper level)
   FWD: 0 # Forwards (from upper level)
   latGETnl: 178833 # GET request latency on next level
   latGETnet: 0 # GET request latency on network to next level
  l2-3: # Cache stats
   hGETS: 1381630 # GETS hits
   hGETX: 1100833 # GETX hits
   mGETS: 1162 # GETS misses
   mGETXIM: 1095 # GETX I->M misses
   mGETXSM: 6 # GETX S->M misses (upgrade misses)
   PUTS: 1191336 # Clean evictions (from lower level)
   PUTX: 1292385 # Dirty evictions (from lower level)
   INV: 8 # Invalidates (from upper level)
   INVX: 43 # Downgrades (from upper level)
   FWD: 0 # Forwards (from upper level)
   latGETnl: 178357 # GET request latency on next level
   latGETnet: 0 # GET request latency on network to next level
  l2-4: # Cache stats
   hGETS: 1383754 # GETS hits
   hGETX: 1104319 # GETX hits
   mGETS: 1167 # GETS misses
   mGETXIM: 1095 # GETX I->M misses
   mGETXSM: 6 # GETX S->M misses (upgrade misses)
   PUTS: 1191641 # Clean evictions (from lower level)
   PUTX: 1297693 # Dirty evictions (from lower level)
   INV: 8 # Invalidates (from upper level)
   INVX: 94 # Downgrades (from upper level)
   FWD: 0 # Forwards (from upper level)
   latGETnl: 180549 # GET request latency on next level
   latGETnet: 0 # GET request latency on network to next level
  l2-5: # Cache stats
   hGETS: 1381965 # GETS hits
   hGETX: 1106828 # GETX hits
   mGETS: 1166 # GETS misses
   mGETXIM: 1095 # GETX I->M misses
   mGETXSM: 6 # GETX S->M misses (upgrade misses)
   PUTS: 1191743 # Clean evictions (from lower level)
   PUTX: 1298310 # Dirty evictions (from lower level)
   INV: 9 # Invalidates (from upper level)
   INVX: 31 # Downgrades (from upper level)
   FWD: 0 # Forwards (from upper level)
   latGETnl: 175650 # GET request latency on next level
   latGETnet: 0 # GET request latency on network to next level
  l2-6: # Cache stats
   hGETS: 1383641 # GETS hits
   hGETX: 1097378 # GETX hits
   mGETS: 1168 # GETS misses
   mGETXIM: 1095 # GETX I->M misses
   mGETXSM: 5 # GETX S->M misses (upgrade misses)
   PUTS: 1194592 # Clean evictions (from lower level)
   PUTX: 1287690 # Dirty evictions (from lower level)
   INV: 6 # Invalidates (from upper level)
   INVX: 55 # Downgrades (from upper level)
   FWD: 0 # Forwards (from upper level)
   latGETnl: 176205 # GET request latency on next level
   latGETnet: 0 # GET request latency on network to next level
  l2-7: # Cache stats
   hGETS: 1382771 # GETS hits
   hGETX: 1104026 # GETX hits
   mGETS: 1168 # GETS misses
   mGETXIM: 1095 # GETX I->M misses
   mGETXSM: 5 # GETX S->M misses (upgrade misses)
   PUTS: 1193401 # Clean evictions (from lower level)
   PUTX: 1294659 # Dirty evictions (from lower level)
   INV: 6 # Invalidates (from upper level)
   INVX: 30 # Downgrades (from upper level)
   FWD: 0 # Forwards (from upper level)
   latGETnl: 175336 # GET request latency on next level
   latGETnet: 0 # GET request latency on network to next level
 l3: # Cache stats
  l3-0b0: # Cache stats
   hGETS: 869 # GETS hits
   hGETX: 6 # GETX hits
   mGETS: 302 # GETS misses
   mGETXIM: 1099 # GETX I->M misses
   mGETXSM: 0 # GETX S->M misses (upgrade misses)
   PUTS: 0 # Clean evictions (from lower level)
   PUTX: 0 # Dirty evictions (from lower level)
   INV: 0 # Invalidates (from upper level)
   INVX: 0 # Downgrades (from upper level)
   FWD: 0 # Forwards (from upper level)
   latGETnl: 126090 # GET request latency on next level
   latGETnet: 0 # GET request latency on network to next level
  l3-0b1: # Cache stats
   hGETS: 905 # GETS hits
   hGETX: 12 # GETX hits
   mGETS: 303 # GETS misses
   mGETXIM: 1089 # GETX I->M misses
   mGETXSM: 0 # GETX S->M misses (upgrade misses)
   PUTS: 1 # Clean evictions (from lower level)
   PUTX: 0 # Dirty evictions (from lower level)
   INV: 0 # Invalidates (from upper level)
   INVX: 0 # Downgrades (from upper level)
   FWD: 0 # Forwards (from upper level)
   latGETnl: 125280 # GET request latency on next level
   latGETnet: 0 # GET request latency on network to next level
  l3-0b2: # Cache stats
   hGETS: 907 # GETS hits
   hGETX: 4 # GETX hits
   mGETS: 283 # GETS misses
   mGETXIM: 1121 # GETX I->M misses
   mGETXSM: 0 # GETX S->M misses (upgrade misses)
   PUTS: 0 # Clean evictions (from lower level)
   PUTX: 0 # Dirty evictions (from lower level)
   INV: 0 # Invalidates (from upper level)
   INVX: 0 # Downgrades (from upper level)
   FWD: 0 # Forwards (from upper level)
   latGETnl: 126360 # GET request latency on next level
   latGETnet: 0 # GET request latency on network to next level
  l3-0b3: # Cache stats
   hGETS: 862 # GETS hits
   hGETX: 9 # GETX hits
   mGETS: 303 # GETS misses
   mGETXIM: 1103 # GETX I->M misses
   mGETXSM: 0 # GETX S->M misses (upgrade misses)
   PUTS: 0 # Clean evictions (from lower level)
   PUTX: 0 # Dirty evictions (from lower level)
   INV: 0 # Invalidates (from upper level)
   INVX: 0 # Downgrades (from upper level)
   FWD: 0 # Forwards (from upper level)
   latGETnl: 126540 # GET request latency on next level
   latGETnet: 0 # GET request latency on network to next level
  l3-0b4: # Cache stats
   hGETS: 847 # GETS hits
   hGETX: 6 # GETX hits
   mGETS: 283 # GETS misses
   mGETXIM: 1121 # GETX I->M misses
   mGETXSM: 0 # GETX S->M misses (upgrade misses)
   PUTS: 1 # Clean evictions (from lower level)
   PUTX: 0 # Dirty evictions (from lower level)
   INV: 0 # Invalidates (from upper level)
   INVX: 0 # Downgrades (from upper level)
   FWD: 0 # Forwards (from upper level)
   latGETnl: 126360 # GET request latency on next level
   latGETnet: 0 # GET request latency on network to next level
  l3-0b5: # Cache stats
   hGETS: 905 # GETS hits
   hGETX: 21 # GETX hits
   mGETS: 301 # GETS misses
   mGETXIM: 1105 # GETX I->M misses
   mGETXSM: 0 # GETX S->M misses (upgrade misses)
   PUTS: 1 # Clean evictions (from lower level)
   PUTX: 0 # Dirty evictions (from lower level)
   INV: 0 # Invalidates (from upper level)
   INVX: 0 # Downgrades (from upper level)
   FWD: 0 # Forwards (from upper level)
   latGETnl: 126540 # GET request latency on next level
   latGETnet: 0 # GET request latency on network to next level
  l3-0b6: # Cache stats
   hGETS: 875 # GETS hits
   hGETX: 11 # GETX hits
   mGETS: 298 # GETS misses
   mGETXIM: 1100 # GETX I->M misses
   mGETXSM: 0 # GETX S->M misses (upgrade misses)
   PUTS: 1 # Clean evictions (from lower level)
   PUTX: 0 # Dirty evictions (from lower level)
   INV: 0 # Invalidates (from upper level)
   INVX: 0 # Downgrades (from upper level)
   FWD: 0 # Forwards (from upper level)
   latGETnl: 125820 # GET request latency on next level
   latGETnet: 0 # GET request latency on network to next level
  l3-0b7: # Cache stats
   hGETS: 888 # GETS hits
   hGETX: 13 # GETX hits
   mGETS: 298 # GETS misses
   mGETXIM: 1121 # GETX I->M misses
   mGETXSM: 0 # GETX S->M misses (upgrade misses)
   PUTS: 1 # Clean evictions (from lower level)
   PUTX: 0 # Dirty evictions (from lower level)
   INV: 0 # Invalidates (from upper level)
   INVX: 0 # Downgrades (from upper level)
   FWD: 0 # Forwards (from upper level)
   latGETnl: 127710 # GET request latency on next level
   latGETnet: 0 # GET request latency on network to next level
 mem: # Memory controller stats
  mem-0: # Memory controller stats
   rd: 2841 # Read requests
   wr: 0 # Write requests
   rdlat: 590254 # Total latency experienced by read requests
   wrlat: 0 # Total latency experienced by write requests
   rdhits: 288 # Read row hits
   wrhits: 0 # Write row hits
   mlh: # latency histogram for memory requests
    0: 0
    1: 0
    2: 0
    3: 0
    4: 0
    5: 0
    6: 0
    7: 0
    8: 0
    9: 0
    10: 0
    11: 8
    12: 14
    13: 1594
    14: 239
    15: 105
    16: 73
    17: 41
    18: 53
    19: 49
    20: 39
    21: 41
    22: 43
    23: 27
    24: 38
    25: 28
    26: 18
    27: 25
    28: 28
    29: 14
    30: 18
    31: 10
    32: 6
    33: 7
    34: 3
    35: 9
    36: 5
    37: 3
    38: 9
    39: 8
    40: 9
    41: 6
    42: 3
    43: 7
    44: 5
    45: 4
    46: 3
    47: 5
    48: 9
    49: 8
    50: 9
    51: 3
    52: 4
    53: 3
    54: 9
    55: 4
    56: 5
    57: 4
    58: 0
    59: 4
    60: 3
    61: 6
    62: 4
    63: 4
    64: 7
    65: 2
    66: 7
    67: 5
    68: 8
    69: 4
    70: 4
    71: 4
    72: 5
    73: 4
    74: 3
    75: 4
    76: 17
    77: 9
    78: 10
    79: 14
    80: 12
    81: 7
    82: 8
    83: 9
    84: 3
    85: 5
    86: 4
    87: 2
    88: 3
    89: 1
    90: 0
    91: 2
    92: 0
    93: 0
    94: 1
    95: 1
    96: 0
    97: 0
    98: 0
    99: 0
  mem-1: # Memory controller stats
   rd: 2798 # Read requests
   wr: 0 # Write requests
   rdlat: 564775 # Total latency experienced by read requests
   wrlat: 0 # Total latency experienced by write requests
   rdhits: 289 # Read row hits
   wrhits: 0 # Write row hits
   mlh: # latency histogram for memory requests
    0: 0
    1: 0
    2: 0
    3: 0
    4: 0
    5: 0
    6: 0
    7: 0
    8: 0
    9: 0
    10: 0
    11: 11
    12: 24
    13: 1633
    14: 250
    15: 110
    16: 67
    17: 57
    18: 48
    19: 30
    20: 43
    21: 31
    22: 23
    23: 17
    24: 21
    25: 23
    26: 19
    27: 12
    28: 10
    29: 14
    30: 3
    31: 8
    32: 7
    33: 11
    34: 9
    35: 6
    36: 11
    37: 8
    38: 6
    39: 7
    40: 7
    41: 7
    42: 9
    43: 8
    44: 4
    45: 6
    46: 6
    47: 2
    48: 5
    49: 5
    50: 9
    51: 1
    52: 8
    53: 2
    54: 6
    55: 3
    56: 8
    57: 1
    58: 7
    59: 7
    60: 8
    61: 9
    62: 4
    63: 6
    64: 3
    65: 11
    66: 8
    67: 4
    68: 2
    69: 6
    70: 7
    71: 6
    72: 4
    73: 7
    74: 3
    75: 9
    76: 10
    77: 8
    78: 4
    79: 8
    80: 5
    81: 5
    82: 5
    83: 4
    84: 5
    85: 3
    86: 0
    87: 0
    88: 1
    89: 2
    90: 2
    91: 1
    92: 2
    93: 0
    94: 0
    95: 1
    96: 2
    97: 0
    98: 0
    99: 3
  mem-2: # Memory controller stats
   rd: 2796 # Read requests
   wr: 0 # Write requests
   rdlat: 540333 # Total latency experienced by read requests
   wrlat: 0 # Total latency experienced by write requests
   rdhits: 303 # Read row hits
   wrhits: 0 # Write row hits
   mlh: # latency histogram for memory requests
    0: 0
    1: 0
    2: 0
    3: 0
    4: 0
    5: 0
    6: 0
    7: 0
    8: 0
    9: 0
    10: 0
    11: 7
    12: 16
    13: 1578
    14: 234
    15: 117
    16: 71
    17: 49
    18: 58
    19: 50
    20: 42
    21: 47
    22: 36
    23: 30
    24: 44
    25: 21
    26: 24
    27: 20
    28: 22
    29: 16
    30: 16
    31: 10
    32: 7
    33: 12
    34: 9
    35: 9
    36: 6
    37: 13
    38: 6
    39: 9
    40: 10
    41: 7
    42: 6
    43: 4
    44: 2
    45: 2
    46: 5
    47: 4
    48: 3
    49: 2
    50: 3
    51: 4
    52: 2
    53: 4
    54: 8
    55: 9
    56: 3
    57: 7
    58: 4
    59: 11
    60: 5
    61: 6
    62: 7
    63: 5
    64: 12
    65: 6
    66: 10
    67: 8
    68: 7
    69: 9
    70: 3
    71: 6
    72: 5
    73: 5
    74: 4
    75: 6
    76: 3
    77: 3
    78: 2
    79: 1
    80: 0
    81: 2
    82: 0
    83: 2
    84: 0
    85: 0
    86: 0
    87: 0
    88: 0
    89: 0
    90: 0
    91: 0
    92: 0
    93: 0
    94: 0
    95: 0
    96: 0
    97: 0
    98: 0
    99: 0
  mem-3: # Memory controller stats
   rd: 2795 # Read requests
   wr: 0 # Write requests
   rdlat: 534010 # Total latency experienced by read requests
   wrlat: 0 # Total latency experienced by write requests
   rdhits: 266 # Read row hits
   wrhits: 0 # Write row hits
   mlh: # latency histogram for memory requests
    0: 0
    1: 0
    2: 0
    3: 0
    4: 0
    5: 0
    6: 0
    7: 0
    8: 0
    9: 0
    10: 0
    11: 9
    12: 22
    13: 1692
    14: 263
    15: 87
    16: 73
    17: 41
    18: 45
    19: 28
    20: 30
    21: 36
    22: 21
    23: 18
    24: 30
    25: 19
    26: 18
    27: 17
    28: 22
    29: 11
    30: 9
    31: 8
    32: 7
    33: 6
    34: 14
    35: 7
    36: 6
    37: 5
    38: 6
    39: 10
    40: 4
    41: 3
    42: 8
    43: 4
    44: 6
    45: 4
    46: 4
    47: 5
    48: 8
    49: 7
    50: 7
    51: 6
    52: 8
    53: 12
    54: 10
    55: 7
    56: 6
    57: 4
    58: 5
    59: 8
    60: 4
    61: 4
    62: 4
    63: 6
    64: 3
    65: 6
    66: 11
    67: 5
    68: 3
    69: 5
    70: 7
    71: 6
    72: 5
    73: 5
    74: 9
    75: 3
    76: 3
    77: 4
    78: 1
    79: 1
    80: 3
    81: 1
    82: 2
    83: 0
    84: 2
    85: 1
    86: 1
    87: 1
    88: 0
    89: 0
    90: 1
    91: 0
    92: 0
    93: 0
    94: 0
    95: 0
    96: 0
    97: 0
    98: 0
    99: 2
 sched: # Scheduler stats
  thCr: 9 # Threads created
  thFn: 0 # Threads finished
  schedEvs: 9 # Schedule events
  waitEvs: 1 # Wait events
  handoffEvs: 0 # Handoff events
  sleepEvs: 0 # Sleep events
  idlePhases: 0 # Phases with no thread active
  idlePeriods: 0 # Periods with no thread active
  occHist: # Occupancy histogram
   0: 0
   1: 0
   2: 1
   3: 0
   4: 0
   5: 0
   6: 0
   7: 0
   8: 39288
  rqSzHist: # Run queue size histogram
   0: 39288
   1: 1
   2: 0
   3: 0
   4: 0
   5: 0
   6: 0
   7: 0
   8: 0
   9: 0
   10: 0
   11: 0
   12: 0
   13: 0
   14: 0
   15: 0
   16: 0
 procCycles: # Per-process unhalted core cycles
  0: 3143060078
  1: 0
  2: 0
  3: 0
  4: 0
  5: 0
  6: 0
  7: 0
  8: 0
  9: 0
  10: 0
  11: 0
  12: 0
  13: 0
  14: 0
  15: 0
  16: 0
  17: 0
  18: 0
  19: 0
  20: 0
  21: 0
  22: 0
  23: 0
  24: 0
  25: 0
  26: 0
  27: 0
  28: 0
  29: 0
  30: 0
  31: 0
  32: 0
  33: 0
  34: 0
  35: 0
  36: 0
  37: 0
  38: 0
  39: 0
  40: 0
  41: 0
  42: 0
  43: 0
  44: 0
  45: 0
  46: 0
  47: 0
  48: 0
  49: 0
  50: 0
  51: 0
  52: 0
  53: 0
  54: 0
  55: 0
  56: 0
  57: 0
  58: 0
  59: 0
  60: 0
  61: 0
  62: 0
  63: 0
 procInstrs: # Per-process instructions
  0: 5000037083
  1: 0
  2: 0
  3: 0
  4: 0
  5: 0
  6: 0
  7: 0
  8: 0
  9: 0
  10: 0
  11: 0
  12: 0
  13: 0
  14: 0
  15: 0
  16: 0
  17: 0
  18: 0
  19: 0
  20: 0
  21: 0
  22: 0
  23: 0
  24: 0
  25: 0
  26: 0
  27: 0
  28: 0
  29: 0
  30: 0
  31: 0
  32: 0
  33: 0
  34: 0
  35: 0
  36: 0
  37: 0
  38: 0
  39: 0
  40: 0
  41: 0
  42: 0
  43: 0
  44: 0
  45: 0
  46: 0
  47: 0
  48: 0
  49: 0
  50: 0
  51: 0
  52: 0
  53: 0
  54: 0
  55: 0
  56: 0
  57: 0
  58: 0
  59: 0
  60: 0
  61: 0
  62: 0
  63: 0
 heartbeats: # Per-process heartbeats
  0: 0
  1: 0
  2: 0
  3: 0
  4: 0
  5: 0
  6: 0
  7: 0
  8: 0
  9: 0
  10: 0
  11: 0
  12: 0
  13: 0
  14: 0
  15: 0
  16: 0
  17: 0
  18: 0
  19: 0
  20: 0
  21: 0
  22: 0
  23: 0
  24: 0
  25: 0
  26: 0
  27: 0
  28: 0
  29: 0
  30: 0
  31: 0
  32: 0
  33: 0
  34: 0
  35: 0
  36: 0
  37: 0
  38: 0
  39: 0
  40: 0
  41: 0
  42: 0
  43: 0
  44: 0
  45: 0
  46: 0
  47: 0
  48: 0
  49: 0
  50: 0
  51: 0
  52: 0
  53: 0
  54: 0
  55: 0
  56: 0
  57: 0
  58: 0
  59: 0
  60: 0
  61: 0
  62: 0
  63: 0
===
