# zsim stats
===
root: # Stats
 contention: # Contention simulation stats
  domain-0: # Domain stats
   time: 16871588 # Weave simulation time
 time: # Simulator time breakdown
  init: 997233388
  bound: 3625526744
  weave: 72272159
  ff: 1380515353
 trigger: 20000 # Reason for this stats dump
 phase: 2327 # Simulated phases
 westmere: # Core stats
  westmere-0: # Core stats
   cycles: 23278800 # Simulated unhalted cycles
   cCycles: 11084 # Cycles due to contention stalls
   instrs: 31761983 # Simulated instructions
   uops: 38898150 # Retired micro-ops
   bbls: 3056128 # Basic blocks
   approxInstrs: 418967 # Instrs with approx uop decoding
   mispredBranches: 18873 # Mispredicted branches
   condBranches: 1912518 # conditional branches
  westmere-1: # Core stats
   cycles: 23190385 # Simulated unhalted cycles
   cCycles: 6984 # Cycles due to contention stalls
   instrs: 31717213 # Simulated instructions
   uops: 38842300 # Retired micro-ops
   bbls: 3051247 # Basic blocks
   approxInstrs: 413004 # Instrs with approx uop decoding
   mispredBranches: 13388 # Mispredicted branches
   condBranches: 1911623 # conditional branches
  westmere-2: # Core stats
   cycles: 23237930 # Simulated unhalted cycles
   cCycles: 7650 # Cycles due to contention stalls
   instrs: 31758113 # Simulated instructions
   uops: 38892800 # Retired micro-ops
   bbls: 3056747 # Basic blocks
   approxInstrs: 419704 # Instrs with approx uop decoding
   mispredBranches: 16974 # Mispredicted branches
   condBranches: 1911623 # conditional branches
  westmere-3: # Core stats
   cycles: 23184176 # Simulated unhalted cycles
   cCycles: 8103 # Cycles due to contention stalls
   instrs: 31722013 # Simulated instructions
   uops: 38849400 # Retired micro-ops
   bbls: 3050547 # Basic blocks
   approxInstrs: 413904 # Instrs with approx uop decoding
   mispredBranches: 12892 # Mispredicted branches
   condBranches: 1911723 # conditional branches
  westmere-4: # Core stats
   cycles: 23241451 # Simulated unhalted cycles
   cCycles: 7175 # Cycles due to contention stalls
   instrs: 31754513 # Simulated instructions
   uops: 38888000 # Retired micro-ops
   bbls: 3056347 # Basic blocks
   approxInstrs: 419104 # Instrs with approx uop decoding
   mispredBranches: 17165 # Mispredicted branches
   condBranches: 1911623 # conditional branches
  westmere-5: # Core stats
   cycles: 23203456 # Simulated unhalted cycles
   cCycles: 7892 # Cycles due to contention stalls
   instrs: 31724392 # Simulated instructions
   uops: 38852290 # Retired micro-ops
   bbls: 3052442 # Basic blocks
   approxInstrs: 413923 # Instrs with approx uop decoding
   mispredBranches: 13292 # Mispredicted branches
   condBranches: 1912572 # conditional branches
  westmere-6: # Core stats
   cycles: 23253723 # Simulated unhalted cycles
   cCycles: 7965 # Cycles due to contention stalls
   instrs: 31761913 # Simulated instructions
   uops: 38896600 # Retired micro-ops
   bbls: 3056147 # Basic blocks
   approxInstrs: 419104 # Instrs with approx uop decoding
   mispredBranches: 17649 # Mispredicted branches
   condBranches: 1911423 # conditional branches
  westmere-7: # Core stats
   cycles: 23214912 # Simulated unhalted cycles
   cCycles: 8335 # Cycles due to contention stalls
   instrs: 31725613 # Simulated instructions
   uops: 38852900 # Retired micro-ops
   bbls: 3053047 # Basic blocks
   approxInstrs: 414604 # Instrs with approx uop decoding
   mispredBranches: 14984 # Mispredicted branches
   condBranches: 1911623 # conditional branches
 l1i: # Cache stats
  l1i-0: # Filter cache stats
   fhGETS: 3410102 # Filtered GETS hits
   fhGETX: 0 # Filtered GETX hits
   hGETS: 985916 # GETS hits
   hGETX: 0 # GETX hits
   mGETS: 212 # GETS misses
   mGETXIM: 0 # GETX I->M misses
   mGETXSM: 0 # GETX S->M misses (upgrade misses)
   PUTS: 0 # Clean evictions (from lower level)
   PUTX: 0 # Dirty evictions (from lower level)
   INV: 0 # Invalidates (from upper level)
   INVX: 0 # Downgrades (from upper level)
   FWD: 0 # Forwards (from upper level)
   latGETnl: 18818 # GET request latency on next level
   latGETnet: 0 # GET request latency on network to next level
  l1i-1: # Filter cache stats
   fhGETS: 3392940 # Filtered GETS hits
   fhGETX: 0 # Filtered GETX hits
   hGETS: 971112 # GETS hits
   hGETX: 0 # GETX hits
   mGETS: 86 # GETS misses
   mGETXIM: 0 # GETX I->M misses
   mGETXSM: 0 # GETX S->M misses (upgrade misses)
   PUTS: 0 # Clean evictions (from lower level)
   PUTX: 0 # Dirty evictions (from lower level)
   INV: 0 # Invalidates (from upper level)
   INVX: 0 # Downgrades (from upper level)
   FWD: 0 # Forwards (from upper level)
   latGETnl: 7154 # GET request latency on next level
   latGETnet: 0 # GET request latency on network to next level
  l1i-2: # Filter cache stats
   fhGETS: 3409926 # Filtered GETS hits
   fhGETX: 0 # Filtered GETX hits
   hGETS: 977457 # GETS hits
   hGETX: 0 # GETX hits
   mGETS: 87 # GETS misses
   mGETXIM: 0 # GETX I->M misses
   mGETXSM: 0 # GETX S->M misses (upgrade misses)
   PUTS: 0 # Clean evictions (from lower level)
   PUTX: 0 # Dirty evictions (from lower level)
   INV: 0 # Invalidates (from upper level)
   INVX: 0 # Downgrades (from upper level)
   FWD: 0 # Forwards (from upper level)
   latGETnl: 4398 # GET request latency on next level
   latGETnet: 0 # GET request latency on network to next level
  l1i-3: # Filter cache stats
   fhGETS: 3387852 # Filtered GETS hits
   fhGETX: 0 # Filtered GETX hits
   hGETS: 972727 # GETS hits
   hGETX: 0 # GETX hits
   mGETS: 83 # GETS misses
   mGETXIM: 0 # GETX I->M misses
   mGETXSM: 0 # GETX S->M misses (upgrade misses)
   PUTS: 0 # Clean evictions (from lower level)
   PUTX: 0 # Dirty evictions (from lower level)
   INV: 0 # Invalidates (from upper level)
   INVX: 0 # Downgrades (from upper level)
   FWD: 0 # Forwards (from upper level)
   latGETnl: 3632 # GET request latency on next level
   latGETnet: 0 # GET request latency on network to next level
  l1i-4: # Filter cache stats
   fhGETS: 3412233 # Filtered GETS hits
   fhGETX: 0 # Filtered GETX hits
   hGETS: 975811 # GETS hits
   hGETX: 0 # GETX hits
   mGETS: 87 # GETS misses
   mGETXIM: 0 # GETX I->M misses
   mGETXSM: 0 # GETX S->M misses (upgrade misses)
   PUTS: 0 # Clean evictions (from lower level)
   PUTX: 0 # Dirty evictions (from lower level)
   INV: 0 # Invalidates (from upper level)
   INVX: 0 # Downgrades (from upper level)
   FWD: 0 # Forwards (from upper level)
   latGETnl: 3138 # GET request latency on next level
   latGETnet: 0 # GET request latency on network to next level
  l1i-5: # Filter cache stats
   fhGETS: 3392621 # Filtered GETS hits
   fhGETX: 0 # Filtered GETX hits
   hGETS: 971568 # GETS hits
   hGETX: 0 # GETX hits
   mGETS: 213 # GETS misses
   mGETXIM: 0 # GETX I->M misses
   mGETXSM: 0 # GETX S->M misses (upgrade misses)
   PUTS: 0 # Clean evictions (from lower level)
   PUTX: 0 # Dirty evictions (from lower level)
   INV: 0 # Invalidates (from upper level)
   INVX: 0 # Downgrades (from upper level)
   FWD: 0 # Forwards (from upper level)
   latGETnl: 18132 # GET request latency on next level
   latGETnet: 0 # GET request latency on network to next level
  l1i-6: # Filter cache stats
   fhGETS: 3410176 # Filtered GETS hits
   fhGETX: 0 # Filtered GETX hits
   hGETS: 980382 # GETS hits
   hGETX: 0 # GETX hits
   mGETS: 88 # GETS misses
   mGETXIM: 0 # GETX I->M misses
   mGETXSM: 0 # GETX S->M misses (upgrade misses)
   PUTS: 0 # Clean evictions (from lower level)
   PUTX: 0 # Dirty evictions (from lower level)
   INV: 0 # Invalidates (from upper level)
   INVX: 0 # Downgrades (from upper level)
   FWD: 0 # Forwards (from upper level)
   latGETnl: 2992 # GET request latency on next level
   latGETnet: 0 # GET request latency on network to next level
  l1i-7: # Filter cache stats
   fhGETS: 3399902 # Filtered GETS hits
   fhGETX: 0 # Filtered GETX hits
   hGETS: 973929 # GETS hits
   hGETX: 0 # GETX hits
   mGETS: 85 # GETS misses
   mGETXIM: 0 # GETX I->M misses
   mGETXSM: 0 # GETX S->M misses (upgrade misses)
   PUTS: 0 # Clean evictions (from lower level)
   PUTX: 0 # Dirty evictions (from lower level)
   INV: 0 # Invalidates (from upper level)
   INVX: 0 # Downgrades (from upper level)
   FWD: 0 # Forwards (from upper level)
   latGETnl: 2890 # GET request latency on next level
   latGETnet: 0 # GET request latency on network to next level
 l1d: # Cache stats
  l1d-0: # Filter cache stats
   fhGETS: 6059770 # Filtered GETS hits
   fhGETX: 2441414 # Filtered GETX hits
   hGETS: 585283 # GETS hits
   hGETX: 132518 # GETX hits
   mGETS: 22436 # GETS misses
   mGETXIM: 2738 # GETX I->M misses
   mGETXSM: 8 # GETX S->M misses (upgrade misses)
   PUTS: 0 # Clean evictions (from lower level)
   PUTX: 0 # Dirty evictions (from lower level)
   INV: 42 # Invalidates (from upper level)
   INVX: 58 # Downgrades (from upper level)
   FWD: 0 # Forwards (from upper level)
   latGETnl: 228757 # GET request latency on next level
   latGETnet: 0 # GET request latency on network to next level
  l1d-1: # Filter cache stats
   fhGETS: 6047905 # Filtered GETS hits
   fhGETX: 2450632 # Filtered GETX hits
   hGETS: 587354 # GETS hits
   hGETX: 120700 # GETX hits
   mGETS: 25102 # GETS misses
   mGETXIM: 2814 # GETX I->M misses
   mGETXSM: 2 # GETX S->M misses (upgrade misses)
   PUTS: 0 # Clean evictions (from lower level)
   PUTX: 0 # Dirty evictions (from lower level)
   INV: 4 # Invalidates (from upper level)
   INVX: 22 # Downgrades (from upper level)
   FWD: 0 # Forwards (from upper level)
   latGETnl: 230683 # GET request latency on next level
   latGETnet: 0 # GET request latency on network to next level
  l1d-2: # Filter cache stats
   fhGETS: 6058808 # Filtered GETS hits
   fhGETX: 2440232 # Filtered GETX hits
   hGETS: 585145 # GETS hits
   hGETX: 132899 # GETX hits
   mGETS: 23108 # GETS misses
   mGETXIM: 2715 # GETX I->M misses
   mGETXSM: 2 # GETX S->M misses (upgrade misses)
   PUTS: 0 # Clean evictions (from lower level)
   PUTX: 0 # Dirty evictions (from lower level)
   INV: 3 # Invalidates (from upper level)
   INVX: 38 # Downgrades (from upper level)
   FWD: 0 # Forwards (from upper level)
   latGETnl: 217631 # GET request latency on next level
   latGETnet: 0 # GET request latency on network to next level
  l1d-3: # Filter cache stats
   fhGETS: 6049416 # Filtered GETS hits
   fhGETX: 2451832 # Filtered GETX hits
   hGETS: 585746 # GETS hits
   hGETX: 119801 # GETX hits
   mGETS: 25199 # GETS misses
   mGETXIM: 2813 # GETX I->M misses
   mGETXSM: 2 # GETX S->M misses (upgrade misses)
   PUTS: 0 # Clean evictions (from lower level)
   PUTX: 0 # Dirty evictions (from lower level)
   INV: 4 # Invalidates (from upper level)
   INVX: 39 # Downgrades (from upper level)
   FWD: 0 # Forwards (from upper level)
   latGETnl: 233029 # GET request latency on next level
   latGETnet: 0 # GET request latency on network to next level
  l1d-4: # Filter cache stats
   fhGETS: 6059604 # Filtered GETS hits
   fhGETX: 2440832 # Filtered GETX hits
   hGETS: 583951 # GETS hits
   hGETX: 131998 # GETX hits
   mGETS: 22906 # GETS misses
   mGETXIM: 2616 # GETX I->M misses
   mGETXSM: 2 # GETX S->M misses (upgrade misses)
   PUTS: 0 # Clean evictions (from lower level)
   PUTX: 0 # Dirty evictions (from lower level)
   INV: 3 # Invalidates (from upper level)
   INVX: 37 # Downgrades (from upper level)
   FWD: 0 # Forwards (from upper level)
   latGETnl: 215172 # GET request latency on next level
   latGETnet: 0 # GET request latency on network to next level
  l1d-5: # Filter cache stats
   fhGETS: 6049684 # Filtered GETS hits
   fhGETX: 2453306 # Filtered GETX hits
   hGETS: 585969 # GETS hits
   hGETX: 118988 # GETX hits
   mGETS: 25778 # GETS misses
   mGETXIM: 2830 # GETX I->M misses
   mGETXSM: 28 # GETX S->M misses (upgrade misses)
   PUTS: 0 # Clean evictions (from lower level)
   PUTX: 0 # Dirty evictions (from lower level)
   INV: 6 # Invalidates (from upper level)
   INVX: 19 # Downgrades (from upper level)
   FWD: 0 # Forwards (from upper level)
   latGETnl: 242257 # GET request latency on next level
   latGETnet: 0 # GET request latency on network to next level
  l1d-6: # Filter cache stats
   fhGETS: 6061111 # Filtered GETS hits
   fhGETX: 2440832 # Filtered GETX hits
   hGETS: 584241 # GETS hits
   hGETX: 131998 # GETX hits
   mGETS: 22909 # GETS misses
   mGETXIM: 2616 # GETX I->M misses
   mGETXSM: 2 # GETX S->M misses (upgrade misses)
   PUTS: 0 # Clean evictions (from lower level)
   PUTX: 0 # Dirty evictions (from lower level)
   INV: 3 # Invalidates (from upper level)
   INVX: 40 # Downgrades (from upper level)
   FWD: 0 # Forwards (from upper level)
   latGETnl: 215429 # GET request latency on next level
   latGETnet: 0 # GET request latency on network to next level
  l1d-7: # Filter cache stats
   fhGETS: 6046210 # Filtered GETS hits
   fhGETX: 2453632 # Filtered GETX hits
   hGETS: 589746 # GETS hits
   hGETX: 118501 # GETX hits
   mGETS: 26005 # GETS misses
   mGETXIM: 2813 # GETX I->M misses
   mGETXSM: 2 # GETX S->M misses (upgrade misses)
   PUTS: 0 # Clean evictions (from lower level)
   PUTX: 0 # Dirty evictions (from lower level)
   INV: 3 # Invalidates (from upper level)
   INVX: 42 # Downgrades (from upper level)
   FWD: 0 # Forwards (from upper level)
   latGETnl: 239035 # GET request latency on next level
   latGETnet: 0 # GET request latency on network to next level
 l2: # Cache stats
  l2-0: # Cache stats
   hGETS: 21999 # GETS hits
   hGETX: 2574 # GETX hits
   mGETS: 649 # GETS misses
   mGETXIM: 164 # GETX I->M misses
   mGETXSM: 8 # GETX S->M misses (upgrade misses)
   PUTS: 22081 # Clean evictions (from lower level)
   PUTX: 2632 # Dirty evictions (from lower level)
   INV: 66 # Invalidates (from upper level)
   INVX: 86 # Downgrades (from upper level)
   FWD: 0 # Forwards (from upper level)
   latGETnl: 69817 # GET request latency on next level
   latGETnet: 0 # GET request latency on network to next level
  l2-1: # Cache stats
   hGETS: 24680 # GETS hits
   hGETX: 2772 # GETX hits
   mGETS: 508 # GETS misses
   mGETXIM: 42 # GETX I->M misses
   mGETXSM: 2 # GETX S->M misses (upgrade misses)
   PUTS: 24761 # Clean evictions (from lower level)
   PUTX: 2774 # Dirty evictions (from lower level)
   INV: 4 # Invalidates (from upper level)
   INVX: 22 # Downgrades (from upper level)
   FWD: 0 # Forwards (from upper level)
   latGETnl: 41809 # GET request latency on next level
   latGETnet: 0 # GET request latency on network to next level
  l2-2: # Cache stats
   hGETS: 22691 # GETS hits
   hGETX: 2673 # GETX hits
   mGETS: 504 # GETS misses
   mGETXIM: 42 # GETX I->M misses
   mGETXSM: 2 # GETX S->M misses (upgrade misses)
   PUTS: 22758 # Clean evictions (from lower level)
   PUTX: 2678 # Dirty evictions (from lower level)
   INV: 4 # Invalidates (from upper level)
   INVX: 40 # Downgrades (from upper level)
   FWD: 0 # Forwards (from upper level)
   latGETnl: 40645 # GET request latency on next level
   latGETnet: 0 # GET request latency on network to next level
  l2-3: # Cache stats
   hGETS: 24777 # GETS hits
   hGETX: 2772 # GETX hits
   mGETS: 505 # GETS misses
   mGETXIM: 41 # GETX I->M misses
   mGETXSM: 2 # GETX S->M misses (upgrade misses)
   PUTS: 24858 # Clean evictions (from lower level)
   PUTX: 2774 # Dirty evictions (from lower level)
   INV: 4 # Invalidates (from upper level)
   INVX: 39 # Downgrades (from upper level)
   FWD: 0 # Forwards (from upper level)
   latGETnl: 39982 # GET request latency on next level
   latGETnet: 0 # GET request latency on network to next level
  l2-4: # Cache stats
   hGETS: 22497 # GETS hits
   hGETX: 2574 # GETX hits
   mGETS: 496 # GETS misses
   mGETXIM: 42 # GETX I->M misses
   mGETXSM: 2 # GETX S->M misses (upgrade misses)
   PUTS: 22560 # Clean evictions (from lower level)
   PUTX: 2579 # Dirty evictions (from lower level)
   INV: 4 # Invalidates (from upper level)
   INVX: 38 # Downgrades (from upper level)
   FWD: 0 # Forwards (from upper level)
   latGETnl: 39033 # GET request latency on next level
   latGETnet: 0 # GET request latency on network to next level
  l2-5: # Cache stats
   hGETS: 25275 # GETS hits
   hGETX: 2772 # GETX hits
   mGETS: 716 # GETS misses
   mGETXIM: 58 # GETX I->M misses
   mGETXSM: 28 # GETX S->M misses (upgrade misses)
   PUTS: 25407 # Clean evictions (from lower level)
   PUTX: 2778 # Dirty evictions (from lower level)
   INV: 6 # Invalidates (from upper level)
   INVX: 19 # Downgrades (from upper level)
   FWD: 0 # Forwards (from upper level)
   latGETnl: 58446 # GET request latency on next level
   latGETnet: 0 # GET request latency on network to next level
  l2-6: # Cache stats
   hGETS: 22498 # GETS hits
   hGETX: 2574 # GETX hits
   mGETS: 499 # GETS misses
   mGETXIM: 42 # GETX I->M misses
   mGETXSM: 2 # GETX S->M misses (upgrade misses)
   PUTS: 22562 # Clean evictions (from lower level)
   PUTX: 2579 # Dirty evictions (from lower level)
   INV: 4 # Invalidates (from upper level)
   INVX: 41 # Downgrades (from upper level)
   FWD: 0 # Forwards (from upper level)
   latGETnl: 39116 # GET request latency on next level
   latGETnet: 0 # GET request latency on network to next level
  l2-7: # Cache stats
   hGETS: 25581 # GETS hits
   hGETX: 2772 # GETX hits
   mGETS: 509 # GETS misses
   mGETXIM: 41 # GETX I->M misses
   mGETXSM: 2 # GETX S->M misses (upgrade misses)
   PUTS: 25664 # Clean evictions (from lower level)
   PUTX: 2774 # Dirty evictions (from lower level)
   INV: 3 # Invalidates (from upper level)
   INVX: 42 # Downgrades (from upper level)
   FWD: 0 # Forwards (from upper level)
   latGETnl: 39590 # GET request latency on next level
   latGETnet: 0 # GET request latency on network to next level
 l3: # Cache stats
  l3-0b0: # Cache stats
   hGETS: 259 # GETS hits
   hGETX: 10 # GETX hits
   mGETS: 269 # GETS misses
   mGETXIM: 52 # GETX I->M misses
   mGETXSM: 0 # GETX S->M misses (upgrade misses)
   PUTS: 0 # Clean evictions (from lower level)
   PUTX: 0 # Dirty evictions (from lower level)
   INV: 0 # Invalidates (from upper level)
   INVX: 0 # Downgrades (from upper level)
   FWD: 0 # Forwards (from upper level)
   latGETnl: 28890 # GET request latency on next level
   latGETnet: 0 # GET request latency on network to next level
  l3-0b1: # Cache stats
   hGETS: 275 # GETS hits
   hGETX: 8 # GETX hits
   mGETS: 274 # GETS misses
   mGETXIM: 50 # GETX I->M misses
   mGETXSM: 0 # GETX S->M misses (upgrade misses)
   PUTS: 0 # Clean evictions (from lower level)
   PUTX: 0 # Dirty evictions (from lower level)
   INV: 0 # Invalidates (from upper level)
   INVX: 0 # Downgrades (from upper level)
   FWD: 0 # Forwards (from upper level)
   latGETnl: 29160 # GET request latency on next level
   latGETnet: 0 # GET request latency on network to next level
  l3-0b2: # Cache stats
   hGETS: 292 # GETS hits
   hGETX: 17 # GETX hits
   mGETS: 262 # GETS misses
   mGETXIM: 56 # GETX I->M misses
   mGETXSM: 0 # GETX S->M misses (upgrade misses)
   PUTS: 0 # Clean evictions (from lower level)
   PUTX: 0 # Dirty evictions (from lower level)
   INV: 0 # Invalidates (from upper level)
   INVX: 0 # Downgrades (from upper level)
   FWD: 0 # Forwards (from upper level)
   latGETnl: 28620 # GET request latency on next level
   latGETnet: 0 # GET request latency on network to next level
  l3-0b3: # Cache stats
   hGETS: 267 # GETS hits
   hGETX: 13 # GETX hits
   mGETS: 268 # GETS misses
   mGETXIM: 54 # GETX I->M misses
   mGETXSM: 0 # GETX S->M misses (upgrade misses)
   PUTS: 0 # Clean evictions (from lower level)
   PUTX: 0 # Dirty evictions (from lower level)
   INV: 0 # Invalidates (from upper level)
   INVX: 0 # Downgrades (from upper level)
   FWD: 0 # Forwards (from upper level)
   latGETnl: 28980 # GET request latency on next level
   latGETnet: 0 # GET request latency on network to next level
  l3-0b4: # Cache stats
   hGETS: 298 # GETS hits
   hGETX: 11 # GETX hits
   mGETS: 272 # GETS misses
   mGETXIM: 52 # GETX I->M misses
   mGETXSM: 0 # GETX S->M misses (upgrade misses)
   PUTS: 0 # Clean evictions (from lower level)
   PUTX: 0 # Dirty evictions (from lower level)
   INV: 0 # Invalidates (from upper level)
   INVX: 0 # Downgrades (from upper level)
   FWD: 0 # Forwards (from upper level)
   latGETnl: 29160 # GET request latency on next level
   latGETnet: 0 # GET request latency on network to next level
  l3-0b5: # Cache stats
   hGETS: 272 # GETS hits
   hGETX: 9 # GETX hits
   mGETS: 266 # GETS misses
   mGETXIM: 51 # GETX I->M misses
   mGETXSM: 0 # GETX S->M misses (upgrade misses)
   PUTS: 0 # Clean evictions (from lower level)
   PUTX: 0 # Dirty evictions (from lower level)
   INV: 0 # Invalidates (from upper level)
   INVX: 0 # Downgrades (from upper level)
   FWD: 0 # Forwards (from upper level)
   latGETnl: 28530 # GET request latency on next level
   latGETnet: 0 # GET request latency on network to next level
  l3-0b6: # Cache stats
   hGETS: 296 # GETS hits
   hGETX: 17 # GETX hits
   mGETS: 268 # GETS misses
   mGETXIM: 55 # GETX I->M misses
   mGETXSM: 0 # GETX S->M misses (upgrade misses)
   PUTS: 0 # Clean evictions (from lower level)
   PUTX: 0 # Dirty evictions (from lower level)
   INV: 0 # Invalidates (from upper level)
   INVX: 0 # Downgrades (from upper level)
   FWD: 0 # Forwards (from upper level)
   latGETnl: 29070 # GET request latency on next level
   latGETnet: 0 # GET request latency on network to next level
  l3-0b7: # Cache stats
   hGETS: 279 # GETS hits
   hGETX: 10 # GETX hits
   mGETS: 269 # GETS misses
   mGETXIM: 55 # GETX I->M misses
   mGETXSM: 0 # GETX S->M misses (upgrade misses)
   PUTS: 0 # Clean evictions (from lower level)
   PUTX: 0 # Dirty evictions (from lower level)
   INV: 0 # Invalidates (from upper level)
   INVX: 0 # Downgrades (from upper level)
   FWD: 0 # Forwards (from upper level)
   latGETnl: 29160 # GET request latency on next level
   latGETnet: 0 # GET request latency on network to next level
 mem: # Memory controller stats
  mem-0: # Memory controller stats
   rd: 639 # Read requests
   wr: 0 # Write requests
   rdlat: 103024 # Total latency experienced by read requests
   wrlat: 0 # Total latency experienced by write requests
   rdhits: 261 # Read row hits
   wrhits: 0 # Write row hits
   mlh: # latency histogram for memory requests
    0: 0
    1: 0
    2: 0
    3: 0
    4: 0
    5: 0
    6: 0
    7: 0
    8: 0
    9: 0
    10: 0
    11: 1
    12: 0
    13: 267
    14: 76
    15: 53
    16: 12
    17: 58
    18: 60
    19: 47
    20: 19
    21: 6
    22: 4
    23: 5
    24: 4
    25: 5
    26: 2
    27: 4
    28: 4
    29: 2
    30: 2
    31: 3
    32: 2
    33: 3
    34: 0
    35: 0
    36: 0
    37: 0
    38: 0
    39: 0
    40: 0
    41: 0
    42: 0
    43: 0
    44: 0
    45: 0
    46: 0
    47: 0
    48: 0
    49: 0
    50: 0
    51: 0
    52: 0
    53: 0
    54: 0
    55: 0
    56: 0
    57: 0
    58: 0
    59: 0
    60: 0
    61: 0
    62: 0
    63: 0
    64: 0
    65: 0
    66: 0
    67: 0
    68: 0
    69: 0
    70: 0
    71: 0
    72: 0
    73: 0
    74: 0
    75: 0
    76: 0
    77: 0
    78: 0
    79: 0
    80: 0
    81: 0
    82: 0
    83: 0
    84: 0
    85: 0
    86: 0
    87: 0
    88: 0
    89: 0
    90: 0
    91: 0
    92: 0
    93: 0
    94: 0
    95: 0
    96: 0
    97: 0
    98: 0
    99: 0
  mem-1: # Memory controller stats
   rd: 614 # Read requests
   wr: 0 # Write requests
   rdlat: 108560 # Total latency experienced by read requests
   wrlat: 0 # Total latency experienced by write requests
   rdhits: 266 # Read row hits
   wrhits: 0 # Write row hits
   mlh: # latency histogram for memory requests
    0: 0
    1: 0
    2: 0
    3: 0
    4: 0
    5: 0
    6: 0
    7: 0
    8: 0
    9: 0
    10: 0
    11: 0
    12: 1
    13: 250
    14: 62
    15: 52
    16: 11
    17: 58
    18: 59
    19: 47
    20: 21
    21: 3
    22: 2
    23: 2
    24: 0
    25: 2
    26: 1
    27: 2
    28: 3
    29: 3
    30: 2
    31: 2
    32: 2
    33: 1
    34: 1
    35: 0
    36: 1
    37: 3
    38: 0
    39: 0
    40: 1
    41: 1
    42: 1
    43: 1
    44: 0
    45: 3
    46: 1
    47: 0
    48: 0
    49: 0
    50: 0
    51: 0
    52: 0
    53: 0
    54: 0
    55: 1
    56: 1
    57: 0
    58: 1
    59: 1
    60: 1
    61: 0
    62: 1
    63: 0
    64: 1
    65: 1
    66: 1
    67: 1
    68: 0
    69: 0
    70: 0
    71: 0
    72: 0
    73: 0
    74: 0
    75: 0
    76: 1
    77: 1
    78: 1
    79: 0
    80: 1
    81: 1
    82: 0
    83: 0
    84: 0
    85: 0
    86: 0
    87: 0
    88: 0
    89: 0
    90: 0
    91: 0
    92: 0
    93: 0
    94: 0
    95: 0
    96: 0
    97: 0
    98: 0
    99: 0
  mem-2: # Memory controller stats
   rd: 616 # Read requests
   wr: 0 # Write requests
   rdlat: 102468 # Total latency experienced by read requests
   wrlat: 0 # Total latency experienced by write requests
   rdhits: 263 # Read row hits
   wrhits: 0 # Write row hits
   mlh: # latency histogram for memory requests
    0: 0
    1: 0
    2: 0
    3: 0
    4: 0
    5: 0
    6: 0
    7: 0
    8: 0
    9: 0
    10: 0
    11: 0
    12: 1
    13: 247
    14: 70
    15: 59
    16: 5
    17: 61
    18: 62
    19: 54
    20: 9
    21: 1
    22: 1
    23: 0
    24: 1
    25: 3
    26: 5
    27: 4
    28: 5
    29: 2
    30: 5
    31: 6
    32: 2
    33: 2
    34: 1
    35: 1
    36: 1
    37: 1
    38: 1
    39: 0
    40: 0
    41: 0
    42: 1
    43: 1
    44: 0
    45: 1
    46: 1
    47: 1
    48: 0
    49: 1
    50: 0
    51: 0
    52: 0
    53: 0
    54: 0
    55: 0
    56: 0
    57: 0
    58: 0
    59: 0
    60: 0
    61: 0
    62: 0
    63: 0
    64: 0
    65: 0
    66: 0
    67: 0
    68: 0
    69: 0
    70: 0
    71: 0
    72: 0
    73: 0
    74: 0
    75: 0
    76: 0
    77: 0
    78: 0
    79: 0
    80: 0
    81: 0
    82: 0
    83: 0
    84: 0
    85: 0
    86: 0
    87: 0
    88: 0
    89: 0
    90: 0
    91: 0
    92: 0
    93: 0
    94: 0
    95: 0
    96: 0
    97: 0
    98: 0
    99: 0
  mem-3: # Memory controller stats
   rd: 618 # Read requests
   wr: 0 # Write requests
   rdlat: 102588 # Total latency experienced by read requests
   wrlat: 0 # Total latency experienced by write requests
   rdhits: 263 # Read row hits
   wrhits: 0 # Write row hits
   mlh: # latency histogram for memory requests
    0: 0
    1: 0
    2: 0
    3: 0
    4: 0
    5: 0
    6: 0
    7: 0
    8: 0
    9: 0
    10: 0
    11: 0
    12: 0
    13: 258
    14: 59
    15: 51
    16: 13
    17: 54
    18: 56
    19: 48
    20: 19
    21: 7
    22: 4
    23: 4
    24: 5
    25: 4
    26: 2
    27: 4
    28: 5
    29: 4
    30: 3
    31: 3
    32: 3
    33: 1
    34: 2
    35: 3
    36: 1
    37: 1
    38: 2
    39: 2
    40: 0
    41: 0
    42: 0
    43: 0
    44: 0
    45: 0
    46: 0
    47: 0
    48: 0
    49: 0
    50: 0
    51: 0
    52: 0
    53: 0
    54: 0
    55: 0
    56: 0
    57: 0
    58: 0
    59: 0
    60: 0
    61: 0
    62: 0
    63: 0
    64: 0
    65: 0
    66: 0
    67: 0
    68: 0
    69: 0
    70: 0
    71: 0
    72: 0
    73: 0
    74: 0
    75: 0
    76: 0
    77: 0
    78: 0
    79: 0
    80: 0
    81: 0
    82: 0
    83: 0
    84: 0
    85: 0
    86: 0
    87: 0
    88: 0
    89: 0
    90: 0
    91: 0
    92: 0
    93: 0
    94: 0
    95: 0
    96: 0
    97: 0
    98: 0
    99: 0
 sched: # Scheduler stats
  thCr: 9 # Threads created
  thFn: 9 # Threads finished
  schedEvs: 10 # Schedule events
  waitEvs: 1 # Wait events
  handoffEvs: 0 # Handoff events
  sleepEvs: 0 # Sleep events
  idlePhases: 0 # Phases with no thread active
  idlePeriods: 0 # Periods with no thread active
  occHist: # Occupancy histogram
   0: 0
   1: 1
   2: 1
   3: 1
   4: 1
   5: 3
   6: 1
   7: 1
   8: 2318
  rqSzHist: # Run queue size histogram
   0: 2327
   1: 0
   2: 0
   3: 0
   4: 0
   5: 0
   6: 0
   7: 0
   8: 0
   9: 0
   10: 0
   11: 0
   12: 0
   13: 0
   14: 0
   15: 0
   16: 0
 procCycles: # Per-process unhalted core cycles
  0: 185804627
  1: 0
  2: 0
  3: 0
  4: 0
  5: 0
  6: 0
  7: 0
  8: 0
  9: 0
  10: 0
  11: 0
  12: 0
  13: 0
  14: 0
  15: 0
  16: 0
  17: 0
  18: 0
  19: 0
  20: 0
  21: 0
  22: 0
  23: 0
  24: 0
  25: 0
  26: 0
  27: 0
  28: 0
  29: 0
  30: 0
  31: 0
  32: 0
  33: 0
  34: 0
  35: 0
  36: 0
  37: 0
  38: 0
  39: 0
  40: 0
  41: 0
  42: 0
  43: 0
  44: 0
  45: 0
  46: 0
  47: 0
  48: 0
  49: 0
  50: 0
  51: 0
  52: 0
  53: 0
  54: 0
  55: 0
  56: 0
  57: 0
  58: 0
  59: 0
  60: 0
  61: 0
  62: 0
  63: 0
 procInstrs: # Per-process instructions
  0: 253925753
  1: 0
  2: 0
  3: 0
  4: 0
  5: 0
  6: 0
  7: 0
  8: 0
  9: 0
  10: 0
  11: 0
  12: 0
  13: 0
  14: 0
  15: 0
  16: 0
  17: 0
  18: 0
  19: 0
  20: 0
  21: 0
  22: 0
  23: 0
  24: 0
  25: 0
  26: 0
  27: 0
  28: 0
  29: 0
  30: 0
  31: 0
  32: 0
  33: 0
  34: 0
  35: 0
  36: 0
  37: 0
  38: 0
  39: 0
  40: 0
  41: 0
  42: 0
  43: 0
  44: 0
  45: 0
  46: 0
  47: 0
  48: 0
  49: 0
  50: 0
  51: 0
  52: 0
  53: 0
  54: 0
  55: 0
  56: 0
  57: 0
  58: 0
  59: 0
  60: 0
  61: 0
  62: 0
  63: 0
 heartbeats: # Per-process heartbeats
  0: 0
  1: 0
  2: 0
  3: 0
  4: 0
  5: 0
  6: 0
  7: 0
  8: 0
  9: 0
  10: 0
  11: 0
  12: 0
  13: 0
  14: 0
  15: 0
  16: 0
  17: 0
  18: 0
  19: 0
  20: 0
  21: 0
  22: 0
  23: 0
  24: 0
  25: 0
  26: 0
  27: 0
  28: 0
  29: 0
  30: 0
  31: 0
  32: 0
  33: 0
  34: 0
  35: 0
  36: 0
  37: 0
  38: 0
  39: 0
  40: 0
  41: 0
  42: 0
  43: 0
  44: 0
  45: 0
  46: 0
  47: 0
  48: 0
  49: 0
  50: 0
  51: 0
  52: 0
  53: 0
  54: 0
  55: 0
  56: 0
  57: 0
  58: 0
  59: 0
  60: 0
  61: 0
  62: 0
  63: 0
===
