# zsim stats
===
root: # Stats
 contention: # Contention simulation stats
  domain-0: # Domain stats
   time: 1962345085 # Weave simulation time
 time: # Simulator time breakdown
  init: 21356212985969
  bound: 63773439757
  weave: 42102403688
  ff: 0
 trigger: 20000 # Reason for this stats dump
 phase: 12928 # Simulated phases
 westmere: # Core stats
  westmere-0: # Core stats
   cycles: 129280132 # Simulated unhalted cycles
   cCycles: 9670839 # Cycles due to contention stalls
   instrs: 100006196 # Simulated instructions
   uops: 119211638 # Retired micro-ops
   bbls: 22750594 # Basic blocks
   approxInstrs: 253836 # Instrs with approx uop decoding
   mispredBranches: 1187522 # Mispredicted branches
   condBranches: 17198433 # conditional branches
 l1i: # Cache stats
  l1i-0: # Filter cache stats
   fhGETS: 25312335 # Filtered GETS hits
   fhGETX: 0 # Filtered GETX hits
   hGETS: 2191947 # GETS hits
   hGETX: 0 # GETX hits
   mGETS: 766426 # GETS misses
   mGETXIM: 0 # GETX I->M misses
   mGETXSM: 0 # GETX S->M misses (upgrade misses)
   PUTS: 0 # Clean evictions (from lower level)
   PUTX: 0 # Dirty evictions (from lower level)
   INV: 10 # Invalidates (from upper level)
   INVX: 0 # Downgrades (from upper level)
   FWD: 0 # Forwards (from upper level)
   latGETnl: 9267052 # GET request latency on next level
   latGETnet: 0 # GET request latency on network to next level
 l1d: # Cache stats
  l1d-0: # Filter cache stats
   fhGETS: 23419067 # Filtered GETS hits
   fhGETX: 15256090 # Filtered GETX hits
   hGETS: 2076619 # GETS hits
   hGETX: 970705 # GETX hits
   mGETS: 1435566 # GETS misses
   mGETXIM: 1401450 # GETX I->M misses
   mGETXSM: 0 # GETX S->M misses (upgrade misses)
   PUTS: 0 # Clean evictions (from lower level)
   PUTX: 0 # Dirty evictions (from lower level)
   INV: 1 # Invalidates (from upper level)
   INVX: 0 # Downgrades (from upper level)
   FWD: 0 # Forwards (from upper level)
   latGETnl: 97256328 # GET request latency on next level
   latGETnet: 0 # GET request latency on network to next level
 l2: # Cache stats
  l2-0: # Cache stats
   hGETS: 1087004 # GETS hits
   hGETX: 859498 # GETX hits
   mGETS: 1114988 # GETS misses
   mGETXIM: 541952 # GETX I->M misses
   mGETXSM: 0 # GETX S->M misses (upgrade misses)
   PUTS: 1932691 # Clean evictions (from lower level)
   PUTX: 1669716 # Dirty evictions (from lower level)
   INV: 0 # Invalidates (from upper level)
   INVX: 0 # Downgrades (from upper level)
   FWD: 0 # Forwards (from upper level)
   latGETnl: 70488960 # GET request latency on next level
   latGETnet: 0 # GET request latency on network to next level
 l3: # Cache stats
  l3-0: # Cache stats
   hGETS: 833460 # GETS hits
   hGETX: 482120 # GETX hits
   mGETS: 281528 # GETS misses
   mGETXIM: 59832 # GETX I->M misses
   mGETXSM: 0 # GETX S->M misses (upgrade misses)
   PUTS: 967730 # Clean evictions (from lower level)
   PUTX: 685114 # Dirty evictions (from lower level)
   INV: 0 # Invalidates (from upper level)
   INVX: 0 # Downgrades (from upper level)
   FWD: 0 # Forwards (from upper level)
   latGETnl: 30722400 # GET request latency on next level
   latGETnet: 0 # GET request latency on network to next level
 mem: # Memory controller stats
  mem-0: # Memory controller stats
   rd: 88798 # Read requests
   wr: 20146 # Write requests
   rdlat: 11913236 # Total latency experienced by read requests
   wrlat: 2952469 # Total latency experienced by write requests
   rdhits: 34 # Read row hits
   wrhits: 27 # Write row hits
   mlh: # latency histogram for memory requests
    0: 0
    1: 0
    2: 0
    3: 0
    4: 0
    5: 0
    6: 0
    7: 0
    8: 0
    9: 0
    10: 0
    11: 4
    12: 3
    13: 85999
    14: 702
    15: 530
    16: 238
    17: 61
    18: 43
    19: 58
    20: 51
    21: 46
    22: 64
    23: 54
    24: 61
    25: 41
    26: 42
    27: 49
    28: 35
    29: 46
    30: 53
    31: 50
    32: 55
    33: 43
    34: 59
    35: 61
    36: 39
    37: 52
    38: 51
    39: 34
    40: 33
    41: 44
    42: 53
    43: 22
    44: 9
    45: 5
    46: 4
    47: 1
    48: 1
    49: 0
    50: 0
    51: 2
    52: 0
    53: 0
    54: 0
    55: 0
    56: 0
    57: 0
    58: 0
    59: 0
    60: 0
    61: 0
    62: 0
    63: 0
    64: 0
    65: 0
    66: 0
    67: 0
    68: 0
    69: 0
    70: 0
    71: 0
    72: 0
    73: 0
    74: 0
    75: 0
    76: 0
    77: 0
    78: 0
    79: 0
    80: 0
    81: 0
    82: 0
    83: 0
    84: 0
    85: 0
    86: 0
    87: 0
    88: 0
    89: 0
    90: 0
    91: 0
    92: 0
    93: 0
    94: 0
    95: 0
    96: 0
    97: 0
    98: 0
    99: 0
  mem-1: # Memory controller stats
   rd: 82177 # Read requests
   wr: 19905 # Write requests
   rdlat: 11024126 # Total latency experienced by read requests
   wrlat: 2906360 # Total latency experienced by write requests
   rdhits: 37 # Read row hits
   wrhits: 27 # Write row hits
   mlh: # latency histogram for memory requests
    0: 0
    1: 0
    2: 0
    3: 0
    4: 0
    5: 0
    6: 0
    7: 0
    8: 0
    9: 0
    10: 0
    11: 6
    12: 4
    13: 79420
    14: 766
    15: 537
    16: 224
    17: 57
    18: 41
    19: 61
    20: 54
    21: 57
    22: 44
    23: 39
    24: 53
    25: 41
    26: 42
    27: 31
    28: 40
    29: 43
    30: 36
    31: 59
    32: 60
    33: 45
    34: 45
    35: 49
    36: 54
    37: 51
    38: 34
    39: 35
    40: 39
    41: 51
    42: 38
    43: 16
    44: 1
    45: 1
    46: 2
    47: 0
    48: 0
    49: 0
    50: 1
    51: 0
    52: 0
    53: 0
    54: 0
    55: 0
    56: 0
    57: 0
    58: 0
    59: 0
    60: 0
    61: 0
    62: 0
    63: 0
    64: 0
    65: 0
    66: 0
    67: 0
    68: 0
    69: 0
    70: 0
    71: 0
    72: 0
    73: 0
    74: 0
    75: 0
    76: 0
    77: 0
    78: 0
    79: 0
    80: 0
    81: 0
    82: 0
    83: 0
    84: 0
    85: 0
    86: 0
    87: 0
    88: 0
    89: 0
    90: 0
    91: 0
    92: 0
    93: 0
    94: 0
    95: 0
    96: 0
    97: 0
    98: 0
    99: 0
  mem-2: # Memory controller stats
   rd: 88975 # Read requests
   wr: 20351 # Write requests
   rdlat: 11940439 # Total latency experienced by read requests
   wrlat: 2988843 # Total latency experienced by write requests
   rdhits: 50 # Read row hits
   wrhits: 47 # Write row hits
   mlh: # latency histogram for memory requests
    0: 0
    1: 0
    2: 0
    3: 0
    4: 0
    5: 0
    6: 0
    7: 0
    8: 0
    9: 0
    10: 0
    11: 17
    12: 7
    13: 86143
    14: 707
    15: 526
    16: 230
    17: 54
    18: 50
    19: 52
    20: 77
    21: 50
    22: 59
    23: 50
    24: 56
    25: 37
    26: 38
    27: 44
    28: 51
    29: 35
    30: 62
    31: 61
    32: 44
    33: 44
    34: 44
    35: 53
    36: 38
    37: 60
    38: 49
    39: 48
    40: 52
    41: 49
    42: 53
    43: 22
    44: 8
    45: 2
    46: 2
    47: 1
    48: 0
    49: 0
    50: 0
    51: 0
    52: 0
    53: 0
    54: 0
    55: 0
    56: 0
    57: 0
    58: 0
    59: 0
    60: 0
    61: 0
    62: 0
    63: 0
    64: 0
    65: 0
    66: 0
    67: 0
    68: 0
    69: 0
    70: 0
    71: 0
    72: 0
    73: 0
    74: 0
    75: 0
    76: 0
    77: 0
    78: 0
    79: 0
    80: 0
    81: 0
    82: 0
    83: 0
    84: 0
    85: 0
    86: 0
    87: 0
    88: 0
    89: 0
    90: 0
    91: 0
    92: 0
    93: 0
    94: 0
    95: 0
    96: 0
    97: 0
    98: 0
    99: 0
  mem-3: # Memory controller stats
   rd: 81410 # Read requests
   wr: 20029 # Write requests
   rdlat: 10931614 # Total latency experienced by read requests
   wrlat: 2936244 # Total latency experienced by write requests
   rdhits: 41 # Read row hits
   wrhits: 36 # Write row hits
   mlh: # latency histogram for memory requests
    0: 0
    1: 0
    2: 0
    3: 0
    4: 0
    5: 0
    6: 0
    7: 0
    8: 0
    9: 0
    10: 0
    11: 16
    12: 1
    13: 78594
    14: 777
    15: 573
    16: 205
    17: 48
    18: 48
    19: 56
    20: 61
    21: 37
    22: 37
    23: 51
    24: 40
    25: 49
    26: 32
    27: 42
    28: 39
    29: 54
    30: 42
    31: 60
    32: 59
    33: 55
    34: 44
    35: 48
    36: 48
    37: 48
    38: 45
    39: 35
    40: 62
    41: 42
    42: 41
    43: 12
    44: 4
    45: 0
    46: 3
    47: 0
    48: 2
    49: 0
    50: 0
    51: 0
    52: 0
    53: 0
    54: 0
    55: 0
    56: 0
    57: 0
    58: 0
    59: 0
    60: 0
    61: 0
    62: 0
    63: 0
    64: 0
    65: 0
    66: 0
    67: 0
    68: 0
    69: 0
    70: 0
    71: 0
    72: 0
    73: 0
    74: 0
    75: 0
    76: 0
    77: 0
    78: 0
    79: 0
    80: 0
    81: 0
    82: 0
    83: 0
    84: 0
    85: 0
    86: 0
    87: 0
    88: 0
    89: 0
    90: 0
    91: 0
    92: 0
    93: 0
    94: 0
    95: 0
    96: 0
    97: 0
    98: 0
    99: 0
 sched: # Scheduler stats
  thCr: 1 # Threads created
  thFn: 1 # Threads finished
  schedEvs: 1 # Schedule events
  waitEvs: 0 # Wait events
  handoffEvs: 0 # Handoff events
  sleepEvs: 0 # Sleep events
  idlePhases: 0 # Phases with no thread active
  idlePeriods: 0 # Periods with no thread active
  occHist: # Occupancy histogram
   0: 0
   1: 12928
  rqSzHist: # Run queue size histogram
   0: 12928
   1: 0
   2: 0
   3: 0
   4: 0
   5: 0
   6: 0
   7: 0
   8: 0
   9: 0
   10: 0
   11: 0
   12: 0
   13: 0
   14: 0
   15: 0
   16: 0
 procCycles: # Per-process unhalted core cycles
  0: 129280132
  1: 0
  2: 0
  3: 0
  4: 0
  5: 0
  6: 0
  7: 0
  8: 0
  9: 0
  10: 0
  11: 0
  12: 0
  13: 0
  14: 0
  15: 0
  16: 0
  17: 0
  18: 0
  19: 0
  20: 0
  21: 0
  22: 0
  23: 0
  24: 0
  25: 0
  26: 0
  27: 0
  28: 0
  29: 0
  30: 0
  31: 0
  32: 0
  33: 0
  34: 0
  35: 0
  36: 0
  37: 0
  38: 0
  39: 0
  40: 0
  41: 0
  42: 0
  43: 0
  44: 0
  45: 0
  46: 0
  47: 0
  48: 0
  49: 0
  50: 0
  51: 0
  52: 0
  53: 0
  54: 0
  55: 0
  56: 0
  57: 0
  58: 0
  59: 0
  60: 0
  61: 0
  62: 0
  63: 0
 procInstrs: # Per-process instructions
  0: 100006196
  1: 0
  2: 0
  3: 0
  4: 0
  5: 0
  6: 0
  7: 0
  8: 0
  9: 0
  10: 0
  11: 0
  12: 0
  13: 0
  14: 0
  15: 0
  16: 0
  17: 0
  18: 0
  19: 0
  20: 0
  21: 0
  22: 0
  23: 0
  24: 0
  25: 0
  26: 0
  27: 0
  28: 0
  29: 0
  30: 0
  31: 0
  32: 0
  33: 0
  34: 0
  35: 0
  36: 0
  37: 0
  38: 0
  39: 0
  40: 0
  41: 0
  42: 0
  43: 0
  44: 0
  45: 0
  46: 0
  47: 0
  48: 0
  49: 0
  50: 0
  51: 0
  52: 0
  53: 0
  54: 0
  55: 0
  56: 0
  57: 0
  58: 0
  59: 0
  60: 0
  61: 0
  62: 0
  63: 0
 heartbeats: # Per-process heartbeats
  0: 0
  1: 0
  2: 0
  3: 0
  4: 0
  5: 0
  6: 0
  7: 0
  8: 0
  9: 0
  10: 0
  11: 0
  12: 0
  13: 0
  14: 0
  15: 0
  16: 0
  17: 0
  18: 0
  19: 0
  20: 0
  21: 0
  22: 0
  23: 0
  24: 0
  25: 0
  26: 0
  27: 0
  28: 0
  29: 0
  30: 0
  31: 0
  32: 0
  33: 0
  34: 0
  35: 0
  36: 0
  37: 0
  38: 0
  39: 0
  40: 0
  41: 0
  42: 0
  43: 0
  44: 0
  45: 0
  46: 0
  47: 0
  48: 0
  49: 0
  50: 0
  51: 0
  52: 0
  53: 0
  54: 0
  55: 0
  56: 0
  57: 0
  58: 0
  59: 0
  60: 0
  61: 0
  62: 0
  63: 0
===
