# zsim stats
===
root: # Stats
 contention: # Contention simulation stats
  domain-0: # Domain stats
   time: 401406876 # Weave simulation time
 time: # Simulator time breakdown
  init: 2631918910173
  bound: 6025896511
  weave: 795504766
  ff: 0
 trigger: 20000 # Reason for this stats dump
 phase: 6318 # Simulated phases
 westmere: # Core stats
  westmere-0: # Core stats
   cycles: 63180709 # Simulated unhalted cycles
   cCycles: 5037674 # Cycles due to contention stalls
   instrs: 100003605 # Simulated instructions
   uops: 142673720 # Retired micro-ops
   bbls: 4785533 # Basic blocks
   approxInstrs: 432 # Instrs with approx uop decoding
   mispredBranches: 23095 # Mispredicted branches
   condBranches: 4718222 # conditional branches
 l1i: # Cache stats
  l1i-0: # Filter cache stats
   fhGETS: 9440210 # Filtered GETS hits
   fhGETX: 0 # Filtered GETX hits
   hGETS: 20735 # GETS hits
   hGETX: 0 # GETX hits
   mGETS: 1878 # GETS misses
   mGETXIM: 0 # GETX I->M misses
   mGETXSM: 0 # GETX S->M misses (upgrade misses)
   PUTS: 0 # Clean evictions (from lower level)
   PUTX: 0 # Dirty evictions (from lower level)
   INV: 0 # Invalidates (from upper level)
   INVX: 0 # Downgrades (from upper level)
   FWD: 0 # Forwards (from upper level)
   latGETnl: 116856 # GET request latency on next level
   latGETnet: 0 # GET request latency on network to next level
 l1d: # Cache stats
  l1d-0: # Filter cache stats
   fhGETS: 26992444 # Filtered GETS hits
   fhGETX: 9101261 # Filtered GETX hits
   hGETS: 15839579 # GETS hits
   hGETX: 5952752 # GETX hits
   mGETS: 242738 # GETS misses
   mGETXIM: 291827 # GETX I->M misses
   mGETXSM: 0 # GETX S->M misses (upgrade misses)
   PUTS: 0 # Clean evictions (from lower level)
   PUTX: 0 # Dirty evictions (from lower level)
   INV: 0 # Invalidates (from upper level)
   INVX: 0 # Downgrades (from upper level)
   FWD: 0 # Forwards (from upper level)
   latGETnl: 25255024 # GET request latency on next level
   latGETnet: 0 # GET request latency on network to next level
 l2: # Cache stats
  l2-0: # Cache stats
   hGETS: 214772 # GETS hits
   hGETX: 1361 # GETX hits
   mGETS: 29844 # GETS misses
   mGETXIM: 290466 # GETX I->M misses
   mGETXSM: 0 # GETX S->M misses (upgrade misses)
   PUTS: 242923 # Clean evictions (from lower level)
   PUTX: 292574 # Dirty evictions (from lower level)
   INV: 0 # Invalidates (from upper level)
   INVX: 0 # Downgrades (from upper level)
   FWD: 0 # Forwards (from upper level)
   latGETnl: 20007450 # GET request latency on next level
   latGETnet: 0 # GET request latency on network to next level
 l3: # Cache stats
  l3-0: # Cache stats
   hGETS: 25103 # GETS hits
   hGETX: 158318 # GETX hits
   mGETS: 4741 # GETS misses
   mGETXIM: 132148 # GETX I->M misses
   mGETXSM: 0 # GETX S->M misses (upgrade misses)
   PUTS: 27558 # Clean evictions (from lower level)
   PUTX: 288656 # Dirty evictions (from lower level)
   INV: 0 # Invalidates (from upper level)
   INVX: 0 # Downgrades (from upper level)
   FWD: 0 # Forwards (from upper level)
   latGETnl: 12320010 # GET request latency on next level
   latGETnet: 0 # GET request latency on network to next level
 mem: # Memory controller stats
  mem-0: # Memory controller stats
   rd: 34175 # Read requests
   wr: 25461 # Write requests
   rdlat: 5159548 # Total latency experienced by read requests
   wrlat: 3834006 # Total latency experienced by write requests
   rdhits: 5 # Read row hits
   wrhits: 112 # Write row hits
   mlh: # latency histogram for memory requests
    0: 0
    1: 0
    2: 0
    3: 0
    4: 0
    5: 0
    6: 0
    7: 0
    8: 0
    9: 0
    10: 0
    11: 3
    12: 1
    13: 25921
    14: 2857
    15: 30
    16: 16
    17: 14
    18: 13
    19: 16
    20: 17
    21: 12
    22: 17
    23: 4781
    24: 25
    25: 36
    26: 17
    27: 24
    28: 19
    29: 23
    30: 16
    31: 24
    32: 10
    33: 20
    34: 21
    35: 16
    36: 16
    37: 17
    38: 20
    39: 15
    40: 21
    41: 16
    42: 18
    43: 6
    44: 6
    45: 5
    46: 3
    47: 38
    48: 10
    49: 3
    50: 8
    51: 12
    52: 12
    53: 0
    54: 0
    55: 0
    56: 0
    57: 0
    58: 0
    59: 0
    60: 0
    61: 0
    62: 0
    63: 0
    64: 0
    65: 0
    66: 0
    67: 0
    68: 0
    69: 0
    70: 0
    71: 0
    72: 0
    73: 0
    74: 0
    75: 0
    76: 0
    77: 0
    78: 0
    79: 0
    80: 0
    81: 0
    82: 0
    83: 0
    84: 0
    85: 0
    86: 0
    87: 0
    88: 0
    89: 0
    90: 0
    91: 0
    92: 0
    93: 0
    94: 0
    95: 0
    96: 0
    97: 0
    98: 0
    99: 0
  mem-1: # Memory controller stats
   rd: 34222 # Read requests
   wr: 25496 # Write requests
   rdlat: 5163654 # Total latency experienced by read requests
   wrlat: 3834094 # Total latency experienced by write requests
   rdhits: 3 # Read row hits
   wrhits: 125 # Write row hits
   mlh: # latency histogram for memory requests
    0: 0
    1: 0
    2: 0
    3: 0
    4: 0
    5: 0
    6: 0
    7: 0
    8: 0
    9: 0
    10: 0
    11: 0
    12: 1
    13: 25980
    14: 2805
    15: 37
    16: 16
    17: 11
    18: 9
    19: 16
    20: 11
    21: 14
    22: 22
    23: 4817
    24: 22
    25: 38
    26: 19
    27: 29
    28: 36
    29: 34
    30: 16
    31: 12
    32: 19
    33: 16
    34: 26
    35: 19
    36: 18
    37: 17
    38: 14
    39: 20
    40: 11
    41: 24
    42: 18
    43: 8
    44: 2
    45: 4
    46: 7
    47: 31
    48: 5
    49: 2
    50: 3
    51: 6
    52: 2
    53: 5
    54: 0
    55: 0
    56: 0
    57: 0
    58: 0
    59: 0
    60: 0
    61: 0
    62: 0
    63: 0
    64: 0
    65: 0
    66: 0
    67: 0
    68: 0
    69: 0
    70: 0
    71: 0
    72: 0
    73: 0
    74: 0
    75: 0
    76: 0
    77: 0
    78: 0
    79: 0
    80: 0
    81: 0
    82: 0
    83: 0
    84: 0
    85: 0
    86: 0
    87: 0
    88: 0
    89: 0
    90: 0
    91: 0
    92: 0
    93: 0
    94: 0
    95: 0
    96: 0
    97: 0
    98: 0
    99: 0
  mem-2: # Memory controller stats
   rd: 34253 # Read requests
   wr: 25492 # Write requests
   rdlat: 5156054 # Total latency experienced by read requests
   wrlat: 3836171 # Total latency experienced by write requests
   rdhits: 1 # Read row hits
   wrhits: 130 # Write row hits
   mlh: # latency histogram for memory requests
    0: 0
    1: 0
    2: 0
    3: 0
    4: 0
    5: 0
    6: 0
    7: 0
    8: 0
    9: 0
    10: 0
    11: 1
    12: 0
    13: 26010
    14: 2864
    15: 34
    16: 18
    17: 15
    18: 11
    19: 14
    20: 16
    21: 17
    22: 24
    23: 4831
    24: 21
    25: 38
    26: 11
    27: 14
    28: 26
    29: 16
    30: 20
    31: 17
    32: 15
    33: 19
    34: 16
    35: 7
    36: 13
    37: 11
    38: 11
    39: 14
    40: 13
    41: 13
    42: 16
    43: 11
    44: 4
    45: 0
    46: 7
    47: 30
    48: 9
    49: 8
    50: 4
    51: 7
    52: 5
    53: 2
    54: 0
    55: 0
    56: 0
    57: 0
    58: 0
    59: 0
    60: 0
    61: 0
    62: 0
    63: 0
    64: 0
    65: 0
    66: 0
    67: 0
    68: 0
    69: 0
    70: 0
    71: 0
    72: 0
    73: 0
    74: 0
    75: 0
    76: 0
    77: 0
    78: 0
    79: 0
    80: 0
    81: 0
    82: 0
    83: 0
    84: 0
    85: 0
    86: 0
    87: 0
    88: 0
    89: 0
    90: 0
    91: 0
    92: 0
    93: 0
    94: 0
    95: 0
    96: 0
    97: 0
    98: 0
    99: 0
  mem-3: # Memory controller stats
   rd: 34235 # Read requests
   wr: 25560 # Write requests
   rdlat: 5173231 # Total latency experienced by read requests
   wrlat: 3838285 # Total latency experienced by write requests
   rdhits: 5 # Read row hits
   wrhits: 105 # Write row hits
   mlh: # latency histogram for memory requests
    0: 0
    1: 0
    2: 0
    3: 0
    4: 0
    5: 0
    6: 0
    7: 0
    8: 0
    9: 0
    10: 0
    11: 2
    12: 1
    13: 25922
    14: 2853
    15: 31
    16: 23
    17: 13
    18: 11
    19: 16
    20: 8
    21: 6
    22: 23
    23: 4816
    24: 20
    25: 43
    26: 24
    27: 18
    28: 38
    29: 24
    30: 22
    31: 21
    32: 18
    33: 23
    34: 14
    35: 18
    36: 31
    37: 21
    38: 16
    39: 14
    40: 27
    41: 11
    42: 16
    43: 7
    44: 2
    45: 3
    46: 9
    47: 40
    48: 7
    49: 6
    50: 7
    51: 0
    52: 6
    53: 4
    54: 0
    55: 0
    56: 0
    57: 0
    58: 0
    59: 0
    60: 0
    61: 0
    62: 0
    63: 0
    64: 0
    65: 0
    66: 0
    67: 0
    68: 0
    69: 0
    70: 0
    71: 0
    72: 0
    73: 0
    74: 0
    75: 0
    76: 0
    77: 0
    78: 0
    79: 0
    80: 0
    81: 0
    82: 0
    83: 0
    84: 0
    85: 0
    86: 0
    87: 0
    88: 0
    89: 0
    90: 0
    91: 0
    92: 0
    93: 0
    94: 0
    95: 0
    96: 0
    97: 0
    98: 0
    99: 0
 sched: # Scheduler stats
  thCr: 1 # Threads created
  thFn: 1 # Threads finished
  schedEvs: 1 # Schedule events
  waitEvs: 0 # Wait events
  handoffEvs: 0 # Handoff events
  sleepEvs: 0 # Sleep events
  idlePhases: 0 # Phases with no thread active
  idlePeriods: 0 # Periods with no thread active
  occHist: # Occupancy histogram
   0: 0
   1: 6318
  rqSzHist: # Run queue size histogram
   0: 6318
   1: 0
   2: 0
   3: 0
   4: 0
   5: 0
   6: 0
   7: 0
   8: 0
   9: 0
   10: 0
   11: 0
   12: 0
   13: 0
   14: 0
   15: 0
   16: 0
 procCycles: # Per-process unhalted core cycles
  0: 63180709
  1: 0
  2: 0
  3: 0
  4: 0
  5: 0
  6: 0
  7: 0
  8: 0
  9: 0
  10: 0
  11: 0
  12: 0
  13: 0
  14: 0
  15: 0
  16: 0
  17: 0
  18: 0
  19: 0
  20: 0
  21: 0
  22: 0
  23: 0
  24: 0
  25: 0
  26: 0
  27: 0
  28: 0
  29: 0
  30: 0
  31: 0
  32: 0
  33: 0
  34: 0
  35: 0
  36: 0
  37: 0
  38: 0
  39: 0
  40: 0
  41: 0
  42: 0
  43: 0
  44: 0
  45: 0
  46: 0
  47: 0
  48: 0
  49: 0
  50: 0
  51: 0
  52: 0
  53: 0
  54: 0
  55: 0
  56: 0
  57: 0
  58: 0
  59: 0
  60: 0
  61: 0
  62: 0
  63: 0
 procInstrs: # Per-process instructions
  0: 100003605
  1: 0
  2: 0
  3: 0
  4: 0
  5: 0
  6: 0
  7: 0
  8: 0
  9: 0
  10: 0
  11: 0
  12: 0
  13: 0
  14: 0
  15: 0
  16: 0
  17: 0
  18: 0
  19: 0
  20: 0
  21: 0
  22: 0
  23: 0
  24: 0
  25: 0
  26: 0
  27: 0
  28: 0
  29: 0
  30: 0
  31: 0
  32: 0
  33: 0
  34: 0
  35: 0
  36: 0
  37: 0
  38: 0
  39: 0
  40: 0
  41: 0
  42: 0
  43: 0
  44: 0
  45: 0
  46: 0
  47: 0
  48: 0
  49: 0
  50: 0
  51: 0
  52: 0
  53: 0
  54: 0
  55: 0
  56: 0
  57: 0
  58: 0
  59: 0
  60: 0
  61: 0
  62: 0
  63: 0
 heartbeats: # Per-process heartbeats
  0: 0
  1: 0
  2: 0
  3: 0
  4: 0
  5: 0
  6: 0
  7: 0
  8: 0
  9: 0
  10: 0
  11: 0
  12: 0
  13: 0
  14: 0
  15: 0
  16: 0
  17: 0
  18: 0
  19: 0
  20: 0
  21: 0
  22: 0
  23: 0
  24: 0
  25: 0
  26: 0
  27: 0
  28: 0
  29: 0
  30: 0
  31: 0
  32: 0
  33: 0
  34: 0
  35: 0
  36: 0
  37: 0
  38: 0
  39: 0
  40: 0
  41: 0
  42: 0
  43: 0
  44: 0
  45: 0
  46: 0
  47: 0
  48: 0
  49: 0
  50: 0
  51: 0
  52: 0
  53: 0
  54: 0
  55: 0
  56: 0
  57: 0
  58: 0
  59: 0
  60: 0
  61: 0
  62: 0
  63: 0
===
