# zsim stats
===
root: # Stats
 contention: # Contention simulation stats
  domain-0: # Domain stats
   time: 489138276 # Weave simulation time
 time: # Simulator time breakdown
  init: 193759965736
  bound: 19055271654
  weave: 3327996945
  ff: 0
 trigger: 20000 # Reason for this stats dump
 phase: 9162 # Simulated phases
 westmere: # Core stats
  westmere-0: # Core stats
   cycles: 91620124 # Simulated unhalted cycles
   cCycles: 7017114 # Cycles due to contention stalls
   instrs: 100006811 # Simulated instructions
   uops: 113807500 # Retired micro-ops
   bbls: 14846095 # Basic blocks
   approxInstrs: 596117 # Instrs with approx uop decoding
   mispredBranches: 789660 # Mispredicted branches
   condBranches: 12875093 # conditional branches
 l1i: # Cache stats
  l1i-0: # Filter cache stats
   fhGETS: 19606609 # Filtered GETS hits
   fhGETX: 0 # Filtered GETX hits
   hGETS: 195 # GETS hits
   hGETX: 0 # GETX hits
   mGETS: 847 # GETS misses
   mGETXIM: 0 # GETX I->M misses
   mGETXSM: 0 # GETX S->M misses (upgrade misses)
   PUTS: 0 # Clean evictions (from lower level)
   PUTX: 0 # Dirty evictions (from lower level)
   INV: 817 # Invalidates (from upper level)
   INVX: 0 # Downgrades (from upper level)
   FWD: 0 # Forwards (from upper level)
   latGETnl: 105028 # GET request latency on next level
   latGETnet: 0 # GET request latency on network to next level
 l1d: # Cache stats
  l1d-0: # Filter cache stats
   fhGETS: 25386412 # Filtered GETS hits
   fhGETX: 11429196 # Filtered GETX hits
   hGETS: 974819 # GETS hits
   hGETX: 1635458 # GETX hits
   mGETS: 1935427 # GETS misses
   mGETXIM: 1093140 # GETX I->M misses
   mGETXSM: 0 # GETX S->M misses (upgrade misses)
   PUTS: 0 # Clean evictions (from lower level)
   PUTX: 0 # Dirty evictions (from lower level)
   INV: 2977 # Invalidates (from upper level)
   INVX: 0 # Downgrades (from upper level)
   FWD: 0 # Forwards (from upper level)
   latGETnl: 102117940 # GET request latency on next level
   latGETnet: 0 # GET request latency on network to next level
 l2: # Cache stats
  l2-0: # Cache stats
   hGETS: 946745 # GETS hits
   hGETX: 121257 # GETX hits
   mGETS: 989529 # GETS misses
   mGETXIM: 971883 # GETX I->M misses
   mGETXSM: 0 # GETX S->M misses (upgrade misses)
   PUTS: 941188 # Clean evictions (from lower level)
   PUTX: 2083890 # Dirty evictions (from lower level)
   INV: 10753 # Invalidates (from upper level)
   INVX: 0 # Downgrades (from upper level)
   FWD: 0 # Forwards (from upper level)
   latGETnl: 71928828 # GET request latency on next level
   latGETnet: 0 # GET request latency on network to next level
 l3: # Cache stats
  l3-0: # Cache stats
   hGETS: 895977 # GETS hits
   hGETX: 789269 # GETX hits
   mGETS: 93552 # GETS misses
   mGETXIM: 182614 # GETX I->M misses
   mGETXSM: 0 # GETX S->M misses (upgrade misses)
   PUTS: 573645 # Clean evictions (from lower level)
   PUTX: 1372918 # Dirty evictions (from lower level)
   INV: 0 # Invalidates (from upper level)
   INVX: 0 # Downgrades (from upper level)
   FWD: 0 # Forwards (from upper level)
   latGETnl: 24854940 # GET request latency on next level
   latGETnet: 0 # GET request latency on network to next level
 mem: # Memory controller stats
  mem-0: # Memory controller stats
   rd: 68934 # Read requests
   wr: 51024 # Write requests
   rdlat: 9405075 # Total latency experienced by read requests
   wrlat: 7609213 # Total latency experienced by write requests
   rdhits: 1504 # Read row hits
   wrhits: 572 # Write row hits
   mlh: # latency histogram for memory requests
    0: 0
    1: 0
    2: 0
    3: 0
    4: 0
    5: 0
    6: 0
    7: 0
    8: 0
    9: 0
    10: 0
    11: 177
    12: 236
    13: 61878
    14: 2518
    15: 1101
    16: 715
    17: 248
    18: 246
    19: 290
    20: 340
    21: 201
    22: 64
    23: 68
    24: 74
    25: 40
    26: 35
    27: 25
    28: 27
    29: 39
    30: 55
    31: 24
    32: 46
    33: 46
    34: 45
    35: 50
    36: 38
    37: 49
    38: 52
    39: 37
    40: 38
    41: 38
    42: 45
    43: 21
    44: 5
    45: 10
    46: 5
    47: 2
    48: 4
    49: 0
    50: 1
    51: 0
    52: 1
    53: 0
    54: 0
    55: 0
    56: 0
    57: 0
    58: 0
    59: 0
    60: 0
    61: 0
    62: 0
    63: 0
    64: 0
    65: 0
    66: 0
    67: 0
    68: 0
    69: 0
    70: 0
    71: 0
    72: 0
    73: 0
    74: 0
    75: 0
    76: 0
    77: 0
    78: 0
    79: 0
    80: 0
    81: 0
    82: 0
    83: 0
    84: 0
    85: 0
    86: 0
    87: 0
    88: 0
    89: 0
    90: 0
    91: 0
    92: 0
    93: 0
    94: 0
    95: 0
    96: 0
    97: 0
    98: 0
    99: 0
  mem-1: # Memory controller stats
   rd: 68908 # Read requests
   wr: 51324 # Write requests
   rdlat: 9416476 # Total latency experienced by read requests
   wrlat: 7670882 # Total latency experienced by write requests
   rdhits: 1625 # Read row hits
   wrhits: 588 # Write row hits
   mlh: # latency histogram for memory requests
    0: 0
    1: 0
    2: 0
    3: 0
    4: 0
    5: 0
    6: 0
    7: 0
    8: 0
    9: 1
    10: 0
    11: 163
    12: 247
    13: 61670
    14: 2505
    15: 1255
    16: 720
    17: 287
    18: 254
    19: 288
    20: 314
    21: 195
    22: 66
    23: 79
    24: 70
    25: 63
    26: 30
    27: 26
    28: 27
    29: 42
    30: 34
    31: 42
    32: 41
    33: 36
    34: 45
    35: 43
    36: 42
    37: 44
    38: 43
    39: 49
    40: 39
    41: 42
    42: 46
    43: 21
    44: 9
    45: 5
    46: 8
    47: 4
    48: 3
    49: 2
    50: 1
    51: 1
    52: 3
    53: 0
    54: 3
    55: 0
    56: 0
    57: 0
    58: 0
    59: 0
    60: 0
    61: 0
    62: 0
    63: 0
    64: 0
    65: 0
    66: 0
    67: 0
    68: 0
    69: 0
    70: 0
    71: 0
    72: 0
    73: 0
    74: 0
    75: 0
    76: 0
    77: 0
    78: 0
    79: 0
    80: 0
    81: 0
    82: 0
    83: 0
    84: 0
    85: 0
    86: 0
    87: 0
    88: 0
    89: 0
    90: 0
    91: 0
    92: 0
    93: 0
    94: 0
    95: 0
    96: 0
    97: 0
    98: 0
    99: 0
  mem-2: # Memory controller stats
   rd: 69372 # Read requests
   wr: 51563 # Write requests
   rdlat: 9482252 # Total latency experienced by read requests
   wrlat: 7720839 # Total latency experienced by write requests
   rdhits: 1829 # Read row hits
   wrhits: 603 # Write row hits
   mlh: # latency histogram for memory requests
    0: 0
    1: 0
    2: 0
    3: 0
    4: 0
    5: 0
    6: 0
    7: 0
    8: 0
    9: 0
    10: 0
    11: 172
    12: 283
    13: 61855
    14: 2535
    15: 1267
    16: 734
    17: 324
    18: 277
    19: 335
    20: 330
    21: 260
    22: 84
    23: 81
    24: 66
    25: 48
    26: 28
    27: 34
    28: 29
    29: 32
    30: 34
    31: 40
    32: 31
    33: 45
    34: 40
    35: 38
    36: 31
    37: 56
    38: 53
    39: 49
    40: 44
    41: 35
    42: 44
    43: 14
    44: 11
    45: 8
    46: 16
    47: 6
    48: 2
    49: 0
    50: 0
    51: 1
    52: 0
    53: 0
    54: 0
    55: 0
    56: 0
    57: 0
    58: 0
    59: 0
    60: 0
    61: 0
    62: 0
    63: 0
    64: 0
    65: 0
    66: 0
    67: 0
    68: 0
    69: 0
    70: 0
    71: 0
    72: 0
    73: 0
    74: 0
    75: 0
    76: 0
    77: 0
    78: 0
    79: 0
    80: 0
    81: 0
    82: 0
    83: 0
    84: 0
    85: 0
    86: 0
    87: 0
    88: 0
    89: 0
    90: 0
    91: 0
    92: 0
    93: 0
    94: 0
    95: 0
    96: 0
    97: 0
    98: 0
    99: 0
  mem-3: # Memory controller stats
   rd: 68952 # Read requests
   wr: 51408 # Write requests
   rdlat: 9406631 # Total latency experienced by read requests
   wrlat: 7634960 # Total latency experienced by write requests
   rdhits: 1604 # Read row hits
   wrhits: 481 # Write row hits
   mlh: # latency histogram for memory requests
    0: 0
    1: 0
    2: 0
    3: 0
    4: 0
    5: 0
    6: 0
    7: 0
    8: 0
    9: 0
    10: 0
    11: 196
    12: 248
    13: 61755
    14: 2541
    15: 1275
    16: 771
    17: 254
    18: 257
    19: 286
    20: 236
    21: 204
    22: 46
    23: 55
    24: 56
    25: 49
    26: 28
    27: 23
    28: 32
    29: 37
    30: 51
    31: 37
    32: 34
    33: 45
    34: 37
    35: 39
    36: 42
    37: 54
    38: 42
    39: 45
    40: 42
    41: 35
    42: 49
    43: 21
    44: 16
    45: 6
    46: 4
    47: 3
    48: 0
    49: 0
    50: 0
    51: 1
    52: 0
    53: 0
    54: 0
    55: 0
    56: 0
    57: 0
    58: 0
    59: 0
    60: 0
    61: 0
    62: 0
    63: 0
    64: 0
    65: 0
    66: 0
    67: 0
    68: 0
    69: 0
    70: 0
    71: 0
    72: 0
    73: 0
    74: 0
    75: 0
    76: 0
    77: 0
    78: 0
    79: 0
    80: 0
    81: 0
    82: 0
    83: 0
    84: 0
    85: 0
    86: 0
    87: 0
    88: 0
    89: 0
    90: 0
    91: 0
    92: 0
    93: 0
    94: 0
    95: 0
    96: 0
    97: 0
    98: 0
    99: 0
 sched: # Scheduler stats
  thCr: 1 # Threads created
  thFn: 1 # Threads finished
  schedEvs: 1 # Schedule events
  waitEvs: 0 # Wait events
  handoffEvs: 0 # Handoff events
  sleepEvs: 0 # Sleep events
  idlePhases: 0 # Phases with no thread active
  idlePeriods: 0 # Periods with no thread active
  occHist: # Occupancy histogram
   0: 0
   1: 9162
  rqSzHist: # Run queue size histogram
   0: 9162
   1: 0
   2: 0
   3: 0
   4: 0
   5: 0
   6: 0
   7: 0
   8: 0
   9: 0
   10: 0
   11: 0
   12: 0
   13: 0
   14: 0
   15: 0
   16: 0
 procCycles: # Per-process unhalted core cycles
  0: 91620124
  1: 0
  2: 0
  3: 0
  4: 0
  5: 0
  6: 0
  7: 0
  8: 0
  9: 0
  10: 0
  11: 0
  12: 0
  13: 0
  14: 0
  15: 0
  16: 0
  17: 0
  18: 0
  19: 0
  20: 0
  21: 0
  22: 0
  23: 0
  24: 0
  25: 0
  26: 0
  27: 0
  28: 0
  29: 0
  30: 0
  31: 0
  32: 0
  33: 0
  34: 0
  35: 0
  36: 0
  37: 0
  38: 0
  39: 0
  40: 0
  41: 0
  42: 0
  43: 0
  44: 0
  45: 0
  46: 0
  47: 0
  48: 0
  49: 0
  50: 0
  51: 0
  52: 0
  53: 0
  54: 0
  55: 0
  56: 0
  57: 0
  58: 0
  59: 0
  60: 0
  61: 0
  62: 0
  63: 0
 procInstrs: # Per-process instructions
  0: 100006811
  1: 0
  2: 0
  3: 0
  4: 0
  5: 0
  6: 0
  7: 0
  8: 0
  9: 0
  10: 0
  11: 0
  12: 0
  13: 0
  14: 0
  15: 0
  16: 0
  17: 0
  18: 0
  19: 0
  20: 0
  21: 0
  22: 0
  23: 0
  24: 0
  25: 0
  26: 0
  27: 0
  28: 0
  29: 0
  30: 0
  31: 0
  32: 0
  33: 0
  34: 0
  35: 0
  36: 0
  37: 0
  38: 0
  39: 0
  40: 0
  41: 0
  42: 0
  43: 0
  44: 0
  45: 0
  46: 0
  47: 0
  48: 0
  49: 0
  50: 0
  51: 0
  52: 0
  53: 0
  54: 0
  55: 0
  56: 0
  57: 0
  58: 0
  59: 0
  60: 0
  61: 0
  62: 0
  63: 0
 heartbeats: # Per-process heartbeats
  0: 0
  1: 0
  2: 0
  3: 0
  4: 0
  5: 0
  6: 0
  7: 0
  8: 0
  9: 0
  10: 0
  11: 0
  12: 0
  13: 0
  14: 0
  15: 0
  16: 0
  17: 0
  18: 0
  19: 0
  20: 0
  21: 0
  22: 0
  23: 0
  24: 0
  25: 0
  26: 0
  27: 0
  28: 0
  29: 0
  30: 0
  31: 0
  32: 0
  33: 0
  34: 0
  35: 0
  36: 0
  37: 0
  38: 0
  39: 0
  40: 0
  41: 0
  42: 0
  43: 0
  44: 0
  45: 0
  46: 0
  47: 0
  48: 0
  49: 0
  50: 0
  51: 0
  52: 0
  53: 0
  54: 0
  55: 0
  56: 0
  57: 0
  58: 0
  59: 0
  60: 0
  61: 0
  62: 0
  63: 0
===
