# zsim stats
===
root: # Stats
 contention: # Contention simulation stats
  domain-0: # Domain stats
   time: 4396615205 # Weave simulation time
 time: # Simulator time breakdown
  init: 677624932072
  bound: 11759060443
  weave: 5453911675
  ff: 0
 trigger: 20000 # Reason for this stats dump
 phase: 17146 # Simulated phases
 westmere: # Core stats
  westmere-0: # Core stats
   cycles: 171461779 # Simulated unhalted cycles
   cCycles: 45144607 # Cycles due to contention stalls
   instrs: 100004001 # Simulated instructions
   uops: 117230429 # Retired micro-ops
   bbls: 8769422 # Basic blocks
   approxInstrs: 737961 # Instrs with approx uop decoding
   mispredBranches: 70864 # Mispredicted branches
   condBranches: 8610907 # conditional branches
 l1i: # Cache stats
  l1i-0: # Filter cache stats
   fhGETS: 11618300 # Filtered GETS hits
   fhGETX: 0 # Filtered GETX hits
   hGETS: 487 # GETS hits
   hGETX: 0 # GETX hits
   mGETS: 1003 # GETS misses
   mGETXIM: 0 # GETX I->M misses
   mGETXSM: 0 # GETX S->M misses (upgrade misses)
   PUTS: 0 # Clean evictions (from lower level)
   PUTX: 0 # Dirty evictions (from lower level)
   INV: 0 # Invalidates (from upper level)
   INVX: 0 # Downgrades (from upper level)
   FWD: 0 # Forwards (from upper level)
   latGETnl: 121456 # GET request latency on next level
   latGETnet: 0 # GET request latency on network to next level
 l1d: # Cache stats
  l1d-0: # Filter cache stats
   fhGETS: 19304852 # Filtered GETS hits
   fhGETX: 5387873 # Filtered GETX hits
   hGETS: 11529422 # GETS hits
   hGETX: 4680729 # GETX hits
   mGETS: 2457733 # GETS misses
   mGETXIM: 890456 # GETX I->M misses
   mGETXSM: 0 # GETX S->M misses (upgrade misses)
   PUTS: 0 # Clean evictions (from lower level)
   PUTX: 0 # Dirty evictions (from lower level)
   INV: 0 # Invalidates (from upper level)
   INVX: 0 # Downgrades (from upper level)
   FWD: 0 # Forwards (from upper level)
   latGETnl: 310907124 # GET request latency on next level
   latGETnet: 0 # GET request latency on network to next level
 l2: # Cache stats
  l2-0: # Cache stats
   hGETS: 517967 # GETS hits
   hGETX: 211270 # GETX hits
   mGETS: 1940769 # GETS misses
   mGETXIM: 679186 # GETX I->M misses
   mGETXSM: 0 # GETX S->M misses (upgrade misses)
   PUTS: 2167606 # Clean evictions (from lower level)
   PUTX: 1180564 # Dirty evictions (from lower level)
   INV: 0 # Invalidates (from upper level)
   INVX: 0 # Downgrades (from upper level)
   FWD: 0 # Forwards (from upper level)
   latGETnl: 277536660 # GET request latency on next level
   latGETnet: 0 # GET request latency on network to next level
 l3: # Cache stats
  l3-0: # Cache stats
   hGETS: 193619 # GETS hits
   hGETX: 41250 # GETX hits
   mGETS: 1747150 # GETS misses
   mGETXIM: 637936 # GETX I->M misses
   mGETXSM: 0 # GETX S->M misses (upgrade misses)
   PUTS: 1710617 # Clean evictions (from lower level)
   PUTX: 905242 # Dirty evictions (from lower level)
   INV: 0 # Invalidates (from upper level)
   INVX: 0 # Downgrades (from upper level)
   FWD: 0 # Forwards (from upper level)
   latGETnl: 214657740 # GET request latency on next level
   latGETnet: 0 # GET request latency on network to next level
 mem: # Memory controller stats
  mem-0: # Memory controller stats
   rd: 596250 # Read requests
   wr: 209812 # Write requests
   rdlat: 87900164 # Total latency experienced by read requests
   wrlat: 33116398 # Total latency experienced by write requests
   rdhits: 264 # Read row hits
   wrhits: 764 # Write row hits
   mlh: # latency histogram for memory requests
    0: 0
    1: 0
    2: 0
    3: 0
    4: 0
    5: 0
    6: 0
    7: 0
    8: 0
    9: 0
    10: 0
    11: 2
    12: 1
    13: 370968
    14: 89165
    15: 56496
    16: 7221
    17: 20155
    18: 11709
    19: 5891
    20: 629
    21: 400
    22: 823
    23: 3953
    24: 12725
    25: 4672
    26: 2639
    27: 881
    28: 286
    29: 394
    30: 359
    31: 352
    32: 356
    33: 379
    34: 459
    35: 1549
    36: 495
    37: 338
    38: 347
    39: 331
    40: 353
    41: 344
    42: 398
    43: 250
    44: 136
    45: 75
    46: 61
    47: 97
    48: 158
    49: 92
    50: 71
    51: 67
    52: 39
    53: 28
    54: 23
    55: 16
    56: 5
    57: 3
    58: 8
    59: 25
    60: 9
    61: 8
    62: 0
    63: 4
    64: 4
    65: 0
    66: 0
    67: 0
    68: 0
    69: 0
    70: 0
    71: 1
    72: 0
    73: 0
    74: 0
    75: 0
    76: 0
    77: 0
    78: 0
    79: 0
    80: 0
    81: 0
    82: 0
    83: 0
    84: 0
    85: 0
    86: 0
    87: 0
    88: 0
    89: 0
    90: 0
    91: 0
    92: 0
    93: 0
    94: 0
    95: 0
    96: 0
    97: 0
    98: 0
    99: 0
  mem-1: # Memory controller stats
   rd: 596389 # Read requests
   wr: 209828 # Write requests
   rdlat: 87931416 # Total latency experienced by read requests
   wrlat: 33137473 # Total latency experienced by write requests
   rdhits: 274 # Read row hits
   wrhits: 844 # Write row hits
   mlh: # latency histogram for memory requests
    0: 0
    1: 0
    2: 0
    3: 0
    4: 0
    5: 0
    6: 0
    7: 0
    8: 0
    9: 0
    10: 0
    11: 7
    12: 1
    13: 370789
    14: 89114
    15: 56626
    16: 7344
    17: 20163
    18: 11674
    19: 5889
    20: 617
    21: 418
    22: 881
    23: 3929
    24: 12814
    25: 4672
    26: 2674
    27: 889
    28: 294
    29: 429
    30: 385
    31: 343
    32: 330
    33: 358
    34: 429
    35: 1575
    36: 496
    37: 336
    38: 305
    39: 352
    40: 344
    41: 348
    42: 401
    43: 258
    44: 124
    45: 81
    46: 46
    47: 103
    48: 169
    49: 90
    50: 77
    51: 44
    52: 37
    53: 37
    54: 28
    55: 17
    56: 5
    57: 5
    58: 6
    59: 18
    60: 4
    61: 4
    62: 1
    63: 2
    64: 3
    65: 2
    66: 0
    67: 0
    68: 0
    69: 0
    70: 0
    71: 1
    72: 1
    73: 0
    74: 0
    75: 0
    76: 0
    77: 0
    78: 0
    79: 0
    80: 0
    81: 0
    82: 0
    83: 0
    84: 0
    85: 0
    86: 0
    87: 0
    88: 0
    89: 0
    90: 0
    91: 0
    92: 0
    93: 0
    94: 0
    95: 0
    96: 0
    97: 0
    98: 0
    99: 0
  mem-2: # Memory controller stats
   rd: 596170 # Read requests
   wr: 209768 # Write requests
   rdlat: 87851078 # Total latency experienced by read requests
   wrlat: 33053529 # Total latency experienced by write requests
   rdhits: 263 # Read row hits
   wrhits: 809 # Write row hits
   mlh: # latency histogram for memory requests
    0: 0
    1: 0
    2: 0
    3: 0
    4: 0
    5: 0
    6: 0
    7: 0
    8: 0
    9: 0
    10: 0
    11: 4
    12: 0
    13: 371087
    14: 89360
    15: 56336
    16: 7157
    17: 20069
    18: 11772
    19: 5846
    20: 641
    21: 420
    22: 774
    23: 4060
    24: 12597
    25: 4681
    26: 2715
    27: 887
    28: 300
    29: 435
    30: 350
    31: 361
    32: 305
    33: 338
    34: 441
    35: 1557
    36: 506
    37: 310
    38: 350
    39: 328
    40: 311
    41: 326
    42: 356
    43: 239
    44: 143
    45: 88
    46: 46
    47: 104
    48: 181
    49: 85
    50: 59
    51: 62
    52: 39
    53: 36
    54: 28
    55: 19
    56: 10
    57: 2
    58: 9
    59: 21
    60: 2
    61: 6
    62: 1
    63: 1
    64: 4
    65: 1
    66: 0
    67: 0
    68: 0
    69: 2
    70: 0
    71: 1
    72: 0
    73: 0
    74: 0
    75: 0
    76: 0
    77: 1
    78: 0
    79: 0
    80: 0
    81: 0
    82: 0
    83: 0
    84: 0
    85: 0
    86: 0
    87: 0
    88: 0
    89: 0
    90: 0
    91: 0
    92: 0
    93: 0
    94: 0
    95: 0
    96: 0
    97: 0
    98: 0
    99: 0
  mem-3: # Memory controller stats
   rd: 596246 # Read requests
   wr: 209790 # Write requests
   rdlat: 87900967 # Total latency experienced by read requests
   wrlat: 33096284 # Total latency experienced by write requests
   rdhits: 262 # Read row hits
   wrhits: 774 # Write row hits
   mlh: # latency histogram for memory requests
    0: 0
    1: 0
    2: 0
    3: 0
    4: 0
    5: 0
    6: 0
    7: 0
    8: 0
    9: 0
    10: 0
    11: 3
    12: 0
    13: 370874
    14: 89324
    15: 56556
    16: 7180
    17: 20132
    18: 11633
    19: 5843
    20: 564
    21: 404
    22: 885
    23: 3971
    24: 12775
    25: 4705
    26: 2608
    27: 927
    28: 289
    29: 446
    30: 336
    31: 306
    32: 314
    33: 376
    34: 487
    35: 1530
    36: 520
    37: 352
    38: 342
    39: 357
    40: 311
    41: 324
    42: 357
    43: 222
    44: 113
    45: 82
    46: 59
    47: 120
    48: 185
    49: 115
    50: 88
    51: 63
    52: 42
    53: 31
    54: 18
    55: 13
    56: 6
    57: 3
    58: 16
    59: 12
    60: 6
    61: 6
    62: 3
    63: 1
    64: 2
    65: 0
    66: 0
    67: 0
    68: 0
    69: 5
    70: 1
    71: 1
    72: 1
    73: 0
    74: 0
    75: 0
    76: 0
    77: 0
    78: 0
    79: 0
    80: 0
    81: 1
    82: 0
    83: 0
    84: 0
    85: 0
    86: 0
    87: 0
    88: 0
    89: 0
    90: 0
    91: 0
    92: 0
    93: 0
    94: 0
    95: 0
    96: 0
    97: 0
    98: 0
    99: 0
 sched: # Scheduler stats
  thCr: 1 # Threads created
  thFn: 1 # Threads finished
  schedEvs: 1 # Schedule events
  waitEvs: 0 # Wait events
  handoffEvs: 0 # Handoff events
  sleepEvs: 0 # Sleep events
  idlePhases: 0 # Phases with no thread active
  idlePeriods: 0 # Periods with no thread active
  occHist: # Occupancy histogram
   0: 0
   1: 17146
  rqSzHist: # Run queue size histogram
   0: 17146
   1: 0
   2: 0
   3: 0
   4: 0
   5: 0
   6: 0
   7: 0
   8: 0
   9: 0
   10: 0
   11: 0
   12: 0
   13: 0
   14: 0
   15: 0
   16: 0
 procCycles: # Per-process unhalted core cycles
  0: 171461779
  1: 0
  2: 0
  3: 0
  4: 0
  5: 0
  6: 0
  7: 0
  8: 0
  9: 0
  10: 0
  11: 0
  12: 0
  13: 0
  14: 0
  15: 0
  16: 0
  17: 0
  18: 0
  19: 0
  20: 0
  21: 0
  22: 0
  23: 0
  24: 0
  25: 0
  26: 0
  27: 0
  28: 0
  29: 0
  30: 0
  31: 0
  32: 0
  33: 0
  34: 0
  35: 0
  36: 0
  37: 0
  38: 0
  39: 0
  40: 0
  41: 0
  42: 0
  43: 0
  44: 0
  45: 0
  46: 0
  47: 0
  48: 0
  49: 0
  50: 0
  51: 0
  52: 0
  53: 0
  54: 0
  55: 0
  56: 0
  57: 0
  58: 0
  59: 0
  60: 0
  61: 0
  62: 0
  63: 0
 procInstrs: # Per-process instructions
  0: 100004001
  1: 0
  2: 0
  3: 0
  4: 0
  5: 0
  6: 0
  7: 0
  8: 0
  9: 0
  10: 0
  11: 0
  12: 0
  13: 0
  14: 0
  15: 0
  16: 0
  17: 0
  18: 0
  19: 0
  20: 0
  21: 0
  22: 0
  23: 0
  24: 0
  25: 0
  26: 0
  27: 0
  28: 0
  29: 0
  30: 0
  31: 0
  32: 0
  33: 0
  34: 0
  35: 0
  36: 0
  37: 0
  38: 0
  39: 0
  40: 0
  41: 0
  42: 0
  43: 0
  44: 0
  45: 0
  46: 0
  47: 0
  48: 0
  49: 0
  50: 0
  51: 0
  52: 0
  53: 0
  54: 0
  55: 0
  56: 0
  57: 0
  58: 0
  59: 0
  60: 0
  61: 0
  62: 0
  63: 0
 heartbeats: # Per-process heartbeats
  0: 0
  1: 0
  2: 0
  3: 0
  4: 0
  5: 0
  6: 0
  7: 0
  8: 0
  9: 0
  10: 0
  11: 0
  12: 0
  13: 0
  14: 0
  15: 0
  16: 0
  17: 0
  18: 0
  19: 0
  20: 0
  21: 0
  22: 0
  23: 0
  24: 0
  25: 0
  26: 0
  27: 0
  28: 0
  29: 0
  30: 0
  31: 0
  32: 0
  33: 0
  34: 0
  35: 0
  36: 0
  37: 0
  38: 0
  39: 0
  40: 0
  41: 0
  42: 0
  43: 0
  44: 0
  45: 0
  46: 0
  47: 0
  48: 0
  49: 0
  50: 0
  51: 0
  52: 0
  53: 0
  54: 0
  55: 0
  56: 0
  57: 0
  58: 0
  59: 0
  60: 0
  61: 0
  62: 0
  63: 0
===
