# zsim stats
===
root: # Stats
 contention: # Contention simulation stats
  domain-0: # Domain stats
   time: 5920543723 # Weave simulation time
 time: # Simulator time breakdown
  init: 716560411854
  bound: 11853278309
  weave: 6891541963
  ff: 0
 trigger: 20000 # Reason for this stats dump
 phase: 14698 # Simulated phases
 westmere: # Core stats
  westmere-0: # Core stats
   cycles: 146982592 # Simulated unhalted cycles
   cCycles: 26915857 # Cycles due to contention stalls
   instrs: 100002429 # Simulated instructions
   uops: 114165086 # Retired micro-ops
   bbls: 2330429 # Basic blocks
   approxInstrs: 553238 # Instrs with approx uop decoding
   mispredBranches: 3146 # Mispredicted branches
   condBranches: 916735 # conditional branches
 l1i: # Cache stats
  l1i-0: # Filter cache stats
   fhGETS: 9225767 # Filtered GETS hits
   fhGETX: 0 # Filtered GETX hits
   hGETS: 6 # GETS hits
   hGETX: 0 # GETX hits
   mGETS: 120 # GETS misses
   mGETXIM: 0 # GETX I->M misses
   mGETXSM: 0 # GETX S->M misses (upgrade misses)
   PUTS: 0 # Clean evictions (from lower level)
   PUTX: 0 # Dirty evictions (from lower level)
   INV: 0 # Invalidates (from upper level)
   INVX: 0 # Downgrades (from upper level)
   FWD: 0 # Forwards (from upper level)
   latGETnl: 14880 # GET request latency on next level
   latGETnet: 0 # GET request latency on network to next level
 l1d: # Cache stats
  l1d-0: # Filter cache stats
   fhGETS: 18012707 # Filtered GETS hits
   fhGETX: 5400151 # Filtered GETX hits
   hGETS: 969545 # GETS hits
   hGETX: 756693 # GETX hits
   mGETS: 788716 # GETS misses
   mGETXIM: 4306031 # GETX I->M misses
   mGETXSM: 0 # GETX S->M misses (upgrade misses)
   PUTS: 0 # Clean evictions (from lower level)
   PUTX: 0 # Dirty evictions (from lower level)
   INV: 0 # Invalidates (from upper level)
   INVX: 0 # Downgrades (from upper level)
   FWD: 0 # Forwards (from upper level)
   latGETnl: 403906806 # GET request latency on next level
   latGETnet: 0 # GET request latency on network to next level
 l2: # Cache stats
  l2-0: # Cache stats
   hGETS: 96 # GETS hits
   hGETX: 1998447 # GETX hits
   mGETS: 788740 # GETS misses
   mGETXIM: 2307584 # GETX I->M misses
   mGETXSM: 0 # GETX S->M misses (upgrade misses)
   PUTS: 788200 # Clean evictions (from lower level)
   PUTX: 4306035 # Dirty evictions (from lower level)
   INV: 0 # Invalidates (from upper level)
   INVX: 0 # Downgrades (from upper level)
   FWD: 0 # Forwards (from upper level)
   latGETnl: 352973016 # GET request latency on next level
   latGETnet: 0 # GET request latency on network to next level
 l3: # Cache stats
  l3-0: # Cache stats
   hGETS: 50 # GETS hits
   hGETX: 38 # GETX hits
   mGETS: 788690 # GETS misses
   mGETXIM: 2307546 # GETX I->M misses
   mGETXSM: 0 # GETX S->M misses (upgrade misses)
   PUTS: 784640 # Clean evictions (from lower level)
   PUTX: 2307588 # Dirty evictions (from lower level)
   INV: 0 # Invalidates (from upper level)
   INVX: 0 # Downgrades (from upper level)
   FWD: 0 # Forwards (from upper level)
   latGETnl: 278661240 # GET request latency on next level
   latGETnet: 0 # GET request latency on network to next level
 mem: # Memory controller stats
  mem-0: # Memory controller stats
   rd: 774052 # Read requests
   wr: 574666 # Write requests
   rdlat: 110487268 # Total latency experienced by read requests
   wrlat: 101612343 # Total latency experienced by write requests
   rdhits: 64 # Read row hits
   wrhits: 12312 # Write row hits
   mlh: # latency histogram for memory requests
    0: 0
    1: 0
    2: 0
    3: 0
    4: 0
    5: 0
    6: 0
    7: 0
    8: 0
    9: 0
    10: 0
    11: 0
    12: 0
    13: 451637
    14: 155780
    15: 108477
    16: 6502
    17: 30830
    18: 1144
    19: 1713
    20: 2559
    21: 3662
    22: 2334
    23: 1763
    24: 906
    25: 591
    26: 415
    27: 545
    28: 518
    29: 365
    30: 341
    31: 329
    32: 330
    33: 343
    34: 315
    35: 262
    36: 215
    37: 178
    38: 186
    39: 383
    40: 263
    41: 248
    42: 267
    43: 132
    44: 100
    45: 39
    46: 85
    47: 61
    48: 126
    49: 41
    50: 15
    51: 10
    52: 13
    53: 9
    54: 10
    55: 2
    56: 1
    57: 1
    58: 1
    59: 1
    60: 2
    61: 1
    62: 1
    63: 0
    64: 0
    65: 0
    66: 0
    67: 0
    68: 0
    69: 0
    70: 0
    71: 0
    72: 0
    73: 0
    74: 0
    75: 0
    76: 0
    77: 0
    78: 0
    79: 0
    80: 0
    81: 0
    82: 0
    83: 0
    84: 0
    85: 0
    86: 0
    87: 0
    88: 0
    89: 0
    90: 0
    91: 0
    92: 0
    93: 0
    94: 0
    95: 0
    96: 0
    97: 0
    98: 0
    99: 0
  mem-1: # Memory controller stats
   rd: 774043 # Read requests
   wr: 574661 # Write requests
   rdlat: 110447972 # Total latency experienced by read requests
   wrlat: 100825081 # Total latency experienced by write requests
   rdhits: 76 # Read row hits
   wrhits: 13537 # Write row hits
   mlh: # latency histogram for memory requests
    0: 0
    1: 0
    2: 0
    3: 0
    4: 0
    5: 0
    6: 0
    7: 0
    8: 0
    9: 0
    10: 0
    11: 0
    12: 0
    13: 451722
    14: 156413
    15: 107206
    16: 8559
    17: 31318
    18: 876
    19: 1560
    20: 2055
    21: 3063
    22: 1946
    23: 1544
    24: 821
    25: 716
    26: 381
    27: 534
    28: 409
    29: 385
    30: 338
    31: 342
    32: 365
    33: 366
    34: 321
    35: 263
    36: 216
    37: 206
    38: 182
    39: 373
    40: 243
    41: 305
    42: 267
    43: 154
    44: 87
    45: 44
    46: 82
    47: 65
    48: 163
    49: 73
    50: 18
    51: 11
    52: 12
    53: 15
    54: 13
    55: 4
    56: 1
    57: 1
    58: 2
    59: 1
    60: 2
    61: 0
    62: 0
    63: 0
    64: 0
    65: 0
    66: 0
    67: 0
    68: 0
    69: 0
    70: 0
    71: 0
    72: 0
    73: 0
    74: 0
    75: 0
    76: 0
    77: 0
    78: 0
    79: 0
    80: 0
    81: 0
    82: 0
    83: 0
    84: 0
    85: 0
    86: 0
    87: 0
    88: 0
    89: 0
    90: 0
    91: 0
    92: 0
    93: 0
    94: 0
    95: 0
    96: 0
    97: 0
    98: 0
    99: 0
  mem-2: # Memory controller stats
   rd: 774037 # Read requests
   wr: 574645 # Write requests
   rdlat: 110529552 # Total latency experienced by read requests
   wrlat: 101608944 # Total latency experienced by write requests
   rdhits: 43 # Read row hits
   wrhits: 13250 # Write row hits
   mlh: # latency histogram for memory requests
    0: 0
    1: 0
    2: 0
    3: 0
    4: 0
    5: 0
    6: 0
    7: 0
    8: 0
    9: 0
    10: 0
    11: 0
    12: 0
    13: 451149
    14: 155616
    15: 109073
    16: 6898
    17: 30498
    18: 1122
    19: 1646
    20: 2469
    21: 3670
    22: 2303
    23: 1781
    24: 913
    25: 607
    26: 365
    27: 554
    28: 466
    29: 412
    30: 343
    31: 330
    32: 337
    33: 384
    34: 362
    35: 263
    36: 227
    37: 200
    38: 184
    39: 355
    40: 262
    41: 282
    42: 298
    43: 131
    44: 88
    45: 30
    46: 69
    47: 75
    48: 145
    49: 64
    50: 15
    51: 17
    52: 13
    53: 10
    54: 9
    55: 2
    56: 0
    57: 0
    58: 0
    59: 0
    60: 0
    61: 0
    62: 0
    63: 0
    64: 0
    65: 0
    66: 0
    67: 0
    68: 0
    69: 0
    70: 0
    71: 0
    72: 0
    73: 0
    74: 0
    75: 0
    76: 0
    77: 0
    78: 0
    79: 0
    80: 0
    81: 0
    82: 0
    83: 0
    84: 0
    85: 0
    86: 0
    87: 0
    88: 0
    89: 0
    90: 0
    91: 0
    92: 0
    93: 0
    94: 0
    95: 0
    96: 0
    97: 0
    98: 0
    99: 0
  mem-3: # Memory controller stats
   rd: 774039 # Read requests
   wr: 574678 # Write requests
   rdlat: 110446644 # Total latency experienced by read requests
   wrlat: 100908645 # Total latency experienced by write requests
   rdhits: 52 # Read row hits
   wrhits: 12981 # Write row hits
   mlh: # latency histogram for memory requests
    0: 0
    1: 0
    2: 0
    3: 0
    4: 0
    5: 0
    6: 0
    7: 0
    8: 0
    9: 0
    10: 1
    11: 1
    12: 2
    13: 451308
    14: 156098
    15: 107945
    16: 8549
    17: 31249
    18: 847
    19: 1574
    20: 2057
    21: 3052
    22: 1973
    23: 1605
    24: 884
    25: 675
    26: 408
    27: 515
    28: 470
    29: 387
    30: 347
    31: 349
    32: 341
    33: 358
    34: 354
    35: 256
    36: 213
    37: 185
    38: 171
    39: 350
    40: 212
    41: 284
    42: 280
    43: 157
    44: 96
    45: 65
    46: 74
    47: 73
    48: 146
    49: 64
    50: 20
    51: 10
    52: 10
    53: 10
    54: 8
    55: 0
    56: 4
    57: 2
    58: 0
    59: 0
    60: 0
    61: 0
    62: 0
    63: 0
    64: 0
    65: 0
    66: 0
    67: 0
    68: 0
    69: 0
    70: 0
    71: 0
    72: 0
    73: 0
    74: 0
    75: 0
    76: 0
    77: 0
    78: 0
    79: 0
    80: 0
    81: 0
    82: 0
    83: 0
    84: 0
    85: 0
    86: 0
    87: 0
    88: 0
    89: 0
    90: 0
    91: 0
    92: 0
    93: 0
    94: 0
    95: 0
    96: 0
    97: 0
    98: 0
    99: 0
 sched: # Scheduler stats
  thCr: 1 # Threads created
  thFn: 1 # Threads finished
  schedEvs: 1 # Schedule events
  waitEvs: 0 # Wait events
  handoffEvs: 0 # Handoff events
  sleepEvs: 0 # Sleep events
  idlePhases: 0 # Phases with no thread active
  idlePeriods: 0 # Periods with no thread active
  occHist: # Occupancy histogram
   0: 0
   1: 14698
  rqSzHist: # Run queue size histogram
   0: 14698
   1: 0
   2: 0
   3: 0
   4: 0
   5: 0
   6: 0
   7: 0
   8: 0
   9: 0
   10: 0
   11: 0
   12: 0
   13: 0
   14: 0
   15: 0
   16: 0
 procCycles: # Per-process unhalted core cycles
  0: 146982592
  1: 0
  2: 0
  3: 0
  4: 0
  5: 0
  6: 0
  7: 0
  8: 0
  9: 0
  10: 0
  11: 0
  12: 0
  13: 0
  14: 0
  15: 0
  16: 0
  17: 0
  18: 0
  19: 0
  20: 0
  21: 0
  22: 0
  23: 0
  24: 0
  25: 0
  26: 0
  27: 0
  28: 0
  29: 0
  30: 0
  31: 0
  32: 0
  33: 0
  34: 0
  35: 0
  36: 0
  37: 0
  38: 0
  39: 0
  40: 0
  41: 0
  42: 0
  43: 0
  44: 0
  45: 0
  46: 0
  47: 0
  48: 0
  49: 0
  50: 0
  51: 0
  52: 0
  53: 0
  54: 0
  55: 0
  56: 0
  57: 0
  58: 0
  59: 0
  60: 0
  61: 0
  62: 0
  63: 0
 procInstrs: # Per-process instructions
  0: 100002429
  1: 0
  2: 0
  3: 0
  4: 0
  5: 0
  6: 0
  7: 0
  8: 0
  9: 0
  10: 0
  11: 0
  12: 0
  13: 0
  14: 0
  15: 0
  16: 0
  17: 0
  18: 0
  19: 0
  20: 0
  21: 0
  22: 0
  23: 0
  24: 0
  25: 0
  26: 0
  27: 0
  28: 0
  29: 0
  30: 0
  31: 0
  32: 0
  33: 0
  34: 0
  35: 0
  36: 0
  37: 0
  38: 0
  39: 0
  40: 0
  41: 0
  42: 0
  43: 0
  44: 0
  45: 0
  46: 0
  47: 0
  48: 0
  49: 0
  50: 0
  51: 0
  52: 0
  53: 0
  54: 0
  55: 0
  56: 0
  57: 0
  58: 0
  59: 0
  60: 0
  61: 0
  62: 0
  63: 0
 heartbeats: # Per-process heartbeats
  0: 0
  1: 0
  2: 0
  3: 0
  4: 0
  5: 0
  6: 0
  7: 0
  8: 0
  9: 0
  10: 0
  11: 0
  12: 0
  13: 0
  14: 0
  15: 0
  16: 0
  17: 0
  18: 0
  19: 0
  20: 0
  21: 0
  22: 0
  23: 0
  24: 0
  25: 0
  26: 0
  27: 0
  28: 0
  29: 0
  30: 0
  31: 0
  32: 0
  33: 0
  34: 0
  35: 0
  36: 0
  37: 0
  38: 0
  39: 0
  40: 0
  41: 0
  42: 0
  43: 0
  44: 0
  45: 0
  46: 0
  47: 0
  48: 0
  49: 0
  50: 0
  51: 0
  52: 0
  53: 0
  54: 0
  55: 0
  56: 0
  57: 0
  58: 0
  59: 0
  60: 0
  61: 0
  62: 0
  63: 0
===
