# zsim stats
===
root: # Stats
 contention: # Contention simulation stats
  domain-0: # Domain stats
   time: 610288674 # Weave simulation time
 time: # Simulator time breakdown
  init: 61795510729557
  bound: 59012485623
  weave: 26497991128
  ff: 0
 trigger: 20000 # Reason for this stats dump
 phase: 5924 # Simulated phases
 westmere: # Core stats
  westmere-0: # Core stats
   cycles: 59240745 # Simulated unhalted cycles
   cCycles: 2483852 # Cycles due to contention stalls
   instrs: 100000208 # Simulated instructions
   uops: 109142477 # Retired micro-ops
   bbls: 33807136 # Basic blocks
   approxInstrs: 154900 # Instrs with approx uop decoding
   mispredBranches: 149816 # Mispredicted branches
   condBranches: 29234629 # conditional branches
 l1i: # Cache stats
  l1i-0: # Filter cache stats
   fhGETS: 32883388 # Filtered GETS hits
   fhGETX: 0 # Filtered GETX hits
   hGETS: 1527356 # GETS hits
   hGETX: 0 # GETX hits
   mGETS: 185944 # GETS misses
   mGETXIM: 0 # GETX I->M misses
   mGETXSM: 0 # GETX S->M misses (upgrade misses)
   PUTS: 0 # Clean evictions (from lower level)
   PUTX: 0 # Dirty evictions (from lower level)
   INV: 15 # Invalidates (from upper level)
   INVX: 0 # Downgrades (from upper level)
   FWD: 0 # Forwards (from upper level)
   latGETnl: 2356408 # GET request latency on next level
   latGETnet: 0 # GET request latency on network to next level
 l1d: # Cache stats
  l1d-0: # Filter cache stats
   fhGETS: 25795039 # Filtered GETS hits
   fhGETX: 5065626 # Filtered GETX hits
   hGETS: 2781394 # GETS hits
   hGETX: 738932 # GETX hits
   mGETS: 2488603 # GETS misses
   mGETXIM: 115010 # GETX I->M misses
   mGETXSM: 0 # GETX S->M misses (upgrade misses)
   PUTS: 0 # Clean evictions (from lower level)
   PUTX: 0 # Dirty evictions (from lower level)
   INV: 1 # Invalidates (from upper level)
   INVX: 0 # Downgrades (from upper level)
   FWD: 0 # Forwards (from upper level)
   latGETnl: 41759556 # GET request latency on next level
   latGETnet: 0 # GET request latency on network to next level
 l2: # Cache stats
  l2-0: # Cache stats
   hGETS: 2539917 # GETS hits
   hGETX: 23659 # GETX hits
   mGETS: 134630 # GETS misses
   mGETXIM: 91351 # GETX I->M misses
   mGETXSM: 0 # GETX S->M misses (upgrade misses)
   PUTS: 2549861 # Clean evictions (from lower level)
   PUTX: 238656 # Dirty evictions (from lower level)
   INV: 0 # Invalidates (from upper level)
   INVX: 0 # Downgrades (from upper level)
   FWD: 0 # Forwards (from upper level)
   latGETnl: 16220394 # GET request latency on next level
   latGETnet: 0 # GET request latency on network to next level
 l3: # Cache stats
  l3-0: # Cache stats
   hGETS: 68470 # GETS hits
   hGETX: 37546 # GETX hits
   mGETS: 66160 # GETS misses
   mGETXIM: 53805 # GETX I->M misses
   mGETXSM: 0 # GETX S->M misses (upgrade misses)
   PUTS: 60449 # Clean evictions (from lower level)
   PUTX: 161436 # Dirty evictions (from lower level)
   INV: 0 # Invalidates (from upper level)
   INVX: 0 # Downgrades (from upper level)
   FWD: 0 # Forwards (from upper level)
   latGETnl: 10796850 # GET request latency on next level
   latGETnet: 0 # GET request latency on network to next level
 mem: # Memory controller stats
  mem-0: # Memory controller stats
   rd: 29874 # Read requests
   wr: 16315 # Write requests
   rdlat: 4032577 # Total latency experienced by read requests
   wrlat: 2502943 # Total latency experienced by write requests
   rdhits: 22 # Read row hits
   wrhits: 36 # Write row hits
   mlh: # latency histogram for memory requests
    0: 0
    1: 0
    2: 0
    3: 0
    4: 0
    5: 0
    6: 0
    7: 0
    8: 0
    9: 0
    10: 0
    11: 1
    12: 6
    13: 28317
    14: 504
    15: 340
    16: 207
    17: 22
    18: 20
    19: 21
    20: 16
    21: 26
    22: 22
    23: 21
    24: 27
    25: 20
    26: 7
    27: 9
    28: 18
    29: 14
    30: 15
    31: 10
    32: 9
    33: 29
    34: 17
    35: 21
    36: 20
    37: 16
    38: 26
    39: 21
    40: 16
    41: 15
    42: 23
    43: 9
    44: 7
    45: 1
    46: 1
    47: 0
    48: 0
    49: 0
    50: 0
    51: 0
    52: 0
    53: 0
    54: 0
    55: 0
    56: 0
    57: 0
    58: 0
    59: 0
    60: 0
    61: 0
    62: 0
    63: 0
    64: 0
    65: 0
    66: 0
    67: 0
    68: 0
    69: 0
    70: 0
    71: 0
    72: 0
    73: 0
    74: 0
    75: 0
    76: 0
    77: 0
    78: 0
    79: 0
    80: 0
    81: 0
    82: 0
    83: 0
    84: 0
    85: 0
    86: 0
    87: 0
    88: 0
    89: 0
    90: 0
    91: 0
    92: 0
    93: 0
    94: 0
    95: 0
    96: 0
    97: 0
    98: 0
    99: 0
  mem-1: # Memory controller stats
   rd: 30109 # Read requests
   wr: 16436 # Write requests
   rdlat: 4058572 # Total latency experienced by read requests
   wrlat: 2518811 # Total latency experienced by write requests
   rdhits: 27 # Read row hits
   wrhits: 48 # Write row hits
   mlh: # latency histogram for memory requests
    0: 0
    1: 0
    2: 0
    3: 0
    4: 0
    5: 0
    6: 0
    7: 0
    8: 0
    9: 0
    10: 0
    11: 3
    12: 3
    13: 28577
    14: 506
    15: 346
    16: 193
    17: 20
    18: 9
    19: 25
    20: 27
    21: 26
    22: 14
    23: 22
    24: 23
    25: 20
    26: 11
    27: 13
    28: 17
    29: 20
    30: 10
    31: 18
    32: 13
    33: 13
    34: 20
    35: 19
    36: 13
    37: 25
    38: 17
    39: 17
    40: 23
    41: 18
    42: 21
    43: 3
    44: 2
    45: 0
    46: 0
    47: 1
    48: 0
    49: 1
    50: 0
    51: 0
    52: 0
    53: 0
    54: 0
    55: 0
    56: 0
    57: 0
    58: 0
    59: 0
    60: 0
    61: 0
    62: 0
    63: 0
    64: 0
    65: 0
    66: 0
    67: 0
    68: 0
    69: 0
    70: 0
    71: 0
    72: 0
    73: 0
    74: 0
    75: 0
    76: 0
    77: 0
    78: 0
    79: 0
    80: 0
    81: 0
    82: 0
    83: 0
    84: 0
    85: 0
    86: 0
    87: 0
    88: 0
    89: 0
    90: 0
    91: 0
    92: 0
    93: 0
    94: 0
    95: 0
    96: 0
    97: 0
    98: 0
    99: 0
  mem-2: # Memory controller stats
   rd: 30015 # Read requests
   wr: 16350 # Write requests
   rdlat: 4053789 # Total latency experienced by read requests
   wrlat: 2511175 # Total latency experienced by write requests
   rdhits: 28 # Read row hits
   wrhits: 31 # Write row hits
   mlh: # latency histogram for memory requests
    0: 0
    1: 0
    2: 0
    3: 0
    4: 0
    5: 0
    6: 0
    7: 0
    8: 0
    9: 0
    10: 0
    11: 3
    12: 9
    13: 28506
    14: 459
    15: 345
    16: 191
    17: 24
    18: 17
    19: 15
    20: 14
    21: 24
    22: 11
    23: 17
    24: 15
    25: 22
    26: 24
    27: 16
    28: 15
    29: 10
    30: 18
    31: 17
    32: 16
    33: 19
    34: 18
    35: 16
    36: 25
    37: 23
    38: 38
    39: 19
    40: 20
    41: 14
    42: 18
    43: 9
    44: 3
    45: 4
    46: 0
    47: 1
    48: 0
    49: 0
    50: 0
    51: 0
    52: 0
    53: 0
    54: 0
    55: 0
    56: 0
    57: 0
    58: 0
    59: 0
    60: 0
    61: 0
    62: 0
    63: 0
    64: 0
    65: 0
    66: 0
    67: 0
    68: 0
    69: 0
    70: 0
    71: 0
    72: 0
    73: 0
    74: 0
    75: 0
    76: 0
    77: 0
    78: 0
    79: 0
    80: 0
    81: 0
    82: 0
    83: 0
    84: 0
    85: 0
    86: 0
    87: 0
    88: 0
    89: 0
    90: 0
    91: 0
    92: 0
    93: 0
    94: 0
    95: 0
    96: 0
    97: 0
    98: 0
    99: 0
  mem-3: # Memory controller stats
   rd: 29965 # Read requests
   wr: 16340 # Write requests
   rdlat: 4038194 # Total latency experienced by read requests
   wrlat: 2505979 # Total latency experienced by write requests
   rdhits: 45 # Read row hits
   wrhits: 35 # Write row hits
   mlh: # latency histogram for memory requests
    0: 0
    1: 0
    2: 0
    3: 0
    4: 0
    5: 0
    6: 0
    7: 0
    8: 0
    9: 0
    10: 0
    11: 7
    12: 5
    13: 28452
    14: 494
    15: 331
    16: 204
    17: 28
    18: 21
    19: 16
    20: 23
    21: 24
    22: 11
    23: 13
    24: 19
    25: 17
    26: 16
    27: 16
    28: 14
    29: 10
    30: 15
    31: 17
    32: 19
    33: 17
    34: 16
    35: 19
    36: 19
    37: 18
    38: 20
    39: 22
    40: 21
    41: 14
    42: 20
    43: 4
    44: 0
    45: 3
    46: 0
    47: 0
    48: 0
    49: 0
    50: 0
    51: 0
    52: 0
    53: 0
    54: 0
    55: 0
    56: 0
    57: 0
    58: 0
    59: 0
    60: 0
    61: 0
    62: 0
    63: 0
    64: 0
    65: 0
    66: 0
    67: 0
    68: 0
    69: 0
    70: 0
    71: 0
    72: 0
    73: 0
    74: 0
    75: 0
    76: 0
    77: 0
    78: 0
    79: 0
    80: 0
    81: 0
    82: 0
    83: 0
    84: 0
    85: 0
    86: 0
    87: 0
    88: 0
    89: 0
    90: 0
    91: 0
    92: 0
    93: 0
    94: 0
    95: 0
    96: 0
    97: 0
    98: 0
    99: 0
 sched: # Scheduler stats
  thCr: 1 # Threads created
  thFn: 1 # Threads finished
  schedEvs: 1 # Schedule events
  waitEvs: 0 # Wait events
  handoffEvs: 0 # Handoff events
  sleepEvs: 0 # Sleep events
  idlePhases: 0 # Phases with no thread active
  idlePeriods: 0 # Periods with no thread active
  occHist: # Occupancy histogram
   0: 0
   1: 5924
  rqSzHist: # Run queue size histogram
   0: 5924
   1: 0
   2: 0
   3: 0
   4: 0
   5: 0
   6: 0
   7: 0
   8: 0
   9: 0
   10: 0
   11: 0
   12: 0
   13: 0
   14: 0
   15: 0
   16: 0
 procCycles: # Per-process unhalted core cycles
  0: 59240745
  1: 0
  2: 0
  3: 0
  4: 0
  5: 0
  6: 0
  7: 0
  8: 0
  9: 0
  10: 0
  11: 0
  12: 0
  13: 0
  14: 0
  15: 0
  16: 0
  17: 0
  18: 0
  19: 0
  20: 0
  21: 0
  22: 0
  23: 0
  24: 0
  25: 0
  26: 0
  27: 0
  28: 0
  29: 0
  30: 0
  31: 0
  32: 0
  33: 0
  34: 0
  35: 0
  36: 0
  37: 0
  38: 0
  39: 0
  40: 0
  41: 0
  42: 0
  43: 0
  44: 0
  45: 0
  46: 0
  47: 0
  48: 0
  49: 0
  50: 0
  51: 0
  52: 0
  53: 0
  54: 0
  55: 0
  56: 0
  57: 0
  58: 0
  59: 0
  60: 0
  61: 0
  62: 0
  63: 0
 procInstrs: # Per-process instructions
  0: 100000208
  1: 0
  2: 0
  3: 0
  4: 0
  5: 0
  6: 0
  7: 0
  8: 0
  9: 0
  10: 0
  11: 0
  12: 0
  13: 0
  14: 0
  15: 0
  16: 0
  17: 0
  18: 0
  19: 0
  20: 0
  21: 0
  22: 0
  23: 0
  24: 0
  25: 0
  26: 0
  27: 0
  28: 0
  29: 0
  30: 0
  31: 0
  32: 0
  33: 0
  34: 0
  35: 0
  36: 0
  37: 0
  38: 0
  39: 0
  40: 0
  41: 0
  42: 0
  43: 0
  44: 0
  45: 0
  46: 0
  47: 0
  48: 0
  49: 0
  50: 0
  51: 0
  52: 0
  53: 0
  54: 0
  55: 0
  56: 0
  57: 0
  58: 0
  59: 0
  60: 0
  61: 0
  62: 0
  63: 0
 heartbeats: # Per-process heartbeats
  0: 0
  1: 0
  2: 0
  3: 0
  4: 0
  5: 0
  6: 0
  7: 0
  8: 0
  9: 0
  10: 0
  11: 0
  12: 0
  13: 0
  14: 0
  15: 0
  16: 0
  17: 0
  18: 0
  19: 0
  20: 0
  21: 0
  22: 0
  23: 0
  24: 0
  25: 0
  26: 0
  27: 0
  28: 0
  29: 0
  30: 0
  31: 0
  32: 0
  33: 0
  34: 0
  35: 0
  36: 0
  37: 0
  38: 0
  39: 0
  40: 0
  41: 0
  42: 0
  43: 0
  44: 0
  45: 0
  46: 0
  47: 0
  48: 0
  49: 0
  50: 0
  51: 0
  52: 0
  53: 0
  54: 0
  55: 0
  56: 0
  57: 0
  58: 0
  59: 0
  60: 0
  61: 0
  62: 0
  63: 0
===
