# zsim stats
===
root: # Stats
 contention: # Contention simulation stats
  domain-0: # Domain stats
   time: 648950764 # Weave simulation time
 time: # Simulator time breakdown
  init: 65668246111825
  bound: 81253767874
  weave: 31023499499
  ff: 0
 trigger: 20000 # Reason for this stats dump
 phase: 6430 # Simulated phases
 westmere: # Core stats
  westmere-0: # Core stats
   cycles: 64300646 # Simulated unhalted cycles
   cCycles: 5569500 # Cycles due to contention stalls
   instrs: 100001969 # Simulated instructions
   uops: 142672800 # Retired micro-ops
   bbls: 4785753 # Basic blocks
   approxInstrs: 437 # Instrs with approx uop decoding
   mispredBranches: 23032 # Mispredicted branches
   condBranches: 4718124 # conditional branches
 l1i: # Cache stats
  l1i-0: # Filter cache stats
   fhGETS: 9440189 # Filtered GETS hits
   fhGETX: 0 # Filtered GETX hits
   hGETS: 20682 # GETS hits
   hGETX: 0 # GETX hits
   mGETS: 1895 # GETS misses
   mGETXIM: 0 # GETX I->M misses
   mGETXSM: 0 # GETX S->M misses (upgrade misses)
   PUTS: 0 # Clean evictions (from lower level)
   PUTX: 0 # Dirty evictions (from lower level)
   INV: 0 # Invalidates (from upper level)
   INVX: 0 # Downgrades (from upper level)
   FWD: 0 # Forwards (from upper level)
   latGETnl: 105320 # GET request latency on next level
   latGETnet: 0 # GET request latency on network to next level
 l1d: # Cache stats
  l1d-0: # Filter cache stats
   fhGETS: 27190427 # Filtered GETS hits
   fhGETX: 9100265 # Filtered GETX hits
   hGETS: 15643204 # GETS hits
   hGETX: 5954021 # GETX hits
   mGETS: 240627 # GETS misses
   mGETXIM: 291884 # GETX I->M misses
   mGETXSM: 0 # GETX S->M misses (upgrade misses)
   PUTS: 0 # Clean evictions (from lower level)
   PUTX: 0 # Dirty evictions (from lower level)
   INV: 0 # Invalidates (from upper level)
   INVX: 0 # Downgrades (from upper level)
   FWD: 0 # Forwards (from upper level)
   latGETnl: 26656082 # GET request latency on next level
   latGETnet: 0 # GET request latency on network to next level
 l2: # Cache stats
  l2-0: # Cache stats
   hGETS: 213227 # GETS hits
   hGETX: 1546 # GETX hits
   mGETS: 29295 # GETS misses
   mGETXIM: 290338 # GETX I->M misses
   mGETXSM: 0 # GETX S->M misses (upgrade misses)
   PUTS: 240849 # Clean evictions (from lower level)
   PUTX: 292613 # Dirty evictions (from lower level)
   INV: 0 # Invalidates (from upper level)
   INVX: 0 # Downgrades (from upper level)
   FWD: 0 # Forwards (from upper level)
   latGETnl: 21417342 # GET request latency on next level
   latGETnet: 0 # GET request latency on network to next level
 l3: # Cache stats
  l3-0: # Cache stats
   hGETS: 24578 # GETS hits
   hGETX: 142320 # GETX hits
   mGETS: 4717 # GETS misses
   mGETXIM: 148018 # GETX I->M misses
   mGETXSM: 0 # GETX S->M misses (upgrade misses)
   PUTS: 26921 # Clean evictions (from lower level)
   PUTX: 288616 # Dirty evictions (from lower level)
   INV: 0 # Invalidates (from upper level)
   INVX: 0 # Downgrades (from upper level)
   FWD: 0 # Forwards (from upper level)
   latGETnl: 13746150 # GET request latency on next level
   latGETnet: 0 # GET request latency on network to next level
 mem: # Memory controller stats
  mem-0: # Memory controller stats
   rd: 38203 # Read requests
   wr: 29460 # Write requests
   rdlat: 5759460 # Total latency experienced by read requests
   wrlat: 4343053 # Total latency experienced by write requests
   rdhits: 5 # Read row hits
   wrhits: 359 # Write row hits
   mlh: # latency histogram for memory requests
    0: 0
    1: 0
    2: 0
    3: 0
    4: 0
    5: 0
    6: 0
    7: 0
    8: 0
    9: 0
    10: 0
    11: 1
    12: 2
    13: 28839
    14: 3435
    15: 47
    16: 39
    17: 9
    18: 22
    19: 12
    20: 15
    21: 13
    22: 41
    23: 5205
    24: 16
    25: 38
    26: 14
    27: 19
    28: 26
    29: 18
    30: 19
    31: 28
    32: 21
    33: 20
    34: 15
    35: 18
    36: 27
    37: 16
    38: 28
    39: 17
    40: 13
    41: 26
    42: 21
    43: 7
    44: 5
    45: 7
    46: 9
    47: 42
    48: 13
    49: 11
    50: 7
    51: 9
    52: 11
    53: 2
    54: 0
    55: 0
    56: 0
    57: 0
    58: 0
    59: 0
    60: 0
    61: 0
    62: 0
    63: 0
    64: 0
    65: 0
    66: 0
    67: 0
    68: 0
    69: 0
    70: 0
    71: 0
    72: 0
    73: 0
    74: 0
    75: 0
    76: 0
    77: 0
    78: 0
    79: 0
    80: 0
    81: 0
    82: 0
    83: 0
    84: 0
    85: 0
    86: 0
    87: 0
    88: 0
    89: 0
    90: 0
    91: 0
    92: 0
    93: 0
    94: 0
    95: 0
    96: 0
    97: 0
    98: 0
    99: 0
  mem-1: # Memory controller stats
   rd: 38190 # Read requests
   wr: 29461 # Write requests
   rdlat: 5742403 # Total latency experienced by read requests
   wrlat: 4342952 # Total latency experienced by write requests
   rdhits: 6 # Read row hits
   wrhits: 361 # Write row hits
   mlh: # latency histogram for memory requests
    0: 0
    1: 0
    2: 0
    3: 0
    4: 0
    5: 0
    6: 0
    7: 0
    8: 0
    9: 0
    10: 0
    11: 0
    12: 2
    13: 28880
    14: 3387
    15: 49
    16: 30
    17: 18
    18: 16
    19: 20
    20: 8
    21: 3
    22: 40
    23: 5248
    24: 24
    25: 44
    26: 15
    27: 31
    28: 39
    29: 20
    30: 17
    31: 22
    32: 24
    33: 23
    34: 17
    35: 20
    36: 13
    37: 12
    38: 17
    39: 25
    40: 17
    41: 15
    42: 15
    43: 11
    44: 1
    45: 3
    46: 9
    47: 36
    48: 3
    49: 5
    50: 4
    51: 2
    52: 4
    53: 1
    54: 0
    55: 0
    56: 0
    57: 0
    58: 0
    59: 0
    60: 0
    61: 0
    62: 0
    63: 0
    64: 0
    65: 0
    66: 0
    67: 0
    68: 0
    69: 0
    70: 0
    71: 0
    72: 0
    73: 0
    74: 0
    75: 0
    76: 0
    77: 0
    78: 0
    79: 0
    80: 0
    81: 0
    82: 0
    83: 0
    84: 0
    85: 0
    86: 0
    87: 0
    88: 0
    89: 0
    90: 0
    91: 0
    92: 0
    93: 0
    94: 0
    95: 0
    96: 0
    97: 0
    98: 0
    99: 0
  mem-2: # Memory controller stats
   rd: 38150 # Read requests
   wr: 29438 # Write requests
   rdlat: 5731166 # Total latency experienced by read requests
   wrlat: 4339891 # Total latency experienced by write requests
   rdhits: 3 # Read row hits
   wrhits: 392 # Write row hits
   mlh: # latency histogram for memory requests
    0: 0
    1: 0
    2: 0
    3: 0
    4: 0
    5: 0
    6: 0
    7: 0
    8: 0
    9: 0
    10: 0
    11: 2
    12: 0
    13: 28862
    14: 3411
    15: 41
    16: 33
    17: 13
    18: 12
    19: 10
    20: 15
    21: 11
    22: 37
    23: 5270
    24: 39
    25: 40
    26: 13
    27: 17
    28: 16
    29: 15
    30: 20
    31: 14
    32: 21
    33: 10
    34: 13
    35: 9
    36: 14
    37: 20
    38: 15
    39: 19
    40: 15
    41: 15
    42: 18
    43: 12
    44: 3
    45: 2
    46: 6
    47: 32
    48: 7
    49: 11
    50: 4
    51: 3
    52: 4
    53: 6
    54: 0
    55: 0
    56: 0
    57: 0
    58: 0
    59: 0
    60: 0
    61: 0
    62: 0
    63: 0
    64: 0
    65: 0
    66: 0
    67: 0
    68: 0
    69: 0
    70: 0
    71: 0
    72: 0
    73: 0
    74: 0
    75: 0
    76: 0
    77: 0
    78: 0
    79: 0
    80: 0
    81: 0
    82: 0
    83: 0
    84: 0
    85: 0
    86: 0
    87: 0
    88: 0
    89: 0
    90: 0
    91: 0
    92: 0
    93: 0
    94: 0
    95: 0
    96: 0
    97: 0
    98: 0
    99: 0
  mem-3: # Memory controller stats
   rd: 38190 # Read requests
   wr: 29487 # Write requests
   rdlat: 5756259 # Total latency experienced by read requests
   wrlat: 4337473 # Total latency experienced by write requests
   rdhits: 5 # Read row hits
   wrhits: 357 # Write row hits
   mlh: # latency histogram for memory requests
    0: 0
    1: 0
    2: 0
    3: 0
    4: 0
    5: 0
    6: 0
    7: 0
    8: 0
    9: 0
    10: 0
    11: 2
    12: 2
    13: 28846
    14: 3381
    15: 61
    16: 49
    17: 17
    18: 6
    19: 8
    20: 20
    21: 12
    22: 52
    23: 5203
    24: 30
    25: 48
    26: 20
    27: 25
    28: 22
    29: 11
    30: 10
    31: 12
    32: 17
    33: 29
    34: 28
    35: 25
    36: 20
    37: 16
    38: 24
    39: 22
    40: 20
    41: 16
    42: 17
    43: 11
    44: 10
    45: 4
    46: 7
    47: 43
    48: 13
    49: 12
    50: 8
    51: 1
    52: 6
    53: 3
    54: 0
    55: 1
    56: 0
    57: 0
    58: 0
    59: 0
    60: 0
    61: 0
    62: 0
    63: 0
    64: 0
    65: 0
    66: 0
    67: 0
    68: 0
    69: 0
    70: 0
    71: 0
    72: 0
    73: 0
    74: 0
    75: 0
    76: 0
    77: 0
    78: 0
    79: 0
    80: 0
    81: 0
    82: 0
    83: 0
    84: 0
    85: 0
    86: 0
    87: 0
    88: 0
    89: 0
    90: 0
    91: 0
    92: 0
    93: 0
    94: 0
    95: 0
    96: 0
    97: 0
    98: 0
    99: 0
 sched: # Scheduler stats
  thCr: 1 # Threads created
  thFn: 1 # Threads finished
  schedEvs: 1 # Schedule events
  waitEvs: 0 # Wait events
  handoffEvs: 0 # Handoff events
  sleepEvs: 0 # Sleep events
  idlePhases: 0 # Phases with no thread active
  idlePeriods: 0 # Periods with no thread active
  occHist: # Occupancy histogram
   0: 0
   1: 6430
  rqSzHist: # Run queue size histogram
   0: 6430
   1: 0
   2: 0
   3: 0
   4: 0
   5: 0
   6: 0
   7: 0
   8: 0
   9: 0
   10: 0
   11: 0
   12: 0
   13: 0
   14: 0
   15: 0
   16: 0
 procCycles: # Per-process unhalted core cycles
  0: 64300646
  1: 0
  2: 0
  3: 0
  4: 0
  5: 0
  6: 0
  7: 0
  8: 0
  9: 0
  10: 0
  11: 0
  12: 0
  13: 0
  14: 0
  15: 0
  16: 0
  17: 0
  18: 0
  19: 0
  20: 0
  21: 0
  22: 0
  23: 0
  24: 0
  25: 0
  26: 0
  27: 0
  28: 0
  29: 0
  30: 0
  31: 0
  32: 0
  33: 0
  34: 0
  35: 0
  36: 0
  37: 0
  38: 0
  39: 0
  40: 0
  41: 0
  42: 0
  43: 0
  44: 0
  45: 0
  46: 0
  47: 0
  48: 0
  49: 0
  50: 0
  51: 0
  52: 0
  53: 0
  54: 0
  55: 0
  56: 0
  57: 0
  58: 0
  59: 0
  60: 0
  61: 0
  62: 0
  63: 0
 procInstrs: # Per-process instructions
  0: 100001969
  1: 0
  2: 0
  3: 0
  4: 0
  5: 0
  6: 0
  7: 0
  8: 0
  9: 0
  10: 0
  11: 0
  12: 0
  13: 0
  14: 0
  15: 0
  16: 0
  17: 0
  18: 0
  19: 0
  20: 0
  21: 0
  22: 0
  23: 0
  24: 0
  25: 0
  26: 0
  27: 0
  28: 0
  29: 0
  30: 0
  31: 0
  32: 0
  33: 0
  34: 0
  35: 0
  36: 0
  37: 0
  38: 0
  39: 0
  40: 0
  41: 0
  42: 0
  43: 0
  44: 0
  45: 0
  46: 0
  47: 0
  48: 0
  49: 0
  50: 0
  51: 0
  52: 0
  53: 0
  54: 0
  55: 0
  56: 0
  57: 0
  58: 0
  59: 0
  60: 0
  61: 0
  62: 0
  63: 0
 heartbeats: # Per-process heartbeats
  0: 0
  1: 0
  2: 0
  3: 0
  4: 0
  5: 0
  6: 0
  7: 0
  8: 0
  9: 0
  10: 0
  11: 0
  12: 0
  13: 0
  14: 0
  15: 0
  16: 0
  17: 0
  18: 0
  19: 0
  20: 0
  21: 0
  22: 0
  23: 0
  24: 0
  25: 0
  26: 0
  27: 0
  28: 0
  29: 0
  30: 0
  31: 0
  32: 0
  33: 0
  34: 0
  35: 0
  36: 0
  37: 0
  38: 0
  39: 0
  40: 0
  41: 0
  42: 0
  43: 0
  44: 0
  45: 0
  46: 0
  47: 0
  48: 0
  49: 0
  50: 0
  51: 0
  52: 0
  53: 0
  54: 0
  55: 0
  56: 0
  57: 0
  58: 0
  59: 0
  60: 0
  61: 0
  62: 0
  63: 0
===
