# zsim stats
===
root: # Stats
 contention: # Contention simulation stats
  domain-0: # Domain stats
   time: 924111399 # Weave simulation time
 time: # Simulator time breakdown
  init: 79720091113054
  bound: 15481593815
  weave: 4333068266
  ff: 0
 trigger: 20000 # Reason for this stats dump
 phase: 8443 # Simulated phases
 westmere: # Core stats
  westmere-0: # Core stats
   cycles: 84430914 # Simulated unhalted cycles
   cCycles: 10048121 # Cycles due to contention stalls
   instrs: 100009240 # Simulated instructions
   uops: 132225631 # Retired micro-ops
   bbls: 1458076 # Basic blocks
   approxInstrs: 967637 # Instrs with approx uop decoding
   mispredBranches: 1055 # Mispredicted branches
   condBranches: 120272 # conditional branches
 l1i: # Cache stats
  l1i-0: # Filter cache stats
   fhGETS: 6774039 # Filtered GETS hits
   fhGETX: 0 # Filtered GETX hits
   hGETS: 4033629 # GETS hits
   hGETX: 0 # GETX hits
   mGETS: 261 # GETS misses
   mGETXIM: 0 # GETX I->M misses
   mGETXSM: 0 # GETX S->M misses (upgrade misses)
   PUTS: 0 # Clean evictions (from lower level)
   PUTX: 0 # Dirty evictions (from lower level)
   INV: 16 # Invalidates (from upper level)
   INVX: 0 # Downgrades (from upper level)
   FWD: 0 # Forwards (from upper level)
   latGETnl: 32364 # GET request latency on next level
   latGETnet: 0 # GET request latency on network to next level
 l1d: # Cache stats
  l1d-0: # Filter cache stats
   fhGETS: 37141789 # Filtered GETS hits
   fhGETX: 9740734 # Filtered GETX hits
   hGETS: 5063399 # GETS hits
   hGETX: 1468672 # GETX hits
   mGETS: 618055 # GETS misses
   mGETXIM: 139996 # GETX I->M misses
   mGETXSM: 0 # GETX S->M misses (upgrade misses)
   PUTS: 0 # Clean evictions (from lower level)
   PUTX: 0 # Dirty evictions (from lower level)
   INV: 6 # Invalidates (from upper level)
   INVX: 0 # Downgrades (from upper level)
   FWD: 0 # Forwards (from upper level)
   latGETnl: 63039530 # GET request latency on next level
   latGETnet: 0 # GET request latency on network to next level
 l2: # Cache stats
  l2-0: # Cache stats
   hGETS: 257492 # GETS hits
   hGETX: 4 # GETX hits
   mGETS: 360824 # GETS misses
   mGETXIM: 139992 # GETX I->M misses
   mGETXSM: 0 # GETX S->M misses (upgrade misses)
   PUTS: 616375 # Clean evictions (from lower level)
   PUTX: 141158 # Dirty evictions (from lower level)
   INV: 0 # Invalidates (from upper level)
   INVX: 0 # Downgrades (from upper level)
   FWD: 0 # Forwards (from upper level)
   latGETnl: 55488774 # GET request latency on next level
   latGETnet: 0 # GET request latency on network to next level
 l3: # Cache stats
  l3-0: # Cache stats
   hGETS: 14020 # GETS hits
   hGETX: 3805 # GETX hits
   mGETS: 346804 # GETS misses
   mGETXIM: 136187 # GETX I->M misses
   mGETXSM: 0 # GETX S->M misses (upgrade misses)
   PUTS: 356794 # Clean evictions (from lower level)
   PUTX: 139926 # Dirty evictions (from lower level)
   INV: 0 # Invalidates (from upper level)
   INVX: 0 # Downgrades (from upper level)
   FWD: 0 # Forwards (from upper level)
   latGETnl: 43469190 # GET request latency on next level
   latGETnet: 0 # GET request latency on network to next level
 mem: # Memory controller stats
  mem-0: # Memory controller stats
   rd: 120716 # Read requests
   wr: 33833 # Write requests
   rdlat: 17632759 # Total latency experienced by read requests
   wrlat: 5548044 # Total latency experienced by write requests
   rdhits: 10 # Read row hits
   wrhits: 64 # Write row hits
   mlh: # latency histogram for memory requests
    0: 0
    1: 0
    2: 0
    3: 0
    4: 0
    5: 0
    6: 0
    7: 0
    8: 0
    9: 0
    10: 0
    11: 0
    12: 0
    13: 77918
    14: 21453
    15: 6079
    16: 1447
    17: 5009
    18: 892
    19: 1150
    20: 899
    21: 133
    22: 520
    23: 143
    24: 313
    25: 3102
    26: 337
    27: 60
    28: 60
    29: 42
    30: 45
    31: 54
    32: 44
    33: 46
    34: 53
    35: 70
    36: 71
    37: 51
    38: 80
    39: 64
    40: 63
    41: 58
    42: 90
    43: 66
    44: 44
    45: 23
    46: 25
    47: 49
    48: 50
    49: 33
    50: 15
    51: 16
    52: 12
    53: 4
    54: 6
    55: 14
    56: 7
    57: 5
    58: 0
    59: 1
    60: 0
    61: 0
    62: 0
    63: 0
    64: 0
    65: 0
    66: 0
    67: 0
    68: 0
    69: 0
    70: 0
    71: 0
    72: 0
    73: 0
    74: 0
    75: 0
    76: 0
    77: 0
    78: 0
    79: 0
    80: 0
    81: 0
    82: 0
    83: 0
    84: 0
    85: 0
    86: 0
    87: 0
    88: 0
    89: 0
    90: 0
    91: 0
    92: 0
    93: 0
    94: 0
    95: 0
    96: 0
    97: 0
    98: 0
    99: 0
  mem-1: # Memory controller stats
   rd: 120764 # Read requests
   wr: 33839 # Write requests
   rdlat: 17652965 # Total latency experienced by read requests
   wrlat: 5540185 # Total latency experienced by write requests
   rdhits: 12 # Read row hits
   wrhits: 66 # Write row hits
   mlh: # latency histogram for memory requests
    0: 0
    1: 0
    2: 0
    3: 0
    4: 0
    5: 0
    6: 0
    7: 0
    8: 0
    9: 0
    10: 0
    11: 0
    12: 0
    13: 77838
    14: 21473
    15: 6064
    16: 1486
    17: 4994
    18: 895
    19: 1151
    20: 876
    21: 156
    22: 538
    23: 133
    24: 269
    25: 3145
    26: 349
    27: 51
    28: 59
    29: 75
    30: 78
    31: 53
    32: 54
    33: 60
    34: 65
    35: 74
    36: 82
    37: 58
    38: 66
    39: 61
    40: 66
    41: 60
    42: 70
    43: 72
    44: 37
    45: 27
    46: 24
    47: 58
    48: 57
    49: 24
    50: 15
    51: 12
    52: 13
    53: 5
    54: 3
    55: 7
    56: 2
    57: 2
    58: 5
    59: 1
    60: 1
    61: 0
    62: 0
    63: 0
    64: 0
    65: 0
    66: 0
    67: 0
    68: 0
    69: 0
    70: 0
    71: 0
    72: 0
    73: 0
    74: 0
    75: 0
    76: 0
    77: 0
    78: 0
    79: 0
    80: 0
    81: 0
    82: 0
    83: 0
    84: 0
    85: 0
    86: 0
    87: 0
    88: 0
    89: 0
    90: 0
    91: 0
    92: 0
    93: 0
    94: 0
    95: 0
    96: 0
    97: 0
    98: 0
    99: 0
  mem-2: # Memory controller stats
   rd: 120769 # Read requests
   wr: 33846 # Write requests
   rdlat: 17625560 # Total latency experienced by read requests
   wrlat: 5537768 # Total latency experienced by write requests
   rdhits: 3 # Read row hits
   wrhits: 87 # Write row hits
   mlh: # latency histogram for memory requests
    0: 0
    1: 0
    2: 0
    3: 0
    4: 0
    5: 0
    6: 0
    7: 0
    8: 0
    9: 0
    10: 0
    11: 0
    12: 0
    13: 78060
    14: 21515
    15: 5999
    16: 1415
    17: 5021
    18: 880
    19: 1145
    20: 861
    21: 109
    22: 538
    23: 181
    24: 309
    25: 3102
    26: 350
    27: 44
    28: 62
    29: 67
    30: 46
    31: 39
    32: 43
    33: 47
    34: 46
    35: 64
    36: 73
    37: 69
    38: 85
    39: 65
    40: 63
    41: 65
    42: 81
    43: 58
    44: 39
    45: 28
    46: 23
    47: 42
    48: 55
    49: 28
    50: 11
    51: 11
    52: 4
    53: 6
    54: 3
    55: 6
    56: 4
    57: 2
    58: 3
    59: 2
    60: 0
    61: 0
    62: 0
    63: 0
    64: 0
    65: 0
    66: 0
    67: 0
    68: 0
    69: 0
    70: 0
    71: 0
    72: 0
    73: 0
    74: 0
    75: 0
    76: 0
    77: 0
    78: 0
    79: 0
    80: 0
    81: 0
    82: 0
    83: 0
    84: 0
    85: 0
    86: 0
    87: 0
    88: 0
    89: 0
    90: 0
    91: 0
    92: 0
    93: 0
    94: 0
    95: 0
    96: 0
    97: 0
    98: 0
    99: 0
  mem-3: # Memory controller stats
   rd: 120739 # Read requests
   wr: 33827 # Write requests
   rdlat: 17626761 # Total latency experienced by read requests
   wrlat: 5521035 # Total latency experienced by write requests
   rdhits: 2 # Read row hits
   wrhits: 80 # Write row hits
   mlh: # latency histogram for memory requests
    0: 0
    1: 0
    2: 0
    3: 0
    4: 0
    5: 0
    6: 0
    7: 0
    8: 0
    9: 0
    10: 0
    11: 0
    12: 0
    13: 77894
    14: 21518
    15: 6013
    16: 1485
    17: 4990
    18: 896
    19: 1169
    20: 844
    21: 126
    22: 545
    23: 201
    24: 266
    25: 3141
    26: 357
    27: 63
    28: 64
    29: 75
    30: 43
    31: 54
    32: 43
    33: 57
    34: 44
    35: 68
    36: 61
    37: 65
    38: 68
    39: 67
    40: 52
    41: 70
    42: 67
    43: 63
    44: 34
    45: 26
    46: 21
    47: 50
    48: 64
    49: 23
    50: 8
    51: 9
    52: 8
    53: 7
    54: 2
    55: 6
    56: 4
    57: 2
    58: 3
    59: 3
    60: 0
    61: 0
    62: 0
    63: 0
    64: 0
    65: 0
    66: 0
    67: 0
    68: 0
    69: 0
    70: 0
    71: 0
    72: 0
    73: 0
    74: 0
    75: 0
    76: 0
    77: 0
    78: 0
    79: 0
    80: 0
    81: 0
    82: 0
    83: 0
    84: 0
    85: 0
    86: 0
    87: 0
    88: 0
    89: 0
    90: 0
    91: 0
    92: 0
    93: 0
    94: 0
    95: 0
    96: 0
    97: 0
    98: 0
    99: 0
 sched: # Scheduler stats
  thCr: 1 # Threads created
  thFn: 1 # Threads finished
  schedEvs: 1 # Schedule events
  waitEvs: 0 # Wait events
  handoffEvs: 0 # Handoff events
  sleepEvs: 0 # Sleep events
  idlePhases: 0 # Phases with no thread active
  idlePeriods: 0 # Periods with no thread active
  occHist: # Occupancy histogram
   0: 0
   1: 8443
  rqSzHist: # Run queue size histogram
   0: 8443
   1: 0
   2: 0
   3: 0
   4: 0
   5: 0
   6: 0
   7: 0
   8: 0
   9: 0
   10: 0
   11: 0
   12: 0
   13: 0
   14: 0
   15: 0
   16: 0
 procCycles: # Per-process unhalted core cycles
  0: 84430914
  1: 0
  2: 0
  3: 0
  4: 0
  5: 0
  6: 0
  7: 0
  8: 0
  9: 0
  10: 0
  11: 0
  12: 0
  13: 0
  14: 0
  15: 0
  16: 0
  17: 0
  18: 0
  19: 0
  20: 0
  21: 0
  22: 0
  23: 0
  24: 0
  25: 0
  26: 0
  27: 0
  28: 0
  29: 0
  30: 0
  31: 0
  32: 0
  33: 0
  34: 0
  35: 0
  36: 0
  37: 0
  38: 0
  39: 0
  40: 0
  41: 0
  42: 0
  43: 0
  44: 0
  45: 0
  46: 0
  47: 0
  48: 0
  49: 0
  50: 0
  51: 0
  52: 0
  53: 0
  54: 0
  55: 0
  56: 0
  57: 0
  58: 0
  59: 0
  60: 0
  61: 0
  62: 0
  63: 0
 procInstrs: # Per-process instructions
  0: 100009240
  1: 0
  2: 0
  3: 0
  4: 0
  5: 0
  6: 0
  7: 0
  8: 0
  9: 0
  10: 0
  11: 0
  12: 0
  13: 0
  14: 0
  15: 0
  16: 0
  17: 0
  18: 0
  19: 0
  20: 0
  21: 0
  22: 0
  23: 0
  24: 0
  25: 0
  26: 0
  27: 0
  28: 0
  29: 0
  30: 0
  31: 0
  32: 0
  33: 0
  34: 0
  35: 0
  36: 0
  37: 0
  38: 0
  39: 0
  40: 0
  41: 0
  42: 0
  43: 0
  44: 0
  45: 0
  46: 0
  47: 0
  48: 0
  49: 0
  50: 0
  51: 0
  52: 0
  53: 0
  54: 0
  55: 0
  56: 0
  57: 0
  58: 0
  59: 0
  60: 0
  61: 0
  62: 0
  63: 0
 heartbeats: # Per-process heartbeats
  0: 0
  1: 0
  2: 0
  3: 0
  4: 0
  5: 0
  6: 0
  7: 0
  8: 0
  9: 0
  10: 0
  11: 0
  12: 0
  13: 0
  14: 0
  15: 0
  16: 0
  17: 0
  18: 0
  19: 0
  20: 0
  21: 0
  22: 0
  23: 0
  24: 0
  25: 0
  26: 0
  27: 0
  28: 0
  29: 0
  30: 0
  31: 0
  32: 0
  33: 0
  34: 0
  35: 0
  36: 0
  37: 0
  38: 0
  39: 0
  40: 0
  41: 0
  42: 0
  43: 0
  44: 0
  45: 0
  46: 0
  47: 0
  48: 0
  49: 0
  50: 0
  51: 0
  52: 0
  53: 0
  54: 0
  55: 0
  56: 0
  57: 0
  58: 0
  59: 0
  60: 0
  61: 0
  62: 0
  63: 0
===
