# zsim stats
===
root: # Stats
 contention: # Contention simulation stats
  domain-0: # Domain stats
   time: 773172763 # Weave simulation time
 time: # Simulator time breakdown
  init: 447012585351
  bound: 7805391812
  weave: 1481838396
  ff: 0
 trigger: 20000 # Reason for this stats dump
 phase: 12891 # Simulated phases
 westmere: # Core stats
  westmere-0: # Core stats
   cycles: 128910001 # Simulated unhalted cycles
   cCycles: 9559695 # Cycles due to contention stalls
   instrs: 100012500 # Simulated instructions
   uops: 119214054 # Retired micro-ops
   bbls: 22750628 # Basic blocks
   approxInstrs: 253638 # Instrs with approx uop decoding
   mispredBranches: 1188293 # Mispredicted branches
   condBranches: 17199623 # conditional branches
 l1i: # Cache stats
  l1i-0: # Filter cache stats
   fhGETS: 25314895 # Filtered GETS hits
   fhGETX: 0 # Filtered GETX hits
   hGETS: 2190046 # GETS hits
   hGETX: 0 # GETX hits
   mGETS: 767894 # GETS misses
   mGETXIM: 0 # GETX I->M misses
   mGETXSM: 0 # GETX S->M misses (upgrade misses)
   PUTS: 0 # Clean evictions (from lower level)
   PUTX: 0 # Dirty evictions (from lower level)
   INV: 4 # Invalidates (from upper level)
   INVX: 0 # Downgrades (from upper level)
   FWD: 0 # Forwards (from upper level)
   latGETnl: 9244856 # GET request latency on next level
   latGETnet: 0 # GET request latency on network to next level
 l1d: # Cache stats
  l1d-0: # Filter cache stats
   fhGETS: 23391166 # Filtered GETS hits
   fhGETX: 15239115 # Filtered GETX hits
   hGETS: 2105444 # GETS hits
   hGETX: 987171 # GETX hits
   mGETS: 1436132 # GETS misses
   mGETXIM: 1403481 # GETX I->M misses
   mGETXSM: 0 # GETX S->M misses (upgrade misses)
   PUTS: 0 # Clean evictions (from lower level)
   PUTX: 0 # Dirty evictions (from lower level)
   INV: 0 # Invalidates (from upper level)
   INVX: 0 # Downgrades (from upper level)
   FWD: 0 # Forwards (from upper level)
   latGETnl: 96989696 # GET request latency on next level
   latGETnet: 0 # GET request latency on network to next level
 l2: # Cache stats
  l2-0: # Cache stats
   hGETS: 1087647 # GETS hits
   hGETX: 863242 # GETX hits
   mGETS: 1116379 # GETS misses
   mGETXIM: 540239 # GETX I->M misses
   mGETXSM: 0 # GETX S->M misses (upgrade misses)
   PUTS: 1934145 # Clean evictions (from lower level)
   PUTX: 1672334 # Dirty evictions (from lower level)
   INV: 3 # Invalidates (from upper level)
   INVX: 0 # Downgrades (from upper level)
   FWD: 0 # Forwards (from upper level)
   latGETnl: 70159482 # GET request latency on next level
   latGETnet: 0 # GET request latency on network to next level
 l3: # Cache stats
  l3-0: # Cache stats
   hGETS: 834096 # GETS hits
   hGETX: 484737 # GETX hits
   mGETS: 282283 # GETS misses
   mGETXIM: 55502 # GETX I->M misses
   mGETXSM: 0 # GETX S->M misses (upgrade misses)
   PUTS: 966898 # Clean evictions (from lower level)
   PUTX: 685621 # Dirty evictions (from lower level)
   INV: 0 # Invalidates (from upper level)
   INVX: 0 # Downgrades (from upper level)
   FWD: 0 # Forwards (from upper level)
   latGETnl: 30400650 # GET request latency on next level
   latGETnet: 0 # GET request latency on network to next level
 mem: # Memory controller stats
  mem-0: # Memory controller stats
   rd: 85985 # Read requests
   wr: 19644 # Write requests
   rdlat: 11539259 # Total latency experienced by read requests
   wrlat: 2868934 # Total latency experienced by write requests
   rdhits: 33 # Read row hits
   wrhits: 26 # Write row hits
   mlh: # latency histogram for memory requests
    0: 0
    1: 0
    2: 0
    3: 0
    4: 0
    5: 0
    6: 0
    7: 0
    8: 0
    9: 0
    10: 0
    11: 6
    12: 9
    13: 83413
    14: 642
    15: 481
    16: 172
    17: 31
    18: 48
    19: 64
    20: 58
    21: 35
    22: 39
    23: 45
    24: 57
    25: 39
    26: 29
    27: 55
    28: 41
    29: 50
    30: 44
    31: 48
    32: 59
    33: 44
    34: 48
    35: 57
    36: 45
    37: 50
    38: 32
    39: 53
    40: 57
    41: 48
    42: 54
    43: 24
    44: 0
    45: 3
    46: 3
    47: 1
    48: 0
    49: 0
    50: 0
    51: 1
    52: 0
    53: 0
    54: 0
    55: 0
    56: 0
    57: 0
    58: 0
    59: 0
    60: 0
    61: 0
    62: 0
    63: 0
    64: 0
    65: 0
    66: 0
    67: 0
    68: 0
    69: 0
    70: 0
    71: 0
    72: 0
    73: 0
    74: 0
    75: 0
    76: 0
    77: 0
    78: 0
    79: 0
    80: 0
    81: 0
    82: 0
    83: 0
    84: 0
    85: 0
    86: 0
    87: 0
    88: 0
    89: 0
    90: 0
    91: 0
    92: 0
    93: 0
    94: 0
    95: 0
    96: 0
    97: 0
    98: 0
    99: 0
  mem-1: # Memory controller stats
   rd: 82792 # Read requests
   wr: 19724 # Write requests
   rdlat: 11113876 # Total latency experienced by read requests
   wrlat: 2869599 # Total latency experienced by write requests
   rdhits: 55 # Read row hits
   wrhits: 19 # Write row hits
   mlh: # latency histogram for memory requests
    0: 0
    1: 0
    2: 0
    3: 0
    4: 0
    5: 0
    6: 0
    7: 0
    8: 0
    9: 0
    10: 0
    11: 6
    12: 10
    13: 80194
    14: 705
    15: 439
    16: 192
    17: 48
    18: 45
    19: 44
    20: 62
    21: 56
    22: 35
    23: 46
    24: 55
    25: 40
    26: 36
    27: 35
    28: 38
    29: 50
    30: 35
    31: 62
    32: 47
    33: 46
    34: 41
    35: 48
    36: 55
    37: 53
    38: 48
    39: 54
    40: 42
    41: 45
    42: 51
    43: 19
    44: 2
    45: 1
    46: 5
    47: 2
    48: 0
    49: 0
    50: 0
    51: 0
    52: 0
    53: 0
    54: 0
    55: 0
    56: 0
    57: 0
    58: 0
    59: 0
    60: 0
    61: 0
    62: 0
    63: 0
    64: 0
    65: 0
    66: 0
    67: 0
    68: 0
    69: 0
    70: 0
    71: 0
    72: 0
    73: 0
    74: 0
    75: 0
    76: 0
    77: 0
    78: 0
    79: 0
    80: 0
    81: 0
    82: 0
    83: 0
    84: 0
    85: 0
    86: 0
    87: 0
    88: 0
    89: 0
    90: 0
    91: 0
    92: 0
    93: 0
    94: 0
    95: 0
    96: 0
    97: 0
    98: 0
    99: 0
  mem-2: # Memory controller stats
   rd: 86610 # Read requests
   wr: 19798 # Write requests
   rdlat: 11612398 # Total latency experienced by read requests
   wrlat: 2874996 # Total latency experienced by write requests
   rdhits: 44 # Read row hits
   wrhits: 22 # Write row hits
   mlh: # latency histogram for memory requests
    0: 0
    1: 0
    2: 0
    3: 0
    4: 0
    5: 0
    6: 0
    7: 0
    8: 0
    9: 0
    10: 0
    11: 7
    12: 12
    13: 84190
    14: 526
    15: 429
    16: 204
    17: 51
    18: 36
    19: 66
    20: 67
    21: 41
    22: 47
    23: 34
    24: 50
    25: 36
    26: 44
    27: 40
    28: 30
    29: 44
    30: 37
    31: 48
    32: 47
    33: 43
    34: 43
    35: 57
    36: 56
    37: 47
    38: 54
    39: 55
    40: 46
    41: 44
    42: 51
    43: 15
    44: 2
    45: 0
    46: 4
    47: 5
    48: 2
    49: 0
    50: 0
    51: 0
    52: 0
    53: 0
    54: 0
    55: 0
    56: 0
    57: 0
    58: 0
    59: 0
    60: 0
    61: 0
    62: 0
    63: 0
    64: 0
    65: 0
    66: 0
    67: 0
    68: 0
    69: 0
    70: 0
    71: 0
    72: 0
    73: 0
    74: 0
    75: 0
    76: 0
    77: 0
    78: 0
    79: 0
    80: 0
    81: 0
    82: 0
    83: 0
    84: 0
    85: 0
    86: 0
    87: 0
    88: 0
    89: 0
    90: 0
    91: 0
    92: 0
    93: 0
    94: 0
    95: 0
    96: 0
    97: 0
    98: 0
    99: 0
  mem-3: # Memory controller stats
   rd: 82398 # Read requests
   wr: 19587 # Write requests
   rdlat: 11052851 # Total latency experienced by read requests
   wrlat: 2851075 # Total latency experienced by write requests
   rdhits: 33 # Read row hits
   wrhits: 17 # Write row hits
   mlh: # latency histogram for memory requests
    0: 0
    1: 0
    2: 0
    3: 0
    4: 0
    5: 0
    6: 0
    7: 0
    8: 0
    9: 0
    10: 0
    11: 1
    12: 5
    13: 79828
    14: 703
    15: 457
    16: 205
    17: 56
    18: 44
    19: 62
    20: 53
    21: 44
    22: 34
    23: 41
    24: 61
    25: 39
    26: 43
    27: 33
    28: 38
    29: 27
    30: 48
    31: 43
    32: 53
    33: 48
    34: 46
    35: 44
    36: 46
    37: 48
    38: 44
    39: 50
    40: 48
    41: 38
    42: 40
    43: 14
    44: 2
    45: 1
    46: 5
    47: 3
    48: 2
    49: 1
    50: 0
    51: 0
    52: 0
    53: 0
    54: 0
    55: 0
    56: 0
    57: 0
    58: 0
    59: 0
    60: 0
    61: 0
    62: 0
    63: 0
    64: 0
    65: 0
    66: 0
    67: 0
    68: 0
    69: 0
    70: 0
    71: 0
    72: 0
    73: 0
    74: 0
    75: 0
    76: 0
    77: 0
    78: 0
    79: 0
    80: 0
    81: 0
    82: 0
    83: 0
    84: 0
    85: 0
    86: 0
    87: 0
    88: 0
    89: 0
    90: 0
    91: 0
    92: 0
    93: 0
    94: 0
    95: 0
    96: 0
    97: 0
    98: 0
    99: 0
 sched: # Scheduler stats
  thCr: 1 # Threads created
  thFn: 1 # Threads finished
  schedEvs: 1 # Schedule events
  waitEvs: 0 # Wait events
  handoffEvs: 0 # Handoff events
  sleepEvs: 0 # Sleep events
  idlePhases: 0 # Phases with no thread active
  idlePeriods: 0 # Periods with no thread active
  occHist: # Occupancy histogram
   0: 0
   1: 12891
  rqSzHist: # Run queue size histogram
   0: 12891
   1: 0
   2: 0
   3: 0
   4: 0
   5: 0
   6: 0
   7: 0
   8: 0
   9: 0
   10: 0
   11: 0
   12: 0
   13: 0
   14: 0
   15: 0
   16: 0
 procCycles: # Per-process unhalted core cycles
  0: 128910001
  1: 0
  2: 0
  3: 0
  4: 0
  5: 0
  6: 0
  7: 0
  8: 0
  9: 0
  10: 0
  11: 0
  12: 0
  13: 0
  14: 0
  15: 0
  16: 0
  17: 0
  18: 0
  19: 0
  20: 0
  21: 0
  22: 0
  23: 0
  24: 0
  25: 0
  26: 0
  27: 0
  28: 0
  29: 0
  30: 0
  31: 0
  32: 0
  33: 0
  34: 0
  35: 0
  36: 0
  37: 0
  38: 0
  39: 0
  40: 0
  41: 0
  42: 0
  43: 0
  44: 0
  45: 0
  46: 0
  47: 0
  48: 0
  49: 0
  50: 0
  51: 0
  52: 0
  53: 0
  54: 0
  55: 0
  56: 0
  57: 0
  58: 0
  59: 0
  60: 0
  61: 0
  62: 0
  63: 0
 procInstrs: # Per-process instructions
  0: 100012500
  1: 0
  2: 0
  3: 0
  4: 0
  5: 0
  6: 0
  7: 0
  8: 0
  9: 0
  10: 0
  11: 0
  12: 0
  13: 0
  14: 0
  15: 0
  16: 0
  17: 0
  18: 0
  19: 0
  20: 0
  21: 0
  22: 0
  23: 0
  24: 0
  25: 0
  26: 0
  27: 0
  28: 0
  29: 0
  30: 0
  31: 0
  32: 0
  33: 0
  34: 0
  35: 0
  36: 0
  37: 0
  38: 0
  39: 0
  40: 0
  41: 0
  42: 0
  43: 0
  44: 0
  45: 0
  46: 0
  47: 0
  48: 0
  49: 0
  50: 0
  51: 0
  52: 0
  53: 0
  54: 0
  55: 0
  56: 0
  57: 0
  58: 0
  59: 0
  60: 0
  61: 0
  62: 0
  63: 0
 heartbeats: # Per-process heartbeats
  0: 0
  1: 0
  2: 0
  3: 0
  4: 0
  5: 0
  6: 0
  7: 0
  8: 0
  9: 0
  10: 0
  11: 0
  12: 0
  13: 0
  14: 0
  15: 0
  16: 0
  17: 0
  18: 0
  19: 0
  20: 0
  21: 0
  22: 0
  23: 0
  24: 0
  25: 0
  26: 0
  27: 0
  28: 0
  29: 0
  30: 0
  31: 0
  32: 0
  33: 0
  34: 0
  35: 0
  36: 0
  37: 0
  38: 0
  39: 0
  40: 0
  41: 0
  42: 0
  43: 0
  44: 0
  45: 0
  46: 0
  47: 0
  48: 0
  49: 0
  50: 0
  51: 0
  52: 0
  53: 0
  54: 0
  55: 0
  56: 0
  57: 0
  58: 0
  59: 0
  60: 0
  61: 0
  62: 0
  63: 0
===
