# zsim stats
===
root: # Stats
 contention: # Contention simulation stats
  domain-0: # Domain stats
   time: 56041470 # Weave simulation time
 time: # Simulator time breakdown
  init: 706751701
  bound: 12264315034
  weave: 232896535
  ff: 1242365005
 trigger: 20000 # Reason for this stats dump
 phase: 6948 # Simulated phases
 westmere: # Core stats
  westmere-0: # Core stats
   cycles: 69471072 # Simulated unhalted cycles
   cCycles: 21399 # Cycles due to contention stalls
   instrs: 110657955 # Simulated instructions
   uops: 132873711 # Retired micro-ops
   bbls: 14844328 # Basic blocks
   approxInstrs: 1216404 # Instrs with approx uop decoding
   mispredBranches: 316828 # Mispredicted branches
   condBranches: 11486275 # conditional branches
  westmere-1: # Core stats
   cycles: 69470394 # Simulated unhalted cycles
   cCycles: 22268 # Cycles due to contention stalls
   instrs: 110652022 # Simulated instructions
   uops: 132866080 # Retired micro-ops
   bbls: 14843229 # Basic blocks
   approxInstrs: 1216342 # Instrs with approx uop decoding
   mispredBranches: 316771 # Mispredicted branches
   condBranches: 11485446 # conditional branches
  westmere-2: # Core stats
   cycles: 69472431 # Simulated unhalted cycles
   cCycles: 21432 # Cycles due to contention stalls
   instrs: 110655924 # Simulated instructions
   uops: 132871080 # Retired micro-ops
   bbls: 14844426 # Basic blocks
   approxInstrs: 1216355 # Instrs with approx uop decoding
   mispredBranches: 316864 # Mispredicted branches
   condBranches: 11486307 # conditional branches
  westmere-3: # Core stats
   cycles: 69460018 # Simulated unhalted cycles
   cCycles: 20815 # Cycles due to contention stalls
   instrs: 110652001 # Simulated instructions
   uops: 132866054 # Retired micro-ops
   bbls: 14843219 # Basic blocks
   approxInstrs: 1216340 # Instrs with approx uop decoding
   mispredBranches: 316769 # Mispredicted branches
   condBranches: 11485444 # conditional branches
  westmere-4: # Core stats
   cycles: 69459991 # Simulated unhalted cycles
   cCycles: 21547 # Cycles due to contention stalls
   instrs: 110652001 # Simulated instructions
   uops: 132866054 # Retired micro-ops
   bbls: 14843219 # Basic blocks
   approxInstrs: 1216340 # Instrs with approx uop decoding
   mispredBranches: 316769 # Mispredicted branches
   condBranches: 11485444 # conditional branches
  westmere-5: # Core stats
   cycles: 69459429 # Simulated unhalted cycles
   cCycles: 22285 # Cycles due to contention stalls
   instrs: 110652008 # Simulated instructions
   uops: 132866058 # Retired micro-ops
   bbls: 14843222 # Basic blocks
   approxInstrs: 1216340 # Instrs with approx uop decoding
   mispredBranches: 316768 # Mispredicted branches
   condBranches: 11485444 # conditional branches
  westmere-6: # Core stats
   cycles: 69458699 # Simulated unhalted cycles
   cCycles: 21358 # Cycles due to contention stalls
   instrs: 110652001 # Simulated instructions
   uops: 132866054 # Retired micro-ops
   bbls: 14843219 # Basic blocks
   approxInstrs: 1216340 # Instrs with approx uop decoding
   mispredBranches: 316769 # Mispredicted branches
   condBranches: 11485444 # conditional branches
  westmere-7: # Core stats
   cycles: 69459564 # Simulated unhalted cycles
   cCycles: 22976 # Cycles due to contention stalls
   instrs: 110651984 # Simulated instructions
   uops: 132866020 # Retired micro-ops
   bbls: 14843220 # Basic blocks
   approxInstrs: 1216340 # Instrs with approx uop decoding
   mispredBranches: 316767 # Mispredicted branches
   condBranches: 11485443 # conditional branches
 l1i: # Cache stats
  l1i-0: # Filter cache stats
   fhGETS: 19828664 # Filtered GETS hits
   fhGETX: 0 # Filtered GETX hits
   hGETS: 216237 # GETS hits
   hGETX: 0 # GETX hits
   mGETS: 8355 # GETS misses
   mGETXIM: 0 # GETX I->M misses
   mGETXSM: 0 # GETX S->M misses (upgrade misses)
   PUTS: 0 # Clean evictions (from lower level)
   PUTX: 0 # Dirty evictions (from lower level)
   INV: 0 # Invalidates (from upper level)
   INVX: 0 # Downgrades (from upper level)
   FWD: 0 # Forwards (from upper level)
   latGETnl: 82479 # GET request latency on next level
   latGETnet: 0 # GET request latency on network to next level
  l1i-1: # Filter cache stats
   fhGETS: 19827432 # Filtered GETS hits
   fhGETX: 0 # Filtered GETX hits
   hGETS: 216100 # GETS hits
   hGETX: 0 # GETX hits
   mGETS: 8288 # GETS misses
   mGETXIM: 0 # GETX I->M misses
   mGETXSM: 0 # GETX S->M misses (upgrade misses)
   PUTS: 0 # Clean evictions (from lower level)
   PUTX: 0 # Dirty evictions (from lower level)
   INV: 0 # Invalidates (from upper level)
   INVX: 0 # Downgrades (from upper level)
   FWD: 0 # Forwards (from upper level)
   latGETnl: 88058 # GET request latency on next level
   latGETnet: 0 # GET request latency on network to next level
  l1i-2: # Filter cache stats
   fhGETS: 19828790 # Filtered GETS hits
   fhGETX: 0 # Filtered GETX hits
   hGETS: 216230 # GETS hits
   hGETX: 0 # GETX hits
   mGETS: 8392 # GETS misses
   mGETXIM: 0 # GETX I->M misses
   mGETXSM: 0 # GETX S->M misses (upgrade misses)
   PUTS: 0 # Clean evictions (from lower level)
   PUTX: 0 # Dirty evictions (from lower level)
   INV: 0 # Invalidates (from upper level)
   INVX: 0 # Downgrades (from upper level)
   FWD: 0 # Forwards (from upper level)
   latGETnl: 88543 # GET request latency on next level
   latGETnet: 0 # GET request latency on network to next level
  l1i-3: # Filter cache stats
   fhGETS: 19827484 # Filtered GETS hits
   fhGETX: 0 # Filtered GETX hits
   hGETS: 216101 # GETS hits
   hGETX: 0 # GETX hits
   mGETS: 8290 # GETS misses
   mGETXIM: 0 # GETX I->M misses
   mGETXSM: 0 # GETX S->M misses (upgrade misses)
   PUTS: 0 # Clean evictions (from lower level)
   PUTX: 0 # Dirty evictions (from lower level)
   INV: 0 # Invalidates (from upper level)
   INVX: 0 # Downgrades (from upper level)
   FWD: 0 # Forwards (from upper level)
   latGETnl: 74212 # GET request latency on next level
   latGETnet: 0 # GET request latency on network to next level
  l1i-4: # Filter cache stats
   fhGETS: 19827476 # Filtered GETS hits
   fhGETX: 0 # Filtered GETX hits
   hGETS: 216103 # GETS hits
   hGETX: 0 # GETX hits
   mGETS: 8292 # GETS misses
   mGETXIM: 0 # GETX I->M misses
   mGETXSM: 0 # GETX S->M misses (upgrade misses)
   PUTS: 0 # Clean evictions (from lower level)
   PUTX: 0 # Dirty evictions (from lower level)
   INV: 0 # Invalidates (from upper level)
   INVX: 0 # Downgrades (from upper level)
   FWD: 0 # Forwards (from upper level)
   latGETnl: 75180 # GET request latency on next level
   latGETnet: 0 # GET request latency on network to next level
  l1i-5: # Filter cache stats
   fhGETS: 19827470 # Filtered GETS hits
   fhGETX: 0 # Filtered GETX hits
   hGETS: 216104 # GETS hits
   hGETX: 0 # GETX hits
   mGETS: 8288 # GETS misses
   mGETXIM: 0 # GETX I->M misses
   mGETXSM: 0 # GETX S->M misses (upgrade misses)
   PUTS: 0 # Clean evictions (from lower level)
   PUTX: 0 # Dirty evictions (from lower level)
   INV: 0 # Invalidates (from upper level)
   INVX: 0 # Downgrades (from upper level)
   FWD: 0 # Forwards (from upper level)
   latGETnl: 74738 # GET request latency on next level
   latGETnet: 0 # GET request latency on network to next level
  l1i-6: # Filter cache stats
   fhGETS: 19827480 # Filtered GETS hits
   fhGETX: 0 # Filtered GETX hits
   hGETS: 216101 # GETS hits
   hGETX: 0 # GETX hits
   mGETS: 8290 # GETS misses
   mGETXIM: 0 # GETX I->M misses
   mGETXSM: 0 # GETX S->M misses (upgrade misses)
   PUTS: 0 # Clean evictions (from lower level)
   PUTX: 0 # Dirty evictions (from lower level)
   INV: 0 # Invalidates (from upper level)
   INVX: 0 # Downgrades (from upper level)
   FWD: 0 # Forwards (from upper level)
   latGETnl: 75382 # GET request latency on next level
   latGETnet: 0 # GET request latency on network to next level
  l1i-7: # Filter cache stats
   fhGETS: 19827461 # Filtered GETS hits
   fhGETX: 0 # Filtered GETX hits
   hGETS: 216102 # GETS hits
   hGETX: 0 # GETX hits
   mGETS: 8282 # GETS misses
   mGETXIM: 0 # GETX I->M misses
   mGETXSM: 0 # GETX S->M misses (upgrade misses)
   PUTS: 0 # Clean evictions (from lower level)
   PUTX: 0 # Dirty evictions (from lower level)
   INV: 0 # Invalidates (from upper level)
   INVX: 0 # Downgrades (from upper level)
   FWD: 0 # Forwards (from upper level)
   latGETnl: 74714 # GET request latency on next level
   latGETnet: 0 # GET request latency on network to next level
 l1d: # Cache stats
  l1d-0: # Filter cache stats
   fhGETS: 27386880 # Filtered GETS hits
   fhGETX: 6660748 # Filtered GETX hits
   hGETS: 3076654 # GETS hits
   hGETX: 2140742 # GETX hits
   mGETS: 237477 # GETS misses
   mGETXIM: 197641 # GETX I->M misses
   mGETXSM: 18 # GETX S->M misses (upgrade misses)
   PUTS: 0 # Clean evictions (from lower level)
   PUTX: 0 # Dirty evictions (from lower level)
   INV: 50 # Invalidates (from upper level)
   INVX: 43 # Downgrades (from upper level)
   FWD: 0 # Forwards (from upper level)
   latGETnl: 3177618 # GET request latency on next level
   latGETnet: 0 # GET request latency on network to next level
  l1d-1: # Filter cache stats
   fhGETS: 28466113 # Filtered GETS hits
   fhGETX: 6716051 # Filtered GETX hits
   hGETS: 1996720 # GETS hits
   hGETX: 2086337 # GETX hits
   mGETS: 237045 # GETS misses
   mGETXIM: 195435 # GETX I->M misses
   mGETXSM: 9 # GETX S->M misses (upgrade misses)
   PUTS: 0 # Clean evictions (from lower level)
   PUTX: 0 # Dirty evictions (from lower level)
   INV: 21 # Invalidates (from upper level)
   INVX: 108 # Downgrades (from upper level)
   FWD: 0 # Forwards (from upper level)
   latGETnl: 3150495 # GET request latency on next level
   latGETnet: 0 # GET request latency on network to next level
  l1d-2: # Filter cache stats
   fhGETS: 28443081 # Filtered GETS hits
   fhGETX: 6715618 # Filtered GETX hits
   hGETS: 2020228 # GETS hits
   hGETX: 2086974 # GETX hits
   mGETS: 237652 # GETS misses
   mGETXIM: 195806 # GETX I->M misses
   mGETXSM: 36 # GETX S->M misses (upgrade misses)
   PUTS: 0 # Clean evictions (from lower level)
   PUTX: 0 # Dirty evictions (from lower level)
   INV: 13 # Invalidates (from upper level)
   INVX: 32 # Downgrades (from upper level)
   FWD: 0 # Forwards (from upper level)
   latGETnl: 3156038 # GET request latency on next level
   latGETnet: 0 # GET request latency on network to next level
  l1d-3: # Filter cache stats
   fhGETS: 27525164 # Filtered GETS hits
   fhGETX: 6659390 # Filtered GETX hits
   hGETS: 2937540 # GETS hits
   hGETX: 2141523 # GETX hits
   mGETS: 237172 # GETS misses
   mGETXIM: 196907 # GETX I->M misses
   mGETXSM: 11 # GETX S->M misses (upgrade misses)
   PUTS: 0 # Clean evictions (from lower level)
   PUTX: 0 # Dirty evictions (from lower level)
   INV: 18 # Invalidates (from upper level)
   INVX: 106 # Downgrades (from upper level)
   FWD: 0 # Forwards (from upper level)
   latGETnl: 3160908 # GET request latency on next level
   latGETnet: 0 # GET request latency on network to next level
  l1d-4: # Filter cache stats
   fhGETS: 28127014 # Filtered GETS hits
   fhGETX: 6718549 # Filtered GETX hits
   hGETS: 2335838 # GETS hits
   hGETX: 2082469 # GETX hits
   mGETS: 237024 # GETS misses
   mGETXIM: 196803 # GETX I->M misses
   mGETXSM: 10 # GETX S->M misses (upgrade misses)
   PUTS: 0 # Clean evictions (from lower level)
   PUTX: 0 # Dirty evictions (from lower level)
   INV: 20 # Invalidates (from upper level)
   INVX: 85 # Downgrades (from upper level)
   FWD: 0 # Forwards (from upper level)
   latGETnl: 3156733 # GET request latency on next level
   latGETnet: 0 # GET request latency on network to next level
  l1d-5: # Filter cache stats
   fhGETS: 28520783 # Filtered GETS hits
   fhGETX: 6721060 # Filtered GETX hits
   hGETS: 1942032 # GETS hits
   hGETX: 2079036 # GETX hits
   mGETS: 237061 # GETS misses
   mGETXIM: 197724 # GETX I->M misses
   mGETXSM: 11 # GETX S->M misses (upgrade misses)
   PUTS: 0 # Clean evictions (from lower level)
   PUTX: 0 # Dirty evictions (from lower level)
   INV: 18 # Invalidates (from upper level)
   INVX: 51 # Downgrades (from upper level)
   FWD: 0 # Forwards (from upper level)
   latGETnl: 3160460 # GET request latency on next level
   latGETnet: 0 # GET request latency on network to next level
  l1d-6: # Filter cache stats
   fhGETS: 28439224 # Filtered GETS hits
   fhGETX: 6717306 # Filtered GETX hits
   hGETS: 2023527 # GETS hits
   hGETX: 2084652 # GETX hits
   mGETS: 237125 # GETS misses
   mGETXIM: 195864 # GETX I->M misses
   mGETXSM: 9 # GETX S->M misses (upgrade misses)
   PUTS: 0 # Clean evictions (from lower level)
   PUTX: 0 # Dirty evictions (from lower level)
   INV: 15 # Invalidates (from upper level)
   INVX: 38 # Downgrades (from upper level)
   FWD: 0 # Forwards (from upper level)
   latGETnl: 3146611 # GET request latency on next level
   latGETnet: 0 # GET request latency on network to next level
  l1d-7: # Filter cache stats
   fhGETS: 28392644 # Filtered GETS hits
   fhGETX: 6717287 # Filtered GETX hits
   hGETS: 2069881 # GETS hits
   hGETX: 2085010 # GETX hits
   mGETS: 237345 # GETS misses
   mGETXIM: 195518 # GETX I->M misses
   mGETXSM: 8 # GETX S->M misses (upgrade misses)
   PUTS: 0 # Clean evictions (from lower level)
   PUTX: 0 # Dirty evictions (from lower level)
   INV: 13 # Invalidates (from upper level)
   INVX: 38 # Downgrades (from upper level)
   FWD: 0 # Forwards (from upper level)
   latGETnl: 3146202 # GET request latency on next level
   latGETnet: 0 # GET request latency on network to next level
 l2: # Cache stats
  l2-0: # Cache stats
   hGETS: 244757 # GETS hits
   hGETX: 196746 # GETX hits
   mGETS: 1075 # GETS misses
   mGETXIM: 895 # GETX I->M misses
   mGETXSM: 18 # GETX S->M misses (upgrade misses)
   PUTS: 210975 # Clean evictions (from lower level)
   PUTX: 231492 # Dirty evictions (from lower level)
   INV: 78 # Invalidates (from upper level)
   INVX: 87 # Downgrades (from upper level)
   FWD: 0 # Forwards (from upper level)
   latGETnl: 155660 # GET request latency on next level
   latGETnet: 0 # GET request latency on network to next level
  l2-1: # Cache stats
   hGETS: 244343 # GETS hits
   hGETX: 194665 # GETX hits
   mGETS: 990 # GETS misses
   mGETXIM: 770 # GETX I->M misses
   mGETXSM: 9 # GETX S->M misses (upgrade misses)
   PUTS: 210669 # Clean evictions (from lower level)
   PUTX: 229145 # Dirty evictions (from lower level)
   INV: 21 # Invalidates (from upper level)
   INVX: 108 # Downgrades (from upper level)
   FWD: 0 # Forwards (from upper level)
   latGETnl: 153114 # GET request latency on next level
   latGETnet: 0 # GET request latency on network to next level
  l2-2: # Cache stats
   hGETS: 244877 # GETS hits
   hGETX: 195022 # GETX hits
   mGETS: 1167 # GETS misses
   mGETXIM: 784 # GETX I->M misses
   mGETXSM: 36 # GETX S->M misses (upgrade misses)
   PUTS: 211456 # Clean evictions (from lower level)
   PUTX: 229408 # Dirty evictions (from lower level)
   INV: 13 # Invalidates (from upper level)
   INVX: 34 # Downgrades (from upper level)
   FWD: 0 # Forwards (from upper level)
   latGETnl: 151379 # GET request latency on next level
   latGETnet: 0 # GET request latency on network to next level
  l2-3: # Cache stats
   hGETS: 244474 # GETS hits
   hGETX: 196137 # GETX hits
   mGETS: 988 # GETS misses
   mGETXIM: 769 # GETX I->M misses
   mGETXSM: 12 # GETX S->M misses (upgrade misses)
   PUTS: 210880 # Clean evictions (from lower level)
   PUTX: 230540 # Dirty evictions (from lower level)
   INV: 18 # Invalidates (from upper level)
   INVX: 110 # Downgrades (from upper level)
   FWD: 0 # Forwards (from upper level)
   latGETnl: 138460 # GET request latency on next level
   latGETnet: 0 # GET request latency on network to next level
  l2-4: # Cache stats
   hGETS: 244326 # GETS hits
   hGETX: 196032 # GETX hits
   mGETS: 990 # GETS misses
   mGETXIM: 771 # GETX I->M misses
   mGETXSM: 10 # GETX S->M misses (upgrade misses)
   PUTS: 210534 # Clean evictions (from lower level)
   PUTX: 230634 # Dirty evictions (from lower level)
   INV: 20 # Invalidates (from upper level)
   INVX: 87 # Downgrades (from upper level)
   FWD: 0 # Forwards (from upper level)
   latGETnl: 137010 # GET request latency on next level
   latGETnet: 0 # GET request latency on network to next level
  l2-5: # Cache stats
   hGETS: 244361 # GETS hits
   hGETX: 196955 # GETX hits
   mGETS: 988 # GETS misses
   mGETXIM: 769 # GETX I->M misses
   mGETXSM: 11 # GETX S->M misses (upgrade misses)
   PUTS: 210517 # Clean evictions (from lower level)
   PUTX: 231607 # Dirty evictions (from lower level)
   INV: 18 # Invalidates (from upper level)
   INVX: 53 # Downgrades (from upper level)
   FWD: 0 # Forwards (from upper level)
   latGETnl: 133610 # GET request latency on next level
   latGETnet: 0 # GET request latency on network to next level
  l2-6: # Cache stats
   hGETS: 244429 # GETS hits
   hGETX: 195095 # GETX hits
   mGETS: 986 # GETS misses
   mGETXIM: 769 # GETX I->M misses
   mGETXSM: 9 # GETX S->M misses (upgrade misses)
   PUTS: 210759 # Clean evictions (from lower level)
   PUTX: 229573 # Dirty evictions (from lower level)
   INV: 15 # Invalidates (from upper level)
   INVX: 40 # Downgrades (from upper level)
   FWD: 0 # Forwards (from upper level)
   latGETnl: 132977 # GET request latency on next level
   latGETnet: 0 # GET request latency on network to next level
  l2-7: # Cache stats
   hGETS: 244648 # GETS hits
   hGETX: 194750 # GETX hits
   mGETS: 979 # GETS misses
   mGETXIM: 768 # GETX I->M misses
   mGETXSM: 8 # GETX S->M misses (upgrade misses)
   PUTS: 211124 # Clean evictions (from lower level)
   PUTX: 229079 # Dirty evictions (from lower level)
   INV: 13 # Invalidates (from upper level)
   INVX: 40 # Downgrades (from upper level)
   FWD: 0 # Forwards (from upper level)
   latGETnl: 132845 # GET request latency on next level
   latGETnet: 0 # GET request latency on network to next level
 l3: # Cache stats
  l3-0b0: # Cache stats
   hGETS: 800 # GETS hits
   hGETX: 14 # GETX hits
   mGETS: 248 # GETS misses
   mGETXIM: 774 # GETX I->M misses
   mGETXSM: 0 # GETX S->M misses (upgrade misses)
   PUTS: 0 # Clean evictions (from lower level)
   PUTX: 0 # Dirty evictions (from lower level)
   INV: 0 # Invalidates (from upper level)
   INVX: 0 # Downgrades (from upper level)
   FWD: 0 # Forwards (from upper level)
   latGETnl: 91980 # GET request latency on next level
   latGETnet: 0 # GET request latency on network to next level
  l3-0b1: # Cache stats
   hGETS: 779 # GETS hits
   hGETX: 16 # GETX hits
   mGETS: 242 # GETS misses
   mGETXIM: 776 # GETX I->M misses
   mGETXSM: 0 # GETX S->M misses (upgrade misses)
   PUTS: 0 # Clean evictions (from lower level)
   PUTX: 0 # Dirty evictions (from lower level)
   INV: 0 # Invalidates (from upper level)
   INVX: 0 # Downgrades (from upper level)
   FWD: 0 # Forwards (from upper level)
   latGETnl: 91620 # GET request latency on next level
   latGETnet: 0 # GET request latency on network to next level
  l3-0b2: # Cache stats
   hGETS: 785 # GETS hits
   hGETX: 8 # GETX hits
   mGETS: 232 # GETS misses
   mGETXIM: 790 # GETX I->M misses
   mGETXSM: 0 # GETX S->M misses (upgrade misses)
   PUTS: 0 # Clean evictions (from lower level)
   PUTX: 0 # Dirty evictions (from lower level)
   INV: 0 # Invalidates (from upper level)
   INVX: 0 # Downgrades (from upper level)
   FWD: 0 # Forwards (from upper level)
   latGETnl: 91980 # GET request latency on next level
   latGETnet: 0 # GET request latency on network to next level
  l3-0b3: # Cache stats
   hGETS: 756 # GETS hits
   hGETX: 18 # GETX hits
   mGETS: 244 # GETS misses
   mGETXIM: 777 # GETX I->M misses
   mGETXSM: 0 # GETX S->M misses (upgrade misses)
   PUTS: 0 # Clean evictions (from lower level)
   PUTX: 0 # Dirty evictions (from lower level)
   INV: 0 # Invalidates (from upper level)
   INVX: 0 # Downgrades (from upper level)
   FWD: 0 # Forwards (from upper level)
   latGETnl: 91890 # GET request latency on next level
   latGETnet: 0 # GET request latency on network to next level
  l3-0b4: # Cache stats
   hGETS: 763 # GETS hits
   hGETX: 12 # GETX hits
   mGETS: 226 # GETS misses
   mGETXIM: 796 # GETX I->M misses
   mGETXSM: 0 # GETX S->M misses (upgrade misses)
   PUTS: 0 # Clean evictions (from lower level)
   PUTX: 0 # Dirty evictions (from lower level)
   INV: 0 # Invalidates (from upper level)
   INVX: 0 # Downgrades (from upper level)
   FWD: 0 # Forwards (from upper level)
   latGETnl: 91980 # GET request latency on next level
   latGETnet: 0 # GET request latency on network to next level
  l3-0b5: # Cache stats
   hGETS: 757 # GETS hits
   hGETX: 27 # GETX hits
   mGETS: 242 # GETS misses
   mGETXIM: 769 # GETX I->M misses
   mGETXSM: 0 # GETX S->M misses (upgrade misses)
   PUTS: 0 # Clean evictions (from lower level)
   PUTX: 0 # Dirty evictions (from lower level)
   INV: 0 # Invalidates (from upper level)
   INVX: 0 # Downgrades (from upper level)
   FWD: 0 # Forwards (from upper level)
   latGETnl: 90990 # GET request latency on next level
   latGETnet: 0 # GET request latency on network to next level
  l3-0b6: # Cache stats
   hGETS: 831 # GETS hits
   hGETX: 42 # GETX hits
   mGETS: 238 # GETS misses
   mGETXIM: 788 # GETX I->M misses
   mGETXSM: 0 # GETX S->M misses (upgrade misses)
   PUTS: 0 # Clean evictions (from lower level)
   PUTX: 0 # Dirty evictions (from lower level)
   INV: 0 # Invalidates (from upper level)
   INVX: 0 # Downgrades (from upper level)
   FWD: 0 # Forwards (from upper level)
   latGETnl: 92340 # GET request latency on next level
   latGETnet: 0 # GET request latency on network to next level
  l3-0b7: # Cache stats
   hGETS: 781 # GETS hits
   hGETX: 26 # GETX hits
   mGETS: 239 # GETS misses
   mGETXIM: 775 # GETX I->M misses
   mGETXSM: 0 # GETX S->M misses (upgrade misses)
   PUTS: 0 # Clean evictions (from lower level)
   PUTX: 0 # Dirty evictions (from lower level)
   INV: 0 # Invalidates (from upper level)
   INVX: 0 # Downgrades (from upper level)
   FWD: 0 # Forwards (from upper level)
   latGETnl: 91260 # GET request latency on next level
   latGETnet: 0 # GET request latency on network to next level
 mem: # Memory controller stats
  mem-0: # Memory controller stats
   rd: 2028 # Read requests
   wr: 0 # Write requests
   rdlat: 476679 # Total latency experienced by read requests
   wrlat: 0 # Total latency experienced by write requests
   rdhits: 243 # Read row hits
   wrhits: 0 # Write row hits
   mlh: # latency histogram for memory requests
    0: 0
    1: 0
    2: 0
    3: 0
    4: 0
    5: 0
    6: 0
    7: 0
    8: 0
    9: 0
    10: 0
    11: 5
    12: 15
    13: 1156
    14: 146
    15: 48
    16: 42
    17: 17
    18: 18
    19: 16
    20: 19
    21: 20
    22: 24
    23: 13
    24: 19
    25: 19
    26: 23
    27: 6
    28: 6
    29: 12
    30: 19
    31: 13
    32: 16
    33: 16
    34: 11
    35: 5
    36: 8
    37: 8
    38: 10
    39: 7
    40: 4
    41: 0
    42: 4
    43: 4
    44: 3
    45: 3
    46: 3
    47: 7
    48: 5
    49: 4
    50: 5
    51: 4
    52: 3
    53: 5
    54: 2
    55: 3
    56: 4
    57: 4
    58: 3
    59: 6
    60: 4
    61: 5
    62: 2
    63: 5
    64: 7
    65: 9
    66: 5
    67: 9
    68: 5
    69: 13
    70: 14
    71: 12
    72: 7
    73: 9
    74: 15
    75: 11
    76: 8
    77: 10
    78: 6
    79: 6
    80: 6
    81: 4
    82: 7
    83: 5
    84: 6
    85: 1
    86: 1
    87: 3
    88: 3
    89: 4
    90: 1
    91: 0
    92: 2
    93: 2
    94: 1
    95: 1
    96: 3
    97: 0
    98: 1
    99: 2
  mem-1: # Memory controller stats
   rd: 2031 # Read requests
   wr: 0 # Write requests
   rdlat: 420471 # Total latency experienced by read requests
   wrlat: 0 # Total latency experienced by write requests
   rdhits: 218 # Read row hits
   wrhits: 0 # Write row hits
   mlh: # latency histogram for memory requests
    0: 0
    1: 0
    2: 0
    3: 0
    4: 0
    5: 0
    6: 0
    7: 0
    8: 0
    9: 0
    10: 0
    11: 7
    12: 10
    13: 1202
    14: 135
    15: 48
    16: 51
    17: 35
    18: 30
    19: 20
    20: 30
    21: 26
    22: 19
    23: 15
    24: 28
    25: 20
    26: 19
    27: 14
    28: 9
    29: 7
    30: 14
    31: 10
    32: 10
    33: 6
    34: 2
    35: 6
    36: 5
    37: 7
    38: 7
    39: 5
    40: 12
    41: 7
    42: 7
    43: 6
    44: 5
    45: 6
    46: 9
    47: 8
    48: 9
    49: 7
    50: 5
    51: 3
    52: 2
    53: 7
    54: 7
    55: 9
    56: 6
    57: 2
    58: 3
    59: 6
    60: 5
    61: 8
    62: 4
    63: 3
    64: 9
    65: 3
    66: 9
    67: 3
    68: 1
    69: 2
    70: 2
    71: 1
    72: 3
    73: 6
    74: 8
    75: 10
    76: 5
    77: 5
    78: 3
    79: 3
    80: 0
    81: 3
    82: 2
    83: 0
    84: 1
    85: 1
    86: 2
    87: 0
    88: 0
    89: 0
    90: 1
    91: 0
    92: 1
    93: 0
    94: 0
    95: 0
    96: 0
    97: 1
    98: 0
    99: 3
  mem-2: # Memory controller stats
   rd: 2007 # Read requests
   wr: 0 # Write requests
   rdlat: 443455 # Total latency experienced by read requests
   wrlat: 0 # Total latency experienced by write requests
   rdhits: 242 # Read row hits
   wrhits: 0 # Write row hits
   mlh: # latency histogram for memory requests
    0: 0
    1: 0
    2: 0
    3: 0
    4: 0
    5: 0
    6: 0
    7: 0
    8: 0
    9: 0
    10: 0
    11: 6
    12: 13
    13: 1135
    14: 150
    15: 59
    16: 50
    17: 26
    18: 21
    19: 17
    20: 20
    21: 23
    22: 20
    23: 22
    24: 14
    25: 13
    26: 17
    27: 18
    28: 10
    29: 11
    30: 12
    31: 9
    32: 17
    33: 6
    34: 12
    35: 7
    36: 6
    37: 10
    38: 7
    39: 5
    40: 2
    41: 4
    42: 3
    43: 6
    44: 1
    45: 3
    46: 5
    47: 7
    48: 1
    49: 3
    50: 4
    51: 3
    52: 7
    53: 4
    54: 7
    55: 4
    56: 6
    57: 13
    58: 11
    59: 17
    60: 18
    61: 11
    62: 14
    63: 11
    64: 8
    65: 3
    66: 12
    67: 9
    68: 10
    69: 10
    70: 9
    71: 4
    72: 5
    73: 3
    74: 2
    75: 1
    76: 4
    77: 3
    78: 3
    79: 3
    80: 3
    81: 2
    82: 2
    83: 0
    84: 1
    85: 3
    86: 0
    87: 0
    88: 1
    89: 2
    90: 1
    91: 0
    92: 1
    93: 0
    94: 0
    95: 0
    96: 0
    97: 1
    98: 0
    99: 0
  mem-3: # Memory controller stats
   rd: 2020 # Read requests
   wr: 0 # Write requests
   rdlat: 392291 # Total latency experienced by read requests
   wrlat: 0 # Total latency experienced by write requests
   rdhits: 203 # Read row hits
   wrhits: 0 # Write row hits
   mlh: # latency histogram for memory requests
    0: 0
    1: 0
    2: 0
    3: 0
    4: 0
    5: 0
    6: 0
    7: 0
    8: 0
    9: 0
    10: 0
    11: 3
    12: 14
    13: 1175
    14: 157
    15: 52
    16: 50
    17: 30
    18: 26
    19: 33
    20: 30
    21: 23
    22: 29
    23: 19
    24: 32
    25: 23
    26: 22
    27: 18
    28: 13
    29: 9
    30: 19
    31: 13
    32: 13
    33: 9
    34: 8
    35: 6
    36: 8
    37: 7
    38: 7
    39: 9
    40: 6
    41: 4
    42: 12
    43: 3
    44: 4
    45: 6
    46: 6
    47: 7
    48: 3
    49: 2
    50: 2
    51: 1
    52: 6
    53: 4
    54: 3
    55: 7
    56: 7
    57: 8
    58: 5
    59: 3
    60: 4
    61: 2
    62: 1
    63: 2
    64: 3
    65: 3
    66: 10
    67: 4
    68: 3
    69: 4
    70: 3
    71: 4
    72: 6
    73: 4
    74: 3
    75: 0
    76: 3
    77: 1
    78: 1
    79: 0
    80: 0
    81: 1
    82: 0
    83: 0
    84: 0
    85: 1
    86: 0
    87: 0
    88: 1
    89: 0
    90: 0
    91: 0
    92: 0
    93: 0
    94: 0
    95: 0
    96: 0
    97: 0
    98: 0
    99: 0
 sched: # Scheduler stats
  thCr: 9 # Threads created
  thFn: 9 # Threads finished
  schedEvs: 10 # Schedule events
  waitEvs: 1 # Wait events
  handoffEvs: 0 # Handoff events
  sleepEvs: 0 # Sleep events
  idlePhases: 0 # Phases with no thread active
  idlePeriods: 0 # Periods with no thread active
  occHist: # Occupancy histogram
   0: 0
   1: 1
   2: 1
   3: 1
   4: 0
   5: 0
   6: 0
   7: 0
   8: 6945
  rqSzHist: # Run queue size histogram
   0: 6947
   1: 1
   2: 0
   3: 0
   4: 0
   5: 0
   6: 0
   7: 0
   8: 0
   9: 0
   10: 0
   11: 0
   12: 0
   13: 0
   14: 0
   15: 0
   16: 0
 procCycles: # Per-process unhalted core cycles
  0: 555711119
  1: 0
  2: 0
  3: 0
  4: 0
  5: 0
  6: 0
  7: 0
  8: 0
  9: 0
  10: 0
  11: 0
  12: 0
  13: 0
  14: 0
  15: 0
  16: 0
  17: 0
  18: 0
  19: 0
  20: 0
  21: 0
  22: 0
  23: 0
  24: 0
  25: 0
  26: 0
  27: 0
  28: 0
  29: 0
  30: 0
  31: 0
  32: 0
  33: 0
  34: 0
  35: 0
  36: 0
  37: 0
  38: 0
  39: 0
  40: 0
  41: 0
  42: 0
  43: 0
  44: 0
  45: 0
  46: 0
  47: 0
  48: 0
  49: 0
  50: 0
  51: 0
  52: 0
  53: 0
  54: 0
  55: 0
  56: 0
  57: 0
  58: 0
  59: 0
  60: 0
  61: 0
  62: 0
  63: 0
 procInstrs: # Per-process instructions
  0: 885225896
  1: 0
  2: 0
  3: 0
  4: 0
  5: 0
  6: 0
  7: 0
  8: 0
  9: 0
  10: 0
  11: 0
  12: 0
  13: 0
  14: 0
  15: 0
  16: 0
  17: 0
  18: 0
  19: 0
  20: 0
  21: 0
  22: 0
  23: 0
  24: 0
  25: 0
  26: 0
  27: 0
  28: 0
  29: 0
  30: 0
  31: 0
  32: 0
  33: 0
  34: 0
  35: 0
  36: 0
  37: 0
  38: 0
  39: 0
  40: 0
  41: 0
  42: 0
  43: 0
  44: 0
  45: 0
  46: 0
  47: 0
  48: 0
  49: 0
  50: 0
  51: 0
  52: 0
  53: 0
  54: 0
  55: 0
  56: 0
  57: 0
  58: 0
  59: 0
  60: 0
  61: 0
  62: 0
  63: 0
 heartbeats: # Per-process heartbeats
  0: 0
  1: 0
  2: 0
  3: 0
  4: 0
  5: 0
  6: 0
  7: 0
  8: 0
  9: 0
  10: 0
  11: 0
  12: 0
  13: 0
  14: 0
  15: 0
  16: 0
  17: 0
  18: 0
  19: 0
  20: 0
  21: 0
  22: 0
  23: 0
  24: 0
  25: 0
  26: 0
  27: 0
  28: 0
  29: 0
  30: 0
  31: 0
  32: 0
  33: 0
  34: 0
  35: 0
  36: 0
  37: 0
  38: 0
  39: 0
  40: 0
  41: 0
  42: 0
  43: 0
  44: 0
  45: 0
  46: 0
  47: 0
  48: 0
  49: 0
  50: 0
  51: 0
  52: 0
  53: 0
  54: 0
  55: 0
  56: 0
  57: 0
  58: 0
  59: 0
  60: 0
  61: 0
  62: 0
  63: 0
===
