# zsim stats
===
root: # Stats
 contention: # Contention simulation stats
  domain-0: # Domain stats
   time: 38305564041 # Weave simulation time
 time: # Simulator time breakdown
  init: 126763264353
  bound: 424004246557
  weave: 78406887671
  ff: 7429678576
 trigger: 20000 # Reason for this stats dump
 phase: 61960 # Simulated phases
 westmere: # Core stats
  westmere-0: # Core stats
   cycles: 610555420 # Simulated unhalted cycles
   cCycles: 116843626 # Cycles due to contention stalls
   instrs: 215365155 # Simulated instructions
   uops: 272282581 # Retired micro-ops
   bbls: 21790690 # Basic blocks
   approxInstrs: 15804457 # Instrs with approx uop decoding
   mispredBranches: 798321 # Mispredicted branches
   condBranches: 13970828 # conditional branches
  westmere-1: # Core stats
   cycles: 609685548 # Simulated unhalted cycles
   cCycles: 116758127 # Cycles due to contention stalls
   instrs: 215158585 # Simulated instructions
   uops: 271983414 # Retired micro-ops
   bbls: 21783507 # Basic blocks
   approxInstrs: 15772593 # Instrs with approx uop decoding
   mispredBranches: 796968 # Mispredicted branches
   condBranches: 13965828 # conditional branches
  westmere-2: # Core stats
   cycles: 610568520 # Simulated unhalted cycles
   cCycles: 116973750 # Cycles due to contention stalls
   instrs: 215250562 # Simulated instructions
   uops: 272130437 # Retired micro-ops
   bbls: 21784582 # Basic blocks
   approxInstrs: 15793438 # Instrs with approx uop decoding
   mispredBranches: 799049 # Mispredicted branches
   condBranches: 13967016 # conditional branches
  westmere-3: # Core stats
   cycles: 610368983 # Simulated unhalted cycles
   cCycles: 116835676 # Cycles due to contention stalls
   instrs: 215284353 # Simulated instructions
   uops: 272174653 # Retired micro-ops
   bbls: 21784353 # Basic blocks
   approxInstrs: 15794579 # Instrs with approx uop decoding
   mispredBranches: 798780 # Mispredicted branches
   condBranches: 13966580 # conditional branches
  westmere-4: # Core stats
   cycles: 611032258 # Simulated unhalted cycles
   cCycles: 116937778 # Cycles due to contention stalls
   instrs: 215505328 # Simulated instructions
   uops: 272455427 # Retired micro-ops
   bbls: 21804765 # Basic blocks
   approxInstrs: 15816473 # Instrs with approx uop decoding
   mispredBranches: 799791 # Mispredicted branches
   condBranches: 13980711 # conditional branches
  westmere-5: # Core stats
   cycles: 609951446 # Simulated unhalted cycles
   cCycles: 116750454 # Cycles due to contention stalls
   instrs: 215165780 # Simulated instructions
   uops: 272027804 # Retired micro-ops
   bbls: 21776610 # Basic blocks
   approxInstrs: 15785277 # Instrs with approx uop decoding
   mispredBranches: 799218 # Mispredicted branches
   condBranches: 13960225 # conditional branches
  westmere-6: # Core stats
   cycles: 609757499 # Simulated unhalted cycles
   cCycles: 116760152 # Cycles due to contention stalls
   instrs: 215158490 # Simulated instructions
   uops: 272008340 # Retired micro-ops
   bbls: 21780438 # Basic blocks
   approxInstrs: 15779348 # Instrs with approx uop decoding
   mispredBranches: 799478 # Mispredicted branches
   condBranches: 13962713 # conditional branches
  westmere-7: # Core stats
   cycles: 609738777 # Simulated unhalted cycles
   cCycles: 116785345 # Cycles due to contention stalls
   instrs: 215073637 # Simulated instructions
   uops: 271906278 # Retired micro-ops
   bbls: 21772753 # Basic blocks
   approxInstrs: 15773435 # Instrs with approx uop decoding
   mispredBranches: 798654 # Mispredicted branches
   condBranches: 13958163 # conditional branches
 l1i: # Cache stats
  l1i-0: # Filter cache stats
   fhGETS: 30438078 # Filtered GETS hits
   fhGETX: 0 # Filtered GETX hits
   hGETS: 524113 # GETS hits
   hGETX: 0 # GETX hits
   mGETS: 10201 # GETS misses
   mGETXIM: 0 # GETX I->M misses
   mGETXSM: 0 # GETX S->M misses (upgrade misses)
   PUTS: 0 # Clean evictions (from lower level)
   PUTX: 0 # Dirty evictions (from lower level)
   INV: 9926 # Invalidates (from upper level)
   INVX: 0 # Downgrades (from upper level)
   FWD: 0 # Forwards (from upper level)
   latGETnl: 480910 # GET request latency on next level
   latGETnet: 0 # GET request latency on network to next level
  l1i-1: # Filter cache stats
   fhGETS: 30421752 # Filtered GETS hits
   fhGETX: 0 # Filtered GETX hits
   hGETS: 523351 # GETS hits
   hGETX: 0 # GETX hits
   mGETS: 10141 # GETS misses
   mGETXIM: 0 # GETX I->M misses
   mGETXSM: 0 # GETX S->M misses (upgrade misses)
   PUTS: 0 # Clean evictions (from lower level)
   PUTX: 0 # Dirty evictions (from lower level)
   INV: 9981 # Invalidates (from upper level)
   INVX: 0 # Downgrades (from upper level)
   FWD: 0 # Forwards (from upper level)
   latGETnl: 473044 # GET request latency on next level
   latGETnet: 0 # GET request latency on network to next level
  l1i-2: # Filter cache stats
   fhGETS: 30434499 # Filtered GETS hits
   fhGETX: 0 # Filtered GETX hits
   hGETS: 523282 # GETS hits
   hGETX: 0 # GETX hits
   mGETS: 10165 # GETS misses
   mGETXIM: 0 # GETX I->M misses
   mGETXSM: 0 # GETX S->M misses (upgrade misses)
   PUTS: 0 # Clean evictions (from lower level)
   PUTX: 0 # Dirty evictions (from lower level)
   INV: 10016 # Invalidates (from upper level)
   INVX: 0 # Downgrades (from upper level)
   FWD: 0 # Forwards (from upper level)
   latGETnl: 467200 # GET request latency on next level
   latGETnet: 0 # GET request latency on network to next level
  l1i-3: # Filter cache stats
   fhGETS: 30435243 # Filtered GETS hits
   fhGETX: 0 # Filtered GETX hits
   hGETS: 523170 # GETS hits
   hGETX: 0 # GETX hits
   mGETS: 10009 # GETS misses
   mGETXIM: 0 # GETX I->M misses
   mGETXSM: 0 # GETX S->M misses (upgrade misses)
   PUTS: 0 # Clean evictions (from lower level)
   PUTX: 0 # Dirty evictions (from lower level)
   INV: 9857 # Invalidates (from upper level)
   INVX: 0 # Downgrades (from upper level)
   FWD: 0 # Forwards (from upper level)
   latGETnl: 453616 # GET request latency on next level
   latGETnet: 0 # GET request latency on network to next level
  l1i-4: # Filter cache stats
   fhGETS: 30465136 # Filtered GETS hits
   fhGETX: 0 # Filtered GETX hits
   hGETS: 523825 # GETS hits
   hGETX: 0 # GETX hits
   mGETS: 10130 # GETS misses
   mGETXIM: 0 # GETX I->M misses
   mGETXSM: 0 # GETX S->M misses (upgrade misses)
   PUTS: 0 # Clean evictions (from lower level)
   PUTX: 0 # Dirty evictions (from lower level)
   INV: 9977 # Invalidates (from upper level)
   INVX: 0 # Downgrades (from upper level)
   FWD: 0 # Forwards (from upper level)
   latGETnl: 461780 # GET request latency on next level
   latGETnet: 0 # GET request latency on network to next level
  l1i-5: # Filter cache stats
   fhGETS: 30425116 # Filtered GETS hits
   fhGETX: 0 # Filtered GETX hits
   hGETS: 523007 # GETS hits
   hGETX: 0 # GETX hits
   mGETS: 9996 # GETS misses
   mGETXIM: 0 # GETX I->M misses
   mGETXSM: 0 # GETX S->M misses (upgrade misses)
   PUTS: 0 # Clean evictions (from lower level)
   PUTX: 0 # Dirty evictions (from lower level)
   INV: 9846 # Invalidates (from upper level)
   INVX: 0 # Downgrades (from upper level)
   FWD: 0 # Forwards (from upper level)
   latGETnl: 460104 # GET request latency on next level
   latGETnet: 0 # GET request latency on network to next level
  l1i-6: # Filter cache stats
   fhGETS: 30429629 # Filtered GETS hits
   fhGETX: 0 # Filtered GETX hits
   hGETS: 523907 # GETS hits
   hGETX: 0 # GETX hits
   mGETS: 10132 # GETS misses
   mGETXIM: 0 # GETX I->M misses
   mGETXSM: 0 # GETX S->M misses (upgrade misses)
   PUTS: 0 # Clean evictions (from lower level)
   PUTX: 0 # Dirty evictions (from lower level)
   INV: 9969 # Invalidates (from upper level)
   INVX: 0 # Downgrades (from upper level)
   FWD: 0 # Forwards (from upper level)
   latGETnl: 461668 # GET request latency on next level
   latGETnet: 0 # GET request latency on network to next level
  l1i-7: # Filter cache stats
   fhGETS: 30416911 # Filtered GETS hits
   fhGETX: 0 # Filtered GETX hits
   hGETS: 522926 # GETS hits
   hGETX: 0 # GETX hits
   mGETS: 10104 # GETS misses
   mGETXIM: 0 # GETX I->M misses
   mGETXSM: 0 # GETX S->M misses (upgrade misses)
   PUTS: 0 # Clean evictions (from lower level)
   PUTX: 0 # Dirty evictions (from lower level)
   INV: 9955 # Invalidates (from upper level)
   INVX: 0 # Downgrades (from upper level)
   FWD: 0 # Forwards (from upper level)
   latGETnl: 461886 # GET request latency on next level
   latGETnet: 0 # GET request latency on network to next level
 l1d: # Cache stats
  l1d-0: # Filter cache stats
   fhGETS: 45347877 # Filtered GETS hits
   fhGETX: 10202662 # Filtered GETX hits
   hGETS: 6569118 # GETS hits
   hGETX: 4254219 # GETX hits
   mGETS: 4697104 # GETS misses
   mGETXIM: 816 # GETX I->M misses
   mGETXSM: 60037 # GETX S->M misses (upgrade misses)
   PUTS: 0 # Clean evictions (from lower level)
   PUTX: 0 # Dirty evictions (from lower level)
   INV: 18170 # Invalidates (from upper level)
   INVX: 45223 # Downgrades (from upper level)
   FWD: 0 # Forwards (from upper level)
   latGETnl: 392073880 # GET request latency on next level
   latGETnet: 0 # GET request latency on network to next level
  l1d-1: # Filter cache stats
   fhGETS: 45266108 # Filtered GETS hits
   fhGETX: 10206845 # Filtered GETX hits
   hGETS: 6582752 # GETS hits
   hGETX: 4249934 # GETX hits
   mGETS: 4688024 # GETS misses
   mGETXIM: 721 # GETX I->M misses
   mGETXSM: 59651 # GETX S->M misses (upgrade misses)
   PUTS: 0 # Clean evictions (from lower level)
   PUTX: 0 # Dirty evictions (from lower level)
   INV: 18269 # Invalidates (from upper level)
   INVX: 45245 # Downgrades (from upper level)
   FWD: 0 # Forwards (from upper level)
   latGETnl: 391478458 # GET request latency on next level
   latGETnet: 0 # GET request latency on network to next level
  l1d-2: # Filter cache stats
   fhGETS: 45291599 # Filtered GETS hits
   fhGETX: 10197698 # Filtered GETX hits
   hGETS: 6594975 # GETS hits
   hGETX: 4254333 # GETX hits
   mGETS: 4694797 # GETS misses
   mGETXIM: 779 # GETX I->M misses
   mGETXSM: 59206 # GETX S->M misses (upgrade misses)
   PUTS: 0 # Clean evictions (from lower level)
   PUTX: 0 # Dirty evictions (from lower level)
   INV: 18297 # Invalidates (from upper level)
   INVX: 45459 # Downgrades (from upper level)
   FWD: 0 # Forwards (from upper level)
   latGETnl: 392035834 # GET request latency on next level
   latGETnet: 0 # GET request latency on network to next level
  l1d-3: # Filter cache stats
   fhGETS: 45306541 # Filtered GETS hits
   fhGETX: 10203173 # Filtered GETX hits
   hGETS: 6585333 # GETS hits
   hGETX: 4252183 # GETX hits
   mGETS: 4694245 # GETS misses
   mGETXIM: 687 # GETX I->M misses
   mGETXSM: 59646 # GETX S->M misses (upgrade misses)
   PUTS: 0 # Clean evictions (from lower level)
   PUTX: 0 # Dirty evictions (from lower level)
   INV: 18365 # Invalidates (from upper level)
   INVX: 45858 # Downgrades (from upper level)
   FWD: 0 # Forwards (from upper level)
   latGETnl: 391827317 # GET request latency on next level
   latGETnet: 0 # GET request latency on network to next level
  l1d-4: # Filter cache stats
   fhGETS: 45362397 # Filtered GETS hits
   fhGETX: 10203586 # Filtered GETX hits
   hGETS: 6586240 # GETS hits
   hGETX: 4258468 # GETX hits
   mGETS: 4700432 # GETS misses
   mGETXIM: 742 # GETX I->M misses
   mGETXSM: 59884 # GETX S->M misses (upgrade misses)
   PUTS: 0 # Clean evictions (from lower level)
   PUTX: 0 # Dirty evictions (from lower level)
   INV: 18231 # Invalidates (from upper level)
   INVX: 45338 # Downgrades (from upper level)
   FWD: 0 # Forwards (from upper level)
   latGETnl: 392376494 # GET request latency on next level
   latGETnet: 0 # GET request latency on network to next level
  l1d-5: # Filter cache stats
   fhGETS: 45283341 # Filtered GETS hits
   fhGETX: 10200089 # Filtered GETX hits
   hGETS: 6582238 # GETS hits
   hGETX: 4250770 # GETX hits
   mGETS: 4692175 # GETS misses
   mGETXIM: 687 # GETX I->M misses
   mGETXSM: 59634 # GETX S->M misses (upgrade misses)
   PUTS: 0 # Clean evictions (from lower level)
   PUTX: 0 # Dirty evictions (from lower level)
   INV: 18075 # Invalidates (from upper level)
   INVX: 45491 # Downgrades (from upper level)
   FWD: 0 # Forwards (from upper level)
   latGETnl: 391676907 # GET request latency on next level
   latGETnet: 0 # GET request latency on network to next level
  l1d-6: # Filter cache stats
   fhGETS: 45279475 # Filtered GETS hits
   fhGETX: 10203165 # Filtered GETX hits
   hGETS: 6578264 # GETS hits
   hGETX: 4250824 # GETX hits
   mGETS: 4689803 # GETS misses
   mGETXIM: 777 # GETX I->M misses
   mGETXSM: 59679 # GETX S->M misses (upgrade misses)
   PUTS: 0 # Clean evictions (from lower level)
   PUTX: 0 # Dirty evictions (from lower level)
   INV: 18546 # Invalidates (from upper level)
   INVX: 45614 # Downgrades (from upper level)
   FWD: 0 # Forwards (from upper level)
   latGETnl: 391530665 # GET request latency on next level
   latGETnet: 0 # GET request latency on network to next level
  l1d-7: # Filter cache stats
   fhGETS: 45275166 # Filtered GETS hits
   fhGETX: 10200806 # Filtered GETX hits
   hGETS: 6563987 # GETS hits
   hGETX: 4249821 # GETX hits
   mGETS: 4687755 # GETS misses
   mGETXIM: 714 # GETX I->M misses
   mGETXSM: 58877 # GETX S->M misses (upgrade misses)
   PUTS: 0 # Clean evictions (from lower level)
   PUTX: 0 # Dirty evictions (from lower level)
   INV: 18022 # Invalidates (from upper level)
   INVX: 45215 # Downgrades (from upper level)
   FWD: 0 # Forwards (from upper level)
   latGETnl: 391358854 # GET request latency on next level
   latGETnet: 0 # GET request latency on network to next level
 l2: # Cache stats
  l2-0: # Cache stats
   hGETS: 203463 # GETS hits
   hGETX: 45 # GETX hits
   mGETS: 4503842 # GETS misses
   mGETXIM: 771 # GETX I->M misses
   mGETXSM: 60037 # GETX S->M misses (upgrade misses)
   PUTS: 2660126 # Clean evictions (from lower level)
   PUTX: 2019128 # Dirty evictions (from lower level)
   INV: 115965 # Invalidates (from upper level)
   INVX: 335359 # Downgrades (from upper level)
   FWD: 0 # Forwards (from upper level)
   latGETnl: 344873210 # GET request latency on next level
   latGETnet: 0 # GET request latency on network to next level
  l2-1: # Cache stats
   hGETS: 202141 # GETS hits
   hGETX: 55 # GETX hits
   mGETS: 4496024 # GETS misses
   mGETXIM: 666 # GETX I->M misses
   mGETXSM: 59651 # GETX S->M misses (upgrade misses)
   PUTS: 2654852 # Clean evictions (from lower level)
   PUTX: 2015126 # Dirty evictions (from lower level)
   INV: 116702 # Invalidates (from upper level)
   INVX: 335511 # Downgrades (from upper level)
   FWD: 0 # Forwards (from upper level)
   latGETnl: 344366132 # GET request latency on next level
   latGETnet: 0 # GET request latency on network to next level
  l2-2: # Cache stats
   hGETS: 202219 # GETS hits
   hGETX: 61 # GETX hits
   mGETS: 4502743 # GETS misses
   mGETXIM: 719 # GETX I->M misses
   mGETXSM: 59205 # GETX S->M misses (upgrade misses)
   PUTS: 2659174 # Clean evictions (from lower level)
   PUTX: 2017605 # Dirty evictions (from lower level)
   INV: 115996 # Invalidates (from upper level)
   INVX: 335936 # Downgrades (from upper level)
   FWD: 0 # Forwards (from upper level)
   latGETnl: 344853564 # GET request latency on next level
   latGETnet: 0 # GET request latency on network to next level
  l2-3: # Cache stats
   hGETS: 203041 # GETS hits
   hGETX: 53 # GETX hits
   mGETS: 4501213 # GETS misses
   mGETXIM: 634 # GETX I->M misses
   mGETXSM: 59646 # GETX S->M misses (upgrade misses)
   PUTS: 2658478 # Clean evictions (from lower level)
   PUTX: 2017592 # Dirty evictions (from lower level)
   INV: 116074 # Invalidates (from upper level)
   INVX: 336055 # Downgrades (from upper level)
   FWD: 0 # Forwards (from upper level)
   latGETnl: 344635063 # GET request latency on next level
   latGETnet: 0 # GET request latency on network to next level
  l2-4: # Cache stats
   hGETS: 202478 # GETS hits
   hGETX: 47 # GETX hits
   mGETS: 4508084 # GETS misses
   mGETXIM: 695 # GETX I->M misses
   mGETXSM: 59884 # GETX S->M misses (upgrade misses)
   PUTS: 2661874 # Clean evictions (from lower level)
   PUTX: 2020566 # Dirty evictions (from lower level)
   INV: 115976 # Invalidates (from upper level)
   INVX: 336626 # Downgrades (from upper level)
   FWD: 0 # Forwards (from upper level)
   latGETnl: 345126394 # GET request latency on next level
   latGETnet: 0 # GET request latency on network to next level
  l2-5: # Cache stats
   hGETS: 202003 # GETS hits
   hGETX: 49 # GETX hits
   mGETS: 4500168 # GETS misses
   mGETXIM: 639 # GETX I->M misses
   mGETXSM: 59633 # GETX S->M misses (upgrade misses)
   PUTS: 2657695 # Clean evictions (from lower level)
   PUTX: 2016588 # Dirty evictions (from lower level)
   INV: 116370 # Invalidates (from upper level)
   INVX: 335890 # Downgrades (from upper level)
   FWD: 0 # Forwards (from upper level)
   latGETnl: 344512091 # GET request latency on next level
   latGETnet: 0 # GET request latency on network to next level
  l2-6: # Cache stats
   hGETS: 202046 # GETS hits
   hGETX: 60 # GETX hits
   mGETS: 4497889 # GETS misses
   mGETXIM: 717 # GETX I->M misses
   mGETXSM: 59679 # GETX S->M misses (upgrade misses)
   PUTS: 2655683 # Clean evictions (from lower level)
   PUTX: 2015850 # Dirty evictions (from lower level)
   INV: 117880 # Invalidates (from upper level)
   INVX: 336438 # Downgrades (from upper level)
   FWD: 0 # Forwards (from upper level)
   latGETnl: 344388423 # GET request latency on next level
   latGETnet: 0 # GET request latency on network to next level
  l2-7: # Cache stats
   hGETS: 202372 # GETS hits
   hGETX: 40 # GETX hits
   mGETS: 4495487 # GETS misses
   mGETXIM: 674 # GETX I->M misses
   mGETXSM: 58877 # GETX S->M misses (upgrade misses)
   PUTS: 2654709 # Clean evictions (from lower level)
   PUTX: 2015236 # Dirty evictions (from lower level)
   INV: 115608 # Invalidates (from upper level)
   INVX: 334083 # Downgrades (from upper level)
   FWD: 0 # Forwards (from upper level)
   latGETnl: 344246240 # GET request latency on next level
   latGETnet: 0 # GET request latency on network to next level
 l3: # Cache stats
  l3-0b0: # Cache stats
   hGETS: 1930899 # GETS hits
   hGETX: 59929 # GETX hits
   mGETS: 2570836 # GETS misses
   mGETXIM: 1731 # GETX I->M misses
   mGETXSM: 0 # GETX S->M misses (upgrade misses)
   PUTS: 2500178 # Clean evictions (from lower level)
   PUTX: 1882155 # Dirty evictions (from lower level)
   INV: 0 # Invalidates (from upper level)
   INVX: 0 # Downgrades (from upper level)
   FWD: 0 # Forwards (from upper level)
   latGETnl: 231531030 # GET request latency on next level
   latGETnet: 0 # GET request latency on network to next level
  l3-0b1: # Cache stats
   hGETS: 1944217 # GETS hits
   hGETX: 59505 # GETX hits
   mGETS: 2568272 # GETS misses
   mGETXIM: 119 # GETX I->M misses
   mGETXSM: 0 # GETX S->M misses (upgrade misses)
   PUTS: 2509887 # Clean evictions (from lower level)
   PUTX: 1881199 # Dirty evictions (from lower level)
   INV: 0 # Invalidates (from upper level)
   INVX: 0 # Downgrades (from upper level)
   FWD: 0 # Forwards (from upper level)
   latGETnl: 231155190 # GET request latency on next level
   latGETnet: 0 # GET request latency on network to next level
  l3-0b2: # Cache stats
   hGETS: 1930453 # GETS hits
   hGETX: 59028 # GETX hits
   mGETS: 2568720 # GETS misses
   mGETXIM: 117 # GETX I->M misses
   mGETXSM: 0 # GETX S->M misses (upgrade misses)
   PUTS: 2501412 # Clean evictions (from lower level)
   PUTX: 1879230 # Dirty evictions (from lower level)
   INV: 0 # Invalidates (from upper level)
   INVX: 0 # Downgrades (from upper level)
   FWD: 0 # Forwards (from upper level)
   latGETnl: 231195330 # GET request latency on next level
   latGETnet: 0 # GET request latency on network to next level
  l3-0b3: # Cache stats
   hGETS: 1939058 # GETS hits
   hGETX: 61340 # GETX hits
   mGETS: 2566281 # GETS misses
   mGETXIM: 1253 # GETX I->M misses
   mGETXSM: 0 # GETX S->M misses (upgrade misses)
   PUTS: 2505710 # Clean evictions (from lower level)
   PUTX: 1876887 # Dirty evictions (from lower level)
   INV: 0 # Invalidates (from upper level)
   INVX: 0 # Downgrades (from upper level)
   FWD: 0 # Forwards (from upper level)
   latGETnl: 231078060 # GET request latency on next level
   latGETnet: 0 # GET request latency on network to next level
  l3-0b4: # Cache stats
   hGETS: 1928141 # GETS hits
   hGETX: 59282 # GETX hits
   mGETS: 2565733 # GETS misses
   mGETXIM: 1182 # GETX I->M misses
   mGETXSM: 0 # GETX S->M misses (upgrade misses)
   PUTS: 2498509 # Clean evictions (from lower level)
   PUTX: 1879127 # Dirty evictions (from lower level)
   INV: 0 # Invalidates (from upper level)
   INVX: 0 # Downgrades (from upper level)
   FWD: 0 # Forwards (from upper level)
   latGETnl: 231022350 # GET request latency on next level
   latGETnet: 0 # GET request latency on network to next level
  l3-0b5: # Cache stats
   hGETS: 1934309 # GETS hits
   hGETX: 59361 # GETX hits
   mGETS: 2569871 # GETS misses
   mGETXIM: 160 # GETX I->M misses
   mGETXSM: 0 # GETX S->M misses (upgrade misses)
   PUTS: 2508079 # Clean evictions (from lower level)
   PUTX: 1875389 # Dirty evictions (from lower level)
   INV: 0 # Invalidates (from upper level)
   INVX: 0 # Downgrades (from upper level)
   FWD: 0 # Forwards (from upper level)
   latGETnl: 231302790 # GET request latency on next level
   latGETnet: 0 # GET request latency on network to next level
  l3-0b6: # Cache stats
   hGETS: 1921798 # GETS hits
   hGETX: 58875 # GETX hits
   mGETS: 2568065 # GETS misses
   mGETXIM: 166 # GETX I->M misses
   mGETXSM: 0 # GETX S->M misses (upgrade misses)
   PUTS: 2496761 # Clean evictions (from lower level)
   PUTX: 1872551 # Dirty evictions (from lower level)
   INV: 0 # Invalidates (from upper level)
   INVX: 0 # Downgrades (from upper level)
   FWD: 0 # Forwards (from upper level)
   latGETnl: 231140790 # GET request latency on next level
   latGETnet: 0 # GET request latency on network to next level
  l3-0b7: # Cache stats
   hGETS: 1934793 # GETS hits
   hGETX: 59386 # GETX hits
   mGETS: 2564004 # GETS misses
   mGETXIM: 693 # GETX I->M misses
   mGETXSM: 0 # GETX S->M misses (upgrade misses)
   PUTS: 2502619 # Clean evictions (from lower level)
   PUTX: 1878085 # Dirty evictions (from lower level)
   INV: 0 # Invalidates (from upper level)
   INVX: 0 # Downgrades (from upper level)
   FWD: 0 # Forwards (from upper level)
   latGETnl: 230822730 # GET request latency on next level
   latGETnet: 0 # GET request latency on network to next level
 mem: # Memory controller stats
  mem-0: # Memory controller stats
   rd: 5135992 # Read requests
   wr: 3282735 # Write requests
   rdlat: 721403899 # Total latency experienced by read requests
   wrlat: 537792873 # Total latency experienced by write requests
   rdhits: 7668 # Read row hits
   wrhits: 9432 # Write row hits
   mlh: # latency histogram for memory requests
    0: 0
    1: 0
    2: 0
    3: 0
    4: 0
    5: 0
    6: 0
    7: 0
    8: 0
    9: 0
    10: 2
    11: 1405
    12: 1575
    13: 4002687
    14: 453079
    15: 291287
    16: 149106
    17: 28167
    18: 20952
    19: 21037
    20: 20308
    21: 19949
    22: 17719
    23: 19639
    24: 20292
    25: 9521
    26: 1962
    27: 2044
    28: 2300
    29: 2340
    30: 2699
    31: 2712
    32: 3116
    33: 3142
    34: 3130
    35: 3217
    36: 3434
    37: 3289
    38: 3135
    39: 3126
    40: 3093
    41: 3348
    42: 3261
    43: 2494
    44: 1879
    45: 1593
    46: 1432
    47: 1217
    48: 635
    49: 178
    50: 116
    51: 96
    52: 75
    53: 58
    54: 48
    55: 31
    56: 26
    57: 16
    58: 10
    59: 6
    60: 1
    61: 2
    62: 2
    63: 1
    64: 2
    65: 0
    66: 0
    67: 0
    68: 0
    69: 1
    70: 0
    71: 0
    72: 0
    73: 0
    74: 0
    75: 0
    76: 0
    77: 0
    78: 0
    79: 0
    80: 0
    81: 0
    82: 0
    83: 0
    84: 0
    85: 0
    86: 0
    87: 0
    88: 0
    89: 0
    90: 0
    91: 0
    92: 0
    93: 0
    94: 0
    95: 0
    96: 0
    97: 0
    98: 0
    99: 0
  mem-1: # Memory controller stats
   rd: 5138497 # Read requests
   wr: 3288474 # Write requests
   rdlat: 722034570 # Total latency experienced by read requests
   wrlat: 538785569 # Total latency experienced by write requests
   rdhits: 7764 # Read row hits
   wrhits: 9393 # Write row hits
   mlh: # latency histogram for memory requests
    0: 0
    1: 0
    2: 0
    3: 0
    4: 0
    5: 0
    6: 0
    7: 0
    8: 0
    9: 0
    10: 1
    11: 1472
    12: 1479
    13: 4003154
    14: 452992
    15: 291395
    16: 149720
    17: 28163
    18: 21401
    19: 20813
    20: 20133
    21: 19928
    22: 17824
    23: 19739
    24: 20669
    25: 9749
    26: 2036
    27: 1893
    28: 2212
    29: 2375
    30: 2745
    31: 2740
    32: 3148
    33: 3122
    34: 3028
    35: 3189
    36: 3421
    37: 3353
    38: 3053
    39: 3206
    40: 3312
    41: 3494
    42: 3398
    43: 2541
    44: 1857
    45: 1668
    46: 1429
    47: 1296
    48: 687
    49: 185
    50: 103
    51: 103
    52: 67
    53: 63
    54: 36
    55: 36
    56: 25
    57: 14
    58: 7
    59: 7
    60: 5
    61: 4
    62: 2
    63: 1
    64: 1
    65: 3
    66: 0
    67: 0
    68: 0
    69: 0
    70: 0
    71: 0
    72: 0
    73: 0
    74: 0
    75: 0
    76: 0
    77: 0
    78: 0
    79: 0
    80: 0
    81: 0
    82: 0
    83: 0
    84: 0
    85: 0
    86: 0
    87: 0
    88: 0
    89: 0
    90: 0
    91: 0
    92: 0
    93: 0
    94: 0
    95: 0
    96: 0
    97: 0
    98: 0
    99: 0
  mem-2: # Memory controller stats
   rd: 5137425 # Read requests
   wr: 3283361 # Write requests
   rdlat: 721636474 # Total latency experienced by read requests
   wrlat: 538036361 # Total latency experienced by write requests
   rdhits: 7744 # Read row hits
   wrhits: 9377 # Write row hits
   mlh: # latency histogram for memory requests
    0: 0
    1: 0
    2: 0
    3: 0
    4: 0
    5: 0
    6: 0
    7: 0
    8: 0
    9: 1
    10: 0
    11: 1411
    12: 1560
    13: 4003332
    14: 453374
    15: 291939
    16: 149342
    17: 27954
    18: 21364
    19: 20532
    20: 20363
    21: 19741
    22: 17717
    23: 19505
    24: 20560
    25: 9543
    26: 2055
    27: 1874
    28: 2190
    29: 2327
    30: 2593
    31: 2777
    32: 3200
    33: 3058
    34: 3007
    35: 3146
    36: 3465
    37: 3239
    38: 3126
    39: 3181
    40: 3041
    41: 3354
    42: 3323
    43: 2574
    44: 1894
    45: 1731
    46: 1455
    47: 1200
    48: 683
    49: 173
    50: 136
    51: 95
    52: 80
    53: 53
    54: 59
    55: 31
    56: 25
    57: 20
    58: 5
    59: 8
    60: 2
    61: 4
    62: 1
    63: 2
    64: 0
    65: 0
    66: 0
    67: 0
    68: 0
    69: 0
    70: 0
    71: 0
    72: 0
    73: 0
    74: 0
    75: 0
    76: 0
    77: 0
    78: 0
    79: 0
    80: 0
    81: 0
    82: 0
    83: 0
    84: 0
    85: 0
    86: 0
    87: 0
    88: 0
    89: 0
    90: 0
    91: 0
    92: 0
    93: 0
    94: 0
    95: 0
    96: 0
    97: 0
    98: 0
    99: 0
  mem-3: # Memory controller stats
   rd: 5135230 # Read requests
   wr: 3286097 # Write requests
   rdlat: 721423921 # Total latency experienced by read requests
   wrlat: 538443318 # Total latency experienced by write requests
   rdhits: 7695 # Read row hits
   wrhits: 9177 # Write row hits
   mlh: # latency histogram for memory requests
    0: 0
    1: 0
    2: 0
    3: 0
    4: 0
    5: 0
    6: 0
    7: 0
    8: 0
    9: 0
    10: 1
    11: 1418
    12: 1588
    13: 4002212
    14: 451930
    15: 291032
    16: 149666
    17: 28073
    18: 21400
    19: 20797
    20: 19994
    21: 20252
    22: 17728
    23: 19398
    24: 20507
    25: 9730
    26: 2083
    27: 1981
    28: 2250
    29: 2283
    30: 2560
    31: 2891
    32: 3085
    33: 3149
    34: 2977
    35: 3202
    36: 3426
    37: 3325
    38: 3157
    39: 3175
    40: 3095
    41: 3320
    42: 3396
    43: 2578
    44: 1887
    45: 1597
    46: 1365
    47: 1253
    48: 767
    49: 164
    50: 121
    51: 88
    52: 91
    53: 72
    54: 59
    55: 40
    56: 20
    57: 15
    58: 14
    59: 5
    60: 3
    61: 2
    62: 3
    63: 0
    64: 1
    65: 1
    66: 1
    67: 1
    68: 0
    69: 1
    70: 0
    71: 0
    72: 0
    73: 0
    74: 0
    75: 0
    76: 0
    77: 0
    78: 0
    79: 0
    80: 0
    81: 0
    82: 0
    83: 0
    84: 0
    85: 0
    86: 0
    87: 0
    88: 0
    89: 0
    90: 0
    91: 0
    92: 0
    93: 0
    94: 0
    95: 0
    96: 0
    97: 0
    98: 0
    99: 0
 sched: # Scheduler stats
  thCr: 9 # Threads created
  thFn: 9 # Threads finished
  schedEvs: 13 # Schedule events
  waitEvs: 1 # Wait events
  handoffEvs: 0 # Handoff events
  sleepEvs: 0 # Sleep events
  idlePhases: 0 # Phases with no thread active
  idlePeriods: 0 # Periods with no thread active
  occHist: # Occupancy histogram
   0: 0
   1: 3
   2: 1
   3: 0
   4: 0
   5: 0
   6: 0
   7: 0
   8: 61956
  rqSzHist: # Run queue size histogram
   0: 61960
   1: 0
   2: 0
   3: 0
   4: 0
   5: 0
   6: 0
   7: 0
   8: 0
   9: 0
   10: 0
   11: 0
   12: 0
   13: 0
   14: 0
   15: 0
   16: 0
 procCycles: # Per-process unhalted core cycles
  0: 4881652220
  1: 0
  2: 0
  3: 0
  4: 0
  5: 0
  6: 0
  7: 0
  8: 0
  9: 0
  10: 0
  11: 0
  12: 0
  13: 0
  14: 0
  15: 0
  16: 0
  17: 0
  18: 0
  19: 0
  20: 0
  21: 0
  22: 0
  23: 0
  24: 0
  25: 0
  26: 0
  27: 0
  28: 0
  29: 0
  30: 0
  31: 0
  32: 0
  33: 0
  34: 0
  35: 0
  36: 0
  37: 0
  38: 0
  39: 0
  40: 0
  41: 0
  42: 0
  43: 0
  44: 0
  45: 0
  46: 0
  47: 0
  48: 0
  49: 0
  50: 0
  51: 0
  52: 0
  53: 0
  54: 0
  55: 0
  56: 0
  57: 0
  58: 0
  59: 0
  60: 0
  61: 0
  62: 0
  63: 0
 procInstrs: # Per-process instructions
  0: 1721961890
  1: 0
  2: 0
  3: 0
  4: 0
  5: 0
  6: 0
  7: 0
  8: 0
  9: 0
  10: 0
  11: 0
  12: 0
  13: 0
  14: 0
  15: 0
  16: 0
  17: 0
  18: 0
  19: 0
  20: 0
  21: 0
  22: 0
  23: 0
  24: 0
  25: 0
  26: 0
  27: 0
  28: 0
  29: 0
  30: 0
  31: 0
  32: 0
  33: 0
  34: 0
  35: 0
  36: 0
  37: 0
  38: 0
  39: 0
  40: 0
  41: 0
  42: 0
  43: 0
  44: 0
  45: 0
  46: 0
  47: 0
  48: 0
  49: 0
  50: 0
  51: 0
  52: 0
  53: 0
  54: 0
  55: 0
  56: 0
  57: 0
  58: 0
  59: 0
  60: 0
  61: 0
  62: 0
  63: 0
 heartbeats: # Per-process heartbeats
  0: 0
  1: 0
  2: 0
  3: 0
  4: 0
  5: 0
  6: 0
  7: 0
  8: 0
  9: 0
  10: 0
  11: 0
  12: 0
  13: 0
  14: 0
  15: 0
  16: 0
  17: 0
  18: 0
  19: 0
  20: 0
  21: 0
  22: 0
  23: 0
  24: 0
  25: 0
  26: 0
  27: 0
  28: 0
  29: 0
  30: 0
  31: 0
  32: 0
  33: 0
  34: 0
  35: 0
  36: 0
  37: 0
  38: 0
  39: 0
  40: 0
  41: 0
  42: 0
  43: 0
  44: 0
  45: 0
  46: 0
  47: 0
  48: 0
  49: 0
  50: 0
  51: 0
  52: 0
  53: 0
  54: 0
  55: 0
  56: 0
  57: 0
  58: 0
  59: 0
  60: 0
  61: 0
  62: 0
  63: 0
===
