# zsim stats
===
root: # Stats
 contention: # Contention simulation stats
  domain-0: # Domain stats
   time: 419226105 # Weave simulation time
 time: # Simulator time breakdown
  init: 2952375732
  bound: 138986847374
  weave: 1803025990
  ff: 0
 trigger: 20000 # Reason for this stats dump
 phase: 45574 # Simulated phases
 westmere: # Core stats
  westmere-0: # Core stats
   cycles: 361099905 # Simulated unhalted cycles
   cCycles: 386869 # Cycles due to contention stalls
   instrs: 607697540 # Simulated instructions
   uops: 684685351 # Retired micro-ops
   bbls: 62647057 # Basic blocks
   approxInstrs: 3044471 # Instrs with approx uop decoding
   mispredBranches: 797341 # Mispredicted branches
   condBranches: 52680404 # conditional branches
  westmere-1: # Core stats
   cycles: 374568447 # Simulated unhalted cycles
   cCycles: 518209 # Cycles due to contention stalls
   instrs: 626488901 # Simulated instructions
   uops: 707273121 # Retired micro-ops
   bbls: 64910362 # Basic blocks
   approxInstrs: 3186972 # Instrs with approx uop decoding
   mispredBranches: 815164 # Mispredicted branches
   condBranches: 54028979 # conditional branches
  westmere-2: # Core stats
   cycles: 367537324 # Simulated unhalted cycles
   cCycles: 372235 # Cycles due to contention stalls
   instrs: 617314065 # Simulated instructions
   uops: 696173161 # Retired micro-ops
   bbls: 63777253 # Basic blocks
   approxInstrs: 3105082 # Instrs with approx uop decoding
   mispredBranches: 795423 # Mispredicted branches
   condBranches: 53357701 # conditional branches
  westmere-3: # Core stats
   cycles: 368706528 # Simulated unhalted cycles
   cCycles: 383325 # Cycles due to contention stalls
   instrs: 618169214 # Simulated instructions
   uops: 697366518 # Retired micro-ops
   bbls: 63952605 # Basic blocks
   approxInstrs: 3134777 # Instrs with approx uop decoding
   mispredBranches: 819145 # Mispredicted branches
   condBranches: 53437973 # conditional branches
  westmere-4: # Core stats
   cycles: 374856707 # Simulated unhalted cycles
   cCycles: 324385 # Cycles due to contention stalls
   instrs: 627791586 # Simulated instructions
   uops: 708749596 # Retired micro-ops
   bbls: 65141653 # Basic blocks
   approxInstrs: 3206978 # Instrs with approx uop decoding
   mispredBranches: 818652 # Mispredicted branches
   condBranches: 54217354 # conditional branches
  westmere-5: # Core stats
   cycles: 359438088 # Simulated unhalted cycles
   cCycles: 368773 # Cycles due to contention stalls
   instrs: 605506381 # Simulated instructions
   uops: 682178500 # Retired micro-ops
   bbls: 62370483 # Basic blocks
   approxInstrs: 3000485 # Instrs with approx uop decoding
   mispredBranches: 774997 # Mispredicted branches
   condBranches: 52475220 # conditional branches
  westmere-6: # Core stats
   cycles: 368103136 # Simulated unhalted cycles
   cCycles: 326283 # Cycles due to contention stalls
   instrs: 617973303 # Simulated instructions
   uops: 697023537 # Retired micro-ops
   bbls: 63867344 # Basic blocks
   approxInstrs: 3111770 # Instrs with approx uop decoding
   mispredBranches: 798636 # Mispredicted branches
   condBranches: 53392097 # conditional branches
  westmere-7: # Core stats
   cycles: 395410510 # Simulated unhalted cycles
   cCycles: 1095021 # Cycles due to contention stalls
   instrs: 679175664 # Simulated instructions
   uops: 760574971 # Retired micro-ops
   bbls: 67250263 # Basic blocks
   approxInstrs: 3098494 # Instrs with approx uop decoding
   mispredBranches: 793503 # Mispredicted branches
   condBranches: 56653030 # conditional branches
 l1i: # Cache stats
  l1i-0: # Filter cache stats
   fhGETS: 82670128 # Filtered GETS hits
   fhGETX: 0 # Filtered GETX hits
   hGETS: 2351589 # GETS hits
   hGETX: 0 # GETX hits
   mGETS: 766803 # GETS misses
   mGETXIM: 0 # GETX I->M misses
   mGETXSM: 0 # GETX S->M misses (upgrade misses)
   PUTS: 0 # Clean evictions (from lower level)
   PUTX: 0 # Dirty evictions (from lower level)
   INV: 0 # Invalidates (from upper level)
   INVX: 0 # Downgrades (from upper level)
   FWD: 0 # Forwards (from upper level)
   latGETnl: 8020266 # GET request latency on next level
   latGETnet: 0 # GET request latency on network to next level
  l1i-1: # Filter cache stats
   fhGETS: 85594012 # Filtered GETS hits
   fhGETX: 0 # Filtered GETX hits
   hGETS: 2377750 # GETS hits
   hGETX: 0 # GETX hits
   mGETS: 771319 # GETS misses
   mGETXIM: 0 # GETX I->M misses
   mGETXSM: 0 # GETX S->M misses (upgrade misses)
   PUTS: 0 # Clean evictions (from lower level)
   PUTX: 0 # Dirty evictions (from lower level)
   INV: 0 # Invalidates (from upper level)
   INVX: 0 # Downgrades (from upper level)
   FWD: 0 # Forwards (from upper level)
   latGETnl: 8078170 # GET request latency on next level
   latGETnet: 0 # GET request latency on network to next level
  l1i-2: # Filter cache stats
   fhGETS: 84104021 # Filtered GETS hits
   fhGETX: 0 # Filtered GETX hits
   hGETS: 2360627 # GETS hits
   hGETX: 0 # GETX hits
   mGETS: 762638 # GETS misses
   mGETXIM: 0 # GETX I->M misses
   mGETXSM: 0 # GETX S->M misses (upgrade misses)
   PUTS: 0 # Clean evictions (from lower level)
   PUTX: 0 # Dirty evictions (from lower level)
   INV: 0 # Invalidates (from upper level)
   INVX: 0 # Downgrades (from upper level)
   FWD: 0 # Forwards (from upper level)
   latGETnl: 7941806 # GET request latency on next level
   latGETnet: 0 # GET request latency on network to next level
  l1i-3: # Filter cache stats
   fhGETS: 84385565 # Filtered GETS hits
   fhGETX: 0 # Filtered GETX hits
   hGETS: 2373190 # GETS hits
   hGETX: 0 # GETX hits
   mGETS: 772095 # GETS misses
   mGETXIM: 0 # GETX I->M misses
   mGETXSM: 0 # GETX S->M misses (upgrade misses)
   PUTS: 0 # Clean evictions (from lower level)
   PUTX: 0 # Dirty evictions (from lower level)
   INV: 1 # Invalidates (from upper level)
   INVX: 0 # Downgrades (from upper level)
   FWD: 0 # Forwards (from upper level)
   latGETnl: 8048304 # GET request latency on next level
   latGETnet: 0 # GET request latency on network to next level
  l1i-4: # Filter cache stats
   fhGETS: 85880949 # Filtered GETS hits
   fhGETX: 0 # Filtered GETX hits
   hGETS: 2382451 # GETS hits
   hGETX: 0 # GETX hits
   mGETS: 766510 # GETS misses
   mGETXIM: 0 # GETX I->M misses
   mGETXSM: 0 # GETX S->M misses (upgrade misses)
   PUTS: 0 # Clean evictions (from lower level)
   PUTX: 0 # Dirty evictions (from lower level)
   INV: 0 # Invalidates (from upper level)
   INVX: 0 # Downgrades (from upper level)
   FWD: 0 # Forwards (from upper level)
   latGETnl: 8000128 # GET request latency on next level
   latGETnet: 0 # GET request latency on network to next level
  l1i-5: # Filter cache stats
   fhGETS: 82226484 # Filtered GETS hits
   fhGETX: 0 # Filtered GETX hits
   hGETS: 2338772 # GETS hits
   hGETX: 0 # GETX hits
   mGETS: 767854 # GETS misses
   mGETXIM: 0 # GETX I->M misses
   mGETXSM: 0 # GETX S->M misses (upgrade misses)
   PUTS: 0 # Clean evictions (from lower level)
   PUTX: 0 # Dirty evictions (from lower level)
   INV: 0 # Invalidates (from upper level)
   INVX: 0 # Downgrades (from upper level)
   FWD: 0 # Forwards (from upper level)
   latGETnl: 7985422 # GET request latency on next level
   latGETnet: 0 # GET request latency on network to next level
  l1i-6: # Filter cache stats
   fhGETS: 84226488 # Filtered GETS hits
   fhGETX: 0 # Filtered GETX hits
   hGETS: 2359717 # GETS hits
   hGETX: 0 # GETX hits
   mGETS: 766059 # GETS misses
   mGETXIM: 0 # GETX I->M misses
   mGETXSM: 0 # GETX S->M misses (upgrade misses)
   PUTS: 0 # Clean evictions (from lower level)
   PUTX: 0 # Dirty evictions (from lower level)
   INV: 0 # Invalidates (from upper level)
   INVX: 0 # Downgrades (from upper level)
   FWD: 0 # Forwards (from upper level)
   latGETnl: 7988748 # GET request latency on next level
   latGETnet: 0 # GET request latency on network to next level
  l1i-7: # Filter cache stats
   fhGETS: 90172442 # Filtered GETS hits
   fhGETX: 0 # Filtered GETX hits
   hGETS: 2358241 # GETS hits
   hGETX: 0 # GETX hits
   mGETS: 767943 # GETS misses
   mGETXIM: 0 # GETX I->M misses
   mGETXSM: 0 # GETX S->M misses (upgrade misses)
   PUTS: 0 # Clean evictions (from lower level)
   PUTX: 0 # Dirty evictions (from lower level)
   INV: 0 # Invalidates (from upper level)
   INVX: 0 # Downgrades (from upper level)
   FWD: 0 # Forwards (from upper level)
   latGETnl: 8147718 # GET request latency on next level
   latGETnet: 0 # GET request latency on network to next level
 l1d: # Cache stats
  l1d-0: # Filter cache stats
   fhGETS: 98379058 # Filtered GETS hits
   fhGETX: 28927922 # Filtered GETX hits
   hGETS: 10963217 # GETS hits
   hGETX: 3853984 # GETX hits
   mGETS: 5927662 # GETS misses
   mGETXIM: 251795 # GETX I->M misses
   mGETXSM: 8121 # GETX S->M misses (upgrade misses)
   PUTS: 0 # Clean evictions (from lower level)
   PUTX: 0 # Dirty evictions (from lower level)
   INV: 16929 # Invalidates (from upper level)
   INVX: 15444 # Downgrades (from upper level)
   FWD: 0 # Forwards (from upper level)
   latGETnl: 73806808 # GET request latency on next level
   latGETnet: 0 # GET request latency on network to next level
  l1d-1: # Filter cache stats
   fhGETS: 102449848 # Filtered GETS hits
   fhGETX: 30874646 # Filtered GETX hits
   hGETS: 11134020 # GETS hits
   hGETX: 3884627 # GETX hits
   mGETS: 5946540 # GETS misses
   mGETXIM: 284225 # GETX I->M misses
   mGETXSM: 8569 # GETX S->M misses (upgrade misses)
   PUTS: 0 # Clean evictions (from lower level)
   PUTX: 0 # Dirty evictions (from lower level)
   INV: 16783 # Invalidates (from upper level)
   INVX: 15659 # Downgrades (from upper level)
   FWD: 0 # Forwards (from upper level)
   latGETnl: 76647446 # GET request latency on next level
   latGETnet: 0 # GET request latency on network to next level
  l1d-2: # Filter cache stats
   fhGETS: 100471677 # Filtered GETS hits
   fhGETX: 29899168 # Filtered GETX hits
   hGETS: 11030692 # GETS hits
   hGETX: 3835272 # GETX hits
   mGETS: 5943472 # GETS misses
   mGETXIM: 262517 # GETX I->M misses
   mGETXSM: 6378 # GETX S->M misses (upgrade misses)
   PUTS: 0 # Clean evictions (from lower level)
   PUTX: 0 # Dirty evictions (from lower level)
   INV: 21194 # Invalidates (from upper level)
   INVX: 15448 # Downgrades (from upper level)
   FWD: 0 # Forwards (from upper level)
   latGETnl: 74443097 # GET request latency on next level
   latGETnet: 0 # GET request latency on network to next level
  l1d-3: # Filter cache stats
   fhGETS: 100762254 # Filtered GETS hits
   fhGETX: 30014526 # Filtered GETX hits
   hGETS: 10937252 # GETS hits
   hGETX: 3880030 # GETX hits
   mGETS: 5927883 # GETS misses
   mGETXIM: 265306 # GETX I->M misses
   mGETXSM: 8910 # GETX S->M misses (upgrade misses)
   PUTS: 0 # Clean evictions (from lower level)
   PUTX: 0 # Dirty evictions (from lower level)
   INV: 15209 # Invalidates (from upper level)
   INVX: 15701 # Downgrades (from upper level)
   FWD: 0 # Forwards (from upper level)
   latGETnl: 74513629 # GET request latency on next level
   latGETnet: 0 # GET request latency on network to next level
  l1d-4: # Filter cache stats
   fhGETS: 102674576 # Filtered GETS hits
   fhGETX: 30901111 # Filtered GETX hits
   hGETS: 11161580 # GETS hits
   hGETX: 3889943 # GETX hits
   mGETS: 5944713 # GETS misses
   mGETXIM: 271639 # GETX I->M misses
   mGETXSM: 8440 # GETX S->M misses (upgrade misses)
   PUTS: 0 # Clean evictions (from lower level)
   PUTX: 0 # Dirty evictions (from lower level)
   INV: 15528 # Invalidates (from upper level)
   INVX: 14647 # Downgrades (from upper level)
   FWD: 0 # Forwards (from upper level)
   latGETnl: 74976253 # GET request latency on next level
   latGETnet: 0 # GET request latency on network to next level
  l1d-5: # Filter cache stats
   fhGETS: 98174933 # Filtered GETS hits
   fhGETX: 28811115 # Filtered GETX hits
   hGETS: 10755301 # GETS hits
   hGETX: 3805935 # GETX hits
   mGETS: 5921189 # GETS misses
   mGETXIM: 254583 # GETX I->M misses
   mGETXSM: 6347 # GETX S->M misses (upgrade misses)
   PUTS: 0 # Clean evictions (from lower level)
   PUTX: 0 # Dirty evictions (from lower level)
   INV: 18112 # Invalidates (from upper level)
   INVX: 15009 # Downgrades (from upper level)
   FWD: 0 # Forwards (from upper level)
   latGETnl: 74028945 # GET request latency on next level
   latGETnet: 0 # GET request latency on network to next level
  l1d-6: # Filter cache stats
   fhGETS: 100597304 # Filtered GETS hits
   fhGETX: 29988497 # Filtered GETX hits
   hGETS: 11048463 # GETS hits
   hGETX: 3826900 # GETX hits
   mGETS: 5942915 # GETS misses
   mGETXIM: 257680 # GETX I->M misses
   mGETXSM: 6824 # GETX S->M misses (upgrade misses)
   PUTS: 0 # Clean evictions (from lower level)
   PUTX: 0 # Dirty evictions (from lower level)
   INV: 19740 # Invalidates (from upper level)
   INVX: 15217 # Downgrades (from upper level)
   FWD: 0 # Forwards (from upper level)
   latGETnl: 74048797 # GET request latency on next level
   latGETnet: 0 # GET request latency on network to next level
  l1d-7: # Filter cache stats
   fhGETS: 110982698 # Filtered GETS hits
   fhGETX: 32343004 # Filtered GETX hits
   hGETS: 13152237 # GETS hits
   hGETX: 5864007 # GETX hits
   mGETS: 6123105 # GETS misses
   mGETXIM: 410712 # GETX I->M misses
   mGETXSM: 5532 # GETX S->M misses (upgrade misses)
   PUTS: 0 # Clean evictions (from lower level)
   PUTX: 0 # Dirty evictions (from lower level)
   INV: 17554 # Invalidates (from upper level)
   INVX: 14822 # Downgrades (from upper level)
   FWD: 0 # Forwards (from upper level)
   latGETnl: 91104343 # GET request latency on next level
   latGETnet: 0 # GET request latency on network to next level
 l2: # Cache stats
  l2-0: # Cache stats
   hGETS: 6301287 # GETS hits
   hGETX: 212369 # GETX hits
   mGETS: 393178 # GETS misses
   mGETXIM: 36531 # GETX I->M misses
   mGETXSM: 11016 # GETX S->M misses (upgrade misses)
   PUTS: 6583332 # Clean evictions (from lower level)
   PUTX: 345032 # Dirty evictions (from lower level)
   INV: 31777 # Invalidates (from upper level)
   INVX: 26972 # Downgrades (from upper level)
   FWD: 0 # Forwards (from upper level)
   latGETnl: 12283264 # GET request latency on next level
   latGETnet: 0 # GET request latency on network to next level
  l2-1: # Cache stats
   hGETS: 6294553 # GETS hits
   hGETX: 216916 # GETX hits
   mGETS: 423306 # GETS misses
   mGETXIM: 64295 # GETX I->M misses
   mGETXSM: 11583 # GETX S->M misses (upgrade misses)
   PUTS: 6608774 # Clean evictions (from lower level)
   PUTX: 375576 # Dirty evictions (from lower level)
   INV: 32597 # Invalidates (from upper level)
   INVX: 26258 # Downgrades (from upper level)
   FWD: 0 # Forwards (from upper level)
   latGETnl: 14619086 # GET request latency on next level
   latGETnet: 0 # GET request latency on network to next level
  l2-2: # Cache stats
   hGETS: 6305345 # GETS hits
   hGETX: 213433 # GETX hits
   mGETS: 400765 # GETS misses
   mGETXIM: 44916 # GETX I->M misses
   mGETXSM: 10546 # GETX S->M misses (upgrade misses)
   PUTS: 6593819 # Clean evictions (from lower level)
   PUTX: 352669 # Dirty evictions (from lower level)
   INV: 34852 # Invalidates (from upper level)
   INVX: 26099 # Downgrades (from upper level)
   FWD: 0 # Forwards (from upper level)
   latGETnl: 12634853 # GET request latency on next level
   latGETnet: 0 # GET request latency on network to next level
  l2-3: # Cache stats
   hGETS: 6299839 # GETS hits
   hGETX: 216281 # GETX hits
   mGETS: 400139 # GETS misses
   mGETXIM: 46024 # GETX I->M misses
   mGETXSM: 11911 # GETX S->M misses (upgrade misses)
   PUTS: 6592587 # Clean evictions (from lower level)
   PUTX: 356523 # Dirty evictions (from lower level)
   INV: 27806 # Invalidates (from upper level)
   INVX: 26603 # Downgrades (from upper level)
   FWD: 0 # Forwards (from upper level)
   latGETnl: 12819993 # GET request latency on next level
   latGETnet: 0 # GET request latency on network to next level
  l2-4: # Cache stats
   hGETS: 6294151 # GETS hits
   hGETX: 213776 # GETX hits
   mGETS: 417072 # GETS misses
   mGETXIM: 54474 # GETX I->M misses
   mGETXSM: 11829 # GETX S->M misses (upgrade misses)
   PUTS: 6598114 # Clean evictions (from lower level)
   PUTX: 368278 # Dirty evictions (from lower level)
   INV: 29220 # Invalidates (from upper level)
   INVX: 26276 # Downgrades (from upper level)
   FWD: 0 # Forwards (from upper level)
   latGETnl: 13063361 # GET request latency on next level
   latGETnet: 0 # GET request latency on network to next level
  l2-5: # Cache stats
   hGETS: 6288636 # GETS hits
   hGETX: 214539 # GETX hits
   mGETS: 400407 # GETS misses
   mGETXIM: 36830 # GETX I->M misses
   mGETXSM: 9561 # GETX S->M misses (upgrade misses)
   PUTS: 6581091 # Clean evictions (from lower level)
   PUTX: 343466 # Dirty evictions (from lower level)
   INV: 33145 # Invalidates (from upper level)
   INVX: 26159 # Downgrades (from upper level)
   FWD: 0 # Forwards (from upper level)
   latGETnl: 12514637 # GET request latency on next level
   latGETnet: 0 # GET request latency on network to next level
  l2-6: # Cache stats
   hGETS: 6308423 # GETS hits
   hGETX: 212981 # GETX hits
   mGETS: 400551 # GETS misses
   mGETXIM: 41468 # GETX I->M misses
   mGETXSM: 10055 # GETX S->M misses (upgrade misses)
   PUTS: 6596835 # Clean evictions (from lower level)
   PUTX: 349165 # Dirty evictions (from lower level)
   INV: 32656 # Invalidates (from upper level)
   INVX: 26416 # Downgrades (from upper level)
   FWD: 0 # Forwards (from upper level)
   latGETnl: 12302765 # GET request latency on next level
   latGETnet: 0 # GET request latency on network to next level
  l2-7: # Cache stats
   hGETS: 6300731 # GETS hits
   hGETX: 213535 # GETX hits
   mGETS: 590317 # GETS misses
   mGETXIM: 194100 # GETX I->M misses
   mGETXSM: 8609 # GETX S->M misses (upgrade misses)
   PUTS: 6736393 # Clean evictions (from lower level)
   PUTX: 546847 # Dirty evictions (from lower level)
   INV: 32836 # Invalidates (from upper level)
   INVX: 27040 # Downgrades (from upper level)
   FWD: 0 # Forwards (from upper level)
   latGETnl: 26179141 # GET request latency on next level
   latGETnet: 0 # GET request latency on network to next level
 l3: # Cache stats
  l3-0b0: # Cache stats
   hGETS: 385840 # GETS hits
   hGETX: 79598 # GETX hits
   mGETS: 11239 # GETS misses
   mGETXIM: 9635 # GETX I->M misses
   mGETXSM: 0 # GETX S->M misses (upgrade misses)
   PUTS: 325081 # Clean evictions (from lower level)
   PUTX: 76002 # Dirty evictions (from lower level)
   INV: 0 # Invalidates (from upper level)
   INVX: 0 # Downgrades (from upper level)
   FWD: 0 # Forwards (from upper level)
   latGETnl: 1878660 # GET request latency on next level
   latGETnet: 0 # GET request latency on network to next level
  l3-0b1: # Cache stats
   hGETS: 459195 # GETS hits
   hGETX: 64619 # GETX hits
   mGETS: 11166 # GETS misses
   mGETXIM: 9768 # GETX I->M misses
   mGETXSM: 0 # GETX S->M misses (upgrade misses)
   PUTS: 429770 # Clean evictions (from lower level)
   PUTX: 78542 # Dirty evictions (from lower level)
   INV: 0 # Invalidates (from upper level)
   INVX: 0 # Downgrades (from upper level)
   FWD: 0 # Forwards (from upper level)
   latGETnl: 1884060 # GET request latency on next level
   latGETnet: 0 # GET request latency on network to next level
  l3-0b2: # Cache stats
   hGETS: 382063 # GETS hits
   hGETX: 62742 # GETX hits
   mGETS: 11235 # GETS misses
   mGETXIM: 9638 # GETX I->M misses
   mGETXSM: 0 # GETX S->M misses (upgrade misses)
   PUTS: 352850 # Clean evictions (from lower level)
   PUTX: 76304 # Dirty evictions (from lower level)
   INV: 0 # Invalidates (from upper level)
   INVX: 0 # Downgrades (from upper level)
   FWD: 0 # Forwards (from upper level)
   latGETnl: 1878570 # GET request latency on next level
   latGETnet: 0 # GET request latency on network to next level
  l3-0b3: # Cache stats
   hGETS: 431211 # GETS hits
   hGETX: 57703 # GETX hits
   mGETS: 11138 # GETS misses
   mGETXIM: 9750 # GETX I->M misses
   mGETXSM: 0 # GETX S->M misses (upgrade misses)
   PUTS: 399886 # Clean evictions (from lower level)
   PUTX: 75321 # Dirty evictions (from lower level)
   INV: 0 # Invalidates (from upper level)
   INVX: 0 # Downgrades (from upper level)
   FWD: 0 # Forwards (from upper level)
   latGETnl: 1879920 # GET request latency on next level
   latGETnet: 0 # GET request latency on network to next level
  l3-0b4: # Cache stats
   hGETS: 370843 # GETS hits
   hGETX: 51903 # GETX hits
   mGETS: 11250 # GETS misses
   mGETXIM: 9635 # GETX I->M misses
   mGETXSM: 0 # GETX S->M misses (upgrade misses)
   PUTS: 345321 # Clean evictions (from lower level)
   PUTX: 76683 # Dirty evictions (from lower level)
   INV: 0 # Invalidates (from upper level)
   INVX: 0 # Downgrades (from upper level)
   FWD: 0 # Forwards (from upper level)
   latGETnl: 1879650 # GET request latency on next level
   latGETnet: 0 # GET request latency on network to next level
  l3-0b5: # Cache stats
   hGETS: 446678 # GETS hits
   hGETX: 66883 # GETX hits
   mGETS: 11203 # GETS misses
   mGETXIM: 9738 # GETX I->M misses
   mGETXSM: 0 # GETX S->M misses (upgrade misses)
   PUTS: 410173 # Clean evictions (from lower level)
   PUTX: 75689 # Dirty evictions (from lower level)
   INV: 0 # Invalidates (from upper level)
   INVX: 0 # Downgrades (from upper level)
   FWD: 0 # Forwards (from upper level)
   latGETnl: 1884690 # GET request latency on next level
   latGETnet: 0 # GET request latency on network to next level
  l3-0b6: # Cache stats
   hGETS: 378406 # GETS hits
   hGETX: 79874 # GETX hits
   mGETS: 11188 # GETS misses
   mGETXIM: 9639 # GETX I->M misses
   mGETXSM: 0 # GETX S->M misses (upgrade misses)
   PUTS: 330590 # Clean evictions (from lower level)
   PUTX: 76577 # Dirty evictions (from lower level)
   INV: 0 # Invalidates (from upper level)
   INVX: 0 # Downgrades (from upper level)
   FWD: 0 # Forwards (from upper level)
   latGETnl: 1874430 # GET request latency on next level
   latGETnet: 0 # GET request latency on network to next level
  l3-0b7: # Cache stats
   hGETS: 481823 # GETS hits
   hGETX: 62844 # GETX hits
   mGETS: 11257 # GETS misses
   mGETXIM: 9779 # GETX I->M misses
   mGETXSM: 0 # GETX S->M misses (upgrade misses)
   PUTS: 451558 # Clean evictions (from lower level)
   PUTX: 77028 # Dirty evictions (from lower level)
   INV: 0 # Invalidates (from upper level)
   INVX: 0 # Downgrades (from upper level)
   FWD: 0 # Forwards (from upper level)
   latGETnl: 1893240 # GET request latency on next level
   latGETnet: 0 # GET request latency on network to next level
 mem: # Memory controller stats
  mem-0: # Memory controller stats
   rd: 41774 # Read requests
   wr: 7412 # Write requests
   rdlat: 5629141 # Total latency experienced by read requests
   wrlat: 1093075 # Total latency experienced by write requests
   rdhits: 246 # Read row hits
   wrhits: 21 # Write row hits
   mlh: # latency histogram for memory requests
    0: 0
    1: 0
    2: 0
    3: 0
    4: 0
    5: 0
    6: 0
    7: 0
    8: 0
    9: 0
    10: 0
    11: 29
    12: 52
    13: 39427
    14: 1233
    15: 186
    16: 100
    17: 51
    18: 41
    19: 39
    20: 46
    21: 49
    22: 17
    23: 26
    24: 32
    25: 29
    26: 13
    27: 20
    28: 11
    29: 29
    30: 40
    31: 23
    32: 20
    33: 24
    34: 30
    35: 21
    36: 26
    37: 18
    38: 26
    39: 26
    40: 16
    41: 24
    42: 28
    43: 11
    44: 3
    45: 2
    46: 2
    47: 2
    48: 2
    49: 0
    50: 0
    51: 0
    52: 0
    53: 0
    54: 0
    55: 0
    56: 0
    57: 0
    58: 0
    59: 0
    60: 0
    61: 0
    62: 0
    63: 0
    64: 0
    65: 0
    66: 0
    67: 0
    68: 0
    69: 0
    70: 0
    71: 0
    72: 0
    73: 0
    74: 0
    75: 0
    76: 0
    77: 0
    78: 0
    79: 0
    80: 0
    81: 0
    82: 0
    83: 0
    84: 0
    85: 0
    86: 0
    87: 0
    88: 0
    89: 0
    90: 0
    91: 0
    92: 0
    93: 0
    94: 0
    95: 0
    96: 0
    97: 0
    98: 0
    99: 0
  mem-1: # Memory controller stats
   rd: 41865 # Read requests
   wr: 7515 # Write requests
   rdlat: 5634242 # Total latency experienced by read requests
   wrlat: 1115491 # Total latency experienced by write requests
   rdhits: 234 # Read row hits
   wrhits: 13 # Write row hits
   mlh: # latency histogram for memory requests
    0: 0
    1: 0
    2: 0
    3: 0
    4: 0
    5: 0
    6: 0
    7: 0
    8: 0
    9: 0
    10: 0
    11: 19
    12: 41
    13: 39757
    14: 1097
    15: 155
    16: 112
    17: 51
    18: 35
    19: 33
    20: 47
    21: 38
    22: 12
    23: 20
    24: 21
    25: 28
    26: 18
    27: 16
    28: 12
    29: 21
    30: 39
    31: 23
    32: 21
    33: 26
    34: 19
    35: 21
    36: 29
    37: 17
    38: 25
    39: 22
    40: 24
    41: 26
    42: 17
    43: 15
    44: 2
    45: 2
    46: 1
    47: 2
    48: 0
    49: 1
    50: 0
    51: 0
    52: 0
    53: 0
    54: 0
    55: 0
    56: 0
    57: 0
    58: 0
    59: 0
    60: 0
    61: 0
    62: 0
    63: 0
    64: 0
    65: 0
    66: 0
    67: 0
    68: 0
    69: 0
    70: 0
    71: 0
    72: 0
    73: 0
    74: 0
    75: 0
    76: 0
    77: 0
    78: 0
    79: 0
    80: 0
    81: 0
    82: 0
    83: 0
    84: 0
    85: 0
    86: 0
    87: 0
    88: 0
    89: 0
    90: 0
    91: 0
    92: 0
    93: 0
    94: 0
    95: 0
    96: 0
    97: 0
    98: 0
    99: 0
  mem-2: # Memory controller stats
   rd: 41796 # Read requests
   wr: 7467 # Write requests
   rdlat: 5638813 # Total latency experienced by read requests
   wrlat: 1108315 # Total latency experienced by write requests
   rdhits: 260 # Read row hits
   wrhits: 22 # Write row hits
   mlh: # latency histogram for memory requests
    0: 0
    1: 0
    2: 0
    3: 0
    4: 0
    5: 0
    6: 0
    7: 0
    8: 0
    9: 0
    10: 0
    11: 29
    12: 55
    13: 39550
    14: 1134
    15: 204
    16: 89
    17: 31
    18: 39
    19: 42
    20: 41
    21: 48
    22: 18
    23: 16
    24: 22
    25: 20
    26: 20
    27: 12
    28: 8
    29: 22
    30: 41
    31: 28
    32: 24
    33: 19
    34: 24
    35: 32
    36: 31
    37: 28
    38: 33
    39: 31
    40: 27
    41: 28
    42: 24
    43: 6
    44: 3
    45: 1
    46: 4
    47: 8
    48: 1
    49: 0
    50: 0
    51: 0
    52: 1
    53: 0
    54: 0
    55: 1
    56: 0
    57: 0
    58: 0
    59: 0
    60: 1
    61: 0
    62: 0
    63: 0
    64: 0
    65: 0
    66: 0
    67: 0
    68: 0
    69: 0
    70: 0
    71: 0
    72: 0
    73: 0
    74: 0
    75: 0
    76: 0
    77: 0
    78: 0
    79: 0
    80: 0
    81: 0
    82: 0
    83: 0
    84: 0
    85: 0
    86: 0
    87: 0
    88: 0
    89: 0
    90: 0
    91: 0
    92: 0
    93: 0
    94: 0
    95: 0
    96: 0
    97: 0
    98: 0
    99: 0
  mem-3: # Memory controller stats
   rd: 41823 # Read requests
   wr: 7498 # Write requests
   rdlat: 5638520 # Total latency experienced by read requests
   wrlat: 1113864 # Total latency experienced by write requests
   rdhits: 256 # Read row hits
   wrhits: 18 # Write row hits
   mlh: # latency histogram for memory requests
    0: 0
    1: 0
    2: 0
    3: 0
    4: 0
    5: 0
    6: 0
    7: 0
    8: 0
    9: 0
    10: 0
    11: 17
    12: 48
    13: 39848
    14: 915
    15: 141
    16: 103
    17: 36
    18: 37
    19: 39
    20: 55
    21: 47
    22: 16
    23: 20
    24: 21
    25: 29
    26: 19
    27: 15
    28: 16
    29: 32
    30: 37
    31: 27
    32: 22
    33: 23
    34: 30
    35: 26
    36: 42
    37: 21
    38: 24
    39: 20
    40: 28
    41: 26
    42: 24
    43: 11
    44: 3
    45: 2
    46: 1
    47: 1
    48: 1
    49: 0
    50: 0
    51: 0
    52: 0
    53: 0
    54: 0
    55: 0
    56: 0
    57: 0
    58: 0
    59: 0
    60: 0
    61: 0
    62: 0
    63: 0
    64: 0
    65: 0
    66: 0
    67: 0
    68: 0
    69: 0
    70: 0
    71: 0
    72: 0
    73: 0
    74: 0
    75: 0
    76: 0
    77: 0
    78: 0
    79: 0
    80: 0
    81: 0
    82: 0
    83: 0
    84: 0
    85: 0
    86: 0
    87: 0
    88: 0
    89: 0
    90: 0
    91: 0
    92: 0
    93: 0
    94: 0
    95: 0
    96: 0
    97: 0
    98: 0
    99: 0
 sched: # Scheduler stats
  thCr: 9 # Threads created
  thFn: 0 # Threads finished
  schedEvs: 401 # Schedule events
  waitEvs: 23 # Wait events
  handoffEvs: 0 # Handoff events
  sleepEvs: 0 # Sleep events
  idlePhases: 0 # Phases with no thread active
  idlePeriods: 0 # Periods with no thread active
  occHist: # Occupancy histogram
   0: 0
   1: 135
   2: 0
   3: 0
   4: 0
   5: 0
   6: 0
   7: 0
   8: 45439
  rqSzHist: # Run queue size histogram
   0: 45574
   1: 0
   2: 0
   3: 0
   4: 0
   5: 0
   6: 0
   7: 0
   8: 0
   9: 0
   10: 0
   11: 0
   12: 0
   13: 0
   14: 0
   15: 0
   16: 0
 procCycles: # Per-process unhalted core cycles
  0: 2969720645
  1: 0
  2: 0
  3: 0
  4: 0
  5: 0
  6: 0
  7: 0
  8: 0
  9: 0
  10: 0
  11: 0
  12: 0
  13: 0
  14: 0
  15: 0
  16: 0
  17: 0
  18: 0
  19: 0
  20: 0
  21: 0
  22: 0
  23: 0
  24: 0
  25: 0
  26: 0
  27: 0
  28: 0
  29: 0
  30: 0
  31: 0
  32: 0
  33: 0
  34: 0
  35: 0
  36: 0
  37: 0
  38: 0
  39: 0
  40: 0
  41: 0
  42: 0
  43: 0
  44: 0
  45: 0
  46: 0
  47: 0
  48: 0
  49: 0
  50: 0
  51: 0
  52: 0
  53: 0
  54: 0
  55: 0
  56: 0
  57: 0
  58: 0
  59: 0
  60: 0
  61: 0
  62: 0
  63: 0
 procInstrs: # Per-process instructions
  0: 5000116654
  1: 0
  2: 0
  3: 0
  4: 0
  5: 0
  6: 0
  7: 0
  8: 0
  9: 0
  10: 0
  11: 0
  12: 0
  13: 0
  14: 0
  15: 0
  16: 0
  17: 0
  18: 0
  19: 0
  20: 0
  21: 0
  22: 0
  23: 0
  24: 0
  25: 0
  26: 0
  27: 0
  28: 0
  29: 0
  30: 0
  31: 0
  32: 0
  33: 0
  34: 0
  35: 0
  36: 0
  37: 0
  38: 0
  39: 0
  40: 0
  41: 0
  42: 0
  43: 0
  44: 0
  45: 0
  46: 0
  47: 0
  48: 0
  49: 0
  50: 0
  51: 0
  52: 0
  53: 0
  54: 0
  55: 0
  56: 0
  57: 0
  58: 0
  59: 0
  60: 0
  61: 0
  62: 0
  63: 0
 heartbeats: # Per-process heartbeats
  0: 0
  1: 0
  2: 0
  3: 0
  4: 0
  5: 0
  6: 0
  7: 0
  8: 0
  9: 0
  10: 0
  11: 0
  12: 0
  13: 0
  14: 0
  15: 0
  16: 0
  17: 0
  18: 0
  19: 0
  20: 0
  21: 0
  22: 0
  23: 0
  24: 0
  25: 0
  26: 0
  27: 0
  28: 0
  29: 0
  30: 0
  31: 0
  32: 0
  33: 0
  34: 0
  35: 0
  36: 0
  37: 0
  38: 0
  39: 0
  40: 0
  41: 0
  42: 0
  43: 0
  44: 0
  45: 0
  46: 0
  47: 0
  48: 0
  49: 0
  50: 0
  51: 0
  52: 0
  53: 0
  54: 0
  55: 0
  56: 0
  57: 0
  58: 0
  59: 0
  60: 0
  61: 0
  62: 0
  63: 0
===
