# zsim stats
===
root: # Stats
 contention: # Contention simulation stats
  domain-0: # Domain stats
   time: 10180739706 # Weave simulation time
 time: # Simulator time breakdown
  init: 8182284393
  bound: 914407902443
  weave: 41119540354
  ff: 0
 trigger: 20000 # Reason for this stats dump
 phase: 45204 # Simulated phases
 westmere: # Core stats
  westmere-0: # Core stats
   cycles: 451485131 # Simulated unhalted cycles
   cCycles: 24493991 # Cycles due to contention stalls
   instrs: 622870280 # Simulated instructions
   uops: 724987838 # Retired micro-ops
   bbls: 77219171 # Basic blocks
   approxInstrs: 161278 # Instrs with approx uop decoding
   mispredBranches: 4396152 # Mispredicted branches
   condBranches: 67938303 # conditional branches
  westmere-1: # Core stats
   cycles: 452015571 # Simulated unhalted cycles
   cCycles: 18564576 # Cycles due to contention stalls
   instrs: 654681434 # Simulated instructions
   uops: 732115021 # Retired micro-ops
   bbls: 95729783 # Basic blocks
   approxInstrs: 204207 # Instrs with approx uop decoding
   mispredBranches: 6011147 # Mispredicted branches
   condBranches: 86290642 # conditional branches
  westmere-2: # Core stats
   cycles: 452012059 # Simulated unhalted cycles
   cCycles: 21479038 # Cycles due to contention stalls
   instrs: 642928940 # Simulated instructions
   uops: 731841661 # Retired micro-ops
   bbls: 87693846 # Basic blocks
   approxInstrs: 172603 # Instrs with approx uop decoding
   mispredBranches: 4893504 # Mispredicted branches
   condBranches: 78589636 # conditional branches
  westmere-3: # Core stats
   cycles: 452011311 # Simulated unhalted cycles
   cCycles: 25746890 # Cycles due to contention stalls
   instrs: 603148523 # Simulated instructions
   uops: 688037922 # Retired micro-ops
   bbls: 81466257 # Basic blocks
   approxInstrs: 166947 # Instrs with approx uop decoding
   mispredBranches: 3663871 # Mispredicted branches
   condBranches: 73589957 # conditional branches
  westmere-4: # Core stats
   cycles: 452011356 # Simulated unhalted cycles
   cCycles: 26973604 # Cycles due to contention stalls
   instrs: 614870893 # Simulated instructions
   uops: 710267845 # Retired micro-ops
   bbls: 78104931 # Basic blocks
   approxInstrs: 143547 # Instrs with approx uop decoding
   mispredBranches: 3323624 # Mispredicted branches
   condBranches: 69925937 # conditional branches
  westmere-5: # Core stats
   cycles: 452012604 # Simulated unhalted cycles
   cCycles: 18055069 # Cycles due to contention stalls
   instrs: 621169256 # Simulated instructions
   uops: 681734507 # Retired micro-ops
   bbls: 97553705 # Basic blocks
   approxInstrs: 184393 # Instrs with approx uop decoding
   mispredBranches: 6118598 # Mispredicted branches
   condBranches: 89024069 # conditional branches
  westmere-6: # Core stats
   cycles: 451223802 # Simulated unhalted cycles
   cCycles: 28124056 # Cycles due to contention stalls
   instrs: 585173867 # Simulated instructions
   uops: 677857804 # Retired micro-ops
   bbls: 73920932 # Basic blocks
   approxInstrs: 151494 # Instrs with approx uop decoding
   mispredBranches: 2946196 # Mispredicted branches
   condBranches: 66274907 # conditional branches
  westmere-7: # Core stats
   cycles: 452011347 # Simulated unhalted cycles
   cCycles: 21205816 # Cycles due to contention stalls
   instrs: 655163769 # Simulated instructions
   uops: 741421383 # Retired micro-ops
   bbls: 90796724 # Basic blocks
   approxInstrs: 197693 # Instrs with approx uop decoding
   mispredBranches: 4944423 # Mispredicted branches
   condBranches: 81580552 # conditional branches
 l1i: # Cache stats
  l1i-0: # Filter cache stats
   fhGETS: 109026985 # Filtered GETS hits
   fhGETX: 0 # Filtered GETX hits
   hGETS: 671303 # GETS hits
   hGETX: 0 # GETX hits
   mGETS: 84517 # GETS misses
   mGETXIM: 0 # GETX I->M misses
   mGETXSM: 0 # GETX S->M misses (upgrade misses)
   PUTS: 0 # Clean evictions (from lower level)
   PUTX: 0 # Dirty evictions (from lower level)
   INV: 3944 # Invalidates (from upper level)
   INVX: 0 # Downgrades (from upper level)
   FWD: 0 # Forwards (from upper level)
   latGETnl: 1227328 # GET request latency on next level
   latGETnet: 0 # GET request latency on network to next level
  l1i-1: # Filter cache stats
   fhGETS: 135339967 # Filtered GETS hits
   fhGETX: 0 # Filtered GETX hits
   hGETS: 665177 # GETS hits
   hGETX: 0 # GETX hits
   mGETS: 131015 # GETS misses
   mGETXIM: 0 # GETX I->M misses
   mGETXSM: 0 # GETX S->M misses (upgrade misses)
   PUTS: 0 # Clean evictions (from lower level)
   PUTX: 0 # Dirty evictions (from lower level)
   INV: 3467 # Invalidates (from upper level)
   INVX: 0 # Downgrades (from upper level)
   FWD: 0 # Forwards (from upper level)
   latGETnl: 1715456 # GET request latency on next level
   latGETnet: 0 # GET request latency on network to next level
  l1i-2: # Filter cache stats
   fhGETS: 121645473 # Filtered GETS hits
   fhGETX: 0 # Filtered GETX hits
   hGETS: 616961 # GETS hits
   hGETX: 0 # GETX hits
   mGETS: 110173 # GETS misses
   mGETXIM: 0 # GETX I->M misses
   mGETXSM: 0 # GETX S->M misses (upgrade misses)
   PUTS: 0 # Clean evictions (from lower level)
   PUTX: 0 # Dirty evictions (from lower level)
   INV: 3457 # Invalidates (from upper level)
   INVX: 0 # Downgrades (from upper level)
   FWD: 0 # Forwards (from upper level)
   latGETnl: 1437142 # GET request latency on next level
   latGETnet: 0 # GET request latency on network to next level
  l1i-3: # Filter cache stats
   fhGETS: 106325224 # Filtered GETS hits
   fhGETX: 0 # Filtered GETX hits
   hGETS: 543537 # GETS hits
   hGETX: 0 # GETX hits
   mGETS: 88934 # GETS misses
   mGETXIM: 0 # GETX I->M misses
   mGETXSM: 0 # GETX S->M misses (upgrade misses)
   PUTS: 0 # Clean evictions (from lower level)
   PUTX: 0 # Dirty evictions (from lower level)
   INV: 2789 # Invalidates (from upper level)
   INVX: 0 # Downgrades (from upper level)
   FWD: 0 # Forwards (from upper level)
   latGETnl: 1140926 # GET request latency on next level
   latGETnet: 0 # GET request latency on network to next level
  l1i-4: # Filter cache stats
   fhGETS: 102815690 # Filtered GETS hits
   fhGETX: 0 # Filtered GETX hits
   hGETS: 544444 # GETS hits
   hGETX: 0 # GETX hits
   mGETS: 72542 # GETS misses
   mGETXIM: 0 # GETX I->M misses
   mGETXSM: 0 # GETX S->M misses (upgrade misses)
   PUTS: 0 # Clean evictions (from lower level)
   PUTX: 0 # Dirty evictions (from lower level)
   INV: 2941 # Invalidates (from upper level)
   INVX: 0 # Downgrades (from upper level)
   FWD: 0 # Forwards (from upper level)
   latGETnl: 974240 # GET request latency on next level
   latGETnet: 0 # GET request latency on network to next level
  l1i-5: # Filter cache stats
   fhGETS: 134648867 # Filtered GETS hits
   fhGETX: 0 # Filtered GETX hits
   hGETS: 482611 # GETS hits
   hGETX: 0 # GETX hits
   mGETS: 134293 # GETS misses
   mGETXIM: 0 # GETX I->M misses
   mGETXSM: 0 # GETX S->M misses (upgrade misses)
   PUTS: 0 # Clean evictions (from lower level)
   PUTX: 0 # Dirty evictions (from lower level)
   INV: 3471 # Invalidates (from upper level)
   INVX: 0 # Downgrades (from upper level)
   FWD: 0 # Forwards (from upper level)
   latGETnl: 1688104 # GET request latency on next level
   latGETnet: 0 # GET request latency on network to next level
  l1i-6: # Filter cache stats
   fhGETS: 94762160 # Filtered GETS hits
   fhGETX: 0 # Filtered GETX hits
   hGETS: 536943 # GETS hits
   hGETX: 0 # GETX hits
   mGETS: 61145 # GETS misses
   mGETXIM: 0 # GETX I->M misses
   mGETXSM: 0 # GETX S->M misses (upgrade misses)
   PUTS: 0 # Clean evictions (from lower level)
   PUTX: 0 # Dirty evictions (from lower level)
   INV: 3048 # Invalidates (from upper level)
   INVX: 0 # Downgrades (from upper level)
   FWD: 0 # Forwards (from upper level)
   latGETnl: 888722 # GET request latency on next level
   latGETnet: 0 # GET request latency on network to next level
  l1i-7: # Filter cache stats
   fhGETS: 125368923 # Filtered GETS hits
   fhGETX: 0 # Filtered GETX hits
   hGETS: 691784 # GETS hits
   hGETX: 0 # GETX hits
   mGETS: 110931 # GETS misses
   mGETXIM: 0 # GETX I->M misses
   mGETXSM: 0 # GETX S->M misses (upgrade misses)
   PUTS: 0 # Clean evictions (from lower level)
   PUTX: 0 # Dirty evictions (from lower level)
   INV: 3313 # Invalidates (from upper level)
   INVX: 0 # Downgrades (from upper level)
   FWD: 0 # Forwards (from upper level)
   latGETnl: 1427502 # GET request latency on next level
   latGETnet: 0 # GET request latency on network to next level
 l1d: # Cache stats
  l1d-0: # Filter cache stats
   fhGETS: 167519930 # Filtered GETS hits
   fhGETX: 45015416 # Filtered GETX hits
   hGETS: 11219927 # GETS hits
   hGETX: 3742612 # GETX hits
   mGETS: 1210167 # GETS misses
   mGETXIM: 930390 # GETX I->M misses
   mGETXSM: 6331 # GETX S->M misses (upgrade misses)
   PUTS: 0 # Clean evictions (from lower level)
   PUTX: 0 # Dirty evictions (from lower level)
   INV: 13153 # Invalidates (from upper level)
   INVX: 4267 # Downgrades (from upper level)
   FWD: 0 # Forwards (from upper level)
   latGETnl: 113253610 # GET request latency on next level
   latGETnet: 0 # GET request latency on network to next level
  l1d-1: # Filter cache stats
   fhGETS: 166154510 # Filtered GETS hits
   fhGETX: 50929461 # Filtered GETX hits
   hGETS: 13872456 # GETS hits
   hGETX: 5225416 # GETX hits
   mGETS: 1077672 # GETS misses
   mGETXIM: 1136203 # GETX I->M misses
   mGETXSM: 6291 # GETX S->M misses (upgrade misses)
   PUTS: 0 # Clean evictions (from lower level)
   PUTX: 0 # Dirty evictions (from lower level)
   INV: 10995 # Invalidates (from upper level)
   INVX: 3489 # Downgrades (from upper level)
   FWD: 0 # Forwards (from upper level)
   latGETnl: 89087593 # GET request latency on next level
   latGETnet: 0 # GET request latency on network to next level
  l1d-2: # Filter cache stats
   fhGETS: 169535675 # Filtered GETS hits
   fhGETX: 48066381 # Filtered GETX hits
   hGETS: 12365213 # GETS hits
   hGETX: 4845879 # GETX hits
   mGETS: 1377200 # GETS misses
   mGETXIM: 1077118 # GETX I->M misses
   mGETXSM: 6990 # GETX S->M misses (upgrade misses)
   PUTS: 0 # Clean evictions (from lower level)
   PUTX: 0 # Dirty evictions (from lower level)
   INV: 8196 # Invalidates (from upper level)
   INVX: 5955 # Downgrades (from upper level)
   FWD: 0 # Forwards (from upper level)
   latGETnl: 103209127 # GET request latency on next level
   latGETnet: 0 # GET request latency on network to next level
  l1d-3: # Filter cache stats
   fhGETS: 166921791 # Filtered GETS hits
   fhGETX: 36324536 # Filtered GETX hits
   hGETS: 10137140 # GETS hits
   hGETX: 3623140 # GETX hits
   mGETS: 1082692 # GETS misses
   mGETXIM: 1007506 # GETX I->M misses
   mGETXSM: 5659 # GETX S->M misses (upgrade misses)
   PUTS: 0 # Clean evictions (from lower level)
   PUTX: 0 # Dirty evictions (from lower level)
   INV: 10385 # Invalidates (from upper level)
   INVX: 4740 # Downgrades (from upper level)
   FWD: 0 # Forwards (from upper level)
   latGETnl: 115470338 # GET request latency on next level
   latGETnet: 0 # GET request latency on network to next level
  l1d-4: # Filter cache stats
   fhGETS: 169194182 # Filtered GETS hits
   fhGETX: 37954787 # Filtered GETX hits
   hGETS: 10093848 # GETS hits
   hGETX: 3278513 # GETX hits
   mGETS: 1026620 # GETS misses
   mGETXIM: 901509 # GETX I->M misses
   mGETXSM: 6965 # GETX S->M misses (upgrade misses)
   PUTS: 0 # Clean evictions (from lower level)
   PUTX: 0 # Dirty evictions (from lower level)
   INV: 12391 # Invalidates (from upper level)
   INVX: 5668 # Downgrades (from upper level)
   FWD: 0 # Forwards (from upper level)
   latGETnl: 119585637 # GET request latency on next level
   latGETnet: 0 # GET request latency on network to next level
  l1d-5: # Filter cache stats
   fhGETS: 158545058 # Filtered GETS hits
   fhGETX: 42488170 # Filtered GETX hits
   hGETS: 14552085 # GETS hits
   hGETX: 5305416 # GETX hits
   mGETS: 1472621 # GETS misses
   mGETXIM: 1155883 # GETX I->M misses
   mGETXSM: 5656 # GETX S->M misses (upgrade misses)
   PUTS: 0 # Clean evictions (from lower level)
   PUTX: 0 # Dirty evictions (from lower level)
   INV: 9567 # Invalidates (from upper level)
   INVX: 3274 # Downgrades (from upper level)
   FWD: 0 # Forwards (from upper level)
   latGETnl: 91338009 # GET request latency on next level
   latGETnet: 0 # GET request latency on network to next level
  l1d-6: # Filter cache stats
   fhGETS: 166213476 # Filtered GETS hits
   fhGETX: 31465509 # Filtered GETX hits
   hGETS: 9161929 # GETS hits
   hGETX: 2919755 # GETX hits
   mGETS: 1037489 # GETS misses
   mGETXIM: 874682 # GETX I->M misses
   mGETXSM: 6250 # GETX S->M misses (upgrade misses)
   PUTS: 0 # Clean evictions (from lower level)
   PUTX: 0 # Dirty evictions (from lower level)
   INV: 16450 # Invalidates (from upper level)
   INVX: 5560 # Downgrades (from upper level)
   FWD: 0 # Forwards (from upper level)
   latGETnl: 125506118 # GET request latency on next level
   latGETnet: 0 # GET request latency on network to next level
  l1d-7: # Filter cache stats
   fhGETS: 168629058 # Filtered GETS hits
   fhGETX: 47914169 # Filtered GETX hits
   hGETS: 12672075 # GETS hits
   hGETX: 4301735 # GETX hits
   mGETS: 1055694 # GETS misses
   mGETXIM: 1047417 # GETX I->M misses
   mGETXSM: 6630 # GETX S->M misses (upgrade misses)
   PUTS: 0 # Clean evictions (from lower level)
   PUTX: 0 # Dirty evictions (from lower level)
   INV: 11233 # Invalidates (from upper level)
   INVX: 4089 # Downgrades (from upper level)
   FWD: 0 # Forwards (from upper level)
   latGETnl: 98993049 # GET request latency on next level
   latGETnet: 0 # GET request latency on network to next level
 l2: # Cache stats
  l2-0: # Cache stats
   hGETS: 869571 # GETS hits
   hGETX: 480211 # GETX hits
   mGETS: 425113 # GETS misses
   mGETXIM: 450174 # GETX I->M misses
   mGETXSM: 6336 # GETX S->M misses (upgrade misses)
   PUTS: 868209 # Clean evictions (from lower level)
   PUTX: 1338949 # Dirty evictions (from lower level)
   INV: 52998 # Invalidates (from upper level)
   INVX: 6387 # Downgrades (from upper level)
   FWD: 0 # Forwards (from upper level)
   latGETnl: 92166888 # GET request latency on next level
   latGETnet: 0 # GET request latency on network to next level
  l2-1: # Cache stats
   hGETS: 910372 # GETS hits
   hGETX: 768030 # GETX hits
   mGETS: 298315 # GETS misses
   mGETXIM: 367990 # GETX I->M misses
   mGETXSM: 6474 # GETX S->M misses (upgrade misses)
   PUTS: 681865 # Clean evictions (from lower level)
   PUTX: 1647577 # Dirty evictions (from lower level)
   INV: 51528 # Invalidates (from upper level)
   INVX: 7706 # Downgrades (from upper level)
   FWD: 0 # Forwards (from upper level)
   latGETnl: 67291239 # GET request latency on next level
   latGETnet: 0 # GET request latency on network to next level
  l2-2: # Cache stats
   hGETS: 1123939 # GETS hits
   hGETX: 675018 # GETX hits
   mGETS: 363434 # GETS misses
   mGETXIM: 401260 # GETX I->M misses
   mGETXSM: 7830 # GETX S->M misses (upgrade misses)
   PUTS: 900954 # Clean evictions (from lower level)
   PUTX: 1650914 # Dirty evictions (from lower level)
   INV: 42168 # Invalidates (from upper level)
   INVX: 9315 # Downgrades (from upper level)
   FWD: 0 # Forwards (from upper level)
   latGETnl: 78931459 # GET request latency on next level
   latGETnet: 0 # GET request latency on network to next level
  l2-3: # Cache stats
   hGETS: 742220 # GETS hits
   hGETX: 540147 # GETX hits
   mGETS: 429406 # GETS misses
   mGETXIM: 466927 # GETX I->M misses
   mGETXSM: 6091 # GETX S->M misses (upgrade misses)
   PUTS: 765650 # Clean evictions (from lower level)
   PUTX: 1399322 # Dirty evictions (from lower level)
   INV: 36293 # Invalidates (from upper level)
   INVX: 7441 # Downgrades (from upper level)
   FWD: 0 # Forwards (from upper level)
   latGETnl: 94763354 # GET request latency on next level
   latGETnet: 0 # GET request latency on network to next level
  l2-4: # Cache stats
   hGETS: 640454 # GETS hits
   hGETX: 423724 # GETX hits
   mGETS: 458708 # GETS misses
   mGETXIM: 477578 # GETX I->M misses
   mGETXSM: 7172 # GETX S->M misses (upgrade misses)
   PUTS: 766742 # Clean evictions (from lower level)
   PUTX: 1217615 # Dirty evictions (from lower level)
   INV: 45360 # Invalidates (from upper level)
   INVX: 8819 # Downgrades (from upper level)
   FWD: 0 # Forwards (from upper level)
   latGETnl: 100483517 # GET request latency on next level
   latGETnet: 0 # GET request latency on network to next level
  l2-5: # Cache stats
   hGETS: 1308411 # GETS hits
   hGETX: 794912 # GETX hits
   mGETS: 298503 # GETS misses
   mGETXIM: 360384 # GETX I->M misses
   mGETXSM: 6243 # GETX S->M misses (upgrade misses)
   PUTS: 998401 # Clean evictions (from lower level)
   PUTX: 1750435 # Dirty evictions (from lower level)
   INV: 48177 # Invalidates (from upper level)
   INVX: 7010 # Downgrades (from upper level)
   FWD: 0 # Forwards (from upper level)
   latGETnl: 65341583 # GET request latency on next level
   latGETnet: 0 # GET request latency on network to next level
  l2-6: # Cache stats
   hGETS: 611222 # GETS hits
   hGETX: 365112 # GETX hits
   mGETS: 487412 # GETS misses
   mGETXIM: 509565 # GETX I->M misses
   mGETXSM: 6255 # GETX S->M misses (upgrade misses)
   PUTS: 753847 # Clean evictions (from lower level)
   PUTX: 1198978 # Dirty evictions (from lower level)
   INV: 48155 # Invalidates (from upper level)
   INVX: 7568 # Downgrades (from upper level)
   FWD: 0 # Forwards (from upper level)
   latGETnl: 106599180 # GET request latency on next level
   latGETnet: 0 # GET request latency on network to next level
  l2-7: # Cache stats
   hGETS: 810194 # GETS hits
   hGETX: 648115 # GETX hits
   mGETS: 356431 # GETS misses
   mGETXIM: 398561 # GETX I->M misses
   mGETXSM: 7371 # GETX S->M misses (upgrade misses)
   PUTS: 765613 # Clean evictions (from lower level)
   PUTX: 1432895 # Dirty evictions (from lower level)
   INV: 45934 # Invalidates (from upper level)
   INVX: 8383 # Downgrades (from upper level)
   FWD: 0 # Forwards (from upper level)
   latGETnl: 78213831 # GET request latency on next level
   latGETnet: 0 # GET request latency on network to next level
 l3: # Cache stats
  l3-0b0: # Cache stats
   hGETS: 27032 # GETS hits
   hGETX: 60610 # GETX hits
   mGETS: 356963 # GETS misses
   mGETXIM: 369415 # GETX I->M misses
   mGETXSM: 0 # GETX S->M misses (upgrade misses)
   PUTS: 343770 # Clean evictions (from lower level)
   PUTX: 423251 # Dirty evictions (from lower level)
   INV: 0 # Invalidates (from upper level)
   INVX: 0 # Downgrades (from upper level)
   FWD: 0 # Forwards (from upper level)
   latGETnl: 65374020 # GET request latency on next level
   latGETnet: 0 # GET request latency on network to next level
  l3-0b1: # Cache stats
   hGETS: 27202 # GETS hits
   hGETX: 59905 # GETX hits
   mGETS: 357320 # GETS misses
   mGETXIM: 369607 # GETX I->M misses
   mGETXSM: 0 # GETX S->M misses (upgrade misses)
   PUTS: 344534 # Clean evictions (from lower level)
   PUTX: 422774 # Dirty evictions (from lower level)
   INV: 0 # Invalidates (from upper level)
   INVX: 0 # Downgrades (from upper level)
   FWD: 0 # Forwards (from upper level)
   latGETnl: 65423430 # GET request latency on next level
   latGETnet: 0 # GET request latency on network to next level
  l3-0b2: # Cache stats
   hGETS: 32646 # GETS hits
   hGETX: 63684 # GETX hits
   mGETS: 357380 # GETS misses
   mGETXIM: 369425 # GETX I->M misses
   mGETXSM: 0 # GETX S->M misses (upgrade misses)
   PUTS: 344514 # Clean evictions (from lower level)
   PUTX: 424304 # Dirty evictions (from lower level)
   INV: 0 # Invalidates (from upper level)
   INVX: 0 # Downgrades (from upper level)
   FWD: 0 # Forwards (from upper level)
   latGETnl: 65412450 # GET request latency on next level
   latGETnet: 0 # GET request latency on network to next level
  l3-0b3: # Cache stats
   hGETS: 26773 # GETS hits
   hGETX: 60373 # GETX hits
   mGETS: 357422 # GETS misses
   mGETXIM: 369278 # GETX I->M misses
   mGETXSM: 0 # GETX S->M misses (upgrade misses)
   PUTS: 344736 # Clean evictions (from lower level)
   PUTX: 423990 # Dirty evictions (from lower level)
   INV: 0 # Invalidates (from upper level)
   INVX: 0 # Downgrades (from upper level)
   FWD: 0 # Forwards (from upper level)
   latGETnl: 65403000 # GET request latency on next level
   latGETnet: 0 # GET request latency on network to next level
  l3-0b4: # Cache stats
   hGETS: 31045 # GETS hits
   hGETX: 63364 # GETX hits
   mGETS: 357414 # GETS misses
   mGETXIM: 369008 # GETX I->M misses
   mGETXSM: 0 # GETX S->M misses (upgrade misses)
   PUTS: 344353 # Clean evictions (from lower level)
   PUTX: 425092 # Dirty evictions (from lower level)
   INV: 0 # Invalidates (from upper level)
   INVX: 0 # Downgrades (from upper level)
   FWD: 0 # Forwards (from upper level)
   latGETnl: 65377980 # GET request latency on next level
   latGETnet: 0 # GET request latency on network to next level
  l3-0b5: # Cache stats
   hGETS: 33550 # GETS hits
   hGETX: 68726 # GETX hits
   mGETS: 357944 # GETS misses
   mGETXIM: 368965 # GETX I->M misses
   mGETXSM: 0 # GETX S->M misses (upgrade misses)
   PUTS: 344660 # Clean evictions (from lower level)
   PUTX: 425735 # Dirty evictions (from lower level)
   INV: 0 # Invalidates (from upper level)
   INVX: 0 # Downgrades (from upper level)
   FWD: 0 # Forwards (from upper level)
   latGETnl: 65421810 # GET request latency on next level
   latGETnet: 0 # GET request latency on network to next level
  l3-0b6: # Cache stats
   hGETS: 49359 # GETS hits
   hGETX: 86425 # GETX hits
   mGETS: 357924 # GETS misses
   mGETXIM: 369298 # GETX I->M misses
   mGETXSM: 0 # GETX S->M misses (upgrade misses)
   PUTS: 342382 # Clean evictions (from lower level)
   PUTX: 425200 # Dirty evictions (from lower level)
   INV: 0 # Invalidates (from upper level)
   INVX: 0 # Downgrades (from upper level)
   FWD: 0 # Forwards (from upper level)
   latGETnl: 65449980 # GET request latency on next level
   latGETnet: 0 # GET request latency on network to next level
  l3-0b7: # Cache stats
   hGETS: 29593 # GETS hits
   hGETX: 69248 # GETX hits
   mGETS: 357755 # GETS misses
   mGETXIM: 368880 # GETX I->M misses
   mGETXSM: 0 # GETX S->M misses (upgrade misses)
   PUTS: 341176 # Clean evictions (from lower level)
   PUTX: 426058 # Dirty evictions (from lower level)
   INV: 0 # Invalidates (from upper level)
   INVX: 0 # Downgrades (from upper level)
   FWD: 0 # Forwards (from upper level)
   latGETnl: 65397150 # GET request latency on next level
   latGETnet: 0 # GET request latency on network to next level
 mem: # Memory controller stats
  mem-0: # Memory controller stats
   rd: 1453598 # Read requests
   wr: 779819 # Write requests
   rdlat: 199006263 # Total latency experienced by read requests
   wrlat: 126782250 # Total latency experienced by write requests
   rdhits: 732 # Read row hits
   wrhits: 1674 # Write row hits
   mlh: # latency histogram for memory requests
    0: 0
    1: 0
    2: 0
    3: 0
    4: 0
    5: 0
    6: 0
    7: 0
    8: 0
    9: 0
    10: 0
    11: 39
    12: 23
    13: 1316526
    14: 51784
    15: 26195
    16: 16583
    17: 3183
    18: 2796
    19: 3016
    20: 2960
    21: 2790
    22: 2754
    23: 2952
    24: 2676
    25: 1671
    26: 593
    27: 678
    28: 722
    29: 1048
    30: 811
    31: 971
    32: 997
    33: 995
    34: 1470
    35: 962
    36: 1287
    37: 1128
    38: 1005
    39: 895
    40: 857
    41: 827
    42: 817
    43: 486
    44: 265
    45: 294
    46: 191
    47: 150
    48: 76
    49: 24
    50: 24
    51: 12
    52: 12
    53: 10
    54: 6
    55: 3
    56: 1
    57: 1
    58: 0
    59: 1
    60: 0
    61: 2
    62: 1
    63: 3
    64: 3
    65: 2
    66: 0
    67: 1
    68: 1
    69: 2
    70: 2
    71: 1
    72: 3
    73: 2
    74: 1
    75: 0
    76: 0
    77: 2
    78: 0
    79: 2
    80: 0
    81: 1
    82: 1
    83: 1
    84: 0
    85: 0
    86: 0
    87: 0
    88: 0
    89: 0
    90: 0
    91: 0
    92: 0
    93: 0
    94: 0
    95: 0
    96: 0
    97: 0
    98: 0
    99: 0
  mem-1: # Memory controller stats
   rd: 1453259 # Read requests
   wr: 779976 # Write requests
   rdlat: 198882462 # Total latency experienced by read requests
   wrlat: 126870725 # Total latency experienced by write requests
   rdhits: 801 # Read row hits
   wrhits: 1720 # Write row hits
   mlh: # latency histogram for memory requests
    0: 0
    1: 0
    2: 0
    3: 0
    4: 0
    5: 0
    6: 0
    7: 0
    8: 0
    9: 0
    10: 0
    11: 37
    12: 26
    13: 1316932
    14: 51247
    15: 26250
    16: 16611
    17: 3223
    18: 2836
    19: 2940
    20: 2957
    21: 2756
    22: 2801
    23: 2956
    24: 2710
    25: 1719
    26: 552
    27: 646
    28: 716
    29: 1130
    30: 821
    31: 988
    32: 934
    33: 876
    34: 1339
    35: 988
    36: 1225
    37: 1127
    38: 976
    39: 925
    40: 817
    41: 865
    42: 810
    43: 450
    44: 241
    45: 286
    46: 189
    47: 135
    48: 75
    49: 30
    50: 15
    51: 15
    52: 20
    53: 13
    54: 12
    55: 6
    56: 9
    57: 1
    58: 1
    59: 3
    60: 0
    61: 2
    62: 2
    63: 2
    64: 0
    65: 2
    66: 0
    67: 3
    68: 0
    69: 0
    70: 0
    71: 1
    72: 1
    73: 2
    74: 0
    75: 0
    76: 1
    77: 2
    78: 2
    79: 1
    80: 0
    81: 0
    82: 0
    83: 0
    84: 0
    85: 0
    86: 0
    87: 0
    88: 0
    89: 0
    90: 1
    91: 0
    92: 0
    93: 0
    94: 0
    95: 0
    96: 0
    97: 0
    98: 0
    99: 0
  mem-2: # Memory controller stats
   rd: 1453664 # Read requests
   wr: 779985 # Write requests
   rdlat: 199030069 # Total latency experienced by read requests
   wrlat: 126654458 # Total latency experienced by write requests
   rdhits: 792 # Read row hits
   wrhits: 1566 # Write row hits
   mlh: # latency histogram for memory requests
    0: 0
    1: 0
    2: 0
    3: 0
    4: 0
    5: 0
    6: 0
    7: 0
    8: 0
    9: 0
    10: 0
    11: 49
    12: 29
    13: 1316560
    14: 51446
    15: 26091
    16: 16685
    17: 3319
    18: 2882
    19: 3061
    20: 2982
    21: 2799
    22: 2786
    23: 2938
    24: 2781
    25: 1747
    26: 509
    27: 673
    28: 740
    29: 1121
    30: 826
    31: 898
    32: 937
    33: 998
    34: 1333
    35: 998
    36: 1317
    37: 1128
    38: 977
    39: 958
    40: 798
    41: 893
    42: 845
    43: 461
    44: 255
    45: 282
    46: 180
    47: 145
    48: 93
    49: 28
    50: 16
    51: 23
    52: 11
    53: 9
    54: 5
    55: 4
    56: 4
    57: 3
    58: 4
    59: 4
    60: 4
    61: 5
    62: 3
    63: 3
    64: 0
    65: 4
    66: 1
    67: 2
    68: 2
    69: 3
    70: 0
    71: 1
    72: 2
    73: 0
    74: 0
    75: 0
    76: 0
    77: 0
    78: 1
    79: 0
    80: 0
    81: 2
    82: 0
    83: 0
    84: 0
    85: 0
    86: 0
    87: 0
    88: 0
    89: 0
    90: 0
    91: 0
    92: 0
    93: 0
    94: 0
    95: 0
    96: 0
    97: 0
    98: 0
    99: 0
  mem-3: # Memory controller stats
   rd: 1453473 # Read requests
   wr: 779666 # Write requests
   rdlat: 198970811 # Total latency experienced by read requests
   wrlat: 126784623 # Total latency experienced by write requests
   rdhits: 782 # Read row hits
   wrhits: 1628 # Write row hits
   mlh: # latency histogram for memory requests
    0: 0
    1: 0
    2: 0
    3: 0
    4: 0
    5: 0
    6: 0
    7: 0
    8: 0
    9: 0
    10: 0
    11: 48
    12: 31
    13: 1316284
    14: 51774
    15: 26039
    16: 16675
    17: 3233
    18: 2934
    19: 3050
    20: 2887
    21: 2872
    22: 2766
    23: 2882
    24: 2761
    25: 1700
    26: 614
    27: 668
    28: 782
    29: 1123
    30: 792
    31: 956
    32: 943
    33: 957
    34: 1410
    35: 946
    36: 1283
    37: 1154
    38: 921
    39: 940
    40: 847
    41: 897
    42: 834
    43: 466
    44: 227
    45: 236
    46: 191
    47: 129
    48: 70
    49: 26
    50: 20
    51: 19
    52: 12
    53: 10
    54: 8
    55: 8
    56: 5
    57: 5
    58: 7
    59: 3
    60: 6
    61: 2
    62: 0
    63: 1
    64: 3
    65: 3
    66: 6
    67: 1
    68: 3
    69: 0
    70: 0
    71: 0
    72: 0
    73: 0
    74: 1
    75: 0
    76: 1
    77: 0
    78: 0
    79: 0
    80: 1
    81: 0
    82: 0
    83: 0
    84: 0
    85: 0
    86: 0
    87: 0
    88: 0
    89: 0
    90: 0
    91: 0
    92: 0
    93: 0
    94: 0
    95: 0
    96: 0
    97: 0
    98: 0
    99: 0
 sched: # Scheduler stats
  thCr: 25 # Threads created
  thFn: 4 # Threads finished
  schedEvs: 165 # Schedule events
  waitEvs: 146 # Wait events
  handoffEvs: 32 # Handoff events
  sleepEvs: 0 # Sleep events
  idlePhases: 0 # Phases with no thread active
  idlePeriods: 0 # Periods with no thread active
  occHist: # Occupancy histogram
   0: 0
   1: 0
   2: 1
   3: 0
   4: 1
   5: 0
   6: 0
   7: 0
   8: 45202
  rqSzHist: # Run queue size histogram
   0: 91
   1: 1
   2: 5
   3: 16
   4: 19
   5: 2
   6: 24
   7: 45
   8: 829
   9: 939
   10: 329
   11: 1714
   12: 29470
   13: 1815
   14: 9905
   15: 0
   16: 0
 procCycles: # Per-process unhalted core cycles
  0: 3614783181
  1: 0
  2: 0
  3: 0
  4: 0
  5: 0
  6: 0
  7: 0
  8: 0
  9: 0
  10: 0
  11: 0
  12: 0
  13: 0
  14: 0
  15: 0
  16: 0
  17: 0
  18: 0
  19: 0
  20: 0
  21: 0
  22: 0
  23: 0
  24: 0
  25: 0
  26: 0
  27: 0
  28: 0
  29: 0
  30: 0
  31: 0
  32: 0
  33: 0
  34: 0
  35: 0
  36: 0
  37: 0
  38: 0
  39: 0
  40: 0
  41: 0
  42: 0
  43: 0
  44: 0
  45: 0
  46: 0
  47: 0
  48: 0
  49: 0
  50: 0
  51: 0
  52: 0
  53: 0
  54: 0
  55: 0
  56: 0
  57: 0
  58: 0
  59: 0
  60: 0
  61: 0
  62: 0
  63: 0
 procInstrs: # Per-process instructions
  0: 5000006962
  1: 0
  2: 0
  3: 0
  4: 0
  5: 0
  6: 0
  7: 0
  8: 0
  9: 0
  10: 0
  11: 0
  12: 0
  13: 0
  14: 0
  15: 0
  16: 0
  17: 0
  18: 0
  19: 0
  20: 0
  21: 0
  22: 0
  23: 0
  24: 0
  25: 0
  26: 0
  27: 0
  28: 0
  29: 0
  30: 0
  31: 0
  32: 0
  33: 0
  34: 0
  35: 0
  36: 0
  37: 0
  38: 0
  39: 0
  40: 0
  41: 0
  42: 0
  43: 0
  44: 0
  45: 0
  46: 0
  47: 0
  48: 0
  49: 0
  50: 0
  51: 0
  52: 0
  53: 0
  54: 0
  55: 0
  56: 0
  57: 0
  58: 0
  59: 0
  60: 0
  61: 0
  62: 0
  63: 0
 heartbeats: # Per-process heartbeats
  0: 0
  1: 0
  2: 0
  3: 0
  4: 0
  5: 0
  6: 0
  7: 0
  8: 0
  9: 0
  10: 0
  11: 0
  12: 0
  13: 0
  14: 0
  15: 0
  16: 0
  17: 0
  18: 0
  19: 0
  20: 0
  21: 0
  22: 0
  23: 0
  24: 0
  25: 0
  26: 0
  27: 0
  28: 0
  29: 0
  30: 0
  31: 0
  32: 0
  33: 0
  34: 0
  35: 0
  36: 0
  37: 0
  38: 0
  39: 0
  40: 0
  41: 0
  42: 0
  43: 0
  44: 0
  45: 0
  46: 0
  47: 0
  48: 0
  49: 0
  50: 0
  51: 0
  52: 0
  53: 0
  54: 0
  55: 0
  56: 0
  57: 0
  58: 0
  59: 0
  60: 0
  61: 0
  62: 0
  63: 0
===
