# zsim stats
===
root: # Stats
 contention: # Contention simulation stats
  domain-0: # Domain stats
   time: 6066818957 # Weave simulation time
 time: # Simulator time breakdown
  init: 903548990
  bound: 187891076419
  weave: 8385955528
  ff: 0
 trigger: 20000 # Reason for this stats dump
 phase: 47661 # Simulated phases
 westmere: # Core stats
  westmere-0: # Core stats
   cycles: 385796328 # Simulated unhalted cycles
   cCycles: 8263458 # Cycles due to contention stalls
   instrs: 642215603 # Simulated instructions
   uops: 748248087 # Retired micro-ops
   bbls: 46466479 # Basic blocks
   approxInstrs: 100995042 # Instrs with approx uop decoding
   mispredBranches: 3286421 # Mispredicted branches
   condBranches: 26174164 # conditional branches
  westmere-1: # Core stats
   cycles: 359080427 # Simulated unhalted cycles
   cCycles: 8516540 # Cycles due to contention stalls
   instrs: 595448161 # Simulated instructions
   uops: 693318930 # Retired micro-ops
   bbls: 44014139 # Basic blocks
   approxInstrs: 90443931 # Instrs with approx uop decoding
   mispredBranches: 3076957 # Mispredicted branches
   condBranches: 24711775 # conditional branches
  westmere-2: # Core stats
   cycles: 381713948 # Simulated unhalted cycles
   cCycles: 8172488 # Cycles due to contention stalls
   instrs: 634582688 # Simulated instructions
   uops: 740636143 # Retired micro-ops
   bbls: 47155456 # Basic blocks
   approxInstrs: 99421705 # Instrs with approx uop decoding
   mispredBranches: 3512611 # Mispredicted branches
   condBranches: 26213406 # conditional branches
  westmere-3: # Core stats
   cycles: 383446515 # Simulated unhalted cycles
   cCycles: 7955838 # Cycles due to contention stalls
   instrs: 635736112 # Simulated instructions
   uops: 739946781 # Retired micro-ops
   bbls: 46316110 # Basic blocks
   approxInstrs: 98404140 # Instrs with approx uop decoding
   mispredBranches: 3283343 # Mispredicted branches
   condBranches: 25964562 # conditional branches
  westmere-4: # Core stats
   cycles: 343186283 # Simulated unhalted cycles
   cCycles: 6849902 # Cycles due to contention stalls
   instrs: 565044193 # Simulated instructions
   uops: 657550216 # Retired micro-ops
   bbls: 40981126 # Basic blocks
   approxInstrs: 88986331 # Instrs with approx uop decoding
   mispredBranches: 2959920 # Mispredicted branches
   condBranches: 22846637 # conditional branches
  westmere-5: # Core stats
   cycles: 416196781 # Simulated unhalted cycles
   cCycles: 9867670 # Cycles due to contention stalls
   instrs: 697257761 # Simulated instructions
   uops: 811077957 # Retired micro-ops
   bbls: 51485265 # Basic blocks
   approxInstrs: 103270152 # Instrs with approx uop decoding
   mispredBranches: 3595573 # Mispredicted branches
   condBranches: 29171314 # conditional branches
  westmere-6: # Core stats
   cycles: 367695689 # Simulated unhalted cycles
   cCycles: 7709453 # Cycles due to contention stalls
   instrs: 607401319 # Simulated instructions
   uops: 707450859 # Retired micro-ops
   bbls: 44611944 # Basic blocks
   approxInstrs: 93463718 # Instrs with approx uop decoding
   mispredBranches: 3196065 # Mispredicted branches
   condBranches: 25014679 # conditional branches
  westmere-7: # Core stats
   cycles: 375836316 # Simulated unhalted cycles
   cCycles: 6731186 # Cycles due to contention stalls
   instrs: 622338316 # Simulated instructions
   uops: 724485303 # Retired micro-ops
   bbls: 45043669 # Basic blocks
   approxInstrs: 97873055 # Instrs with approx uop decoding
   mispredBranches: 3310412 # Mispredicted branches
   condBranches: 25316485 # conditional branches
 l1i: # Cache stats
  l1i-0: # Filter cache stats
   fhGETS: 69220865 # Filtered GETS hits
   fhGETX: 0 # Filtered GETX hits
   hGETS: 9708427 # GETS hits
   hGETX: 0 # GETX hits
   mGETS: 4783361 # GETS misses
   mGETXIM: 0 # GETX I->M misses
   mGETXSM: 0 # GETX S->M misses (upgrade misses)
   PUTS: 0 # Clean evictions (from lower level)
   PUTX: 0 # Dirty evictions (from lower level)
   INV: 7 # Invalidates (from upper level)
   INVX: 0 # Downgrades (from upper level)
   FWD: 0 # Forwards (from upper level)
   latGETnl: 58733504 # GET request latency on next level
   latGETnet: 0 # GET request latency on network to next level
  l1i-1: # Filter cache stats
   fhGETS: 65366921 # Filtered GETS hits
   fhGETX: 0 # Filtered GETX hits
   hGETS: 8774334 # GETS hits
   hGETX: 0 # GETX hits
   mGETS: 4456148 # GETS misses
   mGETXIM: 0 # GETX I->M misses
   mGETXSM: 0 # GETX S->M misses (upgrade misses)
   PUTS: 0 # Clean evictions (from lower level)
   PUTX: 0 # Dirty evictions (from lower level)
   INV: 2 # Invalidates (from upper level)
   INVX: 0 # Downgrades (from upper level)
   FWD: 0 # Forwards (from upper level)
   latGETnl: 53498810 # GET request latency on next level
   latGETnet: 0 # GET request latency on network to next level
  l1i-2: # Filter cache stats
   fhGETS: 70803355 # Filtered GETS hits
   fhGETX: 0 # Filtered GETX hits
   hGETS: 9223018 # GETS hits
   hGETX: 0 # GETX hits
   mGETS: 4646245 # GETS misses
   mGETXIM: 0 # GETX I->M misses
   mGETXSM: 0 # GETX S->M misses (upgrade misses)
   PUTS: 0 # Clean evictions (from lower level)
   PUTX: 0 # Dirty evictions (from lower level)
   INV: 2 # Invalidates (from upper level)
   INVX: 0 # Downgrades (from upper level)
   FWD: 0 # Forwards (from upper level)
   latGETnl: 54916282 # GET request latency on next level
   latGETnet: 0 # GET request latency on network to next level
  l1i-3: # Filter cache stats
   fhGETS: 69176550 # Filtered GETS hits
   fhGETX: 0 # Filtered GETX hits
   hGETS: 9122823 # GETS hits
   hGETX: 0 # GETX hits
   mGETS: 5019716 # GETS misses
   mGETXIM: 0 # GETX I->M misses
   mGETXSM: 0 # GETX S->M misses (upgrade misses)
   PUTS: 0 # Clean evictions (from lower level)
   PUTX: 0 # Dirty evictions (from lower level)
   INV: 2 # Invalidates (from upper level)
   INVX: 0 # Downgrades (from upper level)
   FWD: 0 # Forwards (from upper level)
   latGETnl: 60630950 # GET request latency on next level
   latGETnet: 0 # GET request latency on network to next level
  l1i-4: # Filter cache stats
   fhGETS: 61420136 # Filtered GETS hits
   fhGETX: 0 # Filtered GETX hits
   hGETS: 7833565 # GETS hits
   hGETX: 0 # GETX hits
   mGETS: 4757516 # GETS misses
   mGETXIM: 0 # GETX I->M misses
   mGETXSM: 0 # GETX S->M misses (upgrade misses)
   PUTS: 0 # Clean evictions (from lower level)
   PUTX: 0 # Dirty evictions (from lower level)
   INV: 2 # Invalidates (from upper level)
   INVX: 0 # Downgrades (from upper level)
   FWD: 0 # Forwards (from upper level)
   latGETnl: 56920100 # GET request latency on next level
   latGETnet: 0 # GET request latency on network to next level
  l1i-5: # Filter cache stats
   fhGETS: 76826472 # Filtered GETS hits
   fhGETX: 0 # Filtered GETX hits
   hGETS: 10613791 # GETS hits
   hGETX: 0 # GETX hits
   mGETS: 4574809 # GETS misses
   mGETXIM: 0 # GETX I->M misses
   mGETXSM: 0 # GETX S->M misses (upgrade misses)
   PUTS: 0 # Clean evictions (from lower level)
   PUTX: 0 # Dirty evictions (from lower level)
   INV: 6 # Invalidates (from upper level)
   INVX: 0 # Downgrades (from upper level)
   FWD: 0 # Forwards (from upper level)
   latGETnl: 57360364 # GET request latency on next level
   latGETnet: 0 # GET request latency on network to next level
  l1i-6: # Filter cache stats
   fhGETS: 66571186 # Filtered GETS hits
   fhGETX: 0 # Filtered GETX hits
   hGETS: 8772611 # GETS hits
   hGETX: 0 # GETX hits
   mGETS: 4782898 # GETS misses
   mGETXIM: 0 # GETX I->M misses
   mGETXSM: 0 # GETX S->M misses (upgrade misses)
   PUTS: 0 # Clean evictions (from lower level)
   PUTX: 0 # Dirty evictions (from lower level)
   INV: 18 # Invalidates (from upper level)
   INVX: 0 # Downgrades (from upper level)
   FWD: 0 # Forwards (from upper level)
   latGETnl: 58223530 # GET request latency on next level
   latGETnet: 0 # GET request latency on network to next level
  l1i-7: # Filter cache stats
   fhGETS: 67846703 # Filtered GETS hits
   fhGETX: 0 # Filtered GETX hits
   hGETS: 8733594 # GETS hits
   hGETX: 0 # GETX hits
   mGETS: 5095680 # GETS misses
   mGETXIM: 0 # GETX I->M misses
   mGETXSM: 0 # GETX S->M misses (upgrade misses)
   PUTS: 0 # Clean evictions (from lower level)
   PUTX: 0 # Dirty evictions (from lower level)
   INV: 3 # Invalidates (from upper level)
   INVX: 0 # Downgrades (from upper level)
   FWD: 0 # Forwards (from upper level)
   latGETnl: 61262400 # GET request latency on next level
   latGETnet: 0 # GET request latency on network to next level
 l1d: # Cache stats
  l1d-0: # Filter cache stats
   fhGETS: 142672611 # Filtered GETS hits
   fhGETX: 44900160 # Filtered GETX hits
   hGETS: 26439223 # GETS hits
   hGETX: 6548150 # GETX hits
   mGETS: 4906281 # GETS misses
   mGETXIM: 690895 # GETX I->M misses
   mGETXSM: 855 # GETX S->M misses (upgrade misses)
   PUTS: 0 # Clean evictions (from lower level)
   PUTX: 0 # Dirty evictions (from lower level)
   INV: 924 # Invalidates (from upper level)
   INVX: 11597 # Downgrades (from upper level)
   FWD: 0 # Forwards (from upper level)
   latGETnl: 155126659 # GET request latency on next level
   latGETnet: 0 # GET request latency on network to next level
  l1d-1: # Filter cache stats
   fhGETS: 131680078 # Filtered GETS hits
   fhGETX: 41687645 # Filtered GETX hits
   hGETS: 23801889 # GETS hits
   hGETX: 6235205 # GETX hits
   mGETS: 4300374 # GETS misses
   mGETXIM: 672269 # GETX I->M misses
   mGETXSM: 1005 # GETX S->M misses (upgrade misses)
   PUTS: 0 # Clean evictions (from lower level)
   PUTX: 0 # Dirty evictions (from lower level)
   INV: 1496 # Invalidates (from upper level)
   INVX: 6434 # Downgrades (from upper level)
   FWD: 0 # Forwards (from upper level)
   latGETnl: 139413418 # GET request latency on next level
   latGETnet: 0 # GET request latency on network to next level
  l1d-2: # Filter cache stats
   fhGETS: 137938128 # Filtered GETS hits
   fhGETX: 46820185 # Filtered GETX hits
   hGETS: 25286924 # GETS hits
   hGETX: 7282510 # GETX hits
   mGETS: 4151803 # GETS misses
   mGETXIM: 608785 # GETX I->M misses
   mGETXSM: 861 # GETX S->M misses (upgrade misses)
   PUTS: 0 # Clean evictions (from lower level)
   PUTX: 0 # Dirty evictions (from lower level)
   INV: 705 # Invalidates (from upper level)
   INVX: 4207 # Downgrades (from upper level)
   FWD: 0 # Forwards (from upper level)
   latGETnl: 134359289 # GET request latency on next level
   latGETnet: 0 # GET request latency on network to next level
  l1d-3: # Filter cache stats
   fhGETS: 139337405 # Filtered GETS hits
   fhGETX: 43681141 # Filtered GETX hits
   hGETS: 26724705 # GETS hits
   hGETX: 6699197 # GETX hits
   mGETS: 4954673 # GETS misses
   mGETXIM: 691290 # GETX I->M misses
   mGETXSM: 3711 # GETX S->M misses (upgrade misses)
   PUTS: 0 # Clean evictions (from lower level)
   PUTX: 0 # Dirty evictions (from lower level)
   INV: 1245 # Invalidates (from upper level)
   INVX: 5230 # Downgrades (from upper level)
   FWD: 0 # Forwards (from upper level)
   latGETnl: 145823290 # GET request latency on next level
   latGETnet: 0 # GET request latency on network to next level
  l1d-4: # Filter cache stats
   fhGETS: 123445066 # Filtered GETS hits
   fhGETX: 39174850 # Filtered GETX hits
   hGETS: 22780243 # GETS hits
   hGETX: 5732975 # GETX hits
   mGETS: 4354699 # GETS misses
   mGETXIM: 596579 # GETX I->M misses
   mGETXSM: 2175 # GETX S->M misses (upgrade misses)
   PUTS: 0 # Clean evictions (from lower level)
   PUTX: 0 # Dirty evictions (from lower level)
   INV: 601 # Invalidates (from upper level)
   INVX: 4270 # Downgrades (from upper level)
   FWD: 0 # Forwards (from upper level)
   latGETnl: 125439592 # GET request latency on next level
   latGETnet: 0 # GET request latency on network to next level
  l1d-5: # Filter cache stats
   fhGETS: 154600247 # Filtered GETS hits
   fhGETX: 48505638 # Filtered GETX hits
   hGETS: 28916399 # GETS hits
   hGETX: 7171207 # GETX hits
   mGETS: 4939995 # GETS misses
   mGETXIM: 691915 # GETX I->M misses
   mGETXSM: 2527 # GETX S->M misses (upgrade misses)
   PUTS: 0 # Clean evictions (from lower level)
   PUTX: 0 # Dirty evictions (from lower level)
   INV: 1092 # Invalidates (from upper level)
   INVX: 8967 # Downgrades (from upper level)
   FWD: 0 # Forwards (from upper level)
   latGETnl: 166761745 # GET request latency on next level
   latGETnet: 0 # GET request latency on network to next level
  l1d-6: # Filter cache stats
   fhGETS: 133440005 # Filtered GETS hits
   fhGETX: 42338059 # Filtered GETX hits
   hGETS: 25101235 # GETS hits
   hGETX: 6270603 # GETX hits
   mGETS: 4514342 # GETS misses
   mGETXIM: 656950 # GETX I->M misses
   mGETXSM: 2292 # GETX S->M misses (upgrade misses)
   PUTS: 0 # Clean evictions (from lower level)
   PUTX: 0 # Dirty evictions (from lower level)
   INV: 1079 # Invalidates (from upper level)
   INVX: 6526 # Downgrades (from upper level)
   FWD: 0 # Forwards (from upper level)
   latGETnl: 138702627 # GET request latency on next level
   latGETnet: 0 # GET request latency on network to next level
  l1d-7: # Filter cache stats
   fhGETS: 137640181 # Filtered GETS hits
   fhGETX: 42332727 # Filtered GETX hits
   hGETS: 25901630 # GETS hits
   hGETX: 6603813 # GETX hits
   mGETS: 5008456 # GETS misses
   mGETXIM: 626431 # GETX I->M misses
   mGETXSM: 3677 # GETX S->M misses (upgrade misses)
   PUTS: 0 # Clean evictions (from lower level)
   PUTX: 0 # Dirty evictions (from lower level)
   INV: 777 # Invalidates (from upper level)
   INVX: 6332 # Downgrades (from upper level)
   FWD: 0 # Forwards (from upper level)
   latGETnl: 136827238 # GET request latency on next level
   latGETnet: 0 # GET request latency on network to next level
 l2: # Cache stats
  l2-0: # Cache stats
   hGETS: 7595211 # GETS hits
   hGETX: 444719 # GETX hits
   mGETS: 2094431 # GETS misses
   mGETXIM: 246092 # GETX I->M misses
   mGETXSM: 939 # GETX S->M misses (upgrade misses)
   PUTS: 9453607 # Clean evictions (from lower level)
   PUTX: 924977 # Dirty evictions (from lower level)
   INV: 1504 # Invalidates (from upper level)
   INVX: 73161 # Downgrades (from upper level)
   FWD: 0 # Forwards (from upper level)
   latGETnl: 110046243 # GET request latency on next level
   latGETnet: 0 # GET request latency on network to next level
  l2-1: # Cache stats
   hGETS: 7099968 # GETS hits
   hGETX: 447346 # GETX hits
   mGETS: 1656554 # GETS misses
   mGETXIM: 224861 # GETX I->M misses
   mGETXSM: 1067 # GETX S->M misses (upgrade misses)
   PUTS: 8550568 # Clean evictions (from lower level)
   PUTX: 875703 # Dirty evictions (from lower level)
   INV: 5107 # Invalidates (from upper level)
   INVX: 37300 # Downgrades (from upper level)
   FWD: 0 # Forwards (from upper level)
   latGETnl: 98614268 # GET request latency on next level
   latGETnet: 0 # GET request latency on network to next level
  l2-2: # Cache stats
   hGETS: 7146638 # GETS hits
   hGETX: 405467 # GETX hits
   mGETS: 1651410 # GETS misses
   mGETXIM: 203213 # GETX I->M misses
   mGETXSM: 966 # GETX S->M misses (upgrade misses)
   PUTS: 8578085 # Clean evictions (from lower level)
   PUTX: 827019 # Dirty evictions (from lower level)
   INV: 1207 # Invalidates (from upper level)
   INVX: 42619 # Downgrades (from upper level)
   FWD: 0 # Forwards (from upper level)
   latGETnl: 95198631 # GET request latency on next level
   latGETnet: 0 # GET request latency on network to next level
  l2-3: # Cache stats
   hGETS: 8022940 # GETS hits
   hGETX: 509488 # GETX hits
   mGETS: 1951449 # GETS misses
   mGETXIM: 181727 # GETX I->M misses
   mGETXSM: 3786 # GETX S->M misses (upgrade misses)
   PUTS: 9734640 # Clean evictions (from lower level)
   PUTX: 928769 # Dirty evictions (from lower level)
   INV: 5261 # Invalidates (from upper level)
   INVX: 45639 # Downgrades (from upper level)
   FWD: 0 # Forwards (from upper level)
   latGETnl: 99760340 # GET request latency on next level
   latGETnet: 0 # GET request latency on network to next level
  l2-4: # Cache stats
   hGETS: 7415704 # GETS hits
   hGETX: 459940 # GETX hits
   mGETS: 1696511 # GETS misses
   mGETXIM: 136549 # GETX I->M misses
   mGETXSM: 2265 # GETX S->M misses (upgrade misses)
   PUTS: 8898204 # Clean evictions (from lower level)
   PUTX: 808967 # Dirty evictions (from lower level)
   INV: 1255 # Invalidates (from upper level)
   INVX: 37514 # Downgrades (from upper level)
   FWD: 0 # Forwards (from upper level)
   latGETnl: 85250002 # GET request latency on next level
   latGETnet: 0 # GET request latency on network to next level
  l2-5: # Cache stats
   hGETS: 7347260 # GETS hits
   hGETX: 419333 # GETX hits
   mGETS: 2167544 # GETS misses
   mGETXIM: 272513 # GETX I->M misses
   mGETXSM: 2596 # GETX S->M misses (upgrade misses)
   PUTS: 9303593 # Clean evictions (from lower level)
   PUTX: 901004 # Dirty evictions (from lower level)
   INV: 3378 # Invalidates (from upper level)
   INVX: 40474 # Downgrades (from upper level)
   FWD: 0 # Forwards (from upper level)
   latGETnl: 122029649 # GET request latency on next level
   latGETnet: 0 # GET request latency on network to next level
  l2-6: # Cache stats
   hGETS: 7422044 # GETS hits
   hGETX: 463586 # GETX hits
   mGETS: 1875196 # GETS misses
   mGETXIM: 193298 # GETX I->M misses
   mGETXSM: 2358 # GETX S->M misses (upgrade misses)
   PUTS: 9080648 # Clean evictions (from lower level)
   PUTX: 871423 # Dirty evictions (from lower level)
   INV: 3194 # Invalidates (from upper level)
   INVX: 48029 # Downgrades (from upper level)
   FWD: 0 # Forwards (from upper level)
   latGETnl: 97361337 # GET request latency on next level
   latGETnet: 0 # GET request latency on network to next level
  l2-7: # Cache stats
   hGETS: 8156143 # GETS hits
   hGETX: 495235 # GETX hits
   mGETS: 1947993 # GETS misses
   mGETXIM: 131117 # GETX I->M misses
   mGETXSM: 3756 # GETX S->M misses (upgrade misses)
   PUTS: 9861364 # Clean evictions (from lower level)
   PUTX: 867402 # Dirty evictions (from lower level)
   INV: 2930 # Invalidates (from upper level)
   INVX: 55500 # Downgrades (from upper level)
   FWD: 0 # Forwards (from upper level)
   latGETnl: 90747198 # GET request latency on next level
   latGETnet: 0 # GET request latency on network to next level
 l3: # Cache stats
  l3-0b0: # Cache stats
   hGETS: 1418928 # GETS hits
   hGETX: 48326 # GETX hits
   mGETS: 401213 # GETS misses
   mGETXIM: 148571 # GETX I->M misses
   mGETXSM: 0 # GETX S->M misses (upgrade misses)
   PUTS: 1736407 # Clean evictions (from lower level)
   PUTX: 271391 # Dirty evictions (from lower level)
   INV: 0 # Invalidates (from upper level)
   INVX: 0 # Downgrades (from upper level)
   FWD: 0 # Forwards (from upper level)
   latGETnl: 49480560 # GET request latency on next level
   latGETnet: 0 # GET request latency on network to next level
  l3-0b1: # Cache stats
   hGETS: 1533500 # GETS hits
   hGETX: 47973 # GETX hits
   mGETS: 400510 # GETS misses
   mGETXIM: 148569 # GETX I->M misses
   mGETXSM: 0 # GETX S->M misses (upgrade misses)
   PUTS: 1848291 # Clean evictions (from lower level)
   PUTX: 273482 # Dirty evictions (from lower level)
   INV: 0 # Invalidates (from upper level)
   INVX: 0 # Downgrades (from upper level)
   FWD: 0 # Forwards (from upper level)
   latGETnl: 49417110 # GET request latency on next level
   latGETnet: 0 # GET request latency on network to next level
  l3-0b2: # Cache stats
   hGETS: 1456478 # GETS hits
   hGETX: 52882 # GETX hits
   mGETS: 400467 # GETS misses
   mGETXIM: 148705 # GETX I->M misses
   mGETXSM: 0 # GETX S->M misses (upgrade misses)
   PUTS: 1772228 # Clean evictions (from lower level)
   PUTX: 277458 # Dirty evictions (from lower level)
   INV: 0 # Invalidates (from upper level)
   INVX: 0 # Downgrades (from upper level)
   FWD: 0 # Forwards (from upper level)
   latGETnl: 49425480 # GET request latency on next level
   latGETnet: 0 # GET request latency on network to next level
  l3-0b3: # Cache stats
   hGETS: 1469351 # GETS hits
   hGETX: 52948 # GETX hits
   mGETS: 399336 # GETS misses
   mGETXIM: 148696 # GETX I->M misses
   mGETXSM: 0 # GETX S->M misses (upgrade misses)
   PUTS: 1783915 # Clean evictions (from lower level)
   PUTX: 276167 # Dirty evictions (from lower level)
   INV: 0 # Invalidates (from upper level)
   INVX: 0 # Downgrades (from upper level)
   FWD: 0 # Forwards (from upper level)
   latGETnl: 49322880 # GET request latency on next level
   latGETnet: 0 # GET request latency on network to next level
  l3-0b4: # Cache stats
   hGETS: 1554608 # GETS hits
   hGETX: 56251 # GETX hits
   mGETS: 401223 # GETS misses
   mGETXIM: 148380 # GETX I->M misses
   mGETXSM: 0 # GETX S->M misses (upgrade misses)
   PUTS: 1869754 # Clean evictions (from lower level)
   PUTX: 280966 # Dirty evictions (from lower level)
   INV: 0 # Invalidates (from upper level)
   INVX: 0 # Downgrades (from upper level)
   FWD: 0 # Forwards (from upper level)
   latGETnl: 49464270 # GET request latency on next level
   latGETnet: 0 # GET request latency on network to next level
  l3-0b5: # Cache stats
   hGETS: 1409539 # GETS hits
   hGETX: 55343 # GETX hits
   mGETS: 400580 # GETS misses
   mGETXIM: 148558 # GETX I->M misses
   mGETXSM: 0 # GETX S->M misses (upgrade misses)
   PUTS: 1725887 # Clean evictions (from lower level)
   PUTX: 278486 # Dirty evictions (from lower level)
   INV: 0 # Invalidates (from upper level)
   INVX: 0 # Downgrades (from upper level)
   FWD: 0 # Forwards (from upper level)
   latGETnl: 49422420 # GET request latency on next level
   latGETnet: 0 # GET request latency on network to next level
  l3-0b6: # Cache stats
   hGETS: 1477334 # GETS hits
   hGETX: 50383 # GETX hits
   mGETS: 400550 # GETS misses
   mGETXIM: 148148 # GETX I->M misses
   mGETXSM: 0 # GETX S->M misses (upgrade misses)
   PUTS: 1790461 # Clean evictions (from lower level)
   PUTX: 276423 # Dirty evictions (from lower level)
   INV: 0 # Invalidates (from upper level)
   INVX: 0 # Downgrades (from upper level)
   FWD: 0 # Forwards (from upper level)
   latGETnl: 49382820 # GET request latency on next level
   latGETnet: 0 # GET request latency on network to next level
  l3-0b7: # Cache stats
   hGETS: 1516552 # GETS hits
   hGETX: 54894 # GETX hits
   mGETS: 400919 # GETS misses
   mGETXIM: 148476 # GETX I->M misses
   mGETXSM: 0 # GETX S->M misses (upgrade misses)
   PUTS: 1828063 # Clean evictions (from lower level)
   PUTX: 284485 # Dirty evictions (from lower level)
   INV: 0 # Invalidates (from upper level)
   INVX: 0 # Downgrades (from upper level)
   FWD: 0 # Forwards (from upper level)
   latGETnl: 49445550 # GET request latency on next level
   latGETnet: 0 # GET request latency on network to next level
 mem: # Memory controller stats
  mem-0: # Memory controller stats
   rd: 1100131 # Read requests
   wr: 371631 # Write requests
   rdlat: 153367569 # Total latency experienced by read requests
   wrlat: 63475256 # Total latency experienced by write requests
   rdhits: 52473 # Read row hits
   wrhits: 1282 # Write row hits
   mlh: # latency histogram for memory requests
    0: 0
    1: 0
    2: 0
    3: 0
    4: 0
    5: 0
    6: 0
    7: 0
    8: 0
    9: 0
    10: 0
    11: 381
    12: 21381
    13: 827592
    14: 133567
    15: 47579
    16: 19553
    17: 16487
    18: 4417
    19: 3851
    20: 2926
    21: 2474
    22: 1817
    23: 2582
    24: 2121
    25: 1525
    26: 528
    27: 599
    28: 471
    29: 550
    30: 596
    31: 528
    32: 653
    33: 641
    34: 624
    35: 623
    36: 607
    37: 653
    38: 672
    39: 629
    40: 634
    41: 692
    42: 649
    43: 384
    44: 238
    45: 170
    46: 170
    47: 243
    48: 187
    49: 52
    50: 23
    51: 22
    52: 10
    53: 10
    54: 3
    55: 6
    56: 4
    57: 4
    58: 0
    59: 2
    60: 1
    61: 0
    62: 0
    63: 0
    64: 0
    65: 0
    66: 0
    67: 0
    68: 0
    69: 0
    70: 0
    71: 0
    72: 0
    73: 0
    74: 0
    75: 0
    76: 0
    77: 0
    78: 0
    79: 0
    80: 0
    81: 0
    82: 0
    83: 0
    84: 0
    85: 0
    86: 0
    87: 0
    88: 0
    89: 0
    90: 0
    91: 0
    92: 0
    93: 0
    94: 0
    95: 0
    96: 0
    97: 0
    98: 0
    99: 0
  mem-1: # Memory controller stats
   rd: 1092925 # Read requests
   wr: 370124 # Write requests
   rdlat: 152413819 # Total latency experienced by read requests
   wrlat: 63232642 # Total latency experienced by write requests
   rdhits: 52486 # Read row hits
   wrhits: 1262 # Write row hits
   mlh: # latency histogram for memory requests
    0: 0
    1: 0
    2: 0
    3: 0
    4: 0
    5: 0
    6: 0
    7: 0
    8: 0
    9: 0
    10: 0
    11: 369
    12: 21486
    13: 821288
    14: 132098
    15: 47920
    16: 19738
    17: 16412
    18: 4363
    19: 3981
    20: 2819
    21: 2424
    22: 1925
    23: 2581
    24: 2092
    25: 1540
    26: 525
    27: 620
    28: 481
    29: 560
    30: 603
    31: 519
    32: 639
    33: 636
    34: 599
    35: 661
    36: 602
    37: 682
    38: 644
    39: 661
    40: 673
    41: 593
    42: 613
    43: 412
    44: 230
    45: 179
    46: 210
    47: 229
    48: 167
    49: 56
    50: 26
    51: 35
    52: 10
    53: 8
    54: 6
    55: 2
    56: 1
    57: 2
    58: 4
    59: 0
    60: 0
    61: 1
    62: 0
    63: 0
    64: 0
    65: 0
    66: 0
    67: 0
    68: 0
    69: 0
    70: 0
    71: 0
    72: 0
    73: 0
    74: 0
    75: 0
    76: 0
    77: 0
    78: 0
    79: 0
    80: 0
    81: 0
    82: 0
    83: 0
    84: 0
    85: 0
    86: 0
    87: 0
    88: 0
    89: 0
    90: 0
    91: 0
    92: 0
    93: 0
    94: 0
    95: 0
    96: 0
    97: 0
    98: 0
    99: 0
  mem-2: # Memory controller stats
   rd: 1095448 # Read requests
   wr: 370540 # Write requests
   rdlat: 152660638 # Total latency experienced by read requests
   wrlat: 63268785 # Total latency experienced by write requests
   rdhits: 52438 # Read row hits
   wrhits: 1298 # Write row hits
   mlh: # latency histogram for memory requests
    0: 0
    1: 0
    2: 0
    3: 0
    4: 0
    5: 0
    6: 0
    7: 0
    8: 0
    9: 0
    10: 0
    11: 385
    12: 21349
    13: 825189
    14: 131914
    15: 47653
    16: 19652
    17: 16582
    18: 4495
    19: 3690
    20: 2656
    21: 2374
    22: 1744
    23: 2499
    24: 2008
    25: 1509
    26: 508
    27: 553
    28: 491
    29: 520
    30: 567
    31: 594
    32: 666
    33: 575
    34: 582
    35: 680
    36: 612
    37: 665
    38: 598
    39: 624
    40: 594
    41: 672
    42: 702
    43: 381
    44: 237
    45: 162
    46: 221
    47: 214
    48: 176
    49: 59
    50: 33
    51: 18
    52: 13
    53: 6
    54: 11
    55: 3
    56: 4
    57: 5
    58: 3
    59: 0
    60: 0
    61: 0
    62: 0
    63: 0
    64: 0
    65: 0
    66: 0
    67: 0
    68: 0
    69: 0
    70: 0
    71: 0
    72: 0
    73: 0
    74: 0
    75: 0
    76: 0
    77: 0
    78: 0
    79: 0
    80: 0
    81: 0
    82: 0
    83: 0
    84: 0
    85: 0
    86: 0
    87: 0
    88: 0
    89: 0
    90: 0
    91: 0
    92: 0
    93: 0
    94: 0
    95: 0
    96: 0
    97: 0
    98: 0
    99: 0
  mem-3: # Memory controller stats
   rd: 1104397 # Read requests
   wr: 370827 # Write requests
   rdlat: 153963035 # Total latency experienced by read requests
   wrlat: 63392150 # Total latency experienced by write requests
   rdhits: 52656 # Read row hits
   wrhits: 1296 # Write row hits
   mlh: # latency histogram for memory requests
    0: 0
    1: 0
    2: 0
    3: 0
    4: 0
    5: 0
    6: 0
    7: 0
    8: 0
    9: 0
    10: 0
    11: 363
    12: 21457
    13: 831596
    14: 132399
    15: 48516
    16: 19876
    17: 16498
    18: 4528
    19: 3833
    20: 2894
    21: 2375
    22: 1897
    23: 2558
    24: 2088
    25: 1528
    26: 535
    27: 652
    28: 475
    29: 521
    30: 583
    31: 588
    32: 662
    33: 668
    34: 603
    35: 643
    36: 616
    37: 645
    38: 587
    39: 698
    40: 672
    41: 628
    42: 649
    43: 407
    44: 232
    45: 176
    46: 205
    47: 230
    48: 175
    49: 58
    50: 25
    51: 17
    52: 12
    53: 10
    54: 9
    55: 2
    56: 7
    57: 0
    58: 1
    59: 0
    60: 0
    61: 0
    62: 0
    63: 0
    64: 0
    65: 0
    66: 0
    67: 0
    68: 0
    69: 0
    70: 0
    71: 0
    72: 0
    73: 0
    74: 0
    75: 0
    76: 0
    77: 0
    78: 0
    79: 0
    80: 0
    81: 0
    82: 0
    83: 0
    84: 0
    85: 0
    86: 0
    87: 0
    88: 0
    89: 0
    90: 0
    91: 0
    92: 0
    93: 0
    94: 0
    95: 0
    96: 0
    97: 0
    98: 0
    99: 0
 sched: # Scheduler stats
  thCr: 78 # Threads created
  thFn: 70 # Threads finished
  schedEvs: 173 # Schedule events
  waitEvs: 25 # Wait events
  handoffEvs: 0 # Handoff events
  sleepEvs: 0 # Sleep events
  idlePhases: 0 # Phases with no thread active
  idlePeriods: 0 # Periods with no thread active
  occHist: # Occupancy histogram
   0: 0
   1: 72
   2: 284
   3: 253
   4: 255
   5: 256
   6: 467
   7: 3321
   8: 42753
  rqSzHist: # Run queue size histogram
   0: 46295
   1: 1366
   2: 0
   3: 0
   4: 0
   5: 0
   6: 0
   7: 0
   8: 0
   9: 0
   10: 0
   11: 0
   12: 0
   13: 0
   14: 0
   15: 0
   16: 0
 procCycles: # Per-process unhalted core cycles
  0: 3012952287
  1: 0
  2: 0
  3: 0
  4: 0
  5: 0
  6: 0
  7: 0
  8: 0
  9: 0
  10: 0
  11: 0
  12: 0
  13: 0
  14: 0
  15: 0
  16: 0
  17: 0
  18: 0
  19: 0
  20: 0
  21: 0
  22: 0
  23: 0
  24: 0
  25: 0
  26: 0
  27: 0
  28: 0
  29: 0
  30: 0
  31: 0
  32: 0
  33: 0
  34: 0
  35: 0
  36: 0
  37: 0
  38: 0
  39: 0
  40: 0
  41: 0
  42: 0
  43: 0
  44: 0
  45: 0
  46: 0
  47: 0
  48: 0
  49: 0
  50: 0
  51: 0
  52: 0
  53: 0
  54: 0
  55: 0
  56: 0
  57: 0
  58: 0
  59: 0
  60: 0
  61: 0
  62: 0
  63: 0
 procInstrs: # Per-process instructions
  0: 5000024153
  1: 0
  2: 0
  3: 0
  4: 0
  5: 0
  6: 0
  7: 0
  8: 0
  9: 0
  10: 0
  11: 0
  12: 0
  13: 0
  14: 0
  15: 0
  16: 0
  17: 0
  18: 0
  19: 0
  20: 0
  21: 0
  22: 0
  23: 0
  24: 0
  25: 0
  26: 0
  27: 0
  28: 0
  29: 0
  30: 0
  31: 0
  32: 0
  33: 0
  34: 0
  35: 0
  36: 0
  37: 0
  38: 0
  39: 0
  40: 0
  41: 0
  42: 0
  43: 0
  44: 0
  45: 0
  46: 0
  47: 0
  48: 0
  49: 0
  50: 0
  51: 0
  52: 0
  53: 0
  54: 0
  55: 0
  56: 0
  57: 0
  58: 0
  59: 0
  60: 0
  61: 0
  62: 0
  63: 0
 heartbeats: # Per-process heartbeats
  0: 0
  1: 0
  2: 0
  3: 0
  4: 0
  5: 0
  6: 0
  7: 0
  8: 0
  9: 0
  10: 0
  11: 0
  12: 0
  13: 0
  14: 0
  15: 0
  16: 0
  17: 0
  18: 0
  19: 0
  20: 0
  21: 0
  22: 0
  23: 0
  24: 0
  25: 0
  26: 0
  27: 0
  28: 0
  29: 0
  30: 0
  31: 0
  32: 0
  33: 0
  34: 0
  35: 0
  36: 0
  37: 0
  38: 0
  39: 0
  40: 0
  41: 0
  42: 0
  43: 0
  44: 0
  45: 0
  46: 0
  47: 0
  48: 0
  49: 0
  50: 0
  51: 0
  52: 0
  53: 0
  54: 0
  55: 0
  56: 0
  57: 0
  58: 0
  59: 0
  60: 0
  61: 0
  62: 0
  63: 0
===
