# zsim stats
===
root: # Stats
 contention: # Contention simulation stats
  domain-0: # Domain stats
   time: 8899064686 # Weave simulation time
 time: # Simulator time breakdown
  init: 13518832570
  bound: 632435193215
  weave: 45482584409
  ff: 0
 trigger: 20000 # Reason for this stats dump
 phase: 50918 # Simulated phases
 westmere: # Core stats
  westmere-0: # Core stats
   cycles: 480550771 # Simulated unhalted cycles
   cCycles: 16401864 # Cycles due to contention stalls
   instrs: 671906578 # Simulated instructions
   uops: 710606936 # Retired micro-ops
   bbls: 98078497 # Basic blocks
   approxInstrs: 76 # Instrs with approx uop decoding
   mispredBranches: 4198953 # Mispredicted branches
   condBranches: 93855926 # conditional branches
  westmere-1: # Core stats
   cycles: 436482823 # Simulated unhalted cycles
   cCycles: 16337819 # Cycles due to contention stalls
   instrs: 629937843 # Simulated instructions
   uops: 657836493 # Retired micro-ops
   bbls: 90315397 # Basic blocks
   approxInstrs: 24 # Instrs with approx uop decoding
   mispredBranches: 4120632 # Mispredicted branches
   condBranches: 88023642 # conditional branches
  westmere-2: # Core stats
   cycles: 466608296 # Simulated unhalted cycles
   cCycles: 16867557 # Cycles due to contention stalls
   instrs: 662470777 # Simulated instructions
   uops: 696367433 # Retired micro-ops
   bbls: 95179938 # Basic blocks
   approxInstrs: 30 # Instrs with approx uop decoding
   mispredBranches: 4297495 # Mispredicted branches
   condBranches: 92076391 # conditional branches
  westmere-3: # Core stats
   cycles: 425796212 # Simulated unhalted cycles
   cCycles: 18886413 # Cycles due to contention stalls
   instrs: 586834595 # Simulated instructions
   uops: 617862677 # Retired micro-ops
   bbls: 84922002 # Basic blocks
   approxInstrs: 38 # Instrs with approx uop decoding
   mispredBranches: 3762395 # Mispredicted branches
   condBranches: 81887845 # conditional branches
  westmere-4: # Core stats
   cycles: 399440957 # Simulated unhalted cycles
   cCycles: 18226149 # Cycles due to contention stalls
   instrs: 558379724 # Simulated instructions
   uops: 584324171 # Retired micro-ops
   bbls: 80651798 # Basic blocks
   approxInstrs: 55 # Instrs with approx uop decoding
   mispredBranches: 3612604 # Mispredicted branches
   condBranches: 78302586 # conditional branches
  westmere-5: # Core stats
   cycles: 412705949 # Simulated unhalted cycles
   cCycles: 17450132 # Cycles due to contention stalls
   instrs: 578941671 # Simulated instructions
   uops: 607093386 # Retired micro-ops
   bbls: 83275189 # Basic blocks
   approxInstrs: 31 # Instrs with approx uop decoding
   mispredBranches: 3804944 # Mispredicted branches
   condBranches: 80773907 # conditional branches
  westmere-6: # Core stats
   cycles: 509160047 # Simulated unhalted cycles
   cCycles: 16839719 # Cycles due to contention stalls
   instrs: 702531770 # Simulated instructions
   uops: 747115620 # Retired micro-ops
   bbls: 102447320 # Basic blocks
   approxInstrs: 28 # Instrs with approx uop decoding
   mispredBranches: 4374667 # Mispredicted branches
   condBranches: 97435982 # conditional branches
  westmere-7: # Core stats
   cycles: 441056712 # Simulated unhalted cycles
   cCycles: 18114130 # Cycles due to contention stalls
   instrs: 609020308 # Simulated instructions
   uops: 642687432 # Retired micro-ops
   bbls: 87802621 # Basic blocks
   approxInstrs: 30 # Instrs with approx uop decoding
   mispredBranches: 3969183 # Mispredicted branches
   condBranches: 84554524 # conditional branches
 l1i: # Cache stats
  l1i-0: # Filter cache stats
   fhGETS: 133356857 # Filtered GETS hits
   fhGETX: 0 # Filtered GETX hits
   hGETS: 1076894 # GETS hits
   hGETX: 0 # GETX hits
   mGETS: 382 # GETS misses
   mGETXIM: 0 # GETX I->M misses
   mGETXSM: 0 # GETX S->M misses (upgrade misses)
   PUTS: 0 # Clean evictions (from lower level)
   PUTX: 0 # Dirty evictions (from lower level)
   INV: 0 # Invalidates (from upper level)
   INVX: 0 # Downgrades (from upper level)
   FWD: 0 # Forwards (from upper level)
   latGETnl: 25768 # GET request latency on next level
   latGETnet: 0 # GET request latency on network to next level
  l1i-1: # Filter cache stats
   fhGETS: 125362385 # Filtered GETS hits
   fhGETX: 0 # Filtered GETX hits
   hGETS: 563771 # GETS hits
   hGETX: 0 # GETX hits
   mGETS: 263 # GETS misses
   mGETXIM: 0 # GETX I->M misses
   mGETXSM: 0 # GETX S->M misses (upgrade misses)
   PUTS: 0 # Clean evictions (from lower level)
   PUTX: 0 # Dirty evictions (from lower level)
   INV: 0 # Invalidates (from upper level)
   INVX: 0 # Downgrades (from upper level)
   FWD: 0 # Forwards (from upper level)
   latGETnl: 13082 # GET request latency on next level
   latGETnet: 0 # GET request latency on network to next level
  l1i-2: # Filter cache stats
   fhGETS: 131653560 # Filtered GETS hits
   fhGETX: 0 # Filtered GETX hits
   hGETS: 765932 # GETS hits
   hGETX: 0 # GETX hits
   mGETS: 268 # GETS misses
   mGETXIM: 0 # GETX I->M misses
   mGETXSM: 0 # GETX S->M misses (upgrade misses)
   PUTS: 0 # Clean evictions (from lower level)
   PUTX: 0 # Dirty evictions (from lower level)
   INV: 0 # Invalidates (from upper level)
   INVX: 0 # Downgrades (from upper level)
   FWD: 0 # Forwards (from upper level)
   latGETnl: 11182 # GET request latency on next level
   latGETnet: 0 # GET request latency on network to next level
  l1i-3: # Filter cache stats
   fhGETS: 116657262 # Filtered GETS hits
   fhGETX: 0 # Filtered GETX hits
   hGETS: 812706 # GETS hits
   hGETX: 0 # GETX hits
   mGETS: 256 # GETS misses
   mGETXIM: 0 # GETX I->M misses
   mGETXSM: 0 # GETX S->M misses (upgrade misses)
   PUTS: 0 # Clean evictions (from lower level)
   PUTX: 0 # Dirty evictions (from lower level)
   INV: 0 # Invalidates (from upper level)
   INVX: 0 # Downgrades (from upper level)
   FWD: 0 # Forwards (from upper level)
   latGETnl: 12304 # GET request latency on next level
   latGETnet: 0 # GET request latency on network to next level
  l1i-4: # Filter cache stats
   fhGETS: 111162052 # Filtered GETS hits
   fhGETX: 0 # Filtered GETX hits
   hGETS: 642947 # GETS hits
   hGETX: 0 # GETX hits
   mGETS: 262 # GETS misses
   mGETXIM: 0 # GETX I->M misses
   mGETXSM: 0 # GETX S->M misses (upgrade misses)
   PUTS: 0 # Clean evictions (from lower level)
   PUTX: 0 # Dirty evictions (from lower level)
   INV: 0 # Invalidates (from upper level)
   INVX: 0 # Downgrades (from upper level)
   FWD: 0 # Forwards (from upper level)
   latGETnl: 12328 # GET request latency on next level
   latGETnet: 0 # GET request latency on network to next level
  l1i-5: # Filter cache stats
   fhGETS: 115388690 # Filtered GETS hits
   fhGETX: 0 # Filtered GETX hits
   hGETS: 623149 # GETS hits
   hGETX: 0 # GETX hits
   mGETS: 259 # GETS misses
   mGETXIM: 0 # GETX I->M misses
   mGETXSM: 0 # GETX S->M misses (upgrade misses)
   PUTS: 0 # Clean evictions (from lower level)
   PUTX: 0 # Dirty evictions (from lower level)
   INV: 0 # Invalidates (from upper level)
   INVX: 0 # Downgrades (from upper level)
   FWD: 0 # Forwards (from upper level)
   latGETnl: 11416 # GET request latency on next level
   latGETnet: 0 # GET request latency on network to next level
  l1i-6: # Filter cache stats
   fhGETS: 139182532 # Filtered GETS hits
   fhGETX: 0 # Filtered GETX hits
   hGETS: 1269322 # GETS hits
   hGETX: 0 # GETX hits
   mGETS: 251 # GETS misses
   mGETXIM: 0 # GETX I->M misses
   mGETXSM: 0 # GETX S->M misses (upgrade misses)
   PUTS: 0 # Clean evictions (from lower level)
   PUTX: 0 # Dirty evictions (from lower level)
   INV: 1 # Invalidates (from upper level)
   INVX: 0 # Downgrades (from upper level)
   FWD: 0 # Forwards (from upper level)
   latGETnl: 11324 # GET request latency on next level
   latGETnet: 0 # GET request latency on network to next level
  l1i-7: # Filter cache stats
   fhGETS: 121230695 # Filtered GETS hits
   fhGETX: 0 # Filtered GETX hits
   hGETS: 808466 # GETS hits
   hGETX: 0 # GETX hits
   mGETS: 262 # GETS misses
   mGETXIM: 0 # GETX I->M misses
   mGETXSM: 0 # GETX S->M misses (upgrade misses)
   PUTS: 0 # Clean evictions (from lower level)
   PUTX: 0 # Dirty evictions (from lower level)
   INV: 0 # Invalidates (from upper level)
   INVX: 0 # Downgrades (from upper level)
   FWD: 0 # Forwards (from upper level)
   latGETnl: 12778 # GET request latency on next level
   latGETnet: 0 # GET request latency on network to next level
 l1d: # Cache stats
  l1d-0: # Filter cache stats
   fhGETS: 161929475 # Filtered GETS hits
   fhGETX: 27250866 # Filtered GETX hits
   hGETS: 15113917 # GETS hits
   hGETX: 3808133 # GETX hits
   mGETS: 757924 # GETS misses
   mGETXIM: 184611 # GETX I->M misses
   mGETXSM: 37193 # GETX S->M misses (upgrade misses)
   PUTS: 0 # Clean evictions (from lower level)
   PUTX: 0 # Dirty evictions (from lower level)
   INV: 5513 # Invalidates (from upper level)
   INVX: 10484 # Downgrades (from upper level)
   FWD: 0 # Forwards (from upper level)
   latGETnl: 79418710 # GET request latency on next level
   latGETnet: 0 # GET request latency on network to next level
  l1d-1: # Filter cache stats
   fhGETS: 149619491 # Filtered GETS hits
   fhGETX: 22488970 # Filtered GETX hits
   hGETS: 14462316 # GETS hits
   hGETX: 3470887 # GETX hits
   mGETS: 664715 # GETS misses
   mGETXIM: 184362 # GETX I->M misses
   mGETXSM: 29830 # GETX S->M misses (upgrade misses)
   PUTS: 0 # Clean evictions (from lower level)
   PUTX: 0 # Dirty evictions (from lower level)
   INV: 4121 # Invalidates (from upper level)
   INVX: 6037 # Downgrades (from upper level)
   FWD: 0 # Forwards (from upper level)
   latGETnl: 76409714 # GET request latency on next level
   latGETnet: 0 # GET request latency on network to next level
  l1d-2: # Filter cache stats
   fhGETS: 158695452 # Filtered GETS hits
   fhGETX: 24734375 # Filtered GETX hits
   hGETS: 15576792 # GETS hits
   hGETX: 3767178 # GETX hits
   mGETS: 700778 # GETS misses
   mGETXIM: 186904 # GETX I->M misses
   mGETXSM: 27601 # GETX S->M misses (upgrade misses)
   PUTS: 0 # Clean evictions (from lower level)
   PUTX: 0 # Dirty evictions (from lower level)
   INV: 4802 # Invalidates (from upper level)
   INVX: 6286 # Downgrades (from upper level)
   FWD: 0 # Forwards (from upper level)
   latGETnl: 78713415 # GET request latency on next level
   latGETnet: 0 # GET request latency on network to next level
  l1d-3: # Filter cache stats
   fhGETS: 141239005 # Filtered GETS hits
   fhGETX: 22574491 # Filtered GETX hits
   hGETS: 13463625 # GETS hits
   hGETX: 3318180 # GETX hits
   mGETS: 688923 # GETS misses
   mGETXIM: 165529 # GETX I->M misses
   mGETXSM: 11120 # GETX S->M misses (upgrade misses)
   PUTS: 0 # Clean evictions (from lower level)
   PUTX: 0 # Dirty evictions (from lower level)
   INV: 12844 # Invalidates (from upper level)
   INVX: 28510 # Downgrades (from upper level)
   FWD: 0 # Forwards (from upper level)
   latGETnl: 80143948 # GET request latency on next level
   latGETnet: 0 # GET request latency on network to next level
  l1d-4: # Filter cache stats
   fhGETS: 133322179 # Filtered GETS hits
   fhGETX: 20629573 # Filtered GETX hits
   hGETS: 12476223 # GETS hits
   hGETX: 3072690 # GETX hits
   mGETS: 658839 # GETS misses
   mGETXIM: 163557 # GETX I->M misses
   mGETXSM: 12925 # GETX S->M misses (upgrade misses)
   PUTS: 0 # Clean evictions (from lower level)
   PUTX: 0 # Dirty evictions (from lower level)
   INV: 13960 # Invalidates (from upper level)
   INVX: 30686 # Downgrades (from upper level)
   FWD: 0 # Forwards (from upper level)
   latGETnl: 77894962 # GET request latency on next level
   latGETnet: 0 # GET request latency on network to next level
  l1d-5: # Filter cache stats
   fhGETS: 139113648 # Filtered GETS hits
   fhGETX: 21633966 # Filtered GETX hits
   hGETS: 12570876 # GETS hits
   hGETX: 3152903 # GETX hits
   mGETS: 621245 # GETS misses
   mGETXIM: 168465 # GETX I->M misses
   mGETXSM: 6849 # GETX S->M misses (upgrade misses)
   PUTS: 0 # Clean evictions (from lower level)
   PUTX: 0 # Dirty evictions (from lower level)
   INV: 10819 # Invalidates (from upper level)
   INVX: 19483 # Downgrades (from upper level)
   FWD: 0 # Forwards (from upper level)
   latGETnl: 74651618 # GET request latency on next level
   latGETnet: 0 # GET request latency on network to next level
  l1d-6: # Filter cache stats
   fhGETS: 170502587 # Filtered GETS hits
   fhGETX: 29199848 # Filtered GETX hits
   hGETS: 16035583 # GETS hits
   hGETX: 4068677 # GETX hits
   mGETS: 797650 # GETS misses
   mGETXIM: 187006 # GETX I->M misses
   mGETXSM: 38434 # GETX S->M misses (upgrade misses)
   PUTS: 0 # Clean evictions (from lower level)
   PUTX: 0 # Dirty evictions (from lower level)
   INV: 6904 # Invalidates (from upper level)
   INVX: 11500 # Downgrades (from upper level)
   FWD: 0 # Forwards (from upper level)
   latGETnl: 81670217 # GET request latency on next level
   latGETnet: 0 # GET request latency on network to next level
  l1d-7: # Filter cache stats
   fhGETS: 147612375 # Filtered GETS hits
   fhGETX: 23727894 # Filtered GETX hits
   hGETS: 13515409 # GETS hits
   hGETX: 3431532 # GETX hits
   mGETS: 652774 # GETS misses
   mGETXIM: 170702 # GETX I->M misses
   mGETXSM: 7885 # GETX S->M misses (upgrade misses)
   PUTS: 0 # Clean evictions (from lower level)
   PUTX: 0 # Dirty evictions (from lower level)
   INV: 9892 # Invalidates (from upper level)
   INVX: 16931 # Downgrades (from upper level)
   FWD: 0 # Forwards (from upper level)
   latGETnl: 77102549 # GET request latency on next level
   latGETnet: 0 # GET request latency on network to next level
 l2: # Cache stats
  l2-0: # Cache stats
   hGETS: 134590 # GETS hits
   hGETX: 4 # GETX hits
   mGETS: 623716 # GETS misses
   mGETXIM: 184607 # GETX I->M misses
   mGETXSM: 37193 # GETX S->M misses (upgrade misses)
   PUTS: 479116 # Clean evictions (from lower level)
   PUTX: 457410 # Dirty evictions (from lower level)
   INV: 13707 # Invalidates (from upper level)
   INVX: 19666 # Downgrades (from upper level)
   FWD: 0 # Forwards (from upper level)
   latGETnl: 69643378 # GET request latency on next level
   latGETnet: 0 # GET request latency on network to next level
  l2-1: # Cache stats
   hGETS: 129062 # GETS hits
   hGETX: 3 # GETX hits
   mGETS: 535916 # GETS misses
   mGETXIM: 184359 # GETX I->M misses
   mGETXSM: 29830 # GETX S->M misses (upgrade misses)
   PUTS: 444160 # Clean evictions (from lower level)
   PUTX: 400284 # Dirty evictions (from lower level)
   INV: 13150 # Invalidates (from upper level)
   INVX: 16149 # Downgrades (from upper level)
   FWD: 0 # Forwards (from upper level)
   latGETnl: 67631096 # GET request latency on next level
   latGETnet: 0 # GET request latency on network to next level
  l2-2: # Cache stats
   hGETS: 137757 # GETS hits
   hGETX: 4 # GETX hits
   mGETS: 563289 # GETS misses
   mGETXIM: 186900 # GETX I->M misses
   mGETXSM: 27601 # GETX S->M misses (upgrade misses)
   PUTS: 456946 # Clean evictions (from lower level)
   PUTX: 425422 # Dirty evictions (from lower level)
   INV: 9908 # Invalidates (from upper level)
   INVX: 12300 # Downgrades (from upper level)
   FWD: 0 # Forwards (from upper level)
   latGETnl: 69569087 # GET request latency on next level
   latGETnet: 0 # GET request latency on network to next level
  l2-3: # Cache stats
   hGETS: 138423 # GETS hits
   hGETX: 5 # GETX hits
   mGETS: 550756 # GETS misses
   mGETXIM: 165155 # GETX I->M misses
   mGETXSM: 11489 # GETX S->M misses (upgrade misses)
   PUTS: 440552 # Clean evictions (from lower level)
   PUTX: 400547 # Dirty evictions (from lower level)
   INV: 46859 # Invalidates (from upper level)
   INVX: 105574 # Downgrades (from upper level)
   FWD: 0 # Forwards (from upper level)
   latGETnl: 71497972 # GET request latency on next level
   latGETnet: 0 # GET request latency on network to next level
  l2-4: # Cache stats
   hGETS: 132083 # GETS hits
   hGETX: 3 # GETX hits
   mGETS: 527018 # GETS misses
   mGETXIM: 163252 # GETX I->M misses
   mGETXSM: 13227 # GETX S->M misses (upgrade misses)
   PUTS: 430721 # Clean evictions (from lower level)
   PUTX: 377215 # Dirty evictions (from lower level)
   INV: 51324 # Invalidates (from upper level)
   INVX: 111241 # Downgrades (from upper level)
   FWD: 0 # Forwards (from upper level)
   latGETnl: 69551460 # GET request latency on next level
   latGETnet: 0 # GET request latency on network to next level
  l2-5: # Cache stats
   hGETS: 132825 # GETS hits
   hGETX: 2 # GETX hits
   mGETS: 488679 # GETS misses
   mGETXIM: 168062 # GETX I->M misses
   mGETXSM: 7250 # GETX S->M misses (upgrade misses)
   PUTS: 411025 # Clean evictions (from lower level)
   PUTX: 367355 # Dirty evictions (from lower level)
   INV: 29516 # Invalidates (from upper level)
   INVX: 65490 # Downgrades (from upper level)
   FWD: 0 # Forwards (from upper level)
   latGETnl: 66694854 # GET request latency on next level
   latGETnet: 0 # GET request latency on network to next level
  l2-6: # Cache stats
   hGETS: 151335 # GETS hits
   hGETX: 4 # GETX hits
   mGETS: 646566 # GETS misses
   mGETXIM: 187002 # GETX I->M misses
   mGETXSM: 38434 # GETX S->M misses (upgrade misses)
   PUTS: 493800 # Clean evictions (from lower level)
   PUTX: 483455 # Dirty evictions (from lower level)
   INV: 12927 # Invalidates (from upper level)
   INVX: 20606 # Downgrades (from upper level)
   FWD: 0 # Forwards (from upper level)
   latGETnl: 71448131 # GET request latency on next level
   latGETnet: 0 # GET request latency on network to next level
  l2-7: # Cache stats
   hGETS: 138333 # GETS hits
   hGETX: 1 # GETX hits
   mGETS: 514703 # GETS misses
   mGETXIM: 170409 # GETX I->M misses
   mGETXSM: 8177 # GETX S->M misses (upgrade misses)
   PUTS: 422485 # Clean evictions (from lower level)
   PUTX: 390591 # Dirty evictions (from lower level)
   INV: 29737 # Invalidates (from upper level)
   INVX: 65832 # Downgrades (from upper level)
   FWD: 0 # Forwards (from upper level)
   latGETnl: 68799097 # GET request latency on next level
   latGETnet: 0 # GET request latency on network to next level
 l3: # Cache stats
  l3-0b0: # Cache stats
   hGETS: 167536 # GETS hits
   hGETX: 26452 # GETX hits
   mGETS: 390226 # GETS misses
   mGETXIM: 171313 # GETX I->M misses
   mGETXSM: 0 # GETX S->M misses (upgrade misses)
   PUTS: 366632 # Clean evictions (from lower level)
   PUTX: 337536 # Dirty evictions (from lower level)
   INV: 0 # Invalidates (from upper level)
   INVX: 0 # Downgrades (from upper level)
   FWD: 0 # Forwards (from upper level)
   latGETnl: 50538510 # GET request latency on next level
   latGETnet: 0 # GET request latency on network to next level
  l3-0b1: # Cache stats
   hGETS: 166895 # GETS hits
   hGETX: 26471 # GETX hits
   mGETS: 389472 # GETS misses
   mGETXIM: 171382 # GETX I->M misses
   mGETXSM: 0 # GETX S->M misses (upgrade misses)
   PUTS: 365390 # Clean evictions (from lower level)
   PUTX: 337370 # Dirty evictions (from lower level)
   INV: 0 # Invalidates (from upper level)
   INVX: 0 # Downgrades (from upper level)
   FWD: 0 # Forwards (from upper level)
   latGETnl: 50476860 # GET request latency on next level
   latGETnet: 0 # GET request latency on network to next level
  l3-0b2: # Cache stats
   hGETS: 167403 # GETS hits
   hGETX: 26963 # GETX hits
   mGETS: 388866 # GETS misses
   mGETXIM: 171189 # GETX I->M misses
   mGETXSM: 0 # GETX S->M misses (upgrade misses)
   PUTS: 365067 # Clean evictions (from lower level)
   PUTX: 337032 # Dirty evictions (from lower level)
   INV: 0 # Invalidates (from upper level)
   INVX: 0 # Downgrades (from upper level)
   FWD: 0 # Forwards (from upper level)
   latGETnl: 50404950 # GET request latency on next level
   latGETnet: 0 # GET request latency on network to next level
  l3-0b3: # Cache stats
   hGETS: 166996 # GETS hits
   hGETX: 26712 # GETX hits
   mGETS: 388932 # GETS misses
   mGETXIM: 171366 # GETX I->M misses
   mGETXSM: 0 # GETX S->M misses (upgrade misses)
   PUTS: 365084 # Clean evictions (from lower level)
   PUTX: 337035 # Dirty evictions (from lower level)
   INV: 0 # Invalidates (from upper level)
   INVX: 0 # Downgrades (from upper level)
   FWD: 0 # Forwards (from upper level)
   latGETnl: 50426820 # GET request latency on next level
   latGETnet: 0 # GET request latency on network to next level
  l3-0b4: # Cache stats
   hGETS: 166007 # GETS hits
   hGETX: 26455 # GETX hits
   mGETS: 388389 # GETS misses
   mGETXIM: 171237 # GETX I->M misses
   mGETXSM: 0 # GETX S->M misses (upgrade misses)
   PUTS: 363958 # Clean evictions (from lower level)
   PUTX: 336464 # Dirty evictions (from lower level)
   INV: 0 # Invalidates (from upper level)
   INVX: 0 # Downgrades (from upper level)
   FWD: 0 # Forwards (from upper level)
   latGETnl: 50366340 # GET request latency on next level
   latGETnet: 0 # GET request latency on network to next level
  l3-0b5: # Cache stats
   hGETS: 168428 # GETS hits
   hGETX: 26915 # GETX hits
   mGETS: 389263 # GETS misses
   mGETXIM: 171321 # GETX I->M misses
   mGETXSM: 0 # GETX S->M misses (upgrade misses)
   PUTS: 366880 # Clean evictions (from lower level)
   PUTX: 336786 # Dirty evictions (from lower level)
   INV: 0 # Invalidates (from upper level)
   INVX: 0 # Downgrades (from upper level)
   FWD: 0 # Forwards (from upper level)
   latGETnl: 50452560 # GET request latency on next level
   latGETnet: 0 # GET request latency on network to next level
  l3-0b6: # Cache stats
   hGETS: 166349 # GETS hits
   hGETX: 26291 # GETX hits
   mGETS: 389644 # GETS misses
   mGETXIM: 171290 # GETX I->M misses
   mGETXSM: 0 # GETX S->M misses (upgrade misses)
   PUTS: 365442 # Clean evictions (from lower level)
   PUTX: 337083 # Dirty evictions (from lower level)
   INV: 0 # Invalidates (from upper level)
   INVX: 0 # Downgrades (from upper level)
   FWD: 0 # Forwards (from upper level)
   latGETnl: 50484060 # GET request latency on next level
   latGETnet: 0 # GET request latency on network to next level
  l3-0b7: # Cache stats
   hGETS: 167083 # GETS hits
   hGETX: 26237 # GETX hits
   mGETS: 389154 # GETS misses
   mGETXIM: 171353 # GETX I->M misses
   mGETXSM: 0 # GETX S->M misses (upgrade misses)
   PUTS: 365928 # Clean evictions (from lower level)
   PUTX: 336967 # Dirty evictions (from lower level)
   INV: 0 # Invalidates (from upper level)
   INVX: 0 # Downgrades (from upper level)
   FWD: 0 # Forwards (from upper level)
   latGETnl: 50445630 # GET request latency on next level
   latGETnet: 0 # GET request latency on network to next level
 mem: # Memory controller stats
  mem-0: # Memory controller stats
   rd: 1121418 # Read requests
   wr: 570990 # Write requests
   rdlat: 168996745 # Total latency experienced by read requests
   wrlat: 133220864 # Total latency experienced by write requests
   rdhits: 20884 # Read row hits
   wrhits: 6937 # Write row hits
   mlh: # latency histogram for memory requests
    0: 0
    1: 0
    2: 0
    3: 0
    4: 0
    5: 0
    6: 0
    7: 0
    8: 0
    9: 0
    10: 0
    11: 1028
    12: 1369
    13: 770247
    14: 100633
    15: 73522
    16: 44897
    17: 17562
    18: 11788
    19: 11306
    20: 10754
    21: 9031
    22: 7424
    23: 6543
    24: 6326
    25: 4200
    26: 2501
    27: 2343
    28: 2272
    29: 2103
    30: 2116
    31: 2041
    32: 2146
    33: 2158
    34: 2223
    35: 2224
    36: 2128
    37: 2170
    38: 2192
    39: 1942
    40: 1979
    41: 1879
    42: 1754
    43: 1358
    44: 1143
    45: 1030
    46: 857
    47: 819
    48: 618
    49: 382
    50: 307
    51: 251
    52: 185
    53: 172
    54: 131
    55: 99
    56: 78
    57: 72
    58: 75
    59: 77
    60: 64
    61: 64
    62: 51
    63: 48
    64: 41
    65: 52
    66: 52
    67: 49
    68: 46
    69: 46
    70: 51
    71: 45
    72: 36
    73: 43
    74: 38
    75: 27
    76: 26
    77: 23
    78: 31
    79: 27
    80: 26
    81: 13
    82: 11
    83: 7
    84: 4
    85: 3
    86: 7
    87: 8
    88: 7
    89: 3
    90: 2
    91: 2
    92: 2
    93: 4
    94: 0
    95: 1
    96: 3
    97: 0
    98: 0
    99: 0
  mem-1: # Memory controller stats
   rd: 1120233 # Read requests
   wr: 572637 # Write requests
   rdlat: 169119678 # Total latency experienced by read requests
   wrlat: 133426948 # Total latency experienced by write requests
   rdhits: 21231 # Read row hits
   wrhits: 6966 # Write row hits
   mlh: # latency histogram for memory requests
    0: 0
    1: 0
    2: 0
    3: 0
    4: 0
    5: 0
    6: 0
    7: 0
    8: 0
    9: 0
    10: 1
    11: 1073
    12: 1308
    13: 767363
    14: 100474
    15: 74687
    16: 44675
    17: 17372
    18: 11790
    19: 11476
    20: 10871
    21: 9136
    22: 7261
    23: 6484
    24: 6292
    25: 4154
    26: 2509
    27: 2304
    28: 2189
    29: 2205
    30: 2040
    31: 2072
    32: 2032
    33: 2102
    34: 2219
    35: 2275
    36: 2276
    37: 2442
    38: 2351
    39: 2012
    40: 2100
    41: 1904
    42: 1729
    43: 1390
    44: 1257
    45: 1101
    46: 986
    47: 854
    48: 580
    49: 394
    50: 339
    51: 305
    52: 238
    53: 198
    54: 157
    55: 113
    56: 108
    57: 82
    58: 82
    59: 54
    60: 53
    61: 50
    62: 45
    63: 61
    64: 44
    65: 49
    66: 59
    67: 42
    68: 50
    69: 47
    70: 38
    71: 38
    72: 42
    73: 30
    74: 21
    75: 22
    76: 24
    77: 13
    78: 15
    79: 10
    80: 15
    81: 14
    82: 9
    83: 5
    84: 6
    85: 1
    86: 2
    87: 1
    88: 2
    89: 1
    90: 0
    91: 2
    92: 2
    93: 1
    94: 0
    95: 0
    96: 1
    97: 0
    98: 1
    99: 1
  mem-2: # Memory controller stats
   rd: 1122775 # Read requests
   wr: 571899 # Write requests
   rdlat: 169248253 # Total latency experienced by read requests
   wrlat: 133397621 # Total latency experienced by write requests
   rdhits: 20881 # Read row hits
   wrhits: 7067 # Write row hits
   mlh: # latency histogram for memory requests
    0: 0
    1: 0
    2: 0
    3: 0
    4: 0
    5: 0
    6: 0
    7: 0
    8: 0
    9: 0
    10: 0
    11: 999
    12: 1428
    13: 771101
    14: 100371
    15: 73392
    16: 45227
    17: 17330
    18: 11654
    19: 11416
    20: 10840
    21: 9299
    22: 7374
    23: 6605
    24: 6216
    25: 4263
    26: 2577
    27: 2431
    28: 2187
    29: 2090
    30: 2097
    31: 2142
    32: 2145
    33: 2155
    34: 2240
    35: 2270
    36: 2239
    37: 2412
    38: 2208
    39: 2065
    40: 1988
    41: 1876
    42: 1708
    43: 1402
    44: 1216
    45: 991
    46: 892
    47: 755
    48: 544
    49: 384
    50: 269
    51: 199
    52: 154
    53: 138
    54: 160
    55: 124
    56: 112
    57: 72
    58: 80
    59: 67
    60: 53
    61: 60
    62: 63
    63: 55
    64: 38
    65: 33
    66: 45
    67: 55
    68: 40
    69: 35
    70: 36
    71: 36
    72: 38
    73: 34
    74: 37
    75: 31
    76: 24
    77: 28
    78: 19
    79: 22
    80: 16
    81: 17
    82: 11
    83: 8
    84: 4
    85: 8
    86: 5
    87: 3
    88: 6
    89: 6
    90: 2
    91: 1
    92: 0
    93: 1
    94: 0
    95: 0
    96: 0
    97: 0
    98: 0
    99: 1
  mem-3: # Memory controller stats
   rd: 1119970 # Read requests
   wr: 572134 # Write requests
   rdlat: 168868314 # Total latency experienced by read requests
   wrlat: 133333018 # Total latency experienced by write requests
   rdhits: 21114 # Read row hits
   wrhits: 6821 # Write row hits
   mlh: # latency histogram for memory requests
    0: 0
    1: 0
    2: 0
    3: 0
    4: 0
    5: 0
    6: 0
    7: 0
    8: 0
    9: 0
    10: 0
    11: 1035
    12: 1366
    13: 766996
    14: 101805
    15: 74068
    16: 44477
    17: 17373
    18: 11557
    19: 11465
    20: 10733
    21: 9150
    22: 7354
    23: 6614
    24: 6381
    25: 4378
    26: 2724
    27: 2352
    28: 2201
    29: 2061
    30: 1982
    31: 2128
    32: 2154
    33: 2232
    34: 2280
    35: 2261
    36: 2320
    37: 2312
    38: 2297
    39: 2061
    40: 2113
    41: 1874
    42: 1638
    43: 1319
    44: 1128
    45: 987
    46: 917
    47: 712
    48: 517
    49: 382
    50: 297
    51: 223
    52: 164
    53: 143
    54: 137
    55: 111
    56: 84
    57: 65
    58: 75
    59: 62
    60: 60
    61: 34
    62: 50
    63: 48
    64: 44
    65: 52
    66: 47
    67: 43
    68: 50
    69: 45
    70: 34
    71: 35
    72: 49
    73: 29
    74: 37
    75: 41
    76: 44
    77: 36
    78: 23
    79: 26
    80: 20
    81: 13
    82: 9
    83: 8
    84: 7
    85: 5
    86: 4
    87: 2
    88: 1
    89: 2
    90: 0
    91: 0
    92: 0
    93: 0
    94: 1
    95: 0
    96: 2
    97: 0
    98: 1
    99: 3
 sched: # Scheduler stats
  thCr: 9 # Threads created
  thFn: 0 # Threads finished
  schedEvs: 9 # Schedule events
  waitEvs: 1 # Wait events
  handoffEvs: 0 # Handoff events
  sleepEvs: 0 # Sleep events
  idlePhases: 0 # Phases with no thread active
  idlePeriods: 0 # Periods with no thread active
  occHist: # Occupancy histogram
   0: 0
   1: 1
   2: 0
   3: 0
   4: 0
   5: 1
   6: 0
   7: 0
   8: 50916
  rqSzHist: # Run queue size histogram
   0: 50918
   1: 0
   2: 0
   3: 0
   4: 0
   5: 0
   6: 0
   7: 0
   8: 0
   9: 0
   10: 0
   11: 0
   12: 0
   13: 0
   14: 0
   15: 0
   16: 0
 procCycles: # Per-process unhalted core cycles
  0: 3571801767
  1: 0
  2: 0
  3: 0
  4: 0
  5: 0
  6: 0
  7: 0
  8: 0
  9: 0
  10: 0
  11: 0
  12: 0
  13: 0
  14: 0
  15: 0
  16: 0
  17: 0
  18: 0
  19: 0
  20: 0
  21: 0
  22: 0
  23: 0
  24: 0
  25: 0
  26: 0
  27: 0
  28: 0
  29: 0
  30: 0
  31: 0
  32: 0
  33: 0
  34: 0
  35: 0
  36: 0
  37: 0
  38: 0
  39: 0
  40: 0
  41: 0
  42: 0
  43: 0
  44: 0
  45: 0
  46: 0
  47: 0
  48: 0
  49: 0
  50: 0
  51: 0
  52: 0
  53: 0
  54: 0
  55: 0
  56: 0
  57: 0
  58: 0
  59: 0
  60: 0
  61: 0
  62: 0
  63: 0
 procInstrs: # Per-process instructions
  0: 5000023266
  1: 0
  2: 0
  3: 0
  4: 0
  5: 0
  6: 0
  7: 0
  8: 0
  9: 0
  10: 0
  11: 0
  12: 0
  13: 0
  14: 0
  15: 0
  16: 0
  17: 0
  18: 0
  19: 0
  20: 0
  21: 0
  22: 0
  23: 0
  24: 0
  25: 0
  26: 0
  27: 0
  28: 0
  29: 0
  30: 0
  31: 0
  32: 0
  33: 0
  34: 0
  35: 0
  36: 0
  37: 0
  38: 0
  39: 0
  40: 0
  41: 0
  42: 0
  43: 0
  44: 0
  45: 0
  46: 0
  47: 0
  48: 0
  49: 0
  50: 0
  51: 0
  52: 0
  53: 0
  54: 0
  55: 0
  56: 0
  57: 0
  58: 0
  59: 0
  60: 0
  61: 0
  62: 0
  63: 0
 heartbeats: # Per-process heartbeats
  0: 0
  1: 0
  2: 0
  3: 0
  4: 0
  5: 0
  6: 0
  7: 0
  8: 0
  9: 0
  10: 0
  11: 0
  12: 0
  13: 0
  14: 0
  15: 0
  16: 0
  17: 0
  18: 0
  19: 0
  20: 0
  21: 0
  22: 0
  23: 0
  24: 0
  25: 0
  26: 0
  27: 0
  28: 0
  29: 0
  30: 0
  31: 0
  32: 0
  33: 0
  34: 0
  35: 0
  36: 0
  37: 0
  38: 0
  39: 0
  40: 0
  41: 0
  42: 0
  43: 0
  44: 0
  45: 0
  46: 0
  47: 0
  48: 0
  49: 0
  50: 0
  51: 0
  52: 0
  53: 0
  54: 0
  55: 0
  56: 0
  57: 0
  58: 0
  59: 0
  60: 0
  61: 0
  62: 0
  63: 0
===
