# zsim stats
===
root: # Stats
 contention: # Contention simulation stats
  domain-0: # Domain stats
   time: 490271320 # Weave simulation time
 time: # Simulator time breakdown
  init: 1937645470653
  bound: 21823129999
  weave: 3908009268
  ff: 0
 trigger: 20000 # Reason for this stats dump
 phase: 12362 # Simulated phases
 westmere: # Core stats
  westmere-0: # Core stats
   cycles: 123620007 # Simulated unhalted cycles
   cCycles: 8301377 # Cycles due to contention stalls
   instrs: 100010379 # Simulated instructions
   uops: 119447170 # Retired micro-ops
   bbls: 22505933 # Basic blocks
   approxInstrs: 237086 # Instrs with approx uop decoding
   mispredBranches: 1137999 # Mispredicted branches
   condBranches: 17116752 # conditional branches
 l1i: # Cache stats
  l1i-0: # Filter cache stats
   fhGETS: 25087869 # Filtered GETS hits
   fhGETX: 0 # Filtered GETX hits
   hGETS: 2019807 # GETS hits
   hGETX: 0 # GETX hits
   mGETS: 700932 # GETS misses
   mGETXIM: 0 # GETX I->M misses
   mGETXSM: 0 # GETX S->M misses (upgrade misses)
   PUTS: 0 # Clean evictions (from lower level)
   PUTX: 0 # Dirty evictions (from lower level)
   INV: 4591 # Invalidates (from upper level)
   INVX: 0 # Downgrades (from upper level)
   FWD: 0 # Forwards (from upper level)
   latGETnl: 9055038 # GET request latency on next level
   latGETnet: 0 # GET request latency on network to next level
 l1d: # Cache stats
  l1d-0: # Filter cache stats
   fhGETS: 23208456 # Filtered GETS hits
   fhGETX: 15407644 # Filtered GETX hits
   hGETS: 2077993 # GETS hits
   hGETX: 1030392 # GETX hits
   mGETS: 1507912 # GETS misses
   mGETXIM: 1556817 # GETX I->M misses
   mGETXSM: 0 # GETX S->M misses (upgrade misses)
   PUTS: 0 # Clean evictions (from lower level)
   PUTX: 0 # Dirty evictions (from lower level)
   INV: 5260 # Invalidates (from upper level)
   INVX: 0 # Downgrades (from upper level)
   FWD: 0 # Forwards (from upper level)
   latGETnl: 97640218 # GET request latency on next level
   latGETnet: 0 # GET request latency on network to next level
 l2: # Cache stats
  l2-0: # Cache stats
   hGETS: 1060548 # GETS hits
   hGETX: 952764 # GETX hits
   mGETS: 1148296 # GETS misses
   mGETXIM: 604053 # GETX I->M misses
   mGETXSM: 0 # GETX S->M misses (upgrade misses)
   PUTS: 1903546 # Clean evictions (from lower level)
   PUTX: 1851243 # Dirty evictions (from lower level)
   INV: 21608 # Invalidates (from upper level)
   INVX: 0 # Downgrades (from upper level)
   FWD: 0 # Forwards (from upper level)
   latGETnl: 69038646 # GET request latency on next level
   latGETnet: 0 # GET request latency on network to next level
 l3: # Cache stats
  l3-0: # Cache stats
   hGETS: 910366 # GETS hits
   hGETX: 542180 # GETX hits
   mGETS: 237930 # GETS misses
   mGETXIM: 61873 # GETX I->M misses
   mGETXSM: 0 # GETX S->M misses (upgrade misses)
   PUTS: 975492 # Clean evictions (from lower level)
   PUTX: 751154 # Dirty evictions (from lower level)
   INV: 0 # Invalidates (from upper level)
   INVX: 0 # Downgrades (from upper level)
   FWD: 0 # Forwards (from upper level)
   latGETnl: 26982270 # GET request latency on next level
   latGETnet: 0 # GET request latency on network to next level
 mem: # Memory controller stats
  mem-0: # Memory controller stats
   rd: 75700 # Read requests
   wr: 20328 # Write requests
   rdlat: 10174030 # Total latency experienced by read requests
   wrlat: 2991531 # Total latency experienced by write requests
   rdhits: 45 # Read row hits
   wrhits: 28 # Write row hits
   mlh: # latency histogram for memory requests
    0: 0
    1: 0
    2: 0
    3: 0
    4: 0
    5: 0
    6: 0
    7: 0
    8: 0
    9: 0
    10: 0
    11: 8
    12: 7
    13: 72915
    14: 768
    15: 568
    16: 214
    17: 51
    18: 49
    19: 71
    20: 65
    21: 55
    22: 47
    23: 55
    24: 55
    25: 44
    26: 27
    27: 17
    28: 43
    29: 42
    30: 50
    31: 42
    32: 47
    33: 36
    34: 45
    35: 38
    36: 43
    37: 42
    38: 34
    39: 49
    40: 43
    41: 50
    42: 49
    43: 14
    44: 3
    45: 4
    46: 5
    47: 2
    48: 3
    49: 0
    50: 0
    51: 0
    52: 0
    53: 0
    54: 0
    55: 0
    56: 0
    57: 0
    58: 0
    59: 0
    60: 0
    61: 0
    62: 0
    63: 0
    64: 0
    65: 0
    66: 0
    67: 0
    68: 0
    69: 0
    70: 0
    71: 0
    72: 0
    73: 0
    74: 0
    75: 0
    76: 0
    77: 0
    78: 0
    79: 0
    80: 0
    81: 0
    82: 0
    83: 0
    84: 0
    85: 0
    86: 0
    87: 0
    88: 0
    89: 0
    90: 0
    91: 0
    92: 0
    93: 0
    94: 0
    95: 0
    96: 0
    97: 0
    98: 0
    99: 0
  mem-1: # Memory controller stats
   rd: 74223 # Read requests
   wr: 20576 # Write requests
   rdlat: 9975753 # Total latency experienced by read requests
   wrlat: 3038143 # Total latency experienced by write requests
   rdhits: 37 # Read row hits
   wrhits: 37 # Write row hits
   mlh: # latency histogram for memory requests
    0: 0
    1: 0
    2: 0
    3: 0
    4: 0
    5: 0
    6: 0
    7: 0
    8: 0
    9: 0
    10: 0
    11: 6
    12: 8
    13: 71298
    14: 883
    15: 584
    16: 252
    17: 57
    18: 46
    19: 82
    20: 55
    21: 56
    22: 42
    23: 45
    24: 55
    25: 42
    26: 33
    27: 33
    28: 35
    29: 46
    30: 38
    31: 42
    32: 42
    33: 37
    34: 32
    35: 45
    36: 51
    37: 46
    38: 46
    39: 46
    40: 41
    41: 34
    42: 41
    43: 7
    44: 4
    45: 4
    46: 5
    47: 3
    48: 1
    49: 0
    50: 0
    51: 0
    52: 0
    53: 0
    54: 0
    55: 0
    56: 0
    57: 0
    58: 0
    59: 0
    60: 0
    61: 0
    62: 0
    63: 0
    64: 0
    65: 0
    66: 0
    67: 0
    68: 0
    69: 0
    70: 0
    71: 0
    72: 0
    73: 0
    74: 0
    75: 0
    76: 0
    77: 0
    78: 0
    79: 0
    80: 0
    81: 0
    82: 0
    83: 0
    84: 0
    85: 0
    86: 0
    87: 0
    88: 0
    89: 0
    90: 0
    91: 0
    92: 0
    93: 0
    94: 0
    95: 0
    96: 0
    97: 0
    98: 0
    99: 0
  mem-2: # Memory controller stats
   rd: 75591 # Read requests
   wr: 20250 # Write requests
   rdlat: 10158447 # Total latency experienced by read requests
   wrlat: 2983686 # Total latency experienced by write requests
   rdhits: 43 # Read row hits
   wrhits: 35 # Write row hits
   mlh: # latency histogram for memory requests
    0: 0
    1: 0
    2: 0
    3: 0
    4: 0
    5: 0
    6: 0
    7: 0
    8: 0
    9: 0
    10: 0
    11: 11
    12: 13
    13: 72788
    14: 702
    15: 606
    16: 248
    17: 51
    18: 67
    19: 65
    20: 77
    21: 56
    22: 42
    23: 42
    24: 55
    25: 47
    26: 32
    27: 37
    28: 33
    29: 37
    30: 40
    31: 42
    32: 49
    33: 36
    34: 42
    35: 41
    36: 54
    37: 39
    38: 37
    39: 52
    40: 38
    41: 39
    42: 44
    43: 13
    44: 4
    45: 3
    46: 7
    47: 2
    48: 0
    49: 0
    50: 0
    51: 0
    52: 0
    53: 0
    54: 0
    55: 0
    56: 0
    57: 0
    58: 0
    59: 0
    60: 0
    61: 0
    62: 0
    63: 0
    64: 0
    65: 0
    66: 0
    67: 0
    68: 0
    69: 0
    70: 0
    71: 0
    72: 0
    73: 0
    74: 0
    75: 0
    76: 0
    77: 0
    78: 0
    79: 0
    80: 0
    81: 0
    82: 0
    83: 0
    84: 0
    85: 0
    86: 0
    87: 0
    88: 0
    89: 0
    90: 0
    91: 0
    92: 0
    93: 0
    94: 0
    95: 0
    96: 0
    97: 0
    98: 0
    99: 0
  mem-3: # Memory controller stats
   rd: 74289 # Read requests
   wr: 20353 # Write requests
   rdlat: 9991182 # Total latency experienced by read requests
   wrlat: 3006428 # Total latency experienced by write requests
   rdhits: 56 # Read row hits
   wrhits: 33 # Write row hits
   mlh: # latency histogram for memory requests
    0: 0
    1: 0
    2: 0
    3: 0
    4: 0
    5: 0
    6: 0
    7: 0
    8: 0
    9: 0
    10: 0
    11: 15
    12: 12
    13: 71343
    14: 872
    15: 554
    16: 284
    17: 66
    18: 62
    19: 53
    20: 62
    21: 55
    22: 46
    23: 44
    24: 36
    25: 39
    26: 29
    27: 28
    28: 41
    29: 38
    30: 47
    31: 43
    32: 53
    33: 28
    34: 49
    35: 42
    36: 43
    37: 48
    38: 41
    39: 54
    40: 39
    41: 45
    42: 47
    43: 15
    44: 6
    45: 2
    46: 6
    47: 0
    48: 2
    49: 0
    50: 0
    51: 0
    52: 0
    53: 0
    54: 0
    55: 0
    56: 0
    57: 0
    58: 0
    59: 0
    60: 0
    61: 0
    62: 0
    63: 0
    64: 0
    65: 0
    66: 0
    67: 0
    68: 0
    69: 0
    70: 0
    71: 0
    72: 0
    73: 0
    74: 0
    75: 0
    76: 0
    77: 0
    78: 0
    79: 0
    80: 0
    81: 0
    82: 0
    83: 0
    84: 0
    85: 0
    86: 0
    87: 0
    88: 0
    89: 0
    90: 0
    91: 0
    92: 0
    93: 0
    94: 0
    95: 0
    96: 0
    97: 0
    98: 0
    99: 0
 sched: # Scheduler stats
  thCr: 1 # Threads created
  thFn: 1 # Threads finished
  schedEvs: 1 # Schedule events
  waitEvs: 0 # Wait events
  handoffEvs: 0 # Handoff events
  sleepEvs: 0 # Sleep events
  idlePhases: 0 # Phases with no thread active
  idlePeriods: 0 # Periods with no thread active
  occHist: # Occupancy histogram
   0: 0
   1: 12362
  rqSzHist: # Run queue size histogram
   0: 12362
   1: 0
   2: 0
   3: 0
   4: 0
   5: 0
   6: 0
   7: 0
   8: 0
   9: 0
   10: 0
   11: 0
   12: 0
   13: 0
   14: 0
   15: 0
   16: 0
 procCycles: # Per-process unhalted core cycles
  0: 123620007
  1: 0
  2: 0
  3: 0
  4: 0
  5: 0
  6: 0
  7: 0
  8: 0
  9: 0
  10: 0
  11: 0
  12: 0
  13: 0
  14: 0
  15: 0
  16: 0
  17: 0
  18: 0
  19: 0
  20: 0
  21: 0
  22: 0
  23: 0
  24: 0
  25: 0
  26: 0
  27: 0
  28: 0
  29: 0
  30: 0
  31: 0
  32: 0
  33: 0
  34: 0
  35: 0
  36: 0
  37: 0
  38: 0
  39: 0
  40: 0
  41: 0
  42: 0
  43: 0
  44: 0
  45: 0
  46: 0
  47: 0
  48: 0
  49: 0
  50: 0
  51: 0
  52: 0
  53: 0
  54: 0
  55: 0
  56: 0
  57: 0
  58: 0
  59: 0
  60: 0
  61: 0
  62: 0
  63: 0
 procInstrs: # Per-process instructions
  0: 100010379
  1: 0
  2: 0
  3: 0
  4: 0
  5: 0
  6: 0
  7: 0
  8: 0
  9: 0
  10: 0
  11: 0
  12: 0
  13: 0
  14: 0
  15: 0
  16: 0
  17: 0
  18: 0
  19: 0
  20: 0
  21: 0
  22: 0
  23: 0
  24: 0
  25: 0
  26: 0
  27: 0
  28: 0
  29: 0
  30: 0
  31: 0
  32: 0
  33: 0
  34: 0
  35: 0
  36: 0
  37: 0
  38: 0
  39: 0
  40: 0
  41: 0
  42: 0
  43: 0
  44: 0
  45: 0
  46: 0
  47: 0
  48: 0
  49: 0
  50: 0
  51: 0
  52: 0
  53: 0
  54: 0
  55: 0
  56: 0
  57: 0
  58: 0
  59: 0
  60: 0
  61: 0
  62: 0
  63: 0
 heartbeats: # Per-process heartbeats
  0: 0
  1: 0
  2: 0
  3: 0
  4: 0
  5: 0
  6: 0
  7: 0
  8: 0
  9: 0
  10: 0
  11: 0
  12: 0
  13: 0
  14: 0
  15: 0
  16: 0
  17: 0
  18: 0
  19: 0
  20: 0
  21: 0
  22: 0
  23: 0
  24: 0
  25: 0
  26: 0
  27: 0
  28: 0
  29: 0
  30: 0
  31: 0
  32: 0
  33: 0
  34: 0
  35: 0
  36: 0
  37: 0
  38: 0
  39: 0
  40: 0
  41: 0
  42: 0
  43: 0
  44: 0
  45: 0
  46: 0
  47: 0
  48: 0
  49: 0
  50: 0
  51: 0
  52: 0
  53: 0
  54: 0
  55: 0
  56: 0
  57: 0
  58: 0
  59: 0
  60: 0
  61: 0
  62: 0
  63: 0
===
