# zsim stats
===
root: # Stats
 contention: # Contention simulation stats
  domain-0: # Domain stats
   time: 4263801125 # Weave simulation time
 time: # Simulator time breakdown
  init: 38271171337668
  bound: 64383961304
  weave: 58107128757
  ff: 0
 trigger: 20000 # Reason for this stats dump
 phase: 19558 # Simulated phases
 westmere: # Core stats
  westmere-0: # Core stats
   cycles: 195582150 # Simulated unhalted cycles
   cCycles: 37668248 # Cycles due to contention stalls
   instrs: 100003830 # Simulated instructions
   uops: 109310212 # Retired micro-ops
   bbls: 19997885 # Basic blocks
   approxInstrs: 1777388 # Instrs with approx uop decoding
   mispredBranches: 1070586 # Mispredicted branches
   condBranches: 18955111 # conditional branches
 l1i: # Cache stats
  l1i-0: # Filter cache stats
   fhGETS: 25459978 # Filtered GETS hits
   fhGETX: 0 # Filtered GETX hits
   hGETS: 202037 # GETS hits
   hGETX: 0 # GETX hits
   mGETS: 2285 # GETS misses
   mGETXIM: 0 # GETX I->M misses
   mGETXSM: 0 # GETX S->M misses (upgrade misses)
   PUTS: 0 # Clean evictions (from lower level)
   PUTX: 0 # Dirty evictions (from lower level)
   INV: 4 # Invalidates (from upper level)
   INVX: 0 # Downgrades (from upper level)
   FWD: 0 # Forwards (from upper level)
   latGETnl: 264122 # GET request latency on next level
   latGETnet: 0 # GET request latency on network to next level
 l1d: # Cache stats
  l1d-0: # Filter cache stats
   fhGETS: 22570042 # Filtered GETS hits
   fhGETX: 4101209 # Filtered GETX hits
   hGETS: 2540409 # GETS hits
   hGETX: 2601450 # GETX hits
   mGETS: 3493540 # GETS misses
   mGETXIM: 751031 # GETX I->M misses
   mGETXSM: 0 # GETX S->M misses (upgrade misses)
   PUTS: 0 # Clean evictions (from lower level)
   PUTX: 0 # Dirty evictions (from lower level)
   INV: 0 # Invalidates (from upper level)
   INVX: 0 # Downgrades (from upper level)
   FWD: 0 # Forwards (from upper level)
   latGETnl: 319416072 # GET request latency on next level
   latGETnet: 0 # GET request latency on network to next level
 l2: # Cache stats
  l2-0: # Cache stats
   hGETS: 716173 # GETS hits
   hGETX: 134052 # GETX hits
   mGETS: 2779652 # GETS misses
   mGETXIM: 616979 # GETX I->M misses
   mGETXSM: 0 # GETX S->M misses (upgrade misses)
   PUTS: 2433963 # Clean evictions (from lower level)
   PUTX: 1811869 # Dirty evictions (from lower level)
   INV: 0 # Invalidates (from upper level)
   INVX: 0 # Downgrades (from upper level)
   FWD: 0 # Forwards (from upper level)
   latGETnl: 277211634 # GET request latency on next level
   latGETnet: 0 # GET request latency on network to next level
 l3: # Cache stats
  l3-0: # Cache stats
   hGETS: 1013522 # GETS hits
   hGETX: 208748 # GETX hits
   mGETS: 1766130 # GETS misses
   mGETXIM: 408231 # GETX I->M misses
   mGETXSM: 0 # GETX S->M misses (upgrade misses)
   PUTS: 2044698 # Clean evictions (from lower level)
   PUTX: 1347837 # Dirty evictions (from lower level)
   INV: 0 # Invalidates (from upper level)
   INVX: 0 # Downgrades (from upper level)
   FWD: 0 # Forwards (from upper level)
   latGETnl: 195692490 # GET request latency on next level
   latGETnet: 0 # GET request latency on network to next level
 mem: # Memory controller stats
  mem-0: # Memory controller stats
   rd: 541970 # Read requests
   wr: 209898 # Write requests
   rdlat: 73978578 # Total latency experienced by read requests
   wrlat: 32073058 # Total latency experienced by write requests
   rdhits: 15032 # Read row hits
   wrhits: 1885 # Write row hits
   mlh: # latency histogram for memory requests
    0: 0
    1: 0
    2: 0
    3: 0
    4: 0
    5: 0
    6: 0
    7: 0
    8: 0
    9: 0
    10: 0
    11: 866
    12: 633
    13: 472115
    14: 40424
    15: 10420
    16: 4518
    17: 1316
    18: 742
    19: 621
    20: 707
    21: 752
    22: 638
    23: 694
    24: 1336
    25: 792
    26: 193
    27: 199
    28: 220
    29: 261
    30: 289
    31: 339
    32: 320
    33: 312
    34: 310
    35: 344
    36: 361
    37: 317
    38: 281
    39: 296
    40: 308
    41: 328
    42: 276
    43: 160
    44: 54
    45: 50
    46: 48
    47: 54
    48: 41
    49: 12
    50: 8
    51: 4
    52: 3
    53: 6
    54: 0
    55: 2
    56: 0
    57: 0
    58: 0
    59: 0
    60: 0
    61: 0
    62: 0
    63: 0
    64: 0
    65: 0
    66: 0
    67: 0
    68: 0
    69: 0
    70: 0
    71: 0
    72: 0
    73: 0
    74: 0
    75: 0
    76: 0
    77: 0
    78: 0
    79: 0
    80: 0
    81: 0
    82: 0
    83: 0
    84: 0
    85: 0
    86: 0
    87: 0
    88: 0
    89: 0
    90: 0
    91: 0
    92: 0
    93: 0
    94: 0
    95: 0
    96: 0
    97: 0
    98: 0
    99: 0
  mem-1: # Memory controller stats
   rd: 545020 # Read requests
   wr: 210777 # Write requests
   rdlat: 74370237 # Total latency experienced by read requests
   wrlat: 32264918 # Total latency experienced by write requests
   rdhits: 14924 # Read row hits
   wrhits: 1799 # Write row hits
   mlh: # latency histogram for memory requests
    0: 0
    1: 0
    2: 0
    3: 0
    4: 0
    5: 0
    6: 0
    7: 0
    8: 0
    9: 0
    10: 1
    11: 750
    12: 509
    13: 473302
    14: 41790
    15: 11390
    16: 4629
    17: 1373
    18: 592
    19: 651
    20: 745
    21: 750
    22: 620
    23: 732
    24: 1177
    25: 648
    26: 184
    27: 221
    28: 220
    29: 243
    30: 306
    31: 327
    32: 369
    33: 330
    34: 298
    35: 347
    36: 351
    37: 301
    38: 294
    39: 280
    40: 328
    41: 306
    42: 281
    43: 106
    44: 42
    45: 42
    46: 49
    47: 55
    48: 57
    49: 14
    50: 4
    51: 4
    52: 1
    53: 0
    54: 0
    55: 0
    56: 1
    57: 0
    58: 0
    59: 0
    60: 0
    61: 0
    62: 0
    63: 0
    64: 0
    65: 0
    66: 0
    67: 0
    68: 0
    69: 0
    70: 0
    71: 0
    72: 0
    73: 0
    74: 0
    75: 0
    76: 0
    77: 0
    78: 0
    79: 0
    80: 0
    81: 0
    82: 0
    83: 0
    84: 0
    85: 0
    86: 0
    87: 0
    88: 0
    89: 0
    90: 0
    91: 0
    92: 0
    93: 0
    94: 0
    95: 0
    96: 0
    97: 0
    98: 0
    99: 0
  mem-2: # Memory controller stats
   rd: 542643 # Read requests
   wr: 210174 # Write requests
   rdlat: 74084289 # Total latency experienced by read requests
   wrlat: 32084033 # Total latency experienced by write requests
   rdhits: 15635 # Read row hits
   wrhits: 1627 # Write row hits
   mlh: # latency histogram for memory requests
    0: 0
    1: 0
    2: 0
    3: 0
    4: 0
    5: 0
    6: 0
    7: 0
    8: 0
    9: 0
    10: 0
    11: 892
    12: 620
    13: 470314
    14: 43558
    15: 10608
    16: 4169
    17: 1299
    18: 643
    19: 603
    20: 710
    21: 687
    22: 482
    23: 667
    24: 1062
    25: 749
    26: 177
    27: 235
    28: 246
    29: 271
    30: 272
    31: 277
    32: 327
    33: 362
    34: 326
    35: 355
    36: 342
    37: 319
    38: 353
    39: 313
    40: 317
    41: 288
    42: 342
    43: 134
    44: 62
    45: 51
    46: 49
    47: 77
    48: 52
    49: 13
    50: 7
    51: 3
    52: 6
    53: 2
    54: 1
    55: 0
    56: 0
    57: 1
    58: 0
    59: 0
    60: 0
    61: 0
    62: 0
    63: 0
    64: 0
    65: 0
    66: 0
    67: 0
    68: 0
    69: 0
    70: 0
    71: 0
    72: 0
    73: 0
    74: 0
    75: 0
    76: 0
    77: 0
    78: 0
    79: 0
    80: 0
    81: 0
    82: 0
    83: 0
    84: 0
    85: 0
    86: 0
    87: 0
    88: 0
    89: 0
    90: 0
    91: 0
    92: 0
    93: 0
    94: 0
    95: 0
    96: 0
    97: 0
    98: 0
    99: 0
  mem-3: # Memory controller stats
   rd: 544685 # Read requests
   wr: 209838 # Write requests
   rdlat: 74359821 # Total latency experienced by read requests
   wrlat: 32097095 # Total latency experienced by write requests
   rdhits: 15360 # Read row hits
   wrhits: 1747 # Write row hits
   mlh: # latency histogram for memory requests
    0: 0
    1: 0
    2: 0
    3: 0
    4: 0
    5: 0
    6: 0
    7: 0
    8: 0
    9: 0
    10: 0
    11: 782
    12: 663
    13: 474350
    14: 41055
    15: 10453
    16: 4306
    17: 1409
    18: 662
    19: 576
    20: 675
    21: 777
    22: 594
    23: 825
    24: 1199
    25: 763
    26: 226
    27: 243
    28: 235
    29: 297
    30: 292
    31: 316
    32: 356
    33: 313
    34: 336
    35: 368
    36: 344
    37: 338
    38: 299
    39: 307
    40: 300
    41: 292
    42: 300
    43: 147
    44: 49
    45: 40
    46: 52
    47: 61
    48: 50
    49: 11
    50: 7
    51: 7
    52: 6
    53: 1
    54: 3
    55: 0
    56: 0
    57: 0
    58: 0
    59: 0
    60: 0
    61: 0
    62: 0
    63: 0
    64: 0
    65: 0
    66: 0
    67: 0
    68: 0
    69: 0
    70: 0
    71: 0
    72: 0
    73: 0
    74: 0
    75: 0
    76: 0
    77: 0
    78: 0
    79: 0
    80: 0
    81: 0
    82: 0
    83: 0
    84: 0
    85: 0
    86: 0
    87: 0
    88: 0
    89: 0
    90: 0
    91: 0
    92: 0
    93: 0
    94: 0
    95: 0
    96: 0
    97: 0
    98: 0
    99: 0
 sched: # Scheduler stats
  thCr: 1 # Threads created
  thFn: 1 # Threads finished
  schedEvs: 1 # Schedule events
  waitEvs: 0 # Wait events
  handoffEvs: 0 # Handoff events
  sleepEvs: 0 # Sleep events
  idlePhases: 0 # Phases with no thread active
  idlePeriods: 0 # Periods with no thread active
  occHist: # Occupancy histogram
   0: 0
   1: 19558
  rqSzHist: # Run queue size histogram
   0: 19558
   1: 0
   2: 0
   3: 0
   4: 0
   5: 0
   6: 0
   7: 0
   8: 0
   9: 0
   10: 0
   11: 0
   12: 0
   13: 0
   14: 0
   15: 0
   16: 0
 procCycles: # Per-process unhalted core cycles
  0: 195582150
  1: 0
  2: 0
  3: 0
  4: 0
  5: 0
  6: 0
  7: 0
  8: 0
  9: 0
  10: 0
  11: 0
  12: 0
  13: 0
  14: 0
  15: 0
  16: 0
  17: 0
  18: 0
  19: 0
  20: 0
  21: 0
  22: 0
  23: 0
  24: 0
  25: 0
  26: 0
  27: 0
  28: 0
  29: 0
  30: 0
  31: 0
  32: 0
  33: 0
  34: 0
  35: 0
  36: 0
  37: 0
  38: 0
  39: 0
  40: 0
  41: 0
  42: 0
  43: 0
  44: 0
  45: 0
  46: 0
  47: 0
  48: 0
  49: 0
  50: 0
  51: 0
  52: 0
  53: 0
  54: 0
  55: 0
  56: 0
  57: 0
  58: 0
  59: 0
  60: 0
  61: 0
  62: 0
  63: 0
 procInstrs: # Per-process instructions
  0: 100003830
  1: 0
  2: 0
  3: 0
  4: 0
  5: 0
  6: 0
  7: 0
  8: 0
  9: 0
  10: 0
  11: 0
  12: 0
  13: 0
  14: 0
  15: 0
  16: 0
  17: 0
  18: 0
  19: 0
  20: 0
  21: 0
  22: 0
  23: 0
  24: 0
  25: 0
  26: 0
  27: 0
  28: 0
  29: 0
  30: 0
  31: 0
  32: 0
  33: 0
  34: 0
  35: 0
  36: 0
  37: 0
  38: 0
  39: 0
  40: 0
  41: 0
  42: 0
  43: 0
  44: 0
  45: 0
  46: 0
  47: 0
  48: 0
  49: 0
  50: 0
  51: 0
  52: 0
  53: 0
  54: 0
  55: 0
  56: 0
  57: 0
  58: 0
  59: 0
  60: 0
  61: 0
  62: 0
  63: 0
 heartbeats: # Per-process heartbeats
  0: 0
  1: 0
  2: 0
  3: 0
  4: 0
  5: 0
  6: 0
  7: 0
  8: 0
  9: 0
  10: 0
  11: 0
  12: 0
  13: 0
  14: 0
  15: 0
  16: 0
  17: 0
  18: 0
  19: 0
  20: 0
  21: 0
  22: 0
  23: 0
  24: 0
  25: 0
  26: 0
  27: 0
  28: 0
  29: 0
  30: 0
  31: 0
  32: 0
  33: 0
  34: 0
  35: 0
  36: 0
  37: 0
  38: 0
  39: 0
  40: 0
  41: 0
  42: 0
  43: 0
  44: 0
  45: 0
  46: 0
  47: 0
  48: 0
  49: 0
  50: 0
  51: 0
  52: 0
  53: 0
  54: 0
  55: 0
  56: 0
  57: 0
  58: 0
  59: 0
  60: 0
  61: 0
  62: 0
  63: 0
===
