# zsim stats
===
root: # Stats
 contention: # Contention simulation stats
  domain-0: # Domain stats
   time: 7040056456 # Weave simulation time
 time: # Simulator time breakdown
  init: 2397783020
  bound: 874807991860
  weave: 42788396326
  ff: 0
 trigger: 20000 # Reason for this stats dump
 phase: 47607 # Simulated phases
 westmere: # Core stats
  westmere-0: # Core stats
   cycles: 390021277 # Simulated unhalted cycles
   cCycles: 7754804 # Cycles due to contention stalls
   instrs: 652247884 # Simulated instructions
   uops: 759797063 # Retired micro-ops
   bbls: 47285716 # Basic blocks
   approxInstrs: 101964870 # Instrs with approx uop decoding
   mispredBranches: 3341619 # Mispredicted branches
   condBranches: 26659792 # conditional branches
  westmere-1: # Core stats
   cycles: 359621742 # Simulated unhalted cycles
   cCycles: 6307042 # Cycles due to contention stalls
   instrs: 595638550 # Simulated instructions
   uops: 693700946 # Retired micro-ops
   bbls: 43376972 # Basic blocks
   approxInstrs: 93131079 # Instrs with approx uop decoding
   mispredBranches: 3161282 # Mispredicted branches
   condBranches: 24333220 # conditional branches
  westmere-2: # Core stats
   cycles: 382228467 # Simulated unhalted cycles
   cCycles: 7413465 # Cycles due to contention stalls
   instrs: 637951279 # Simulated instructions
   uops: 744342310 # Retired micro-ops
   bbls: 47349377 # Basic blocks
   approxInstrs: 100103634 # Instrs with approx uop decoding
   mispredBranches: 3537785 # Mispredicted branches
   condBranches: 26290263 # conditional branches
  westmere-3: # Core stats
   cycles: 379657169 # Simulated unhalted cycles
   cCycles: 7371039 # Cycles due to contention stalls
   instrs: 631187469 # Simulated instructions
   uops: 734819857 # Retired micro-ops
   bbls: 46169773 # Basic blocks
   approxInstrs: 97029132 # Instrs with approx uop decoding
   mispredBranches: 3273374 # Mispredicted branches
   condBranches: 25925204 # conditional branches
  westmere-4: # Core stats
   cycles: 354301579 # Simulated unhalted cycles
   cCycles: 8079672 # Cycles due to contention stalls
   instrs: 587526386 # Simulated instructions
   uops: 684546518 # Retired micro-ops
   bbls: 43605910 # Basic blocks
   approxInstrs: 90053777 # Instrs with approx uop decoding
   mispredBranches: 3050465 # Mispredicted branches
   condBranches: 24459574 # conditional branches
  westmere-5: # Core stats
   cycles: 414912812 # Simulated unhalted cycles
   cCycles: 8856899 # Cycles due to contention stalls
   instrs: 695505558 # Simulated instructions
   uops: 808990617 # Retired micro-ops
   bbls: 51127410 # Basic blocks
   approxInstrs: 103930153 # Instrs with approx uop decoding
   mispredBranches: 3611570 # Mispredicted branches
   condBranches: 28930883 # conditional branches
  westmere-6: # Core stats
   cycles: 381633765 # Simulated unhalted cycles
   cCycles: 6936919 # Cycles due to contention stalls
   instrs: 631610472 # Simulated instructions
   uops: 735763588 # Retired micro-ops
   bbls: 46161329 # Basic blocks
   approxInstrs: 98729862 # Instrs with approx uop decoding
   mispredBranches: 3317277 # Mispredicted branches
   condBranches: 25891949 # conditional branches
  westmere-7: # Core stats
   cycles: 340697558 # Simulated unhalted cycles
   cCycles: 5922691 # Cycles due to contention stalls
   instrs: 568388038 # Simulated instructions
   uops: 660853950 # Retired micro-ops
   bbls: 41020733 # Basic blocks
   approxInstrs: 87925544 # Instrs with approx uop decoding
   mispredBranches: 2929444 # Mispredicted branches
   condBranches: 22923005 # conditional branches
 l1i: # Cache stats
  l1i-0: # Filter cache stats
   fhGETS: 70402357 # Filtered GETS hits
   fhGETX: 0 # Filtered GETX hits
   hGETS: 9964602 # GETS hits
   hGETX: 0 # GETX hits
   mGETS: 4772427 # GETS misses
   mGETXIM: 0 # GETX I->M misses
   mGETXSM: 0 # GETX S->M misses (upgrade misses)
   PUTS: 0 # Clean evictions (from lower level)
   PUTX: 0 # Dirty evictions (from lower level)
   INV: 633 # Invalidates (from upper level)
   INVX: 0 # Downgrades (from upper level)
   FWD: 0 # Forwards (from upper level)
   latGETnl: 59369538 # GET request latency on next level
   latGETnet: 0 # GET request latency on network to next level
  l1i-1: # Filter cache stats
   fhGETS: 65048837 # Filtered GETS hits
   fhGETX: 0 # Filtered GETX hits
   hGETS: 8390672 # GETS hits
   hGETX: 0 # GETX hits
   mGETS: 4896394 # GETS misses
   mGETXIM: 0 # GETX I->M misses
   mGETXSM: 0 # GETX S->M misses (upgrade misses)
   PUTS: 0 # Clean evictions (from lower level)
   PUTX: 0 # Dirty evictions (from lower level)
   INV: 403 # Invalidates (from upper level)
   INVX: 0 # Downgrades (from upper level)
   FWD: 0 # Forwards (from upper level)
   latGETnl: 59276332 # GET request latency on next level
   latGETnet: 0 # GET request latency on network to next level
  l1i-2: # Filter cache stats
   fhGETS: 71170244 # Filtered GETS hits
   fhGETX: 0 # Filtered GETX hits
   hGETS: 9257789 # GETS hits
   hGETX: 0 # GETX hits
   mGETS: 4664697 # GETS misses
   mGETXIM: 0 # GETX I->M misses
   mGETXSM: 0 # GETX S->M misses (upgrade misses)
   PUTS: 0 # Clean evictions (from lower level)
   PUTX: 0 # Dirty evictions (from lower level)
   INV: 928 # Invalidates (from upper level)
   INVX: 0 # Downgrades (from upper level)
   FWD: 0 # Forwards (from upper level)
   latGETnl: 56136498 # GET request latency on next level
   latGETnet: 0 # GET request latency on network to next level
  l1i-3: # Filter cache stats
   fhGETS: 68906167 # Filtered GETS hits
   fhGETX: 0 # Filtered GETX hits
   hGETS: 9091873 # GETS hits
   hGETX: 0 # GETX hits
   mGETS: 4956946 # GETS misses
   mGETXIM: 0 # GETX I->M misses
   mGETXSM: 0 # GETX S->M misses (upgrade misses)
   PUTS: 0 # Clean evictions (from lower level)
   PUTX: 0 # Dirty evictions (from lower level)
   INV: 815 # Invalidates (from upper level)
   INVX: 0 # Downgrades (from upper level)
   FWD: 0 # Forwards (from upper level)
   latGETnl: 60255550 # GET request latency on next level
   latGETnet: 0 # GET request latency on network to next level
  l1i-4: # Filter cache stats
   fhGETS: 64631491 # Filtered GETS hits
   fhGETX: 0 # Filtered GETX hits
   hGETS: 8680951 # GETS hits
   hGETX: 0 # GETX hits
   mGETS: 4401249 # GETS misses
   mGETXIM: 0 # GETX I->M misses
   mGETXSM: 0 # GETX S->M misses (upgrade misses)
   PUTS: 0 # Clean evictions (from lower level)
   PUTX: 0 # Dirty evictions (from lower level)
   INV: 1481 # Invalidates (from upper level)
   INVX: 0 # Downgrades (from upper level)
   FWD: 0 # Forwards (from upper level)
   latGETnl: 53724240 # GET request latency on next level
   latGETnet: 0 # GET request latency on network to next level
  l1i-5: # Filter cache stats
   fhGETS: 76558571 # Filtered GETS hits
   fhGETX: 0 # Filtered GETX hits
   hGETS: 10399684 # GETS hits
   hGETX: 0 # GETX hits
   mGETS: 4704596 # GETS misses
   mGETXIM: 0 # GETX I->M misses
   mGETXSM: 0 # GETX S->M misses (upgrade misses)
   PUTS: 0 # Clean evictions (from lower level)
   PUTX: 0 # Dirty evictions (from lower level)
   INV: 1399 # Invalidates (from upper level)
   INVX: 0 # Downgrades (from upper level)
   FWD: 0 # Forwards (from upper level)
   latGETnl: 59401622 # GET request latency on next level
   latGETnet: 0 # GET request latency on network to next level
  l1i-6: # Filter cache stats
   fhGETS: 68980163 # Filtered GETS hits
   fhGETX: 0 # Filtered GETX hits
   hGETS: 8936796 # GETS hits
   hGETX: 0 # GETX hits
   mGETS: 5163522 # GETS misses
   mGETXIM: 0 # GETX I->M misses
   mGETXSM: 0 # GETX S->M misses (upgrade misses)
   PUTS: 0 # Clean evictions (from lower level)
   PUTX: 0 # Dirty evictions (from lower level)
   INV: 472 # Invalidates (from upper level)
   INVX: 0 # Downgrades (from upper level)
   FWD: 0 # Forwards (from upper level)
   latGETnl: 62885616 # GET request latency on next level
   latGETnet: 0 # GET request latency on network to next level
  l1i-7: # Filter cache stats
   fhGETS: 61557449 # Filtered GETS hits
   fhGETX: 0 # Filtered GETX hits
   hGETS: 8049971 # GETS hits
   hGETX: 0 # GETX hits
   mGETS: 4557898 # GETS misses
   mGETXIM: 0 # GETX I->M misses
   mGETXSM: 0 # GETX S->M misses (upgrade misses)
   PUTS: 0 # Clean evictions (from lower level)
   PUTX: 0 # Dirty evictions (from lower level)
   INV: 503 # Invalidates (from upper level)
   INVX: 0 # Downgrades (from upper level)
   FWD: 0 # Forwards (from upper level)
   latGETnl: 55500256 # GET request latency on next level
   latGETnet: 0 # GET request latency on network to next level
 l1d: # Cache stats
  l1d-0: # Filter cache stats
   fhGETS: 144785782 # Filtered GETS hits
   fhGETX: 45559490 # Filtered GETX hits
   hGETS: 27002116 # GETS hits
   hGETX: 6706141 # GETX hits
   mGETS: 4944057 # GETS misses
   mGETXIM: 710968 # GETX I->M misses
   mGETXSM: 832 # GETX S->M misses (upgrade misses)
   PUTS: 0 # Clean evictions (from lower level)
   PUTX: 0 # Dirty evictions (from lower level)
   INV: 4015 # Invalidates (from upper level)
   INVX: 11103 # Downgrades (from upper level)
   FWD: 0 # Forwards (from upper level)
   latGETnl: 151437889 # GET request latency on next level
   latGETnet: 0 # GET request latency on network to next level
  l1d-1: # Filter cache stats
   fhGETS: 131947019 # Filtered GETS hits
   fhGETX: 41237336 # Filtered GETX hits
   hGETS: 23882611 # GETS hits
   hGETX: 5942267 # GETX hits
   mGETS: 4617701 # GETS misses
   mGETXIM: 632685 # GETX I->M misses
   mGETXSM: 932 # GETX S->M misses (upgrade misses)
   PUTS: 0 # Clean evictions (from lower level)
   PUTX: 0 # Dirty evictions (from lower level)
   INV: 4632 # Invalidates (from upper level)
   INVX: 5304 # Downgrades (from upper level)
   FWD: 0 # Forwards (from upper level)
   latGETnl: 127667929 # GET request latency on next level
   latGETnet: 0 # GET request latency on network to next level
  l1d-2: # Filter cache stats
   fhGETS: 139647619 # Filtered GETS hits
   fhGETX: 47949474 # Filtered GETX hits
   hGETS: 24155801 # GETS hits
   hGETX: 6437682 # GETX hits
   mGETS: 4169698 # GETS misses
   mGETXIM: 611283 # GETX I->M misses
   mGETXSM: 826 # GETX S->M misses (upgrade misses)
   PUTS: 0 # Clean evictions (from lower level)
   PUTX: 0 # Dirty evictions (from lower level)
   INV: 4617 # Invalidates (from upper level)
   INVX: 4990 # Downgrades (from upper level)
   FWD: 0 # Forwards (from upper level)
   latGETnl: 127466351 # GET request latency on next level
   latGETnet: 0 # GET request latency on network to next level
  l1d-3: # Filter cache stats
   fhGETS: 139104822 # Filtered GETS hits
   fhGETX: 43777463 # Filtered GETX hits
   hGETS: 26004248 # GETS hits
   hGETX: 6298931 # GETX hits
   mGETS: 4922928 # GETS misses
   mGETXIM: 701735 # GETX I->M misses
   mGETXSM: 3651 # GETX S->M misses (upgrade misses)
   PUTS: 0 # Clean evictions (from lower level)
   PUTX: 0 # Dirty evictions (from lower level)
   INV: 5009 # Invalidates (from upper level)
   INVX: 5141 # Downgrades (from upper level)
   FWD: 0 # Forwards (from upper level)
   latGETnl: 140024277 # GET request latency on next level
   latGETnet: 0 # GET request latency on network to next level
  l1d-4: # Filter cache stats
   fhGETS: 129512190 # Filtered GETS hits
   fhGETX: 41867811 # Filtered GETX hits
   hGETS: 23730159 # GETS hits
   hGETX: 5930141 # GETX hits
   mGETS: 4091673 # GETS misses
   mGETXIM: 629082 # GETX I->M misses
   mGETXSM: 1042 # GETX S->M misses (upgrade misses)
   PUTS: 0 # Clean evictions (from lower level)
   PUTX: 0 # Dirty evictions (from lower level)
   INV: 5544 # Invalidates (from upper level)
   INVX: 6213 # Downgrades (from upper level)
   FWD: 0 # Forwards (from upper level)
   latGETnl: 131784401 # GET request latency on next level
   latGETnet: 0 # GET request latency on network to next level
  l1d-5: # Filter cache stats
   fhGETS: 154576195 # Filtered GETS hits
   fhGETX: 48565927 # Filtered GETX hits
   hGETS: 28223608 # GETS hits
   hGETX: 6840207 # GETX hits
   mGETS: 5047364 # GETS misses
   mGETXIM: 685272 # GETX I->M misses
   mGETXSM: 2435 # GETX S->M misses (upgrade misses)
   PUTS: 0 # Clean evictions (from lower level)
   PUTX: 0 # Dirty evictions (from lower level)
   INV: 4305 # Invalidates (from upper level)
   INVX: 9448 # Downgrades (from upper level)
   FWD: 0 # Forwards (from upper level)
   latGETnl: 160898156 # GET request latency on next level
   latGETnet: 0 # GET request latency on network to next level
  l1d-6: # Filter cache stats
   fhGETS: 139252476 # Filtered GETS hits
   fhGETX: 43565761 # Filtered GETX hits
   hGETS: 26048822 # GETS hits
   hGETX: 6608826 # GETX hits
   mGETS: 4856014 # GETS misses
   mGETXIM: 683928 # GETX I->M misses
   mGETXSM: 961 # GETX S->M misses (upgrade misses)
   PUTS: 0 # Clean evictions (from lower level)
   PUTX: 0 # Dirty evictions (from lower level)
   INV: 4708 # Invalidates (from upper level)
   INVX: 4653 # Downgrades (from upper level)
   FWD: 0 # Forwards (from upper level)
   latGETnl: 136762230 # GET request latency on next level
   latGETnet: 0 # GET request latency on network to next level
  l1d-7: # Filter cache stats
   fhGETS: 124865457 # Filtered GETS hits
   fhGETX: 39064499 # Filtered GETX hits
   hGETS: 22912944 # GETS hits
   hGETX: 5612855 # GETX hits
   mGETS: 4553191 # GETS misses
   mGETXIM: 605669 # GETX I->M misses
   mGETXSM: 3594 # GETX S->M misses (upgrade misses)
   PUTS: 0 # Clean evictions (from lower level)
   PUTX: 0 # Dirty evictions (from lower level)
   INV: 4361 # Invalidates (from upper level)
   INVX: 5180 # Downgrades (from upper level)
   FWD: 0 # Forwards (from upper level)
   latGETnl: 122178462 # GET request latency on next level
   latGETnet: 0 # GET request latency on network to next level
 l2: # Cache stats
  l2-0: # Cache stats
   hGETS: 7541435 # GETS hits
   hGETX: 446287 # GETX hits
   mGETS: 2175049 # GETS misses
   mGETXIM: 264593 # GETX I->M misses
   mGETXSM: 920 # GETX S->M misses (upgrade misses)
   PUTS: 9482457 # Clean evictions (from lower level)
   PUTX: 939323 # Dirty evictions (from lower level)
   INV: 20963 # Invalidates (from upper level)
   INVX: 74797 # Downgrades (from upper level)
   FWD: 0 # Forwards (from upper level)
   latGETnl: 106524587 # GET request latency on next level
   latGETnet: 0 # GET request latency on network to next level
  l2-1: # Cache stats
   hGETS: 7663342 # GETS hits
   hGETX: 480066 # GETX hits
   mGETS: 1850753 # GETS misses
   mGETXIM: 152543 # GETX I->M misses
   mGETXSM: 1008 # GETX S->M misses (upgrade misses)
   PUTS: 9284382 # Clean evictions (from lower level)
   PUTX: 856340 # Dirty evictions (from lower level)
   INV: 22476 # Invalidates (from upper level)
   INVX: 44656 # Downgrades (from upper level)
   FWD: 0 # Forwards (from upper level)
   latGETnl: 85467141 # GET request latency on next level
   latGETnet: 0 # GET request latency on network to next level
  l2-2: # Cache stats
   hGETS: 7092380 # GETS hits
   hGETX: 402854 # GETX hits
   mGETS: 1742015 # GETS misses
   mGETXIM: 208325 # GETX I->M misses
   mGETXSM: 930 # GETX S->M misses (upgrade misses)
   PUTS: 8619455 # Clean evictions (from lower level)
   PUTX: 819655 # Dirty evictions (from lower level)
   INV: 24986 # Invalidates (from upper level)
   INVX: 50159 # Downgrades (from upper level)
   FWD: 0 # Forwards (from upper level)
   latGETnl: 89137809 # GET request latency on next level
   latGETnet: 0 # GET request latency on network to next level
  l2-3: # Cache stats
   hGETS: 7925277 # GETS hits
   hGETX: 499525 # GETX hits
   mGETS: 1954597 # GETS misses
   mGETXIM: 202124 # GETX I->M misses
   mGETXSM: 3737 # GETX S->M misses (upgrade misses)
   PUTS: 9636606 # Clean evictions (from lower level)
   PUTX: 938175 # Dirty evictions (from lower level)
   INV: 27142 # Invalidates (from upper level)
   INVX: 45989 # Downgrades (from upper level)
   FWD: 0 # Forwards (from upper level)
   latGETnl: 94427227 # GET request latency on next level
   latGETnet: 0 # GET request latency on network to next level
  l2-4: # Cache stats
   hGETS: 6787335 # GETS hits
   hGETX: 396878 # GETX hits
   mGETS: 1705587 # GETS misses
   mGETXIM: 232160 # GETX I->M misses
   mGETXSM: 1086 # GETX S->M misses (upgrade misses)
   PUTS: 8289406 # Clean evictions (from lower level)
   PUTX: 824549 # Dirty evictions (from lower level)
   INV: 29837 # Invalidates (from upper level)
   INVX: 36641 # Downgrades (from upper level)
   FWD: 0 # Forwards (from upper level)
   latGETnl: 94278181 # GET request latency on next level
   latGETnet: 0 # GET request latency on network to next level
  l2-5: # Cache stats
   hGETS: 7490643 # GETS hits
   hGETX: 431156 # GETX hits
   mGETS: 2261317 # GETS misses
   mGETXIM: 254077 # GETX I->M misses
   mGETXSM: 2474 # GETX S->M misses (upgrade misses)
   PUTS: 9526167 # Clean evictions (from lower level)
   PUTX: 904338 # Dirty evictions (from lower level)
   INV: 26459 # Invalidates (from upper level)
   INVX: 45777 # Downgrades (from upper level)
   FWD: 0 # Forwards (from upper level)
   latGETnl: 115903108 # GET request latency on next level
   latGETnet: 0 # GET request latency on network to next level
  l2-6: # Cache stats
   hGETS: 8014632 # GETS hits
   hGETX: 507490 # GETX hits
   mGETS: 2004904 # GETS misses
   mGETXIM: 176355 # GETX I->M misses
   mGETXSM: 1044 # GETX S->M misses (upgrade misses)
   PUTS: 9783431 # Clean evictions (from lower level)
   PUTX: 913835 # Dirty evictions (from lower level)
   INV: 22374 # Invalidates (from upper level)
   INVX: 43294 # Downgrades (from upper level)
   FWD: 0 # Forwards (from upper level)
   latGETnl: 92603596 # GET request latency on next level
   latGETnet: 0 # GET request latency on network to next level
  l2-7: # Cache stats
   hGETS: 7285455 # GETS hits
   hGETX: 461025 # GETX hits
   mGETS: 1825634 # GETS misses
   mGETXIM: 144539 # GETX I->M misses
   mGETXSM: 3699 # GETX S->M misses (upgrade misses)
   PUTS: 8888135 # Clean evictions (from lower level)
   PUTX: 822735 # Dirty evictions (from lower level)
   INV: 21992 # Invalidates (from upper level)
   INVX: 40454 # Downgrades (from upper level)
   FWD: 0 # Forwards (from upper level)
   latGETnl: 80475198 # GET request latency on next level
   latGETnet: 0 # GET request latency on network to next level
 l3: # Cache stats
  l3-0b0: # Cache stats
   hGETS: 1558720 # GETS hits
   hGETX: 55633 # GETX hits
   mGETS: 325174 # GETS misses
   mGETXIM: 150700 # GETX I->M misses
   mGETXSM: 0 # GETX S->M misses (upgrade misses)
   PUTS: 1787307 # Clean evictions (from lower level)
   PUTX: 272351 # Dirty evictions (from lower level)
   INV: 0 # Invalidates (from upper level)
   INVX: 0 # Downgrades (from upper level)
   FWD: 0 # Forwards (from upper level)
   latGETnl: 42828660 # GET request latency on next level
   latGETnet: 0 # GET request latency on network to next level
  l3-0b1: # Cache stats
   hGETS: 1662768 # GETS hits
   hGETX: 50120 # GETX hits
   mGETS: 324176 # GETS misses
   mGETXIM: 151457 # GETX I->M misses
   mGETXSM: 0 # GETX S->M misses (upgrade misses)
   PUTS: 1886266 # Clean evictions (from lower level)
   PUTX: 271459 # Dirty evictions (from lower level)
   INV: 0 # Invalidates (from upper level)
   INVX: 0 # Downgrades (from upper level)
   FWD: 0 # Forwards (from upper level)
   latGETnl: 42806970 # GET request latency on next level
   latGETnet: 0 # GET request latency on network to next level
  l3-0b2: # Cache stats
   hGETS: 1584999 # GETS hits
   hGETX: 58806 # GETX hits
   mGETS: 324608 # GETS misses
   mGETXIM: 150944 # GETX I->M misses
   mGETXSM: 0 # GETX S->M misses (upgrade misses)
   PUTS: 1810682 # Clean evictions (from lower level)
   PUTX: 278665 # Dirty evictions (from lower level)
   INV: 0 # Invalidates (from upper level)
   INVX: 0 # Downgrades (from upper level)
   FWD: 0 # Forwards (from upper level)
   latGETnl: 42799680 # GET request latency on next level
   latGETnet: 0 # GET request latency on network to next level
  l3-0b3: # Cache stats
   hGETS: 1614644 # GETS hits
   hGETX: 50467 # GETX hits
   mGETS: 324169 # GETS misses
   mGETXIM: 151062 # GETX I->M misses
   mGETXSM: 0 # GETX S->M misses (upgrade misses)
   PUTS: 1838774 # Clean evictions (from lower level)
   PUTX: 270076 # Dirty evictions (from lower level)
   INV: 0 # Invalidates (from upper level)
   INVX: 0 # Downgrades (from upper level)
   FWD: 0 # Forwards (from upper level)
   latGETnl: 42770790 # GET request latency on next level
   latGETnet: 0 # GET request latency on network to next level
  l3-0b4: # Cache stats
   hGETS: 1704494 # GETS hits
   hGETX: 61151 # GETX hits
   mGETS: 326242 # GETS misses
   mGETXIM: 150706 # GETX I->M misses
   mGETXSM: 0 # GETX S->M misses (upgrade misses)
   PUTS: 1926677 # Clean evictions (from lower level)
   PUTX: 285981 # Dirty evictions (from lower level)
   INV: 0 # Invalidates (from upper level)
   INVX: 0 # Downgrades (from upper level)
   FWD: 0 # Forwards (from upper level)
   latGETnl: 42925320 # GET request latency on next level
   latGETnet: 0 # GET request latency on network to next level
  l3-0b5: # Cache stats
   hGETS: 1536414 # GETS hits
   hGETX: 54946 # GETX hits
   mGETS: 325032 # GETS misses
   mGETXIM: 150436 # GETX I->M misses
   mGETXSM: 0 # GETX S->M misses (upgrade misses)
   PUTS: 1761289 # Clean evictions (from lower level)
   PUTX: 274266 # Dirty evictions (from lower level)
   INV: 0 # Invalidates (from upper level)
   INVX: 0 # Downgrades (from upper level)
   FWD: 0 # Forwards (from upper level)
   latGETnl: 42792120 # GET request latency on next level
   latGETnet: 0 # GET request latency on network to next level
  l3-0b6: # Cache stats
   hGETS: 1599117 # GETS hits
   hGETX: 54318 # GETX hits
   mGETS: 325424 # GETS misses
   mGETXIM: 150698 # GETX I->M misses
   mGETXSM: 0 # GETX S->M misses (upgrade misses)
   PUTS: 1826852 # Clean evictions (from lower level)
   PUTX: 272731 # Dirty evictions (from lower level)
   INV: 0 # Invalidates (from upper level)
   INVX: 0 # Downgrades (from upper level)
   FWD: 0 # Forwards (from upper level)
   latGETnl: 42850980 # GET request latency on next level
   latGETnet: 0 # GET request latency on network to next level
  l3-0b7: # Cache stats
   hGETS: 1657741 # GETS hits
   hGETX: 57542 # GETX hits
   mGETS: 326134 # GETS misses
   mGETXIM: 150628 # GETX I->M misses
   mGETXSM: 0 # GETX S->M misses (upgrade misses)
   PUTS: 1882338 # Clean evictions (from lower level)
   PUTX: 279939 # Dirty evictions (from lower level)
   INV: 0 # Invalidates (from upper level)
   INVX: 0 # Downgrades (from upper level)
   FWD: 0 # Forwards (from upper level)
   latGETnl: 42908580 # GET request latency on next level
   latGETnet: 0 # GET request latency on network to next level
 mem: # Memory controller stats
  mem-0: # Memory controller stats
   rd: 953439 # Read requests
   wr: 381761 # Write requests
   rdlat: 133029456 # Total latency experienced by read requests
   wrlat: 65568161 # Total latency experienced by write requests
   rdhits: 49810 # Read row hits
   wrhits: 1115 # Write row hits
   mlh: # latency histogram for memory requests
    0: 0
    1: 0
    2: 0
    3: 0
    4: 0
    5: 0
    6: 0
    7: 0
    8: 0
    9: 0
    10: 0
    11: 236
    12: 21654
    13: 714812
    14: 112218
    15: 42180
    16: 17309
    17: 14963
    18: 3672
    19: 3214
    20: 2741
    21: 2294
    22: 1775
    23: 2034
    24: 2030
    25: 1606
    26: 510
    27: 611
    28: 481
    29: 491
    30: 543
    31: 553
    32: 606
    33: 541
    34: 551
    35: 567
    36: 587
    37: 593
    38: 562
    39: 571
    40: 529
    41: 508
    42: 577
    43: 315
    44: 177
    45: 161
    46: 168
    47: 189
    48: 154
    49: 53
    50: 26
    51: 20
    52: 8
    53: 12
    54: 12
    55: 10
    56: 5
    57: 1
    58: 2
    59: 2
    60: 2
    61: 1
    62: 1
    63: 0
    64: 0
    65: 1
    66: 0
    67: 0
    68: 0
    69: 0
    70: 0
    71: 0
    72: 0
    73: 0
    74: 0
    75: 0
    76: 0
    77: 0
    78: 0
    79: 0
    80: 0
    81: 0
    82: 0
    83: 0
    84: 0
    85: 0
    86: 0
    87: 0
    88: 0
    89: 0
    90: 0
    91: 0
    92: 0
    93: 0
    94: 0
    95: 0
    96: 0
    97: 0
    98: 0
    99: 0
  mem-1: # Memory controller stats
   rd: 947883 # Read requests
   wr: 380591 # Write requests
   rdlat: 132232676 # Total latency experienced by read requests
   wrlat: 65215567 # Total latency experienced by write requests
   rdhits: 50152 # Read row hits
   wrhits: 1100 # Write row hits
   mlh: # latency histogram for memory requests
    0: 0
    1: 0
    2: 0
    3: 0
    4: 0
    5: 0
    6: 0
    7: 0
    8: 0
    9: 0
    10: 0
    11: 254
    12: 21840
    13: 708963
    14: 112227
    15: 42872
    16: 17256
    17: 14897
    18: 3875
    19: 3205
    20: 2545
    21: 2197
    22: 1765
    23: 1989
    24: 2092
    25: 1520
    26: 473
    27: 553
    28: 439
    29: 496
    30: 518
    31: 540
    32: 585
    33: 529
    34: 535
    35: 527
    36: 521
    37: 587
    38: 569
    39: 528
    40: 588
    41: 510
    42: 535
    43: 327
    44: 195
    45: 150
    46: 174
    47: 184
    48: 184
    49: 50
    50: 25
    51: 14
    52: 15
    53: 11
    54: 6
    55: 5
    56: 6
    57: 3
    58: 1
    59: 2
    60: 0
    61: 0
    62: 0
    63: 1
    64: 0
    65: 0
    66: 0
    67: 0
    68: 0
    69: 0
    70: 0
    71: 0
    72: 0
    73: 0
    74: 0
    75: 0
    76: 0
    77: 0
    78: 0
    79: 0
    80: 0
    81: 0
    82: 0
    83: 0
    84: 0
    85: 0
    86: 0
    87: 0
    88: 0
    89: 0
    90: 0
    91: 0
    92: 0
    93: 0
    94: 0
    95: 0
    96: 0
    97: 0
    98: 0
    99: 0
  mem-2: # Memory controller stats
   rd: 950928 # Read requests
   wr: 380313 # Write requests
   rdlat: 132630845 # Total latency experienced by read requests
   wrlat: 65229439 # Total latency experienced by write requests
   rdhits: 49834 # Read row hits
   wrhits: 1115 # Write row hits
   mlh: # latency histogram for memory requests
    0: 0
    1: 0
    2: 0
    3: 0
    4: 0
    5: 0
    6: 0
    7: 0
    8: 0
    9: 0
    10: 0
    11: 248
    12: 21693
    13: 713641
    14: 111238
    15: 42516
    16: 17366
    17: 14958
    18: 3539
    19: 3062
    20: 2640
    21: 2153
    22: 1682
    23: 2083
    24: 2050
    25: 1520
    26: 488
    27: 535
    28: 472
    29: 518
    30: 518
    31: 497
    32: 563
    33: 544
    34: 567
    35: 557
    36: 576
    37: 609
    38: 550
    39: 574
    40: 540
    41: 532
    42: 561
    43: 335
    44: 205
    45: 134
    46: 171
    47: 200
    48: 164
    49: 47
    50: 26
    51: 18
    52: 7
    53: 9
    54: 10
    55: 3
    56: 6
    57: 0
    58: 2
    59: 0
    60: 0
    61: 1
    62: 0
    63: 0
    64: 0
    65: 0
    66: 0
    67: 0
    68: 0
    69: 0
    70: 0
    71: 0
    72: 0
    73: 0
    74: 0
    75: 0
    76: 0
    77: 0
    78: 0
    79: 0
    80: 0
    81: 0
    82: 0
    83: 0
    84: 0
    85: 0
    86: 0
    87: 0
    88: 0
    89: 0
    90: 0
    91: 0
    92: 0
    93: 0
    94: 0
    95: 0
    96: 0
    97: 0
    98: 0
    99: 0
  mem-3: # Memory controller stats
   rd: 955340 # Read requests
   wr: 380855 # Write requests
   rdlat: 133301823 # Total latency experienced by read requests
   wrlat: 65516434 # Total latency experienced by write requests
   rdhits: 50422 # Read row hits
   wrhits: 1120 # Write row hits
   mlh: # latency histogram for memory requests
    0: 0
    1: 0
    2: 0
    3: 0
    4: 0
    5: 0
    6: 0
    7: 0
    8: 0
    9: 1
    10: 0
    11: 232
    12: 21685
    13: 715009
    14: 112947
    15: 43078
    16: 17575
    17: 14864
    18: 3895
    19: 3191
    20: 2567
    21: 2303
    22: 1748
    23: 2047
    24: 2015
    25: 1604
    26: 485
    27: 593
    28: 445
    29: 476
    30: 556
    31: 489
    32: 556
    33: 520
    34: 545
    35: 612
    36: 533
    37: 538
    38: 536
    39: 561
    40: 552
    41: 538
    42: 593
    43: 369
    44: 212
    45: 170
    46: 209
    47: 192
    48: 158
    49: 50
    50: 31
    51: 17
    52: 13
    53: 11
    54: 9
    55: 4
    56: 0
    57: 0
    58: 0
    59: 1
    60: 1
    61: 1
    62: 1
    63: 1
    64: 1
    65: 0
    66: 0
    67: 0
    68: 0
    69: 0
    70: 0
    71: 0
    72: 0
    73: 0
    74: 0
    75: 0
    76: 0
    77: 0
    78: 0
    79: 0
    80: 0
    81: 0
    82: 0
    83: 0
    84: 0
    85: 0
    86: 0
    87: 0
    88: 0
    89: 0
    90: 0
    91: 0
    92: 0
    93: 0
    94: 0
    95: 0
    96: 0
    97: 0
    98: 0
    99: 0
 sched: # Scheduler stats
  thCr: 78 # Threads created
  thFn: 70 # Threads finished
  schedEvs: 171 # Schedule events
  waitEvs: 28 # Wait events
  handoffEvs: 0 # Handoff events
  sleepEvs: 0 # Sleep events
  idlePhases: 0 # Phases with no thread active
  idlePeriods: 0 # Periods with no thread active
  occHist: # Occupancy histogram
   0: 0
   1: 73
   2: 283
   3: 269
   4: 251
   5: 260
   6: 507
   7: 3526
   8: 42438
  rqSzHist: # Run queue size histogram
   0: 46234
   1: 1373
   2: 0
   3: 0
   4: 0
   5: 0
   6: 0
   7: 0
   8: 0
   9: 0
   10: 0
   11: 0
   12: 0
   13: 0
   14: 0
   15: 0
   16: 0
 procCycles: # Per-process unhalted core cycles
  0: 3003074369
  1: 0
  2: 0
  3: 0
  4: 0
  5: 0
  6: 0
  7: 0
  8: 0
  9: 0
  10: 0
  11: 0
  12: 0
  13: 0
  14: 0
  15: 0
  16: 0
  17: 0
  18: 0
  19: 0
  20: 0
  21: 0
  22: 0
  23: 0
  24: 0
  25: 0
  26: 0
  27: 0
  28: 0
  29: 0
  30: 0
  31: 0
  32: 0
  33: 0
  34: 0
  35: 0
  36: 0
  37: 0
  38: 0
  39: 0
  40: 0
  41: 0
  42: 0
  43: 0
  44: 0
  45: 0
  46: 0
  47: 0
  48: 0
  49: 0
  50: 0
  51: 0
  52: 0
  53: 0
  54: 0
  55: 0
  56: 0
  57: 0
  58: 0
  59: 0
  60: 0
  61: 0
  62: 0
  63: 0
 procInstrs: # Per-process instructions
  0: 5000055636
  1: 0
  2: 0
  3: 0
  4: 0
  5: 0
  6: 0
  7: 0
  8: 0
  9: 0
  10: 0
  11: 0
  12: 0
  13: 0
  14: 0
  15: 0
  16: 0
  17: 0
  18: 0
  19: 0
  20: 0
  21: 0
  22: 0
  23: 0
  24: 0
  25: 0
  26: 0
  27: 0
  28: 0
  29: 0
  30: 0
  31: 0
  32: 0
  33: 0
  34: 0
  35: 0
  36: 0
  37: 0
  38: 0
  39: 0
  40: 0
  41: 0
  42: 0
  43: 0
  44: 0
  45: 0
  46: 0
  47: 0
  48: 0
  49: 0
  50: 0
  51: 0
  52: 0
  53: 0
  54: 0
  55: 0
  56: 0
  57: 0
  58: 0
  59: 0
  60: 0
  61: 0
  62: 0
  63: 0
 heartbeats: # Per-process heartbeats
  0: 0
  1: 0
  2: 0
  3: 0
  4: 0
  5: 0
  6: 0
  7: 0
  8: 0
  9: 0
  10: 0
  11: 0
  12: 0
  13: 0
  14: 0
  15: 0
  16: 0
  17: 0
  18: 0
  19: 0
  20: 0
  21: 0
  22: 0
  23: 0
  24: 0
  25: 0
  26: 0
  27: 0
  28: 0
  29: 0
  30: 0
  31: 0
  32: 0
  33: 0
  34: 0
  35: 0
  36: 0
  37: 0
  38: 0
  39: 0
  40: 0
  41: 0
  42: 0
  43: 0
  44: 0
  45: 0
  46: 0
  47: 0
  48: 0
  49: 0
  50: 0
  51: 0
  52: 0
  53: 0
  54: 0
  55: 0
  56: 0
  57: 0
  58: 0
  59: 0
  60: 0
  61: 0
  62: 0
  63: 0
===
