# zsim stats
===
root: # Stats
 contention: # Contention simulation stats
  domain-0: # Domain stats
   time: 2214876454 # Weave simulation time
 time: # Simulator time breakdown
  init: 28900420126118
  bound: 28559646345
  weave: 31951619698
  ff: 0
 trigger: 20000 # Reason for this stats dump
 phase: 12608 # Simulated phases
 westmere: # Core stats
  westmere-0: # Core stats
   cycles: 126081891 # Simulated unhalted cycles
   cCycles: 26214140 # Cycles due to contention stalls
   instrs: 100003421 # Simulated instructions
   uops: 109266387 # Retired micro-ops
   bbls: 5331487 # Basic blocks
   approxInstrs: 0 # Instrs with approx uop decoding
   mispredBranches: 91 # Mispredicted branches
   condBranches: 4634976 # conditional branches
 l1i: # Cache stats
  l1i-0: # Filter cache stats
   fhGETS: 9919940 # Filtered GETS hits
   fhGETX: 0 # Filtered GETX hits
   hGETS: 0 # GETS hits
   hGETX: 0 # GETX hits
   mGETS: 77 # GETS misses
   mGETXIM: 0 # GETX I->M misses
   mGETXSM: 0 # GETX S->M misses (upgrade misses)
   PUTS: 0 # Clean evictions (from lower level)
   PUTX: 0 # Dirty evictions (from lower level)
   INV: 0 # Invalidates (from upper level)
   INVX: 0 # Downgrades (from upper level)
   FWD: 0 # Forwards (from upper level)
   latGETnl: 9548 # GET request latency on next level
   latGETnet: 0 # GET request latency on network to next level
 l1d: # Cache stats
  l1d-0: # Filter cache stats
   fhGETS: 24346655 # Filtered GETS hits
   fhGETX: 6204930 # Filtered GETX hits
   hGETS: 504282 # GETS hits
   hGETX: 691776 # GETX hits
   mGETS: 1455068 # GETS misses
   mGETXIM: 40008 # GETX I->M misses
   mGETXSM: 0 # GETX S->M misses (upgrade misses)
   PUTS: 0 # Clean evictions (from lower level)
   PUTX: 0 # Dirty evictions (from lower level)
   INV: 0 # Invalidates (from upper level)
   INVX: 0 # Downgrades (from upper level)
   FWD: 0 # Forwards (from upper level)
   latGETnl: 185311868 # GET request latency on next level
   latGETnet: 0 # GET request latency on network to next level
 l2: # Cache stats
  l2-0: # Cache stats
   hGETS: 539 # GETS hits
   hGETX: 0 # GETX hits
   mGETS: 1454606 # GETS misses
   mGETXIM: 40008 # GETX I->M misses
   mGETXSM: 0 # GETX S->M misses (upgrade misses)
   PUTS: 868041 # Clean evictions (from lower level)
   PUTX: 626523 # Dirty evictions (from lower level)
   INV: 0 # Invalidates (from upper level)
   INVX: 0 # Downgrades (from upper level)
   FWD: 0 # Forwards (from upper level)
   latGETnl: 170369886 # GET request latency on next level
   latGETnet: 0 # GET request latency on network to next level
 l3: # Cache stats
  l3-0: # Cache stats
   hGETS: 56 # GETS hits
   hGETX: 123 # GETX hits
   mGETS: 1454550 # GETS misses
   mGETXIM: 39885 # GETX I->M misses
   mGETXSM: 0 # GETX S->M misses (upgrade misses)
   PUTS: 866683 # Clean evictions (from lower level)
   PUTX: 623835 # Dirty evictions (from lower level)
   INV: 0 # Invalidates (from upper level)
   INVX: 0 # Downgrades (from upper level)
   FWD: 0 # Forwards (from upper level)
   latGETnl: 134499150 # GET request latency on next level
   latGETnet: 0 # GET request latency on network to next level
 mem: # Memory controller stats
  mem-0: # Memory controller stats
   rd: 445748 # Read requests
   wr: 169713 # Write requests
   rdlat: 60253021 # Total latency experienced by read requests
   wrlat: 28302025 # Total latency experienced by write requests
   rdhits: 1610 # Read row hits
   wrhits: 5327 # Write row hits
   mlh: # latency histogram for memory requests
    0: 0
    1: 0
    2: 0
    3: 0
    4: 0
    5: 0
    6: 0
    7: 0
    8: 0
    9: 0
    10: 0
    11: 0
    12: 0
    13: 417512
    14: 14346
    15: 3010
    16: 1847
    17: 400
    18: 312
    19: 358
    20: 324
    21: 354
    22: 953
    23: 1215
    24: 434
    25: 365
    26: 284
    27: 227
    28: 360
    29: 256
    30: 219
    31: 140
    32: 325
    33: 355
    34: 273
    35: 241
    36: 231
    37: 255
    38: 181
    39: 215
    40: 189
    41: 195
    42: 163
    43: 68
    44: 25
    45: 52
    46: 30
    47: 8
    48: 17
    49: 2
    50: 1
    51: 2
    52: 1
    53: 2
    54: 0
    55: 0
    56: 0
    57: 0
    58: 1
    59: 0
    60: 0
    61: 0
    62: 0
    63: 0
    64: 0
    65: 0
    66: 0
    67: 0
    68: 0
    69: 0
    70: 0
    71: 0
    72: 0
    73: 0
    74: 0
    75: 0
    76: 0
    77: 0
    78: 0
    79: 0
    80: 0
    81: 0
    82: 0
    83: 0
    84: 0
    85: 0
    86: 0
    87: 0
    88: 0
    89: 0
    90: 0
    91: 0
    92: 0
    93: 0
    94: 0
    95: 0
    96: 0
    97: 0
    98: 0
    99: 0
  mem-1: # Memory controller stats
   rd: 293131 # Read requests
   wr: 169709 # Write requests
   rdlat: 39783478 # Total latency experienced by read requests
   wrlat: 27496490 # Total latency experienced by write requests
   rdhits: 1612 # Read row hits
   wrhits: 4094 # Write row hits
   mlh: # latency histogram for memory requests
    0: 0
    1: 0
    2: 0
    3: 0
    4: 0
    5: 0
    6: 0
    7: 0
    8: 0
    9: 0
    10: 0
    11: 0
    12: 0
    13: 266928
    14: 11279
    15: 5007
    16: 2171
    17: 733
    18: 323
    19: 276
    20: 292
    21: 693
    22: 712
    23: 328
    24: 1113
    25: 343
    26: 64
    27: 89
    28: 131
    29: 438
    30: 315
    31: 131
    32: 112
    33: 158
    34: 117
    35: 180
    36: 205
    37: 167
    38: 154
    39: 142
    40: 124
    41: 106
    42: 98
    43: 60
    44: 35
    45: 31
    46: 18
    47: 23
    48: 19
    49: 3
    50: 6
    51: 4
    52: 2
    53: 0
    54: 1
    55: 0
    56: 0
    57: 0
    58: 0
    59: 0
    60: 0
    61: 0
    62: 0
    63: 0
    64: 0
    65: 0
    66: 0
    67: 0
    68: 0
    69: 0
    70: 0
    71: 0
    72: 0
    73: 0
    74: 0
    75: 0
    76: 0
    77: 0
    78: 0
    79: 0
    80: 0
    81: 0
    82: 0
    83: 0
    84: 0
    85: 0
    86: 0
    87: 0
    88: 0
    89: 0
    90: 0
    91: 0
    92: 0
    93: 0
    94: 0
    95: 0
    96: 0
    97: 0
    98: 0
    99: 0
  mem-2: # Memory controller stats
   rd: 309784 # Read requests
   wr: 110060 # Write requests
   rdlat: 41447953 # Total latency experienced by read requests
   wrlat: 16009396 # Total latency experienced by write requests
   rdhits: 1613 # Read row hits
   wrhits: 1119 # Write row hits
   mlh: # latency histogram for memory requests
    0: 0
    1: 0
    2: 0
    3: 0
    4: 0
    5: 0
    6: 0
    7: 0
    8: 0
    9: 0
    10: 0
    11: 0
    12: 1
    13: 302144
    14: 2497
    15: 499
    16: 409
    17: 14
    18: 22
    19: 148
    20: 173
    21: 211
    22: 93
    23: 216
    24: 134
    25: 64
    26: 163
    27: 464
    28: 395
    29: 161
    30: 146
    31: 98
    32: 141
    33: 148
    34: 139
    35: 165
    36: 149
    37: 139
    38: 138
    39: 142
    40: 164
    41: 169
    42: 158
    43: 33
    44: 9
    45: 20
    46: 5
    47: 3
    48: 7
    49: 0
    50: 0
    51: 1
    52: 1
    53: 1
    54: 0
    55: 0
    56: 0
    57: 0
    58: 0
    59: 0
    60: 0
    61: 0
    62: 0
    63: 0
    64: 0
    65: 0
    66: 0
    67: 0
    68: 0
    69: 0
    70: 0
    71: 0
    72: 0
    73: 0
    74: 0
    75: 0
    76: 0
    77: 0
    78: 0
    79: 0
    80: 0
    81: 0
    82: 0
    83: 0
    84: 0
    85: 0
    86: 0
    87: 0
    88: 0
    89: 0
    90: 0
    91: 0
    92: 0
    93: 0
    94: 0
    95: 0
    96: 0
    97: 0
    98: 0
    99: 0
  mem-3: # Memory controller stats
   rd: 445748 # Read requests
   wr: 169704 # Write requests
   rdlat: 60416369 # Total latency experienced by read requests
   wrlat: 28377049 # Total latency experienced by write requests
   rdhits: 1614 # Read row hits
   wrhits: 5303 # Write row hits
   mlh: # latency histogram for memory requests
    0: 0
    1: 0
    2: 0
    3: 0
    4: 0
    5: 0
    6: 0
    7: 0
    8: 0
    9: 0
    10: 0
    11: 0
    12: 0
    13: 425021
    14: 5570
    15: 3082
    16: 1805
    17: 509
    18: 376
    19: 237
    20: 563
    21: 992
    22: 968
    23: 1074
    24: 431
    25: 242
    26: 296
    27: 550
    28: 444
    29: 550
    30: 255
    31: 170
    32: 195
    33: 237
    34: 280
    35: 191
    36: 200
    37: 188
    38: 197
    39: 184
    40: 173
    41: 213
    42: 177
    43: 113
    44: 20
    45: 68
    46: 74
    47: 77
    48: 5
    49: 10
    50: 4
    51: 3
    52: 4
    53: 0
    54: 0
    55: 0
    56: 0
    57: 0
    58: 0
    59: 0
    60: 0
    61: 0
    62: 0
    63: 0
    64: 0
    65: 0
    66: 0
    67: 0
    68: 0
    69: 0
    70: 0
    71: 0
    72: 0
    73: 0
    74: 0
    75: 0
    76: 0
    77: 0
    78: 0
    79: 0
    80: 0
    81: 0
    82: 0
    83: 0
    84: 0
    85: 0
    86: 0
    87: 0
    88: 0
    89: 0
    90: 0
    91: 0
    92: 0
    93: 0
    94: 0
    95: 0
    96: 0
    97: 0
    98: 0
    99: 0
 sched: # Scheduler stats
  thCr: 1 # Threads created
  thFn: 1 # Threads finished
  schedEvs: 1 # Schedule events
  waitEvs: 0 # Wait events
  handoffEvs: 0 # Handoff events
  sleepEvs: 0 # Sleep events
  idlePhases: 0 # Phases with no thread active
  idlePeriods: 0 # Periods with no thread active
  occHist: # Occupancy histogram
   0: 0
   1: 12608
  rqSzHist: # Run queue size histogram
   0: 12608
   1: 0
   2: 0
   3: 0
   4: 0
   5: 0
   6: 0
   7: 0
   8: 0
   9: 0
   10: 0
   11: 0
   12: 0
   13: 0
   14: 0
   15: 0
   16: 0
 procCycles: # Per-process unhalted core cycles
  0: 126081891
  1: 0
  2: 0
  3: 0
  4: 0
  5: 0
  6: 0
  7: 0
  8: 0
  9: 0
  10: 0
  11: 0
  12: 0
  13: 0
  14: 0
  15: 0
  16: 0
  17: 0
  18: 0
  19: 0
  20: 0
  21: 0
  22: 0
  23: 0
  24: 0
  25: 0
  26: 0
  27: 0
  28: 0
  29: 0
  30: 0
  31: 0
  32: 0
  33: 0
  34: 0
  35: 0
  36: 0
  37: 0
  38: 0
  39: 0
  40: 0
  41: 0
  42: 0
  43: 0
  44: 0
  45: 0
  46: 0
  47: 0
  48: 0
  49: 0
  50: 0
  51: 0
  52: 0
  53: 0
  54: 0
  55: 0
  56: 0
  57: 0
  58: 0
  59: 0
  60: 0
  61: 0
  62: 0
  63: 0
 procInstrs: # Per-process instructions
  0: 100003421
  1: 0
  2: 0
  3: 0
  4: 0
  5: 0
  6: 0
  7: 0
  8: 0
  9: 0
  10: 0
  11: 0
  12: 0
  13: 0
  14: 0
  15: 0
  16: 0
  17: 0
  18: 0
  19: 0
  20: 0
  21: 0
  22: 0
  23: 0
  24: 0
  25: 0
  26: 0
  27: 0
  28: 0
  29: 0
  30: 0
  31: 0
  32: 0
  33: 0
  34: 0
  35: 0
  36: 0
  37: 0
  38: 0
  39: 0
  40: 0
  41: 0
  42: 0
  43: 0
  44: 0
  45: 0
  46: 0
  47: 0
  48: 0
  49: 0
  50: 0
  51: 0
  52: 0
  53: 0
  54: 0
  55: 0
  56: 0
  57: 0
  58: 0
  59: 0
  60: 0
  61: 0
  62: 0
  63: 0
 heartbeats: # Per-process heartbeats
  0: 0
  1: 0
  2: 0
  3: 0
  4: 0
  5: 0
  6: 0
  7: 0
  8: 0
  9: 0
  10: 0
  11: 0
  12: 0
  13: 0
  14: 0
  15: 0
  16: 0
  17: 0
  18: 0
  19: 0
  20: 0
  21: 0
  22: 0
  23: 0
  24: 0
  25: 0
  26: 0
  27: 0
  28: 0
  29: 0
  30: 0
  31: 0
  32: 0
  33: 0
  34: 0
  35: 0
  36: 0
  37: 0
  38: 0
  39: 0
  40: 0
  41: 0
  42: 0
  43: 0
  44: 0
  45: 0
  46: 0
  47: 0
  48: 0
  49: 0
  50: 0
  51: 0
  52: 0
  53: 0
  54: 0
  55: 0
  56: 0
  57: 0
  58: 0
  59: 0
  60: 0
  61: 0
  62: 0
  63: 0
===
